[2023-12-27 07:10:55,378] {processor.py:153} INFO - Started process (PID=1081) to work on /home/airflow/dags/Lead_scoring_training_pipeline/constants.py
[2023-12-27 07:10:55,378] {processor.py:641} INFO - Processing file /home/airflow/dags/Lead_scoring_training_pipeline/constants.py for tasks to queue
[2023-12-27 07:10:55,378] {logging_mixin.py:115} INFO - [2023-12-27 07:10:55,378] {dagbag.py:508} INFO - Filling up the DagBag from /home/airflow/dags/Lead_scoring_training_pipeline/constants.py
[2023-12-27 07:10:55,390] {processor.py:653} WARNING - No viable dags retrieved from /home/airflow/dags/Lead_scoring_training_pipeline/constants.py
[2023-12-27 07:10:55,411] {processor.py:161} INFO - Processing /home/airflow/dags/Lead_scoring_training_pipeline/constants.py took 0.036 seconds
[2023-12-27 07:12:32,738] {processor.py:153} INFO - Started process (PID=1305) to work on /home/airflow/dags/Lead_scoring_training_pipeline/constants.py
[2023-12-27 07:12:32,738] {processor.py:641} INFO - Processing file /home/airflow/dags/Lead_scoring_training_pipeline/constants.py for tasks to queue
[2023-12-27 07:12:32,738] {logging_mixin.py:115} INFO - [2023-12-27 07:12:32,738] {dagbag.py:508} INFO - Filling up the DagBag from /home/airflow/dags/Lead_scoring_training_pipeline/constants.py
[2023-12-27 07:12:32,740] {processor.py:653} WARNING - No viable dags retrieved from /home/airflow/dags/Lead_scoring_training_pipeline/constants.py
[2023-12-27 07:12:32,762] {processor.py:161} INFO - Processing /home/airflow/dags/Lead_scoring_training_pipeline/constants.py took 0.029 seconds
[2023-12-27 15:35:37,876] {processor.py:153} INFO - Started process (PID=1050) to work on /home/airflow/dags/Lead_scoring_training_pipeline/constants.py
[2023-12-27 15:35:37,877] {processor.py:641} INFO - Processing file /home/airflow/dags/Lead_scoring_training_pipeline/constants.py for tasks to queue
[2023-12-27 15:35:37,877] {logging_mixin.py:115} INFO - [2023-12-27 15:35:37,877] {dagbag.py:508} INFO - Filling up the DagBag from /home/airflow/dags/Lead_scoring_training_pipeline/constants.py
[2023-12-27 15:35:37,879] {processor.py:653} WARNING - No viable dags retrieved from /home/airflow/dags/Lead_scoring_training_pipeline/constants.py
[2023-12-27 15:35:38,021] {processor.py:161} INFO - Processing /home/airflow/dags/Lead_scoring_training_pipeline/constants.py took 0.148 seconds
[2023-12-27 15:36:32,785] {processor.py:153} INFO - Started process (PID=1124) to work on /home/airflow/dags/Lead_scoring_training_pipeline/constants.py
[2023-12-27 15:36:32,785] {processor.py:641} INFO - Processing file /home/airflow/dags/Lead_scoring_training_pipeline/constants.py for tasks to queue
[2023-12-27 15:36:32,786] {logging_mixin.py:115} INFO - [2023-12-27 15:36:32,786] {dagbag.py:508} INFO - Filling up the DagBag from /home/airflow/dags/Lead_scoring_training_pipeline/constants.py
[2023-12-27 15:36:32,788] {processor.py:653} WARNING - No viable dags retrieved from /home/airflow/dags/Lead_scoring_training_pipeline/constants.py
[2023-12-27 15:36:32,939] {processor.py:161} INFO - Processing /home/airflow/dags/Lead_scoring_training_pipeline/constants.py took 0.158 seconds
[2023-12-27 15:37:28,216] {processor.py:153} INFO - Started process (PID=1256) to work on /home/airflow/dags/Lead_scoring_training_pipeline/constants.py
[2023-12-27 15:37:28,216] {processor.py:641} INFO - Processing file /home/airflow/dags/Lead_scoring_training_pipeline/constants.py for tasks to queue
[2023-12-27 15:37:28,217] {logging_mixin.py:115} INFO - [2023-12-27 15:37:28,216] {dagbag.py:508} INFO - Filling up the DagBag from /home/airflow/dags/Lead_scoring_training_pipeline/constants.py
[2023-12-27 15:37:28,218] {processor.py:653} WARNING - No viable dags retrieved from /home/airflow/dags/Lead_scoring_training_pipeline/constants.py
[2023-12-27 15:37:28,357] {processor.py:161} INFO - Processing /home/airflow/dags/Lead_scoring_training_pipeline/constants.py took 0.145 seconds
[2023-12-27 15:38:23,700] {processor.py:153} INFO - Started process (PID=1330) to work on /home/airflow/dags/Lead_scoring_training_pipeline/constants.py
[2023-12-27 15:38:23,701] {processor.py:641} INFO - Processing file /home/airflow/dags/Lead_scoring_training_pipeline/constants.py for tasks to queue
[2023-12-27 15:38:23,701] {logging_mixin.py:115} INFO - [2023-12-27 15:38:23,701] {dagbag.py:508} INFO - Filling up the DagBag from /home/airflow/dags/Lead_scoring_training_pipeline/constants.py
[2023-12-27 15:38:23,703] {processor.py:653} WARNING - No viable dags retrieved from /home/airflow/dags/Lead_scoring_training_pipeline/constants.py
[2023-12-27 15:38:23,870] {processor.py:161} INFO - Processing /home/airflow/dags/Lead_scoring_training_pipeline/constants.py took 0.173 seconds
[2023-12-27 15:39:20,145] {processor.py:153} INFO - Started process (PID=1409) to work on /home/airflow/dags/Lead_scoring_training_pipeline/constants.py
[2023-12-27 15:39:20,146] {processor.py:641} INFO - Processing file /home/airflow/dags/Lead_scoring_training_pipeline/constants.py for tasks to queue
[2023-12-27 15:39:20,146] {logging_mixin.py:115} INFO - [2023-12-27 15:39:20,146] {dagbag.py:508} INFO - Filling up the DagBag from /home/airflow/dags/Lead_scoring_training_pipeline/constants.py
[2023-12-27 15:39:20,148] {processor.py:653} WARNING - No viable dags retrieved from /home/airflow/dags/Lead_scoring_training_pipeline/constants.py
[2023-12-27 15:39:20,289] {processor.py:161} INFO - Processing /home/airflow/dags/Lead_scoring_training_pipeline/constants.py took 0.148 seconds
[2023-12-27 15:40:16,627] {processor.py:153} INFO - Started process (PID=1562) to work on /home/airflow/dags/Lead_scoring_training_pipeline/constants.py
[2023-12-27 15:40:16,628] {processor.py:641} INFO - Processing file /home/airflow/dags/Lead_scoring_training_pipeline/constants.py for tasks to queue
[2023-12-27 15:40:16,628] {logging_mixin.py:115} INFO - [2023-12-27 15:40:16,628] {dagbag.py:508} INFO - Filling up the DagBag from /home/airflow/dags/Lead_scoring_training_pipeline/constants.py
[2023-12-27 15:40:16,630] {processor.py:653} WARNING - No viable dags retrieved from /home/airflow/dags/Lead_scoring_training_pipeline/constants.py
[2023-12-27 15:40:16,779] {processor.py:161} INFO - Processing /home/airflow/dags/Lead_scoring_training_pipeline/constants.py took 0.155 seconds
[2023-12-27 15:41:07,647] {processor.py:153} INFO - Started process (PID=1676) to work on /home/airflow/dags/Lead_scoring_training_pipeline/constants.py
[2023-12-27 15:41:07,648] {processor.py:641} INFO - Processing file /home/airflow/dags/Lead_scoring_training_pipeline/constants.py for tasks to queue
[2023-12-27 15:41:07,648] {logging_mixin.py:115} INFO - [2023-12-27 15:41:07,648] {dagbag.py:508} INFO - Filling up the DagBag from /home/airflow/dags/Lead_scoring_training_pipeline/constants.py
[2023-12-27 15:41:07,650] {processor.py:653} WARNING - No viable dags retrieved from /home/airflow/dags/Lead_scoring_training_pipeline/constants.py
[2023-12-27 15:41:07,680] {processor.py:161} INFO - Processing /home/airflow/dags/Lead_scoring_training_pipeline/constants.py took 0.036 seconds
[2023-12-27 15:41:56,103] {processor.py:153} INFO - Started process (PID=1746) to work on /home/airflow/dags/Lead_scoring_training_pipeline/constants.py
[2023-12-27 15:41:56,104] {processor.py:641} INFO - Processing file /home/airflow/dags/Lead_scoring_training_pipeline/constants.py for tasks to queue
[2023-12-27 15:41:56,104] {logging_mixin.py:115} INFO - [2023-12-27 15:41:56,104] {dagbag.py:508} INFO - Filling up the DagBag from /home/airflow/dags/Lead_scoring_training_pipeline/constants.py
[2023-12-27 15:41:56,106] {processor.py:653} WARNING - No viable dags retrieved from /home/airflow/dags/Lead_scoring_training_pipeline/constants.py
[2023-12-27 15:41:56,138] {processor.py:161} INFO - Processing /home/airflow/dags/Lead_scoring_training_pipeline/constants.py took 0.038 seconds
[2023-12-27 15:42:42,744] {processor.py:153} INFO - Started process (PID=1815) to work on /home/airflow/dags/Lead_scoring_training_pipeline/constants.py
[2023-12-27 15:42:42,745] {processor.py:641} INFO - Processing file /home/airflow/dags/Lead_scoring_training_pipeline/constants.py for tasks to queue
[2023-12-27 15:42:42,745] {logging_mixin.py:115} INFO - [2023-12-27 15:42:42,745] {dagbag.py:508} INFO - Filling up the DagBag from /home/airflow/dags/Lead_scoring_training_pipeline/constants.py
[2023-12-27 15:42:42,747] {processor.py:653} WARNING - No viable dags retrieved from /home/airflow/dags/Lead_scoring_training_pipeline/constants.py
[2023-12-27 15:42:42,774] {processor.py:161} INFO - Processing /home/airflow/dags/Lead_scoring_training_pipeline/constants.py took 0.033 seconds
[2023-12-27 15:43:30,482] {processor.py:153} INFO - Started process (PID=1884) to work on /home/airflow/dags/Lead_scoring_training_pipeline/constants.py
[2023-12-27 15:43:30,483] {processor.py:641} INFO - Processing file /home/airflow/dags/Lead_scoring_training_pipeline/constants.py for tasks to queue
[2023-12-27 15:43:30,483] {logging_mixin.py:115} INFO - [2023-12-27 15:43:30,483] {dagbag.py:508} INFO - Filling up the DagBag from /home/airflow/dags/Lead_scoring_training_pipeline/constants.py
[2023-12-27 15:43:30,485] {processor.py:653} WARNING - No viable dags retrieved from /home/airflow/dags/Lead_scoring_training_pipeline/constants.py
[2023-12-27 15:43:30,513] {processor.py:161} INFO - Processing /home/airflow/dags/Lead_scoring_training_pipeline/constants.py took 0.034 seconds
[2023-12-27 15:44:19,236] {processor.py:153} INFO - Started process (PID=1954) to work on /home/airflow/dags/Lead_scoring_training_pipeline/constants.py
[2023-12-27 15:44:19,237] {processor.py:641} INFO - Processing file /home/airflow/dags/Lead_scoring_training_pipeline/constants.py for tasks to queue
[2023-12-27 15:44:19,237] {logging_mixin.py:115} INFO - [2023-12-27 15:44:19,237] {dagbag.py:508} INFO - Filling up the DagBag from /home/airflow/dags/Lead_scoring_training_pipeline/constants.py
[2023-12-27 15:44:19,239] {processor.py:653} WARNING - No viable dags retrieved from /home/airflow/dags/Lead_scoring_training_pipeline/constants.py
[2023-12-27 15:44:19,268] {processor.py:161} INFO - Processing /home/airflow/dags/Lead_scoring_training_pipeline/constants.py took 0.035 seconds
[2023-12-27 15:45:08,172] {processor.py:153} INFO - Started process (PID=2024) to work on /home/airflow/dags/Lead_scoring_training_pipeline/constants.py
[2023-12-27 15:45:08,172] {processor.py:641} INFO - Processing file /home/airflow/dags/Lead_scoring_training_pipeline/constants.py for tasks to queue
[2023-12-27 15:45:08,173] {logging_mixin.py:115} INFO - [2023-12-27 15:45:08,173] {dagbag.py:508} INFO - Filling up the DagBag from /home/airflow/dags/Lead_scoring_training_pipeline/constants.py
[2023-12-27 15:45:08,174] {processor.py:653} WARNING - No viable dags retrieved from /home/airflow/dags/Lead_scoring_training_pipeline/constants.py
[2023-12-27 15:45:08,202] {processor.py:161} INFO - Processing /home/airflow/dags/Lead_scoring_training_pipeline/constants.py took 0.034 seconds
[2023-12-27 15:45:56,935] {processor.py:153} INFO - Started process (PID=2094) to work on /home/airflow/dags/Lead_scoring_training_pipeline/constants.py
[2023-12-27 15:45:56,935] {processor.py:641} INFO - Processing file /home/airflow/dags/Lead_scoring_training_pipeline/constants.py for tasks to queue
[2023-12-27 15:45:56,936] {logging_mixin.py:115} INFO - [2023-12-27 15:45:56,935] {dagbag.py:508} INFO - Filling up the DagBag from /home/airflow/dags/Lead_scoring_training_pipeline/constants.py
[2023-12-27 15:45:56,937] {processor.py:653} WARNING - No viable dags retrieved from /home/airflow/dags/Lead_scoring_training_pipeline/constants.py
[2023-12-27 15:45:56,967] {processor.py:161} INFO - Processing /home/airflow/dags/Lead_scoring_training_pipeline/constants.py took 0.036 seconds
[2023-12-27 15:46:41,352] {processor.py:153} INFO - Started process (PID=2162) to work on /home/airflow/dags/Lead_scoring_training_pipeline/constants.py
[2023-12-27 15:46:41,353] {processor.py:641} INFO - Processing file /home/airflow/dags/Lead_scoring_training_pipeline/constants.py for tasks to queue
[2023-12-27 15:46:41,353] {logging_mixin.py:115} INFO - [2023-12-27 15:46:41,353] {dagbag.py:508} INFO - Filling up the DagBag from /home/airflow/dags/Lead_scoring_training_pipeline/constants.py
[2023-12-27 15:46:41,355] {processor.py:653} WARNING - No viable dags retrieved from /home/airflow/dags/Lead_scoring_training_pipeline/constants.py
[2023-12-27 15:46:41,385] {processor.py:161} INFO - Processing /home/airflow/dags/Lead_scoring_training_pipeline/constants.py took 0.036 seconds
[2023-12-27 15:47:28,851] {processor.py:153} INFO - Started process (PID=2231) to work on /home/airflow/dags/Lead_scoring_training_pipeline/constants.py
[2023-12-27 15:47:28,852] {processor.py:641} INFO - Processing file /home/airflow/dags/Lead_scoring_training_pipeline/constants.py for tasks to queue
[2023-12-27 15:47:28,852] {logging_mixin.py:115} INFO - [2023-12-27 15:47:28,852] {dagbag.py:508} INFO - Filling up the DagBag from /home/airflow/dags/Lead_scoring_training_pipeline/constants.py
[2023-12-27 15:47:28,854] {processor.py:653} WARNING - No viable dags retrieved from /home/airflow/dags/Lead_scoring_training_pipeline/constants.py
[2023-12-27 15:47:28,882] {processor.py:161} INFO - Processing /home/airflow/dags/Lead_scoring_training_pipeline/constants.py took 0.034 seconds
[2023-12-27 15:48:15,674] {processor.py:153} INFO - Started process (PID=2300) to work on /home/airflow/dags/Lead_scoring_training_pipeline/constants.py
[2023-12-27 15:48:15,674] {processor.py:641} INFO - Processing file /home/airflow/dags/Lead_scoring_training_pipeline/constants.py for tasks to queue
[2023-12-27 15:48:15,674] {logging_mixin.py:115} INFO - [2023-12-27 15:48:15,674] {dagbag.py:508} INFO - Filling up the DagBag from /home/airflow/dags/Lead_scoring_training_pipeline/constants.py
[2023-12-27 15:48:15,676] {processor.py:653} WARNING - No viable dags retrieved from /home/airflow/dags/Lead_scoring_training_pipeline/constants.py
[2023-12-27 15:48:15,706] {processor.py:161} INFO - Processing /home/airflow/dags/Lead_scoring_training_pipeline/constants.py took 0.035 seconds
[2023-12-27 17:01:18,803] {processor.py:153} INFO - Started process (PID=2912) to work on /home/airflow/dags/Lead_scoring_training_pipeline/constants.py
[2023-12-27 17:01:18,803] {processor.py:641} INFO - Processing file /home/airflow/dags/Lead_scoring_training_pipeline/constants.py for tasks to queue
[2023-12-27 17:01:18,804] {logging_mixin.py:115} INFO - [2023-12-27 17:01:18,804] {dagbag.py:508} INFO - Filling up the DagBag from /home/airflow/dags/Lead_scoring_training_pipeline/constants.py
[2023-12-27 17:01:18,806] {processor.py:653} WARNING - No viable dags retrieved from /home/airflow/dags/Lead_scoring_training_pipeline/constants.py
[2023-12-27 17:01:18,949] {processor.py:161} INFO - Processing /home/airflow/dags/Lead_scoring_training_pipeline/constants.py took 0.149 seconds
[2023-12-27 17:02:25,180] {processor.py:153} INFO - Started process (PID=3024) to work on /home/airflow/dags/Lead_scoring_training_pipeline/constants.py
[2023-12-27 17:02:25,181] {processor.py:641} INFO - Processing file /home/airflow/dags/Lead_scoring_training_pipeline/constants.py for tasks to queue
[2023-12-27 17:02:25,181] {logging_mixin.py:115} INFO - [2023-12-27 17:02:25,181] {dagbag.py:508} INFO - Filling up the DagBag from /home/airflow/dags/Lead_scoring_training_pipeline/constants.py
[2023-12-27 17:02:25,183] {processor.py:653} WARNING - No viable dags retrieved from /home/airflow/dags/Lead_scoring_training_pipeline/constants.py
[2023-12-27 17:02:25,314] {processor.py:161} INFO - Processing /home/airflow/dags/Lead_scoring_training_pipeline/constants.py took 0.137 seconds
[2023-12-27 17:03:40,773] {processor.py:153} INFO - Started process (PID=3260) to work on /home/airflow/dags/Lead_scoring_training_pipeline/constants.py
[2023-12-27 17:03:40,774] {processor.py:641} INFO - Processing file /home/airflow/dags/Lead_scoring_training_pipeline/constants.py for tasks to queue
[2023-12-27 17:03:40,774] {logging_mixin.py:115} INFO - [2023-12-27 17:03:40,774] {dagbag.py:508} INFO - Filling up the DagBag from /home/airflow/dags/Lead_scoring_training_pipeline/constants.py
[2023-12-27 17:03:40,776] {processor.py:653} WARNING - No viable dags retrieved from /home/airflow/dags/Lead_scoring_training_pipeline/constants.py
[2023-12-27 17:03:40,924] {processor.py:161} INFO - Processing /home/airflow/dags/Lead_scoring_training_pipeline/constants.py took 0.154 seconds
[2023-12-27 17:04:46,135] {processor.py:153} INFO - Started process (PID=3370) to work on /home/airflow/dags/Lead_scoring_training_pipeline/constants.py
[2023-12-27 17:04:46,135] {processor.py:641} INFO - Processing file /home/airflow/dags/Lead_scoring_training_pipeline/constants.py for tasks to queue
[2023-12-27 17:04:46,136] {logging_mixin.py:115} INFO - [2023-12-27 17:04:46,136] {dagbag.py:508} INFO - Filling up the DagBag from /home/airflow/dags/Lead_scoring_training_pipeline/constants.py
[2023-12-27 17:04:46,137] {processor.py:653} WARNING - No viable dags retrieved from /home/airflow/dags/Lead_scoring_training_pipeline/constants.py
[2023-12-27 17:04:46,271] {processor.py:161} INFO - Processing /home/airflow/dags/Lead_scoring_training_pipeline/constants.py took 0.139 seconds
[2023-12-27 17:06:02,185] {processor.py:153} INFO - Started process (PID=3511) to work on /home/airflow/dags/Lead_scoring_training_pipeline/constants.py
[2023-12-27 17:06:02,186] {processor.py:641} INFO - Processing file /home/airflow/dags/Lead_scoring_training_pipeline/constants.py for tasks to queue
[2023-12-27 17:06:02,186] {logging_mixin.py:115} INFO - [2023-12-27 17:06:02,186] {dagbag.py:508} INFO - Filling up the DagBag from /home/airflow/dags/Lead_scoring_training_pipeline/constants.py
[2023-12-27 17:06:02,188] {processor.py:653} WARNING - No viable dags retrieved from /home/airflow/dags/Lead_scoring_training_pipeline/constants.py
[2023-12-27 17:06:02,212] {processor.py:161} INFO - Processing /home/airflow/dags/Lead_scoring_training_pipeline/constants.py took 0.030 seconds
[2023-12-27 17:07:06,584] {processor.py:153} INFO - Started process (PID=3626) to work on /home/airflow/dags/Lead_scoring_training_pipeline/constants.py
[2023-12-27 17:07:06,585] {processor.py:641} INFO - Processing file /home/airflow/dags/Lead_scoring_training_pipeline/constants.py for tasks to queue
[2023-12-27 17:07:06,585] {logging_mixin.py:115} INFO - [2023-12-27 17:07:06,585] {dagbag.py:508} INFO - Filling up the DagBag from /home/airflow/dags/Lead_scoring_training_pipeline/constants.py
[2023-12-27 17:07:06,587] {processor.py:653} WARNING - No viable dags retrieved from /home/airflow/dags/Lead_scoring_training_pipeline/constants.py
[2023-12-27 17:07:06,618] {processor.py:161} INFO - Processing /home/airflow/dags/Lead_scoring_training_pipeline/constants.py took 0.037 seconds
[2023-12-27 17:08:10,292] {processor.py:153} INFO - Started process (PID=3753) to work on /home/airflow/dags/Lead_scoring_training_pipeline/constants.py
[2023-12-27 17:08:10,292] {processor.py:641} INFO - Processing file /home/airflow/dags/Lead_scoring_training_pipeline/constants.py for tasks to queue
[2023-12-27 17:08:10,293] {logging_mixin.py:115} INFO - [2023-12-27 17:08:10,293] {dagbag.py:508} INFO - Filling up the DagBag from /home/airflow/dags/Lead_scoring_training_pipeline/constants.py
[2023-12-27 17:08:10,295] {processor.py:653} WARNING - No viable dags retrieved from /home/airflow/dags/Lead_scoring_training_pipeline/constants.py
[2023-12-27 17:08:10,321] {processor.py:161} INFO - Processing /home/airflow/dags/Lead_scoring_training_pipeline/constants.py took 0.032 seconds
[2023-12-27 17:09:19,299] {processor.py:153} INFO - Started process (PID=3880) to work on /home/airflow/dags/Lead_scoring_training_pipeline/constants.py
[2023-12-27 17:09:19,299] {processor.py:641} INFO - Processing file /home/airflow/dags/Lead_scoring_training_pipeline/constants.py for tasks to queue
[2023-12-27 17:09:19,299] {logging_mixin.py:115} INFO - [2023-12-27 17:09:19,299] {dagbag.py:508} INFO - Filling up the DagBag from /home/airflow/dags/Lead_scoring_training_pipeline/constants.py
[2023-12-27 17:09:19,301] {processor.py:653} WARNING - No viable dags retrieved from /home/airflow/dags/Lead_scoring_training_pipeline/constants.py
[2023-12-27 17:09:19,329] {processor.py:161} INFO - Processing /home/airflow/dags/Lead_scoring_training_pipeline/constants.py took 0.034 seconds
[2023-12-27 17:10:21,443] {processor.py:153} INFO - Started process (PID=3993) to work on /home/airflow/dags/Lead_scoring_training_pipeline/constants.py
[2023-12-27 17:10:21,444] {processor.py:641} INFO - Processing file /home/airflow/dags/Lead_scoring_training_pipeline/constants.py for tasks to queue
[2023-12-27 17:10:21,444] {logging_mixin.py:115} INFO - [2023-12-27 17:10:21,444] {dagbag.py:508} INFO - Filling up the DagBag from /home/airflow/dags/Lead_scoring_training_pipeline/constants.py
[2023-12-27 17:10:21,446] {processor.py:653} WARNING - No viable dags retrieved from /home/airflow/dags/Lead_scoring_training_pipeline/constants.py
[2023-12-27 17:10:21,473] {processor.py:161} INFO - Processing /home/airflow/dags/Lead_scoring_training_pipeline/constants.py took 0.033 seconds
[2023-12-27 17:11:25,716] {processor.py:153} INFO - Started process (PID=4108) to work on /home/airflow/dags/Lead_scoring_training_pipeline/constants.py
[2023-12-27 17:11:25,717] {processor.py:641} INFO - Processing file /home/airflow/dags/Lead_scoring_training_pipeline/constants.py for tasks to queue
[2023-12-27 17:11:25,717] {logging_mixin.py:115} INFO - [2023-12-27 17:11:25,717] {dagbag.py:508} INFO - Filling up the DagBag from /home/airflow/dags/Lead_scoring_training_pipeline/constants.py
[2023-12-27 17:11:25,719] {processor.py:653} WARNING - No viable dags retrieved from /home/airflow/dags/Lead_scoring_training_pipeline/constants.py
[2023-12-27 17:11:25,746] {processor.py:161} INFO - Processing /home/airflow/dags/Lead_scoring_training_pipeline/constants.py took 0.033 seconds
[2023-12-27 17:12:31,367] {processor.py:153} INFO - Started process (PID=4224) to work on /home/airflow/dags/Lead_scoring_training_pipeline/constants.py
[2023-12-27 17:12:31,368] {processor.py:641} INFO - Processing file /home/airflow/dags/Lead_scoring_training_pipeline/constants.py for tasks to queue
[2023-12-27 17:12:31,368] {logging_mixin.py:115} INFO - [2023-12-27 17:12:31,368] {dagbag.py:508} INFO - Filling up the DagBag from /home/airflow/dags/Lead_scoring_training_pipeline/constants.py
[2023-12-27 17:12:31,370] {processor.py:653} WARNING - No viable dags retrieved from /home/airflow/dags/Lead_scoring_training_pipeline/constants.py
[2023-12-27 17:12:31,397] {processor.py:161} INFO - Processing /home/airflow/dags/Lead_scoring_training_pipeline/constants.py took 0.034 seconds
[2023-12-27 17:15:05,792] {processor.py:153} INFO - Started process (PID=4373) to work on /home/airflow/dags/Lead_scoring_training_pipeline/constants.py
[2023-12-27 17:15:05,792] {processor.py:641} INFO - Processing file /home/airflow/dags/Lead_scoring_training_pipeline/constants.py for tasks to queue
[2023-12-27 17:15:05,792] {logging_mixin.py:115} INFO - [2023-12-27 17:15:05,792] {dagbag.py:508} INFO - Filling up the DagBag from /home/airflow/dags/Lead_scoring_training_pipeline/constants.py
[2023-12-27 17:15:05,794] {processor.py:653} WARNING - No viable dags retrieved from /home/airflow/dags/Lead_scoring_training_pipeline/constants.py
[2023-12-27 17:15:05,927] {processor.py:161} INFO - Processing /home/airflow/dags/Lead_scoring_training_pipeline/constants.py took 0.139 seconds
[2023-12-27 17:16:39,132] {processor.py:153} INFO - Started process (PID=4604) to work on /home/airflow/dags/Lead_scoring_training_pipeline/constants.py
[2023-12-27 17:16:39,133] {processor.py:641} INFO - Processing file /home/airflow/dags/Lead_scoring_training_pipeline/constants.py for tasks to queue
[2023-12-27 17:16:39,133] {logging_mixin.py:115} INFO - [2023-12-27 17:16:39,133] {dagbag.py:508} INFO - Filling up the DagBag from /home/airflow/dags/Lead_scoring_training_pipeline/constants.py
[2023-12-27 17:16:39,135] {processor.py:653} WARNING - No viable dags retrieved from /home/airflow/dags/Lead_scoring_training_pipeline/constants.py
[2023-12-27 17:16:39,264] {processor.py:161} INFO - Processing /home/airflow/dags/Lead_scoring_training_pipeline/constants.py took 0.135 seconds
[2023-12-27 17:17:39,871] {processor.py:153} INFO - Started process (PID=4711) to work on /home/airflow/dags/Lead_scoring_training_pipeline/constants.py
[2023-12-27 17:17:39,872] {processor.py:641} INFO - Processing file /home/airflow/dags/Lead_scoring_training_pipeline/constants.py for tasks to queue
[2023-12-27 17:17:39,872] {logging_mixin.py:115} INFO - [2023-12-27 17:17:39,872] {dagbag.py:508} INFO - Filling up the DagBag from /home/airflow/dags/Lead_scoring_training_pipeline/constants.py
[2023-12-27 17:17:39,875] {processor.py:653} WARNING - No viable dags retrieved from /home/airflow/dags/Lead_scoring_training_pipeline/constants.py
[2023-12-27 17:17:40,013] {processor.py:161} INFO - Processing /home/airflow/dags/Lead_scoring_training_pipeline/constants.py took 0.144 seconds
[2023-12-27 17:18:28,759] {processor.py:153} INFO - Started process (PID=4874) to work on /home/airflow/dags/Lead_scoring_training_pipeline/constants.py
[2023-12-27 17:18:28,760] {processor.py:641} INFO - Processing file /home/airflow/dags/Lead_scoring_training_pipeline/constants.py for tasks to queue
[2023-12-27 17:18:28,760] {logging_mixin.py:115} INFO - [2023-12-27 17:18:28,760] {dagbag.py:508} INFO - Filling up the DagBag from /home/airflow/dags/Lead_scoring_training_pipeline/constants.py
[2023-12-27 17:18:28,762] {processor.py:653} WARNING - No viable dags retrieved from /home/airflow/dags/Lead_scoring_training_pipeline/constants.py
[2023-12-27 17:18:28,893] {processor.py:161} INFO - Processing /home/airflow/dags/Lead_scoring_training_pipeline/constants.py took 0.137 seconds
[2023-12-27 17:19:40,783] {processor.py:153} INFO - Started process (PID=4999) to work on /home/airflow/dags/Lead_scoring_training_pipeline/constants.py
[2023-12-27 17:19:40,784] {processor.py:641} INFO - Processing file /home/airflow/dags/Lead_scoring_training_pipeline/constants.py for tasks to queue
[2023-12-27 17:19:40,784] {logging_mixin.py:115} INFO - [2023-12-27 17:19:40,784] {dagbag.py:508} INFO - Filling up the DagBag from /home/airflow/dags/Lead_scoring_training_pipeline/constants.py
[2023-12-27 17:19:40,787] {processor.py:653} WARNING - No viable dags retrieved from /home/airflow/dags/Lead_scoring_training_pipeline/constants.py
[2023-12-27 17:19:40,924] {processor.py:161} INFO - Processing /home/airflow/dags/Lead_scoring_training_pipeline/constants.py took 0.144 seconds
[2023-12-27 17:20:48,068] {processor.py:153} INFO - Started process (PID=5118) to work on /home/airflow/dags/Lead_scoring_training_pipeline/constants.py
[2023-12-27 17:20:48,069] {processor.py:641} INFO - Processing file /home/airflow/dags/Lead_scoring_training_pipeline/constants.py for tasks to queue
[2023-12-27 17:20:48,069] {logging_mixin.py:115} INFO - [2023-12-27 17:20:48,069] {dagbag.py:508} INFO - Filling up the DagBag from /home/airflow/dags/Lead_scoring_training_pipeline/constants.py
[2023-12-27 17:20:48,072] {processor.py:653} WARNING - No viable dags retrieved from /home/airflow/dags/Lead_scoring_training_pipeline/constants.py
[2023-12-27 17:20:48,104] {processor.py:161} INFO - Processing /home/airflow/dags/Lead_scoring_training_pipeline/constants.py took 0.039 seconds
[2023-12-27 17:21:55,951] {processor.py:153} INFO - Started process (PID=5255) to work on /home/airflow/dags/Lead_scoring_training_pipeline/constants.py
[2023-12-27 17:21:55,951] {processor.py:641} INFO - Processing file /home/airflow/dags/Lead_scoring_training_pipeline/constants.py for tasks to queue
[2023-12-27 17:21:55,952] {logging_mixin.py:115} INFO - [2023-12-27 17:21:55,951] {dagbag.py:508} INFO - Filling up the DagBag from /home/airflow/dags/Lead_scoring_training_pipeline/constants.py
[2023-12-27 17:21:55,953] {processor.py:653} WARNING - No viable dags retrieved from /home/airflow/dags/Lead_scoring_training_pipeline/constants.py
[2023-12-27 17:21:55,981] {processor.py:161} INFO - Processing /home/airflow/dags/Lead_scoring_training_pipeline/constants.py took 0.034 seconds
