[2023-12-26 15:05:52,506] {taskinstance.py:1179} INFO - Dependencies all met for <TaskInstance: Lead_Scoring_Data_Engineering_Pipeline.mapping_interactions manual__2023-12-26T15:05:11.709409+00:00 [queued]>
[2023-12-26 15:05:52,512] {taskinstance.py:1179} INFO - Dependencies all met for <TaskInstance: Lead_Scoring_Data_Engineering_Pipeline.mapping_interactions manual__2023-12-26T15:05:11.709409+00:00 [queued]>
[2023-12-26 15:05:52,512] {taskinstance.py:1376} INFO - 
--------------------------------------------------------------------------------
[2023-12-26 15:05:52,512] {taskinstance.py:1377} INFO - Starting attempt 1 of 2
[2023-12-26 15:05:52,512] {taskinstance.py:1378} INFO - 
--------------------------------------------------------------------------------
[2023-12-26 15:05:52,522] {taskinstance.py:1397} INFO - Executing <Task(PythonOperator): mapping_interactions> on 2023-12-26 15:05:11.709409+00:00
[2023-12-26 15:05:52,526] {standard_task_runner.py:52} INFO - Started process 1076 to run task
[2023-12-26 15:05:52,529] {standard_task_runner.py:79} INFO - Running: ['airflow', 'tasks', 'run', 'Lead_Scoring_Data_Engineering_Pipeline', 'mapping_interactions', 'manual__2023-12-26T15:05:11.709409+00:00', '--job-id', '9', '--raw', '--subdir', 'DAGS_FOLDER/Lead_scoring_data_pipeline/.ipynb_checkpoints/lead_scoring_data_pipeline-checkpoint.py', '--cfg-path', '/tmp/tmpov7yshoa', '--error-file', '/tmp/tmppbhskkkg']
[2023-12-26 15:05:52,530] {standard_task_runner.py:80} INFO - Job 9: Subtask mapping_interactions
[2023-12-26 15:05:52,566] {task_command.py:371} INFO - Running <TaskInstance: Lead_Scoring_Data_Engineering_Pipeline.mapping_interactions manual__2023-12-26T15:05:11.709409+00:00 [running]> on host 959b4ba95fc4
[2023-12-26 15:05:52,602] {taskinstance.py:1589} INFO - Exporting the following env vars:
AIRFLOW_CTX_DAG_OWNER=airflow
AIRFLOW_CTX_DAG_ID=Lead_Scoring_Data_Engineering_Pipeline
AIRFLOW_CTX_TASK_ID=mapping_interactions
AIRFLOW_CTX_EXECUTION_DATE=2023-12-26T15:05:11.709409+00:00
AIRFLOW_CTX_TRY_NUMBER=1
AIRFLOW_CTX_DAG_RUN_ID=manual__2023-12-26T15:05:11.709409+00:00
[2023-12-26 15:06:23,087] {logging_mixin.py:115} INFO - Storing df_selected_features df to table model_input
[2023-12-26 15:06:23,618] {logging_mixin.py:115} INFO - Mapped interaction values
[2023-12-26 15:06:24,371] {python.py:173} INFO - Done. Returned value was: None
[2023-12-26 15:06:24,384] {taskinstance.py:1415} INFO - Marking task as SUCCESS. dag_id=Lead_Scoring_Data_Engineering_Pipeline, task_id=mapping_interactions, execution_date=20231226T150511, start_date=20231226T150552, end_date=20231226T150624
[2023-12-26 15:06:24,438] {local_task_job.py:156} INFO - Task exited with return code 0
[2023-12-26 15:06:24,480] {local_task_job.py:273} INFO - 1 downstream tasks scheduled from follow-on schedule check
