[2023-12-27 17:01:03,319] {processor.py:153} INFO - Started process (PID=2857) to work on /home/airflow/dags/Lead_scoring_inference_pipeline/.ipynb_checkpoints/constants-checkpoint.py
[2023-12-27 17:01:03,319] {processor.py:641} INFO - Processing file /home/airflow/dags/Lead_scoring_inference_pipeline/.ipynb_checkpoints/constants-checkpoint.py for tasks to queue
[2023-12-27 17:01:03,320] {logging_mixin.py:115} INFO - [2023-12-27 17:01:03,320] {dagbag.py:508} INFO - Filling up the DagBag from /home/airflow/dags/Lead_scoring_inference_pipeline/.ipynb_checkpoints/constants-checkpoint.py
[2023-12-27 17:01:03,328] {processor.py:653} WARNING - No viable dags retrieved from /home/airflow/dags/Lead_scoring_inference_pipeline/.ipynb_checkpoints/constants-checkpoint.py
[2023-12-27 17:01:03,459] {processor.py:161} INFO - Processing /home/airflow/dags/Lead_scoring_inference_pipeline/.ipynb_checkpoints/constants-checkpoint.py took 0.143 seconds
[2023-12-27 17:02:11,295] {processor.py:153} INFO - Started process (PID=2969) to work on /home/airflow/dags/Lead_scoring_inference_pipeline/.ipynb_checkpoints/constants-checkpoint.py
[2023-12-27 17:02:11,295] {processor.py:641} INFO - Processing file /home/airflow/dags/Lead_scoring_inference_pipeline/.ipynb_checkpoints/constants-checkpoint.py for tasks to queue
[2023-12-27 17:02:11,296] {logging_mixin.py:115} INFO - [2023-12-27 17:02:11,295] {dagbag.py:508} INFO - Filling up the DagBag from /home/airflow/dags/Lead_scoring_inference_pipeline/.ipynb_checkpoints/constants-checkpoint.py
[2023-12-27 17:02:11,299] {processor.py:653} WARNING - No viable dags retrieved from /home/airflow/dags/Lead_scoring_inference_pipeline/.ipynb_checkpoints/constants-checkpoint.py
[2023-12-27 17:02:11,430] {processor.py:161} INFO - Processing /home/airflow/dags/Lead_scoring_inference_pipeline/.ipynb_checkpoints/constants-checkpoint.py took 0.138 seconds
[2023-12-27 17:03:26,367] {processor.py:153} INFO - Started process (PID=3205) to work on /home/airflow/dags/Lead_scoring_inference_pipeline/.ipynb_checkpoints/constants-checkpoint.py
[2023-12-27 17:03:26,368] {processor.py:641} INFO - Processing file /home/airflow/dags/Lead_scoring_inference_pipeline/.ipynb_checkpoints/constants-checkpoint.py for tasks to queue
[2023-12-27 17:03:26,368] {logging_mixin.py:115} INFO - [2023-12-27 17:03:26,368] {dagbag.py:508} INFO - Filling up the DagBag from /home/airflow/dags/Lead_scoring_inference_pipeline/.ipynb_checkpoints/constants-checkpoint.py
[2023-12-27 17:03:26,372] {processor.py:653} WARNING - No viable dags retrieved from /home/airflow/dags/Lead_scoring_inference_pipeline/.ipynb_checkpoints/constants-checkpoint.py
[2023-12-27 17:03:26,527] {processor.py:161} INFO - Processing /home/airflow/dags/Lead_scoring_inference_pipeline/.ipynb_checkpoints/constants-checkpoint.py took 0.163 seconds
[2023-12-27 17:04:31,329] {processor.py:153} INFO - Started process (PID=3315) to work on /home/airflow/dags/Lead_scoring_inference_pipeline/.ipynb_checkpoints/constants-checkpoint.py
[2023-12-27 17:04:31,329] {processor.py:641} INFO - Processing file /home/airflow/dags/Lead_scoring_inference_pipeline/.ipynb_checkpoints/constants-checkpoint.py for tasks to queue
[2023-12-27 17:04:31,330] {logging_mixin.py:115} INFO - [2023-12-27 17:04:31,330] {dagbag.py:508} INFO - Filling up the DagBag from /home/airflow/dags/Lead_scoring_inference_pipeline/.ipynb_checkpoints/constants-checkpoint.py
[2023-12-27 17:04:31,331] {processor.py:653} WARNING - No viable dags retrieved from /home/airflow/dags/Lead_scoring_inference_pipeline/.ipynb_checkpoints/constants-checkpoint.py
[2023-12-27 17:04:31,466] {processor.py:161} INFO - Processing /home/airflow/dags/Lead_scoring_inference_pipeline/.ipynb_checkpoints/constants-checkpoint.py took 0.140 seconds
[2023-12-27 17:05:10,084] {processor.py:153} INFO - Started process (PID=3404) to work on /home/airflow/dags/Lead_scoring_inference_pipeline/.ipynb_checkpoints/constants-checkpoint.py
[2023-12-27 17:05:10,084] {processor.py:641} INFO - Processing file /home/airflow/dags/Lead_scoring_inference_pipeline/.ipynb_checkpoints/constants-checkpoint.py for tasks to queue
[2023-12-27 17:05:10,085] {logging_mixin.py:115} INFO - [2023-12-27 17:05:10,085] {dagbag.py:508} INFO - Filling up the DagBag from /home/airflow/dags/Lead_scoring_inference_pipeline/.ipynb_checkpoints/constants-checkpoint.py
[2023-12-27 17:05:10,087] {processor.py:653} WARNING - No viable dags retrieved from /home/airflow/dags/Lead_scoring_inference_pipeline/.ipynb_checkpoints/constants-checkpoint.py
[2023-12-27 17:05:10,220] {processor.py:161} INFO - Processing /home/airflow/dags/Lead_scoring_inference_pipeline/.ipynb_checkpoints/constants-checkpoint.py took 0.139 seconds
[2023-12-27 17:05:47,247] {processor.py:153} INFO - Started process (PID=3456) to work on /home/airflow/dags/Lead_scoring_inference_pipeline/.ipynb_checkpoints/constants-checkpoint.py
[2023-12-27 17:05:47,248] {processor.py:641} INFO - Processing file /home/airflow/dags/Lead_scoring_inference_pipeline/.ipynb_checkpoints/constants-checkpoint.py for tasks to queue
[2023-12-27 17:05:47,248] {logging_mixin.py:115} INFO - [2023-12-27 17:05:47,248] {dagbag.py:508} INFO - Filling up the DagBag from /home/airflow/dags/Lead_scoring_inference_pipeline/.ipynb_checkpoints/constants-checkpoint.py
[2023-12-27 17:05:47,250] {processor.py:653} WARNING - No viable dags retrieved from /home/airflow/dags/Lead_scoring_inference_pipeline/.ipynb_checkpoints/constants-checkpoint.py
[2023-12-27 17:05:47,389] {processor.py:161} INFO - Processing /home/airflow/dags/Lead_scoring_inference_pipeline/.ipynb_checkpoints/constants-checkpoint.py took 0.145 seconds
[2023-12-27 17:06:23,276] {processor.py:153} INFO - Started process (PID=3545) to work on /home/airflow/dags/Lead_scoring_inference_pipeline/.ipynb_checkpoints/constants-checkpoint.py
[2023-12-27 17:06:23,276] {processor.py:641} INFO - Processing file /home/airflow/dags/Lead_scoring_inference_pipeline/.ipynb_checkpoints/constants-checkpoint.py for tasks to queue
[2023-12-27 17:06:23,277] {logging_mixin.py:115} INFO - [2023-12-27 17:06:23,277] {dagbag.py:508} INFO - Filling up the DagBag from /home/airflow/dags/Lead_scoring_inference_pipeline/.ipynb_checkpoints/constants-checkpoint.py
[2023-12-27 17:06:23,278] {processor.py:653} WARNING - No viable dags retrieved from /home/airflow/dags/Lead_scoring_inference_pipeline/.ipynb_checkpoints/constants-checkpoint.py
[2023-12-27 17:06:23,305] {processor.py:161} INFO - Processing /home/airflow/dags/Lead_scoring_inference_pipeline/.ipynb_checkpoints/constants-checkpoint.py took 0.033 seconds
[2023-12-27 17:06:55,310] {processor.py:153} INFO - Started process (PID=3588) to work on /home/airflow/dags/Lead_scoring_inference_pipeline/.ipynb_checkpoints/constants-checkpoint.py
[2023-12-27 17:06:55,311] {processor.py:641} INFO - Processing file /home/airflow/dags/Lead_scoring_inference_pipeline/.ipynb_checkpoints/constants-checkpoint.py for tasks to queue
[2023-12-27 17:06:55,311] {logging_mixin.py:115} INFO - [2023-12-27 17:06:55,311] {dagbag.py:508} INFO - Filling up the DagBag from /home/airflow/dags/Lead_scoring_inference_pipeline/.ipynb_checkpoints/constants-checkpoint.py
[2023-12-27 17:06:55,313] {processor.py:653} WARNING - No viable dags retrieved from /home/airflow/dags/Lead_scoring_inference_pipeline/.ipynb_checkpoints/constants-checkpoint.py
[2023-12-27 17:06:55,339] {processor.py:161} INFO - Processing /home/airflow/dags/Lead_scoring_inference_pipeline/.ipynb_checkpoints/constants-checkpoint.py took 0.032 seconds
[2023-12-27 17:07:27,723] {processor.py:153} INFO - Started process (PID=3666) to work on /home/airflow/dags/Lead_scoring_inference_pipeline/.ipynb_checkpoints/constants-checkpoint.py
[2023-12-27 17:07:27,723] {processor.py:641} INFO - Processing file /home/airflow/dags/Lead_scoring_inference_pipeline/.ipynb_checkpoints/constants-checkpoint.py for tasks to queue
[2023-12-27 17:07:27,723] {logging_mixin.py:115} INFO - [2023-12-27 17:07:27,723] {dagbag.py:508} INFO - Filling up the DagBag from /home/airflow/dags/Lead_scoring_inference_pipeline/.ipynb_checkpoints/constants-checkpoint.py
[2023-12-27 17:07:27,725] {processor.py:653} WARNING - No viable dags retrieved from /home/airflow/dags/Lead_scoring_inference_pipeline/.ipynb_checkpoints/constants-checkpoint.py
[2023-12-27 17:07:27,752] {processor.py:161} INFO - Processing /home/airflow/dags/Lead_scoring_inference_pipeline/.ipynb_checkpoints/constants-checkpoint.py took 0.033 seconds
[2023-12-27 17:07:59,695] {processor.py:153} INFO - Started process (PID=3715) to work on /home/airflow/dags/Lead_scoring_inference_pipeline/.ipynb_checkpoints/constants-checkpoint.py
[2023-12-27 17:07:59,695] {processor.py:641} INFO - Processing file /home/airflow/dags/Lead_scoring_inference_pipeline/.ipynb_checkpoints/constants-checkpoint.py for tasks to queue
[2023-12-27 17:07:59,696] {logging_mixin.py:115} INFO - [2023-12-27 17:07:59,696] {dagbag.py:508} INFO - Filling up the DagBag from /home/airflow/dags/Lead_scoring_inference_pipeline/.ipynb_checkpoints/constants-checkpoint.py
[2023-12-27 17:07:59,698] {processor.py:653} WARNING - No viable dags retrieved from /home/airflow/dags/Lead_scoring_inference_pipeline/.ipynb_checkpoints/constants-checkpoint.py
[2023-12-27 17:07:59,732] {processor.py:161} INFO - Processing /home/airflow/dags/Lead_scoring_inference_pipeline/.ipynb_checkpoints/constants-checkpoint.py took 0.040 seconds
[2023-12-27 17:08:32,048] {processor.py:153} INFO - Started process (PID=3787) to work on /home/airflow/dags/Lead_scoring_inference_pipeline/.ipynb_checkpoints/constants-checkpoint.py
[2023-12-27 17:08:32,048] {processor.py:641} INFO - Processing file /home/airflow/dags/Lead_scoring_inference_pipeline/.ipynb_checkpoints/constants-checkpoint.py for tasks to queue
[2023-12-27 17:08:32,049] {logging_mixin.py:115} INFO - [2023-12-27 17:08:32,049] {dagbag.py:508} INFO - Filling up the DagBag from /home/airflow/dags/Lead_scoring_inference_pipeline/.ipynb_checkpoints/constants-checkpoint.py
[2023-12-27 17:08:32,050] {processor.py:653} WARNING - No viable dags retrieved from /home/airflow/dags/Lead_scoring_inference_pipeline/.ipynb_checkpoints/constants-checkpoint.py
[2023-12-27 17:08:32,078] {processor.py:161} INFO - Processing /home/airflow/dags/Lead_scoring_inference_pipeline/.ipynb_checkpoints/constants-checkpoint.py took 0.033 seconds
[2023-12-27 17:09:06,240] {processor.py:153} INFO - Started process (PID=3834) to work on /home/airflow/dags/Lead_scoring_inference_pipeline/.ipynb_checkpoints/constants-checkpoint.py
[2023-12-27 17:09:06,241] {processor.py:641} INFO - Processing file /home/airflow/dags/Lead_scoring_inference_pipeline/.ipynb_checkpoints/constants-checkpoint.py for tasks to queue
[2023-12-27 17:09:06,241] {logging_mixin.py:115} INFO - [2023-12-27 17:09:06,241] {dagbag.py:508} INFO - Filling up the DagBag from /home/airflow/dags/Lead_scoring_inference_pipeline/.ipynb_checkpoints/constants-checkpoint.py
[2023-12-27 17:09:06,244] {processor.py:653} WARNING - No viable dags retrieved from /home/airflow/dags/Lead_scoring_inference_pipeline/.ipynb_checkpoints/constants-checkpoint.py
[2023-12-27 17:09:06,269] {processor.py:161} INFO - Processing /home/airflow/dags/Lead_scoring_inference_pipeline/.ipynb_checkpoints/constants-checkpoint.py took 0.031 seconds
[2023-12-27 17:09:38,902] {processor.py:153} INFO - Started process (PID=3914) to work on /home/airflow/dags/Lead_scoring_inference_pipeline/.ipynb_checkpoints/constants-checkpoint.py
[2023-12-27 17:09:38,903] {processor.py:641} INFO - Processing file /home/airflow/dags/Lead_scoring_inference_pipeline/.ipynb_checkpoints/constants-checkpoint.py for tasks to queue
[2023-12-27 17:09:38,903] {logging_mixin.py:115} INFO - [2023-12-27 17:09:38,903] {dagbag.py:508} INFO - Filling up the DagBag from /home/airflow/dags/Lead_scoring_inference_pipeline/.ipynb_checkpoints/constants-checkpoint.py
[2023-12-27 17:09:38,905] {processor.py:653} WARNING - No viable dags retrieved from /home/airflow/dags/Lead_scoring_inference_pipeline/.ipynb_checkpoints/constants-checkpoint.py
[2023-12-27 17:09:38,933] {processor.py:161} INFO - Processing /home/airflow/dags/Lead_scoring_inference_pipeline/.ipynb_checkpoints/constants-checkpoint.py took 0.034 seconds
[2023-12-27 17:10:41,149] {processor.py:153} INFO - Started process (PID=4027) to work on /home/airflow/dags/Lead_scoring_inference_pipeline/.ipynb_checkpoints/constants-checkpoint.py
[2023-12-27 17:10:41,149] {processor.py:641} INFO - Processing file /home/airflow/dags/Lead_scoring_inference_pipeline/.ipynb_checkpoints/constants-checkpoint.py for tasks to queue
[2023-12-27 17:10:41,150] {logging_mixin.py:115} INFO - [2023-12-27 17:10:41,149] {dagbag.py:508} INFO - Filling up the DagBag from /home/airflow/dags/Lead_scoring_inference_pipeline/.ipynb_checkpoints/constants-checkpoint.py
[2023-12-27 17:10:41,152] {processor.py:653} WARNING - No viable dags retrieved from /home/airflow/dags/Lead_scoring_inference_pipeline/.ipynb_checkpoints/constants-checkpoint.py
[2023-12-27 17:10:41,180] {processor.py:161} INFO - Processing /home/airflow/dags/Lead_scoring_inference_pipeline/.ipynb_checkpoints/constants-checkpoint.py took 0.035 seconds
[2023-12-27 17:11:47,355] {processor.py:153} INFO - Started process (PID=4142) to work on /home/airflow/dags/Lead_scoring_inference_pipeline/.ipynb_checkpoints/constants-checkpoint.py
[2023-12-27 17:11:47,355] {processor.py:641} INFO - Processing file /home/airflow/dags/Lead_scoring_inference_pipeline/.ipynb_checkpoints/constants-checkpoint.py for tasks to queue
[2023-12-27 17:11:47,356] {logging_mixin.py:115} INFO - [2023-12-27 17:11:47,356] {dagbag.py:508} INFO - Filling up the DagBag from /home/airflow/dags/Lead_scoring_inference_pipeline/.ipynb_checkpoints/constants-checkpoint.py
[2023-12-27 17:11:47,357] {processor.py:653} WARNING - No viable dags retrieved from /home/airflow/dags/Lead_scoring_inference_pipeline/.ipynb_checkpoints/constants-checkpoint.py
[2023-12-27 17:11:47,385] {processor.py:161} INFO - Processing /home/airflow/dags/Lead_scoring_inference_pipeline/.ipynb_checkpoints/constants-checkpoint.py took 0.033 seconds
[2023-12-27 17:12:20,163] {processor.py:153} INFO - Started process (PID=4187) to work on /home/airflow/dags/Lead_scoring_inference_pipeline/.ipynb_checkpoints/constants-checkpoint.py
[2023-12-27 17:12:20,163] {processor.py:641} INFO - Processing file /home/airflow/dags/Lead_scoring_inference_pipeline/.ipynb_checkpoints/constants-checkpoint.py for tasks to queue
[2023-12-27 17:12:20,164] {logging_mixin.py:115} INFO - [2023-12-27 17:12:20,164] {dagbag.py:508} INFO - Filling up the DagBag from /home/airflow/dags/Lead_scoring_inference_pipeline/.ipynb_checkpoints/constants-checkpoint.py
[2023-12-27 17:12:20,166] {processor.py:653} WARNING - No viable dags retrieved from /home/airflow/dags/Lead_scoring_inference_pipeline/.ipynb_checkpoints/constants-checkpoint.py
[2023-12-27 17:12:20,193] {processor.py:161} INFO - Processing /home/airflow/dags/Lead_scoring_inference_pipeline/.ipynb_checkpoints/constants-checkpoint.py took 0.034 seconds
[2023-12-27 17:14:50,592] {processor.py:153} INFO - Started process (PID=4318) to work on /home/airflow/dags/Lead_scoring_inference_pipeline/.ipynb_checkpoints/constants-checkpoint.py
[2023-12-27 17:14:50,592] {processor.py:641} INFO - Processing file /home/airflow/dags/Lead_scoring_inference_pipeline/.ipynb_checkpoints/constants-checkpoint.py for tasks to queue
[2023-12-27 17:14:50,593] {logging_mixin.py:115} INFO - [2023-12-27 17:14:50,592] {dagbag.py:508} INFO - Filling up the DagBag from /home/airflow/dags/Lead_scoring_inference_pipeline/.ipynb_checkpoints/constants-checkpoint.py
[2023-12-27 17:14:50,594] {processor.py:653} WARNING - No viable dags retrieved from /home/airflow/dags/Lead_scoring_inference_pipeline/.ipynb_checkpoints/constants-checkpoint.py
[2023-12-27 17:14:50,750] {processor.py:161} INFO - Processing /home/airflow/dags/Lead_scoring_inference_pipeline/.ipynb_checkpoints/constants-checkpoint.py took 0.161 seconds
[2023-12-27 17:16:24,495] {processor.py:153} INFO - Started process (PID=4549) to work on /home/airflow/dags/Lead_scoring_inference_pipeline/.ipynb_checkpoints/constants-checkpoint.py
[2023-12-27 17:16:24,495] {processor.py:641} INFO - Processing file /home/airflow/dags/Lead_scoring_inference_pipeline/.ipynb_checkpoints/constants-checkpoint.py for tasks to queue
[2023-12-27 17:16:24,496] {logging_mixin.py:115} INFO - [2023-12-27 17:16:24,496] {dagbag.py:508} INFO - Filling up the DagBag from /home/airflow/dags/Lead_scoring_inference_pipeline/.ipynb_checkpoints/constants-checkpoint.py
[2023-12-27 17:16:24,498] {processor.py:653} WARNING - No viable dags retrieved from /home/airflow/dags/Lead_scoring_inference_pipeline/.ipynb_checkpoints/constants-checkpoint.py
[2023-12-27 17:16:24,642] {processor.py:161} INFO - Processing /home/airflow/dags/Lead_scoring_inference_pipeline/.ipynb_checkpoints/constants-checkpoint.py took 0.150 seconds
[2023-12-27 17:17:25,084] {processor.py:153} INFO - Started process (PID=4656) to work on /home/airflow/dags/Lead_scoring_inference_pipeline/.ipynb_checkpoints/constants-checkpoint.py
[2023-12-27 17:17:25,085] {processor.py:641} INFO - Processing file /home/airflow/dags/Lead_scoring_inference_pipeline/.ipynb_checkpoints/constants-checkpoint.py for tasks to queue
[2023-12-27 17:17:25,085] {logging_mixin.py:115} INFO - [2023-12-27 17:17:25,085] {dagbag.py:508} INFO - Filling up the DagBag from /home/airflow/dags/Lead_scoring_inference_pipeline/.ipynb_checkpoints/constants-checkpoint.py
[2023-12-27 17:17:25,087] {processor.py:653} WARNING - No viable dags retrieved from /home/airflow/dags/Lead_scoring_inference_pipeline/.ipynb_checkpoints/constants-checkpoint.py
[2023-12-27 17:17:25,221] {processor.py:161} INFO - Processing /home/airflow/dags/Lead_scoring_inference_pipeline/.ipynb_checkpoints/constants-checkpoint.py took 0.140 seconds
[2023-12-27 17:18:13,502] {processor.py:153} INFO - Started process (PID=4819) to work on /home/airflow/dags/Lead_scoring_inference_pipeline/.ipynb_checkpoints/constants-checkpoint.py
[2023-12-27 17:18:13,503] {processor.py:641} INFO - Processing file /home/airflow/dags/Lead_scoring_inference_pipeline/.ipynb_checkpoints/constants-checkpoint.py for tasks to queue
[2023-12-27 17:18:13,503] {logging_mixin.py:115} INFO - [2023-12-27 17:18:13,503] {dagbag.py:508} INFO - Filling up the DagBag from /home/airflow/dags/Lead_scoring_inference_pipeline/.ipynb_checkpoints/constants-checkpoint.py
[2023-12-27 17:18:13,505] {processor.py:653} WARNING - No viable dags retrieved from /home/airflow/dags/Lead_scoring_inference_pipeline/.ipynb_checkpoints/constants-checkpoint.py
[2023-12-27 17:18:13,637] {processor.py:161} INFO - Processing /home/airflow/dags/Lead_scoring_inference_pipeline/.ipynb_checkpoints/constants-checkpoint.py took 0.138 seconds
[2023-12-27 17:19:01,297] {processor.py:153} INFO - Started process (PID=4901) to work on /home/airflow/dags/Lead_scoring_inference_pipeline/.ipynb_checkpoints/constants-checkpoint.py
[2023-12-27 17:19:01,298] {processor.py:641} INFO - Processing file /home/airflow/dags/Lead_scoring_inference_pipeline/.ipynb_checkpoints/constants-checkpoint.py for tasks to queue
[2023-12-27 17:19:01,298] {logging_mixin.py:115} INFO - [2023-12-27 17:19:01,298] {dagbag.py:508} INFO - Filling up the DagBag from /home/airflow/dags/Lead_scoring_inference_pipeline/.ipynb_checkpoints/constants-checkpoint.py
[2023-12-27 17:19:01,300] {processor.py:653} WARNING - No viable dags retrieved from /home/airflow/dags/Lead_scoring_inference_pipeline/.ipynb_checkpoints/constants-checkpoint.py
[2023-12-27 17:19:01,426] {processor.py:161} INFO - Processing /home/airflow/dags/Lead_scoring_inference_pipeline/.ipynb_checkpoints/constants-checkpoint.py took 0.132 seconds
[2023-12-27 17:19:37,751] {processor.py:153} INFO - Started process (PID=4989) to work on /home/airflow/dags/Lead_scoring_inference_pipeline/.ipynb_checkpoints/constants-checkpoint.py
[2023-12-27 17:19:37,751] {processor.py:641} INFO - Processing file /home/airflow/dags/Lead_scoring_inference_pipeline/.ipynb_checkpoints/constants-checkpoint.py for tasks to queue
[2023-12-27 17:19:37,752] {logging_mixin.py:115} INFO - [2023-12-27 17:19:37,752] {dagbag.py:508} INFO - Filling up the DagBag from /home/airflow/dags/Lead_scoring_inference_pipeline/.ipynb_checkpoints/constants-checkpoint.py
[2023-12-27 17:19:37,753] {processor.py:653} WARNING - No viable dags retrieved from /home/airflow/dags/Lead_scoring_inference_pipeline/.ipynb_checkpoints/constants-checkpoint.py
[2023-12-27 17:19:37,886] {processor.py:161} INFO - Processing /home/airflow/dags/Lead_scoring_inference_pipeline/.ipynb_checkpoints/constants-checkpoint.py took 0.139 seconds
[2023-12-27 17:20:13,040] {processor.py:153} INFO - Started process (PID=5028) to work on /home/airflow/dags/Lead_scoring_inference_pipeline/.ipynb_checkpoints/constants-checkpoint.py
[2023-12-27 17:20:13,041] {processor.py:641} INFO - Processing file /home/airflow/dags/Lead_scoring_inference_pipeline/.ipynb_checkpoints/constants-checkpoint.py for tasks to queue
[2023-12-27 17:20:13,041] {logging_mixin.py:115} INFO - [2023-12-27 17:20:13,041] {dagbag.py:508} INFO - Filling up the DagBag from /home/airflow/dags/Lead_scoring_inference_pipeline/.ipynb_checkpoints/constants-checkpoint.py
[2023-12-27 17:20:13,043] {processor.py:653} WARNING - No viable dags retrieved from /home/airflow/dags/Lead_scoring_inference_pipeline/.ipynb_checkpoints/constants-checkpoint.py
[2023-12-27 17:20:13,075] {processor.py:161} INFO - Processing /home/airflow/dags/Lead_scoring_inference_pipeline/.ipynb_checkpoints/constants-checkpoint.py took 0.037 seconds
[2023-12-27 17:20:46,827] {processor.py:153} INFO - Started process (PID=5117) to work on /home/airflow/dags/Lead_scoring_inference_pipeline/.ipynb_checkpoints/constants-checkpoint.py
[2023-12-27 17:20:46,827] {processor.py:641} INFO - Processing file /home/airflow/dags/Lead_scoring_inference_pipeline/.ipynb_checkpoints/constants-checkpoint.py for tasks to queue
[2023-12-27 17:20:46,828] {logging_mixin.py:115} INFO - [2023-12-27 17:20:46,828] {dagbag.py:508} INFO - Filling up the DagBag from /home/airflow/dags/Lead_scoring_inference_pipeline/.ipynb_checkpoints/constants-checkpoint.py
[2023-12-27 17:20:46,829] {processor.py:653} WARNING - No viable dags retrieved from /home/airflow/dags/Lead_scoring_inference_pipeline/.ipynb_checkpoints/constants-checkpoint.py
[2023-12-27 17:20:46,858] {processor.py:161} INFO - Processing /home/airflow/dags/Lead_scoring_inference_pipeline/.ipynb_checkpoints/constants-checkpoint.py took 0.035 seconds
[2023-12-27 17:21:19,876] {processor.py:153} INFO - Started process (PID=5166) to work on /home/airflow/dags/Lead_scoring_inference_pipeline/.ipynb_checkpoints/constants-checkpoint.py
[2023-12-27 17:21:19,876] {processor.py:641} INFO - Processing file /home/airflow/dags/Lead_scoring_inference_pipeline/.ipynb_checkpoints/constants-checkpoint.py for tasks to queue
[2023-12-27 17:21:19,877] {logging_mixin.py:115} INFO - [2023-12-27 17:21:19,877] {dagbag.py:508} INFO - Filling up the DagBag from /home/airflow/dags/Lead_scoring_inference_pipeline/.ipynb_checkpoints/constants-checkpoint.py
[2023-12-27 17:21:19,880] {processor.py:653} WARNING - No viable dags retrieved from /home/airflow/dags/Lead_scoring_inference_pipeline/.ipynb_checkpoints/constants-checkpoint.py
[2023-12-27 17:21:19,909] {processor.py:161} INFO - Processing /home/airflow/dags/Lead_scoring_inference_pipeline/.ipynb_checkpoints/constants-checkpoint.py took 0.036 seconds
[2023-12-27 17:21:54,666] {processor.py:153} INFO - Started process (PID=5254) to work on /home/airflow/dags/Lead_scoring_inference_pipeline/.ipynb_checkpoints/constants-checkpoint.py
[2023-12-27 17:21:54,666] {processor.py:641} INFO - Processing file /home/airflow/dags/Lead_scoring_inference_pipeline/.ipynb_checkpoints/constants-checkpoint.py for tasks to queue
[2023-12-27 17:21:54,667] {logging_mixin.py:115} INFO - [2023-12-27 17:21:54,667] {dagbag.py:508} INFO - Filling up the DagBag from /home/airflow/dags/Lead_scoring_inference_pipeline/.ipynb_checkpoints/constants-checkpoint.py
[2023-12-27 17:21:54,668] {processor.py:653} WARNING - No viable dags retrieved from /home/airflow/dags/Lead_scoring_inference_pipeline/.ipynb_checkpoints/constants-checkpoint.py
[2023-12-27 17:21:54,695] {processor.py:161} INFO - Processing /home/airflow/dags/Lead_scoring_inference_pipeline/.ipynb_checkpoints/constants-checkpoint.py took 0.031 seconds
