[2023-12-27 07:11:29,238] {taskinstance.py:1179} INFO - Dependencies all met for <TaskInstance: Lead_Scoring_Data_Engineering_Pipeline.mapping_categorical_vars scheduled__2023-12-26T00:00:00+00:00 [queued]>
[2023-12-27 07:11:29,255] {taskinstance.py:1179} INFO - Dependencies all met for <TaskInstance: Lead_Scoring_Data_Engineering_Pipeline.mapping_categorical_vars scheduled__2023-12-26T00:00:00+00:00 [queued]>
[2023-12-27 07:11:29,255] {taskinstance.py:1376} INFO - 
--------------------------------------------------------------------------------
[2023-12-27 07:11:29,255] {taskinstance.py:1377} INFO - Starting attempt 1 of 2
[2023-12-27 07:11:29,255] {taskinstance.py:1378} INFO - 
--------------------------------------------------------------------------------
[2023-12-27 07:11:29,281] {taskinstance.py:1397} INFO - Executing <Task(PythonOperator): mapping_categorical_vars> on 2023-12-26 00:00:00+00:00
[2023-12-27 07:11:29,285] {standard_task_runner.py:52} INFO - Started process 1194 to run task
[2023-12-27 07:11:29,287] {standard_task_runner.py:79} INFO - Running: ['airflow', 'tasks', 'run', 'Lead_Scoring_Data_Engineering_Pipeline', 'mapping_categorical_vars', 'scheduled__2023-12-26T00:00:00+00:00', '--job-id', '16', '--raw', '--subdir', 'DAGS_FOLDER/Lead_scoring_data_pipeline/lead_scoring_data_pipeline.py', '--cfg-path', '/tmp/tmpdklsrq2b', '--error-file', '/tmp/tmpq72b7zuz']
[2023-12-27 07:11:29,288] {standard_task_runner.py:80} INFO - Job 16: Subtask mapping_categorical_vars
[2023-12-27 07:11:29,373] {task_command.py:371} INFO - Running <TaskInstance: Lead_Scoring_Data_Engineering_Pipeline.mapping_categorical_vars scheduled__2023-12-26T00:00:00+00:00 [running]> on host ce59f542c9dd
[2023-12-27 07:11:29,478] {taskinstance.py:1589} INFO - Exporting the following env vars:
AIRFLOW_CTX_DAG_OWNER=airflow
AIRFLOW_CTX_DAG_ID=Lead_Scoring_Data_Engineering_Pipeline
AIRFLOW_CTX_TASK_ID=mapping_categorical_vars
AIRFLOW_CTX_EXECUTION_DATE=2023-12-26T00:00:00+00:00
AIRFLOW_CTX_TRY_NUMBER=1
AIRFLOW_CTX_DAG_RUN_ID=scheduled__2023-12-26T00:00:00+00:00
[2023-12-27 07:11:35,161] {logging_mixin.py:115} WARNING - /home/airflow/dags/Lead_scoring_data_pipeline/utils.py:207 SettingWithCopyWarning: 
A value is trying to be set on a copy of a slice from a DataFrame.
Try using .loc[row_indexer,col_indexer] = value instead

See the caveats in the documentation: https://pandas.pydata.org/pandas-docs/stable/user_guide/indexing.html#returning-a-view-versus-a-copy
[2023-12-27 07:11:35,473] {logging_mixin.py:115} WARNING - /home/airflow/dags/Lead_scoring_data_pipeline/utils.py:217 SettingWithCopyWarning: 
A value is trying to be set on a copy of a slice from a DataFrame.
Try using .loc[row_indexer,col_indexer] = value instead

See the caveats in the documentation: https://pandas.pydata.org/pandas-docs/stable/user_guide/indexing.html#returning-a-view-versus-a-copy
[2023-12-27 07:11:35,770] {logging_mixin.py:115} WARNING - /home/airflow/dags/Lead_scoring_data_pipeline/utils.py:227 SettingWithCopyWarning: 
A value is trying to be set on a copy of a slice from a DataFrame.
Try using .loc[row_indexer,col_indexer] = value instead

See the caveats in the documentation: https://pandas.pydata.org/pandas-docs/stable/user_guide/indexing.html#returning-a-view-versus-a-copy
[2023-12-27 07:11:41,140] {logging_mixin.py:115} INFO - Mapped categorical values
[2023-12-27 07:11:41,198] {python.py:173} INFO - Done. Returned value was: None
[2023-12-27 07:11:41,212] {taskinstance.py:1415} INFO - Marking task as SUCCESS. dag_id=Lead_Scoring_Data_Engineering_Pipeline, task_id=mapping_categorical_vars, execution_date=20231226T000000, start_date=20231227T071129, end_date=20231227T071141
[2023-12-27 07:11:41,255] {local_task_job.py:156} INFO - Task exited with return code 0
[2023-12-27 07:11:41,318] {local_task_job.py:273} INFO - 1 downstream tasks scheduled from follow-on schedule check
