[2023-12-27 17:03:20,217] {taskinstance.py:1179} INFO - Dependencies all met for <TaskInstance: Lead_scoring_inference_pipeline.checking_model_prediction_ratio scheduled__2023-12-27T16:00:00+00:00 [queued]>
[2023-12-27 17:03:20,235] {taskinstance.py:1179} INFO - Dependencies all met for <TaskInstance: Lead_scoring_inference_pipeline.checking_model_prediction_ratio scheduled__2023-12-27T16:00:00+00:00 [queued]>
[2023-12-27 17:03:20,235] {taskinstance.py:1376} INFO - 
--------------------------------------------------------------------------------
[2023-12-27 17:03:20,235] {taskinstance.py:1377} INFO - Starting attempt 1 of 2
[2023-12-27 17:03:20,235] {taskinstance.py:1378} INFO - 
--------------------------------------------------------------------------------
[2023-12-27 17:03:20,264] {taskinstance.py:1397} INFO - Executing <Task(PythonOperator): checking_model_prediction_ratio> on 2023-12-27 16:00:00+00:00
[2023-12-27 17:03:20,268] {standard_task_runner.py:52} INFO - Started process 3187 to run task
[2023-12-27 17:03:20,273] {standard_task_runner.py:79} INFO - Running: ['airflow', 'tasks', 'run', 'Lead_scoring_inference_pipeline', 'checking_model_prediction_ratio', 'scheduled__2023-12-27T16:00:00+00:00', '--job-id', '32', '--raw', '--subdir', 'DAGS_FOLDER/Lead_scoring_inference_pipeline/.ipynb_checkpoints/lead_scoring_inference_pipeline-checkpoint.py', '--cfg-path', '/tmp/tmp9qcphard', '--error-file', '/tmp/tmp271j21hk']
[2023-12-27 17:03:20,274] {standard_task_runner.py:80} INFO - Job 32: Subtask checking_model_prediction_ratio
[2023-12-27 17:03:20,387] {task_command.py:371} INFO - Running <TaskInstance: Lead_scoring_inference_pipeline.checking_model_prediction_ratio scheduled__2023-12-27T16:00:00+00:00 [running]> on host 94ab74f1de1f
[2023-12-27 17:03:20,592] {taskinstance.py:1589} INFO - Exporting the following env vars:
AIRFLOW_CTX_DAG_OWNER=airflow
AIRFLOW_CTX_DAG_ID=Lead_scoring_inference_pipeline
AIRFLOW_CTX_TASK_ID=checking_model_prediction_ratio
AIRFLOW_CTX_EXECUTION_DATE=2023-12-27T16:00:00+00:00
AIRFLOW_CTX_TRY_NUMBER=1
AIRFLOW_CTX_DAG_RUN_ID=scheduled__2023-12-27T16:00:00+00:00
[2023-12-27 17:03:21,666] {python.py:173} INFO - Done. Returned value was: None
[2023-12-27 17:03:21,684] {taskinstance.py:1415} INFO - Marking task as SUCCESS. dag_id=Lead_scoring_inference_pipeline, task_id=checking_model_prediction_ratio, execution_date=20231227T160000, start_date=20231227T170320, end_date=20231227T170321
[2023-12-27 17:03:21,728] {local_task_job.py:156} INFO - Task exited with return code 0
[2023-12-27 17:03:21,786] {local_task_job.py:273} INFO - 0 downstream tasks scheduled from follow-on schedule check
