[2023-12-27 15:40:42,966] {taskinstance.py:1179} INFO - Dependencies all met for <TaskInstance: Lead_scoring_training_pipeline.training_model manual__2023-12-27T15:40:30.432550+00:00 [queued]>
[2023-12-27 15:40:42,983] {taskinstance.py:1179} INFO - Dependencies all met for <TaskInstance: Lead_scoring_training_pipeline.training_model manual__2023-12-27T15:40:30.432550+00:00 [queued]>
[2023-12-27 15:40:42,983] {taskinstance.py:1376} INFO - 
--------------------------------------------------------------------------------
[2023-12-27 15:40:42,983] {taskinstance.py:1377} INFO - Starting attempt 1 of 2
[2023-12-27 15:40:42,983] {taskinstance.py:1378} INFO - 
--------------------------------------------------------------------------------
[2023-12-27 15:40:43,011] {taskinstance.py:1397} INFO - Executing <Task(PythonOperator): training_model> on 2023-12-27 15:40:30.432550+00:00
[2023-12-27 15:40:43,018] {standard_task_runner.py:52} INFO - Started process 1624 to run task
[2023-12-27 15:40:43,022] {standard_task_runner.py:79} INFO - Running: ['airflow', 'tasks', 'run', 'Lead_scoring_training_pipeline', 'training_model', 'manual__2023-12-27T15:40:30.432550+00:00', '--job-id', '24', '--raw', '--subdir', 'DAGS_FOLDER/Lead_scoring_training_pipeline/.ipynb_checkpoints/lead_scoring_training_pipeline-checkpoint.py', '--cfg-path', '/tmp/tmpguiqhqox', '--error-file', '/tmp/tmpst1opn08']
[2023-12-27 15:40:43,022] {standard_task_runner.py:80} INFO - Job 24: Subtask training_model
[2023-12-27 15:40:43,124] {task_command.py:371} INFO - Running <TaskInstance: Lead_scoring_training_pipeline.training_model manual__2023-12-27T15:40:30.432550+00:00 [running]> on host 94ab74f1de1f
[2023-12-27 15:40:43,237] {taskinstance.py:1589} INFO - Exporting the following env vars:
AIRFLOW_CTX_DAG_OWNER=airflow
AIRFLOW_CTX_DAG_ID=Lead_scoring_training_pipeline
AIRFLOW_CTX_TASK_ID=training_model
AIRFLOW_CTX_EXECUTION_DATE=2023-12-27T15:40:30.432550+00:00
AIRFLOW_CTX_TRY_NUMBER=1
AIRFLOW_CTX_DAG_RUN_ID=manual__2023-12-27T15:40:30.432550+00:00
[2023-12-27 15:40:43,239] {logging_mixin.py:115} INFO - unable to open database file
[2023-12-27 15:40:46,894] {utils.py:164} INFO - Creating a mlflow experiment
[2023-12-27 15:40:47,695] {logging_mixin.py:115} WARNING - /opt/conda/lib/python3.8/site-packages/sklearn/utils/validation.py:72 DataConversionWarning: A column-vector y was passed when a 1d array was expected. Please change the shape of y to (n_samples, ), for example using ravel().
[2023-12-27 15:40:47,739] {logging_mixin.py:115} INFO - [LightGBM] [Warning] bagging_fraction is set=0.887437593014418, subsample=1.0 will be ignored. Current value: bagging_fraction=0.887437593014418
[2023-12-27 15:40:47,740] {logging_mixin.py:115} INFO - [LightGBM] [Warning] feature_fraction is set=0.7588282465072769, colsample_bytree=1.0 will be ignored. Current value: feature_fraction=0.7588282465072769
[2023-12-27 15:40:47,740] {logging_mixin.py:115} INFO - [LightGBM] [Warning] bagging_freq is set=1, subsample_freq=0 will be ignored. Current value: bagging_freq=1
[2023-12-27 15:40:55,460] {logging_mixin.py:115} WARNING - Successfully registered model 'LightGBM'.
[2023-12-27 15:40:55,561] {logging_mixin.py:115} WARNING - 2023/12/27 15:40:55 INFO mlflow.tracking._model_registry.client: Waiting up to 300 seconds for model version to finish creation.                     Model name: LightGBM, version 1
[2023-12-27 15:40:55,561] {logging_mixin.py:115} WARNING - Created version '1' of model 'LightGBM'.
[2023-12-27 15:40:56,770] {logging_mixin.py:115} INFO - Recall= 0.7436772989508174
[2023-12-27 15:40:56,771] {logging_mixin.py:115} INFO - Precision= 0.7284517615591367
[2023-12-27 15:40:56,771] {logging_mixin.py:115} INFO - AUC= 0.7436772989508174
[2023-12-27 15:40:57,229] {logging_mixin.py:115} INFO - Inside MLflow Run with id 7e98ffd4e470434388e008ada81c10ac
[2023-12-27 15:40:57,274] {python.py:173} INFO - Done. Returned value was: None
[2023-12-27 15:40:57,309] {taskinstance.py:1415} INFO - Marking task as SUCCESS. dag_id=Lead_scoring_training_pipeline, task_id=training_model, execution_date=20231227T154030, start_date=20231227T154042, end_date=20231227T154057
[2023-12-27 15:40:57,368] {local_task_job.py:156} INFO - Task exited with return code 0
[2023-12-27 15:40:57,406] {local_task_job.py:273} INFO - 0 downstream tasks scheduled from follow-on schedule check
