[2023-12-27 07:10:57,132] {taskinstance.py:1179} INFO - Dependencies all met for <TaskInstance: Lead_Scoring_Data_Engineering_Pipeline.building_db scheduled__2023-12-26T00:00:00+00:00 [queued]>
[2023-12-27 07:10:57,148] {taskinstance.py:1179} INFO - Dependencies all met for <TaskInstance: Lead_Scoring_Data_Engineering_Pipeline.building_db scheduled__2023-12-26T00:00:00+00:00 [queued]>
[2023-12-27 07:10:57,148] {taskinstance.py:1376} INFO - 
--------------------------------------------------------------------------------
[2023-12-27 07:10:57,148] {taskinstance.py:1377} INFO - Starting attempt 1 of 2
[2023-12-27 07:10:57,148] {taskinstance.py:1378} INFO - 
--------------------------------------------------------------------------------
[2023-12-27 07:10:57,175] {taskinstance.py:1397} INFO - Executing <Task(PythonOperator): building_db> on 2023-12-26 00:00:00+00:00
[2023-12-27 07:10:57,178] {standard_task_runner.py:52} INFO - Started process 1098 to run task
[2023-12-27 07:10:57,180] {standard_task_runner.py:79} INFO - Running: ['airflow', 'tasks', 'run', 'Lead_Scoring_Data_Engineering_Pipeline', 'building_db', 'scheduled__2023-12-26T00:00:00+00:00', '--job-id', '12', '--raw', '--subdir', 'DAGS_FOLDER/Lead_scoring_data_pipeline/.ipynb_checkpoints/lead_scoring_data_pipeline-checkpoint.py', '--cfg-path', '/tmp/tmp6tdp4jif', '--error-file', '/tmp/tmpzynzcn1h']
[2023-12-27 07:10:57,181] {standard_task_runner.py:80} INFO - Job 12: Subtask building_db
[2023-12-27 07:10:57,268] {task_command.py:371} INFO - Running <TaskInstance: Lead_Scoring_Data_Engineering_Pipeline.building_db scheduled__2023-12-26T00:00:00+00:00 [running]> on host ce59f542c9dd
[2023-12-27 07:10:57,365] {taskinstance.py:1589} INFO - Exporting the following env vars:
AIRFLOW_CTX_DAG_OWNER=airflow
AIRFLOW_CTX_DAG_ID=Lead_Scoring_Data_Engineering_Pipeline
AIRFLOW_CTX_TASK_ID=building_db
AIRFLOW_CTX_EXECUTION_DATE=2023-12-26T00:00:00+00:00
AIRFLOW_CTX_TRY_NUMBER=1
AIRFLOW_CTX_DAG_RUN_ID=scheduled__2023-12-26T00:00:00+00:00
[2023-12-27 07:10:57,367] {logging_mixin.py:115} INFO - DB Already Exists
[2023-12-27 07:10:57,367] {python.py:173} INFO - Done. Returned value was: DB Exists
[2023-12-27 07:10:57,410] {taskinstance.py:1415} INFO - Marking task as SUCCESS. dag_id=Lead_Scoring_Data_Engineering_Pipeline, task_id=building_db, execution_date=20231226T000000, start_date=20231227T071057, end_date=20231227T071057
[2023-12-27 07:10:57,472] {local_task_job.py:156} INFO - Task exited with return code 0
[2023-12-27 07:10:57,540] {local_task_job.py:273} INFO - 1 downstream tasks scheduled from follow-on schedule check
