[2023-12-27 15:36:24,787] {processor.py:153} INFO - Started process (PID=1104) to work on /opt/conda/lib/python3.8/site-packages/airflow/example_dags/plugins/workday.py
[2023-12-27 15:36:24,788] {processor.py:641} INFO - Processing file /opt/conda/lib/python3.8/site-packages/airflow/example_dags/plugins/workday.py for tasks to queue
[2023-12-27 15:36:24,788] {logging_mixin.py:115} INFO - [2023-12-27 15:36:24,788] {dagbag.py:508} INFO - Filling up the DagBag from /opt/conda/lib/python3.8/site-packages/airflow/example_dags/plugins/workday.py
[2023-12-27 15:36:24,790] {processor.py:653} WARNING - No viable dags retrieved from /opt/conda/lib/python3.8/site-packages/airflow/example_dags/plugins/workday.py
[2023-12-27 15:36:24,927] {processor.py:161} INFO - Processing /opt/conda/lib/python3.8/site-packages/airflow/example_dags/plugins/workday.py took 0.143 seconds
[2023-12-27 15:37:46,309] {processor.py:153} INFO - Started process (PID=1286) to work on /opt/conda/lib/python3.8/site-packages/airflow/example_dags/plugins/workday.py
[2023-12-27 15:37:46,310] {processor.py:641} INFO - Processing file /opt/conda/lib/python3.8/site-packages/airflow/example_dags/plugins/workday.py for tasks to queue
[2023-12-27 15:37:46,310] {logging_mixin.py:115} INFO - [2023-12-27 15:37:46,310] {dagbag.py:508} INFO - Filling up the DagBag from /opt/conda/lib/python3.8/site-packages/airflow/example_dags/plugins/workday.py
[2023-12-27 15:37:46,312] {processor.py:653} WARNING - No viable dags retrieved from /opt/conda/lib/python3.8/site-packages/airflow/example_dags/plugins/workday.py
[2023-12-27 15:37:46,451] {processor.py:161} INFO - Processing /opt/conda/lib/python3.8/site-packages/airflow/example_dags/plugins/workday.py took 0.145 seconds
[2023-12-27 15:38:44,408] {processor.py:153} INFO - Started process (PID=1362) to work on /opt/conda/lib/python3.8/site-packages/airflow/example_dags/plugins/workday.py
[2023-12-27 15:38:44,408] {processor.py:641} INFO - Processing file /opt/conda/lib/python3.8/site-packages/airflow/example_dags/plugins/workday.py for tasks to queue
[2023-12-27 15:38:44,408] {logging_mixin.py:115} INFO - [2023-12-27 15:38:44,408] {dagbag.py:508} INFO - Filling up the DagBag from /opt/conda/lib/python3.8/site-packages/airflow/example_dags/plugins/workday.py
[2023-12-27 15:38:44,410] {processor.py:653} WARNING - No viable dags retrieved from /opt/conda/lib/python3.8/site-packages/airflow/example_dags/plugins/workday.py
[2023-12-27 15:38:44,544] {processor.py:161} INFO - Processing /opt/conda/lib/python3.8/site-packages/airflow/example_dags/plugins/workday.py took 0.140 seconds
[2023-12-27 15:40:09,531] {processor.py:153} INFO - Started process (PID=1543) to work on /opt/conda/lib/python3.8/site-packages/airflow/example_dags/plugins/workday.py
[2023-12-27 15:40:09,532] {processor.py:641} INFO - Processing file /opt/conda/lib/python3.8/site-packages/airflow/example_dags/plugins/workday.py for tasks to queue
[2023-12-27 15:40:09,532] {logging_mixin.py:115} INFO - [2023-12-27 15:40:09,532] {dagbag.py:508} INFO - Filling up the DagBag from /opt/conda/lib/python3.8/site-packages/airflow/example_dags/plugins/workday.py
[2023-12-27 15:40:09,534] {processor.py:653} WARNING - No viable dags retrieved from /opt/conda/lib/python3.8/site-packages/airflow/example_dags/plugins/workday.py
[2023-12-27 15:40:09,669] {processor.py:161} INFO - Processing /opt/conda/lib/python3.8/site-packages/airflow/example_dags/plugins/workday.py took 0.141 seconds
[2023-12-27 15:41:48,800] {processor.py:153} INFO - Started process (PID=1727) to work on /opt/conda/lib/python3.8/site-packages/airflow/example_dags/plugins/workday.py
[2023-12-27 15:41:48,800] {processor.py:641} INFO - Processing file /opt/conda/lib/python3.8/site-packages/airflow/example_dags/plugins/workday.py for tasks to queue
[2023-12-27 15:41:48,801] {logging_mixin.py:115} INFO - [2023-12-27 15:41:48,801] {dagbag.py:508} INFO - Filling up the DagBag from /opt/conda/lib/python3.8/site-packages/airflow/example_dags/plugins/workday.py
[2023-12-27 15:41:48,803] {processor.py:653} WARNING - No viable dags retrieved from /opt/conda/lib/python3.8/site-packages/airflow/example_dags/plugins/workday.py
[2023-12-27 15:41:48,830] {processor.py:161} INFO - Processing /opt/conda/lib/python3.8/site-packages/airflow/example_dags/plugins/workday.py took 0.034 seconds
[2023-12-27 15:42:59,646] {processor.py:153} INFO - Started process (PID=1845) to work on /opt/conda/lib/python3.8/site-packages/airflow/example_dags/plugins/workday.py
[2023-12-27 15:42:59,646] {processor.py:641} INFO - Processing file /opt/conda/lib/python3.8/site-packages/airflow/example_dags/plugins/workday.py for tasks to queue
[2023-12-27 15:42:59,647] {logging_mixin.py:115} INFO - [2023-12-27 15:42:59,646] {dagbag.py:508} INFO - Filling up the DagBag from /opt/conda/lib/python3.8/site-packages/airflow/example_dags/plugins/workday.py
[2023-12-27 15:42:59,648] {processor.py:653} WARNING - No viable dags retrieved from /opt/conda/lib/python3.8/site-packages/airflow/example_dags/plugins/workday.py
[2023-12-27 15:42:59,675] {processor.py:161} INFO - Processing /opt/conda/lib/python3.8/site-packages/airflow/example_dags/plugins/workday.py took 0.032 seconds
[2023-12-27 15:44:12,427] {processor.py:153} INFO - Started process (PID=1935) to work on /opt/conda/lib/python3.8/site-packages/airflow/example_dags/plugins/workday.py
[2023-12-27 15:44:12,427] {processor.py:641} INFO - Processing file /opt/conda/lib/python3.8/site-packages/airflow/example_dags/plugins/workday.py for tasks to queue
[2023-12-27 15:44:12,428] {logging_mixin.py:115} INFO - [2023-12-27 15:44:12,428] {dagbag.py:508} INFO - Filling up the DagBag from /opt/conda/lib/python3.8/site-packages/airflow/example_dags/plugins/workday.py
[2023-12-27 15:44:12,430] {processor.py:653} WARNING - No viable dags retrieved from /opt/conda/lib/python3.8/site-packages/airflow/example_dags/plugins/workday.py
[2023-12-27 15:44:12,462] {processor.py:161} INFO - Processing /opt/conda/lib/python3.8/site-packages/airflow/example_dags/plugins/workday.py took 0.039 seconds
[2023-12-27 15:45:25,704] {processor.py:153} INFO - Started process (PID=2054) to work on /opt/conda/lib/python3.8/site-packages/airflow/example_dags/plugins/workday.py
[2023-12-27 15:45:25,705] {processor.py:641} INFO - Processing file /opt/conda/lib/python3.8/site-packages/airflow/example_dags/plugins/workday.py for tasks to queue
[2023-12-27 15:45:25,705] {logging_mixin.py:115} INFO - [2023-12-27 15:45:25,705] {dagbag.py:508} INFO - Filling up the DagBag from /opt/conda/lib/python3.8/site-packages/airflow/example_dags/plugins/workday.py
[2023-12-27 15:45:25,707] {processor.py:653} WARNING - No viable dags retrieved from /opt/conda/lib/python3.8/site-packages/airflow/example_dags/plugins/workday.py
[2023-12-27 15:45:25,734] {processor.py:161} INFO - Processing /opt/conda/lib/python3.8/site-packages/airflow/example_dags/plugins/workday.py took 0.033 seconds
[2023-12-27 15:46:35,559] {processor.py:153} INFO - Started process (PID=2143) to work on /opt/conda/lib/python3.8/site-packages/airflow/example_dags/plugins/workday.py
[2023-12-27 15:46:35,559] {processor.py:641} INFO - Processing file /opt/conda/lib/python3.8/site-packages/airflow/example_dags/plugins/workday.py for tasks to queue
[2023-12-27 15:46:35,560] {logging_mixin.py:115} INFO - [2023-12-27 15:46:35,560] {dagbag.py:508} INFO - Filling up the DagBag from /opt/conda/lib/python3.8/site-packages/airflow/example_dags/plugins/workday.py
[2023-12-27 15:46:35,562] {processor.py:653} WARNING - No viable dags retrieved from /opt/conda/lib/python3.8/site-packages/airflow/example_dags/plugins/workday.py
[2023-12-27 15:46:35,591] {processor.py:161} INFO - Processing /opt/conda/lib/python3.8/site-packages/airflow/example_dags/plugins/workday.py took 0.036 seconds
[2023-12-27 15:47:45,885] {processor.py:153} INFO - Started process (PID=2261) to work on /opt/conda/lib/python3.8/site-packages/airflow/example_dags/plugins/workday.py
[2023-12-27 15:47:45,886] {processor.py:641} INFO - Processing file /opt/conda/lib/python3.8/site-packages/airflow/example_dags/plugins/workday.py for tasks to queue
[2023-12-27 15:47:45,886] {logging_mixin.py:115} INFO - [2023-12-27 15:47:45,886] {dagbag.py:508} INFO - Filling up the DagBag from /opt/conda/lib/python3.8/site-packages/airflow/example_dags/plugins/workday.py
[2023-12-27 15:47:45,888] {processor.py:653} WARNING - No viable dags retrieved from /opt/conda/lib/python3.8/site-packages/airflow/example_dags/plugins/workday.py
[2023-12-27 15:47:45,915] {processor.py:161} INFO - Processing /opt/conda/lib/python3.8/site-packages/airflow/example_dags/plugins/workday.py took 0.033 seconds
[2023-12-27 17:02:08,153] {processor.py:153} INFO - Started process (PID=2966) to work on /opt/conda/lib/python3.8/site-packages/airflow/example_dags/plugins/workday.py
[2023-12-27 17:02:08,154] {processor.py:641} INFO - Processing file /opt/conda/lib/python3.8/site-packages/airflow/example_dags/plugins/workday.py for tasks to queue
[2023-12-27 17:02:08,154] {logging_mixin.py:115} INFO - [2023-12-27 17:02:08,154] {dagbag.py:508} INFO - Filling up the DagBag from /opt/conda/lib/python3.8/site-packages/airflow/example_dags/plugins/workday.py
[2023-12-27 17:02:08,156] {processor.py:653} WARNING - No viable dags retrieved from /opt/conda/lib/python3.8/site-packages/airflow/example_dags/plugins/workday.py
[2023-12-27 17:02:08,289] {processor.py:161} INFO - Processing /opt/conda/lib/python3.8/site-packages/airflow/example_dags/plugins/workday.py took 0.139 seconds
[2023-12-27 17:04:27,342] {processor.py:153} INFO - Started process (PID=3312) to work on /opt/conda/lib/python3.8/site-packages/airflow/example_dags/plugins/workday.py
[2023-12-27 17:04:27,343] {processor.py:641} INFO - Processing file /opt/conda/lib/python3.8/site-packages/airflow/example_dags/plugins/workday.py for tasks to queue
[2023-12-27 17:04:27,343] {logging_mixin.py:115} INFO - [2023-12-27 17:04:27,343] {dagbag.py:508} INFO - Filling up the DagBag from /opt/conda/lib/python3.8/site-packages/airflow/example_dags/plugins/workday.py
[2023-12-27 17:04:27,345] {processor.py:653} WARNING - No viable dags retrieved from /opt/conda/lib/python3.8/site-packages/airflow/example_dags/plugins/workday.py
[2023-12-27 17:04:27,478] {processor.py:161} INFO - Processing /opt/conda/lib/python3.8/site-packages/airflow/example_dags/plugins/workday.py took 0.139 seconds
[2023-12-27 17:05:43,643] {processor.py:153} INFO - Started process (PID=3453) to work on /opt/conda/lib/python3.8/site-packages/airflow/example_dags/plugins/workday.py
[2023-12-27 17:05:43,644] {processor.py:641} INFO - Processing file /opt/conda/lib/python3.8/site-packages/airflow/example_dags/plugins/workday.py for tasks to queue
[2023-12-27 17:05:43,644] {logging_mixin.py:115} INFO - [2023-12-27 17:05:43,644] {dagbag.py:508} INFO - Filling up the DagBag from /opt/conda/lib/python3.8/site-packages/airflow/example_dags/plugins/workday.py
[2023-12-27 17:05:43,646] {processor.py:653} WARNING - No viable dags retrieved from /opt/conda/lib/python3.8/site-packages/airflow/example_dags/plugins/workday.py
[2023-12-27 17:05:43,791] {processor.py:161} INFO - Processing /opt/conda/lib/python3.8/site-packages/airflow/example_dags/plugins/workday.py took 0.151 seconds
[2023-12-27 17:06:52,574] {processor.py:153} INFO - Started process (PID=3585) to work on /opt/conda/lib/python3.8/site-packages/airflow/example_dags/plugins/workday.py
[2023-12-27 17:06:52,574] {processor.py:641} INFO - Processing file /opt/conda/lib/python3.8/site-packages/airflow/example_dags/plugins/workday.py for tasks to queue
[2023-12-27 17:06:52,575] {logging_mixin.py:115} INFO - [2023-12-27 17:06:52,575] {dagbag.py:508} INFO - Filling up the DagBag from /opt/conda/lib/python3.8/site-packages/airflow/example_dags/plugins/workday.py
[2023-12-27 17:06:52,576] {processor.py:653} WARNING - No viable dags retrieved from /opt/conda/lib/python3.8/site-packages/airflow/example_dags/plugins/workday.py
[2023-12-27 17:06:52,604] {processor.py:161} INFO - Processing /opt/conda/lib/python3.8/site-packages/airflow/example_dags/plugins/workday.py took 0.033 seconds
[2023-12-27 17:07:56,293] {processor.py:153} INFO - Started process (PID=3712) to work on /opt/conda/lib/python3.8/site-packages/airflow/example_dags/plugins/workday.py
[2023-12-27 17:07:56,293] {processor.py:641} INFO - Processing file /opt/conda/lib/python3.8/site-packages/airflow/example_dags/plugins/workday.py for tasks to queue
[2023-12-27 17:07:56,294] {logging_mixin.py:115} INFO - [2023-12-27 17:07:56,294] {dagbag.py:508} INFO - Filling up the DagBag from /opt/conda/lib/python3.8/site-packages/airflow/example_dags/plugins/workday.py
[2023-12-27 17:07:56,295] {processor.py:653} WARNING - No viable dags retrieved from /opt/conda/lib/python3.8/site-packages/airflow/example_dags/plugins/workday.py
[2023-12-27 17:07:56,324] {processor.py:161} INFO - Processing /opt/conda/lib/python3.8/site-packages/airflow/example_dags/plugins/workday.py took 0.034 seconds
[2023-12-27 17:09:02,539] {processor.py:153} INFO - Started process (PID=3831) to work on /opt/conda/lib/python3.8/site-packages/airflow/example_dags/plugins/workday.py
[2023-12-27 17:09:02,540] {processor.py:641} INFO - Processing file /opt/conda/lib/python3.8/site-packages/airflow/example_dags/plugins/workday.py for tasks to queue
[2023-12-27 17:09:02,540] {logging_mixin.py:115} INFO - [2023-12-27 17:09:02,540] {dagbag.py:508} INFO - Filling up the DagBag from /opt/conda/lib/python3.8/site-packages/airflow/example_dags/plugins/workday.py
[2023-12-27 17:09:02,542] {processor.py:653} WARNING - No viable dags retrieved from /opt/conda/lib/python3.8/site-packages/airflow/example_dags/plugins/workday.py
[2023-12-27 17:09:02,569] {processor.py:161} INFO - Processing /opt/conda/lib/python3.8/site-packages/airflow/example_dags/plugins/workday.py took 0.033 seconds
[2023-12-27 17:10:06,469] {processor.py:153} INFO - Started process (PID=3945) to work on /opt/conda/lib/python3.8/site-packages/airflow/example_dags/plugins/workday.py
[2023-12-27 17:10:06,469] {processor.py:641} INFO - Processing file /opt/conda/lib/python3.8/site-packages/airflow/example_dags/plugins/workday.py for tasks to queue
[2023-12-27 17:10:06,470] {logging_mixin.py:115} INFO - [2023-12-27 17:10:06,470] {dagbag.py:508} INFO - Filling up the DagBag from /opt/conda/lib/python3.8/site-packages/airflow/example_dags/plugins/workday.py
[2023-12-27 17:10:06,472] {processor.py:653} WARNING - No viable dags retrieved from /opt/conda/lib/python3.8/site-packages/airflow/example_dags/plugins/workday.py
[2023-12-27 17:10:06,501] {processor.py:161} INFO - Processing /opt/conda/lib/python3.8/site-packages/airflow/example_dags/plugins/workday.py took 0.035 seconds
[2023-12-27 17:11:08,359] {processor.py:153} INFO - Started process (PID=4058) to work on /opt/conda/lib/python3.8/site-packages/airflow/example_dags/plugins/workday.py
[2023-12-27 17:11:08,360] {processor.py:641} INFO - Processing file /opt/conda/lib/python3.8/site-packages/airflow/example_dags/plugins/workday.py for tasks to queue
[2023-12-27 17:11:08,360] {logging_mixin.py:115} INFO - [2023-12-27 17:11:08,360] {dagbag.py:508} INFO - Filling up the DagBag from /opt/conda/lib/python3.8/site-packages/airflow/example_dags/plugins/workday.py
[2023-12-27 17:11:08,362] {processor.py:653} WARNING - No viable dags retrieved from /opt/conda/lib/python3.8/site-packages/airflow/example_dags/plugins/workday.py
[2023-12-27 17:11:08,390] {processor.py:161} INFO - Processing /opt/conda/lib/python3.8/site-packages/airflow/example_dags/plugins/workday.py took 0.034 seconds
[2023-12-27 17:12:16,164] {processor.py:153} INFO - Started process (PID=4182) to work on /opt/conda/lib/python3.8/site-packages/airflow/example_dags/plugins/workday.py
[2023-12-27 17:12:16,164] {processor.py:641} INFO - Processing file /opt/conda/lib/python3.8/site-packages/airflow/example_dags/plugins/workday.py for tasks to queue
[2023-12-27 17:12:16,165] {logging_mixin.py:115} INFO - [2023-12-27 17:12:16,165] {dagbag.py:508} INFO - Filling up the DagBag from /opt/conda/lib/python3.8/site-packages/airflow/example_dags/plugins/workday.py
[2023-12-27 17:12:16,167] {processor.py:653} WARNING - No viable dags retrieved from /opt/conda/lib/python3.8/site-packages/airflow/example_dags/plugins/workday.py
[2023-12-27 17:12:16,194] {processor.py:161} INFO - Processing /opt/conda/lib/python3.8/site-packages/airflow/example_dags/plugins/workday.py took 0.034 seconds
[2023-12-27 17:16:10,858] {processor.py:153} INFO - Started process (PID=4510) to work on /opt/conda/lib/python3.8/site-packages/airflow/example_dags/plugins/workday.py
[2023-12-27 17:16:10,858] {processor.py:641} INFO - Processing file /opt/conda/lib/python3.8/site-packages/airflow/example_dags/plugins/workday.py for tasks to queue
[2023-12-27 17:16:10,859] {logging_mixin.py:115} INFO - [2023-12-27 17:16:10,859] {dagbag.py:508} INFO - Filling up the DagBag from /opt/conda/lib/python3.8/site-packages/airflow/example_dags/plugins/workday.py
[2023-12-27 17:16:10,860] {processor.py:653} WARNING - No viable dags retrieved from /opt/conda/lib/python3.8/site-packages/airflow/example_dags/plugins/workday.py
[2023-12-27 17:16:11,004] {processor.py:161} INFO - Processing /opt/conda/lib/python3.8/site-packages/airflow/example_dags/plugins/workday.py took 0.149 seconds
[2023-12-27 17:18:07,646] {processor.py:153} INFO - Started process (PID=4814) to work on /opt/conda/lib/python3.8/site-packages/airflow/example_dags/plugins/workday.py
[2023-12-27 17:18:07,646] {processor.py:641} INFO - Processing file /opt/conda/lib/python3.8/site-packages/airflow/example_dags/plugins/workday.py for tasks to queue
[2023-12-27 17:18:07,646] {logging_mixin.py:115} INFO - [2023-12-27 17:18:07,646] {dagbag.py:508} INFO - Filling up the DagBag from /opt/conda/lib/python3.8/site-packages/airflow/example_dags/plugins/workday.py
[2023-12-27 17:18:07,648] {processor.py:653} WARNING - No viable dags retrieved from /opt/conda/lib/python3.8/site-packages/airflow/example_dags/plugins/workday.py
[2023-12-27 17:18:07,774] {processor.py:161} INFO - Processing /opt/conda/lib/python3.8/site-packages/airflow/example_dags/plugins/workday.py took 0.131 seconds
[2023-12-27 17:19:31,783] {processor.py:153} INFO - Started process (PID=4984) to work on /opt/conda/lib/python3.8/site-packages/airflow/example_dags/plugins/workday.py
[2023-12-27 17:19:31,784] {processor.py:641} INFO - Processing file /opt/conda/lib/python3.8/site-packages/airflow/example_dags/plugins/workday.py for tasks to queue
[2023-12-27 17:19:31,784] {logging_mixin.py:115} INFO - [2023-12-27 17:19:31,784] {dagbag.py:508} INFO - Filling up the DagBag from /opt/conda/lib/python3.8/site-packages/airflow/example_dags/plugins/workday.py
[2023-12-27 17:19:31,786] {processor.py:653} WARNING - No viable dags retrieved from /opt/conda/lib/python3.8/site-packages/airflow/example_dags/plugins/workday.py
[2023-12-27 17:19:31,918] {processor.py:161} INFO - Processing /opt/conda/lib/python3.8/site-packages/airflow/example_dags/plugins/workday.py took 0.138 seconds
[2023-12-27 17:20:41,888] {processor.py:153} INFO - Started process (PID=5112) to work on /opt/conda/lib/python3.8/site-packages/airflow/example_dags/plugins/workday.py
[2023-12-27 17:20:41,889] {processor.py:641} INFO - Processing file /opt/conda/lib/python3.8/site-packages/airflow/example_dags/plugins/workday.py for tasks to queue
[2023-12-27 17:20:41,889] {logging_mixin.py:115} INFO - [2023-12-27 17:20:41,889] {dagbag.py:508} INFO - Filling up the DagBag from /opt/conda/lib/python3.8/site-packages/airflow/example_dags/plugins/workday.py
[2023-12-27 17:20:41,891] {processor.py:653} WARNING - No viable dags retrieved from /opt/conda/lib/python3.8/site-packages/airflow/example_dags/plugins/workday.py
[2023-12-27 17:20:41,919] {processor.py:161} INFO - Processing /opt/conda/lib/python3.8/site-packages/airflow/example_dags/plugins/workday.py took 0.034 seconds
[2023-12-27 17:21:49,398] {processor.py:153} INFO - Started process (PID=5249) to work on /opt/conda/lib/python3.8/site-packages/airflow/example_dags/plugins/workday.py
[2023-12-27 17:21:49,398] {processor.py:641} INFO - Processing file /opt/conda/lib/python3.8/site-packages/airflow/example_dags/plugins/workday.py for tasks to queue
[2023-12-27 17:21:49,399] {logging_mixin.py:115} INFO - [2023-12-27 17:21:49,399] {dagbag.py:508} INFO - Filling up the DagBag from /opt/conda/lib/python3.8/site-packages/airflow/example_dags/plugins/workday.py
[2023-12-27 17:21:49,401] {processor.py:653} WARNING - No viable dags retrieved from /opt/conda/lib/python3.8/site-packages/airflow/example_dags/plugins/workday.py
[2023-12-27 17:21:49,427] {processor.py:161} INFO - Processing /opt/conda/lib/python3.8/site-packages/airflow/example_dags/plugins/workday.py took 0.032 seconds
