[2023-12-27 17:16:06,370] {taskinstance.py:1179} INFO - Dependencies all met for <TaskInstance: Lead_Scoring_Data_Engineering_Pipeline.mapping_categorical_vars manual__2023-12-27T17:15:45.041885+00:00 [queued]>
[2023-12-27 17:16:06,389] {taskinstance.py:1179} INFO - Dependencies all met for <TaskInstance: Lead_Scoring_Data_Engineering_Pipeline.mapping_categorical_vars manual__2023-12-27T17:15:45.041885+00:00 [queued]>
[2023-12-27 17:16:06,389] {taskinstance.py:1376} INFO - 
--------------------------------------------------------------------------------
[2023-12-27 17:16:06,389] {taskinstance.py:1377} INFO - Starting attempt 1 of 2
[2023-12-27 17:16:06,389] {taskinstance.py:1378} INFO - 
--------------------------------------------------------------------------------
[2023-12-27 17:16:06,421] {taskinstance.py:1397} INFO - Executing <Task(PythonOperator): mapping_categorical_vars> on 2023-12-27 17:15:45.041885+00:00
[2023-12-27 17:16:06,424] {standard_task_runner.py:52} INFO - Started process 4509 to run task
[2023-12-27 17:16:06,427] {standard_task_runner.py:79} INFO - Running: ['airflow', 'tasks', 'run', 'Lead_Scoring_Data_Engineering_Pipeline', 'mapping_categorical_vars', 'manual__2023-12-27T17:15:45.041885+00:00', '--job-id', '39', '--raw', '--subdir', 'DAGS_FOLDER/Lead_scoring_data_pipeline/.ipynb_checkpoints/lead_scoring_data_pipeline-checkpoint.py', '--cfg-path', '/tmp/tmp78be564q', '--error-file', '/tmp/tmpoyl0bj9n']
[2023-12-27 17:16:06,427] {standard_task_runner.py:80} INFO - Job 39: Subtask mapping_categorical_vars
[2023-12-27 17:16:06,526] {task_command.py:371} INFO - Running <TaskInstance: Lead_Scoring_Data_Engineering_Pipeline.mapping_categorical_vars manual__2023-12-27T17:15:45.041885+00:00 [running]> on host 94ab74f1de1f
[2023-12-27 17:16:06,646] {taskinstance.py:1589} INFO - Exporting the following env vars:
AIRFLOW_CTX_DAG_OWNER=airflow
AIRFLOW_CTX_DAG_ID=Lead_Scoring_Data_Engineering_Pipeline
AIRFLOW_CTX_TASK_ID=mapping_categorical_vars
AIRFLOW_CTX_EXECUTION_DATE=2023-12-27T17:15:45.041885+00:00
AIRFLOW_CTX_TRY_NUMBER=1
AIRFLOW_CTX_DAG_RUN_ID=manual__2023-12-27T17:15:45.041885+00:00
[2023-12-27 17:16:06,986] {logging_mixin.py:115} WARNING - /home/airflow/dags/Lead_scoring_data_pipeline/utils.py:207 SettingWithCopyWarning: 
A value is trying to be set on a copy of a slice from a DataFrame.
Try using .loc[row_indexer,col_indexer] = value instead

See the caveats in the documentation: https://pandas.pydata.org/pandas-docs/stable/user_guide/indexing.html#returning-a-view-versus-a-copy
[2023-12-27 17:16:07,029] {logging_mixin.py:115} WARNING - /home/airflow/dags/Lead_scoring_data_pipeline/utils.py:217 SettingWithCopyWarning: 
A value is trying to be set on a copy of a slice from a DataFrame.
Try using .loc[row_indexer,col_indexer] = value instead

See the caveats in the documentation: https://pandas.pydata.org/pandas-docs/stable/user_guide/indexing.html#returning-a-view-versus-a-copy
[2023-12-27 17:16:07,065] {logging_mixin.py:115} WARNING - /home/airflow/dags/Lead_scoring_data_pipeline/utils.py:227 SettingWithCopyWarning: 
A value is trying to be set on a copy of a slice from a DataFrame.
Try using .loc[row_indexer,col_indexer] = value instead

See the caveats in the documentation: https://pandas.pydata.org/pandas-docs/stable/user_guide/indexing.html#returning-a-view-versus-a-copy
[2023-12-27 17:16:10,237] {logging_mixin.py:115} INFO - Mapped categorical values
[2023-12-27 17:16:10,246] {python.py:173} INFO - Done. Returned value was: None
[2023-12-27 17:16:10,265] {taskinstance.py:1415} INFO - Marking task as SUCCESS. dag_id=Lead_Scoring_Data_Engineering_Pipeline, task_id=mapping_categorical_vars, execution_date=20231227T171545, start_date=20231227T171606, end_date=20231227T171610
[2023-12-27 17:16:10,334] {local_task_job.py:156} INFO - Task exited with return code 0
[2023-12-27 17:16:10,431] {local_task_job.py:273} INFO - 1 downstream tasks scheduled from follow-on schedule check
