[2023-12-27 07:12:58,191] {processor.py:153} INFO - Started process (PID=1371) to work on /opt/conda/lib/python3.8/site-packages/airflow/example_dags/example_external_task_marker_dag.py
[2023-12-27 07:12:58,192] {processor.py:641} INFO - Processing file /opt/conda/lib/python3.8/site-packages/airflow/example_dags/example_external_task_marker_dag.py for tasks to queue
[2023-12-27 07:12:58,192] {logging_mixin.py:115} INFO - [2023-12-27 07:12:58,192] {dagbag.py:508} INFO - Filling up the DagBag from /opt/conda/lib/python3.8/site-packages/airflow/example_dags/example_external_task_marker_dag.py
[2023-12-27 07:12:58,196] {processor.py:651} INFO - DAG(s) dict_keys(['example_external_task_marker_parent', 'example_external_task_marker_child']) retrieved from /opt/conda/lib/python3.8/site-packages/airflow/example_dags/example_external_task_marker_dag.py
[2023-12-27 07:12:58,344] {logging_mixin.py:115} INFO - [2023-12-27 07:12:58,344] {dag.py:2420} INFO - Sync 2 DAGs
[2023-12-27 07:12:58,365] {logging_mixin.py:115} INFO - [2023-12-27 07:12:58,365] {dag.py:2968} INFO - Setting next_dagrun for example_external_task_marker_child to None, run_after=None
[2023-12-27 07:12:58,365] {logging_mixin.py:115} INFO - [2023-12-27 07:12:58,365] {dag.py:2968} INFO - Setting next_dagrun for example_external_task_marker_parent to None, run_after=None
[2023-12-27 07:12:58,405] {processor.py:161} INFO - Processing /opt/conda/lib/python3.8/site-packages/airflow/example_dags/example_external_task_marker_dag.py took 0.217 seconds
[2023-12-27 15:35:55,511] {processor.py:153} INFO - Started process (PID=1081) to work on /opt/conda/lib/python3.8/site-packages/airflow/example_dags/example_external_task_marker_dag.py
[2023-12-27 15:35:55,512] {processor.py:641} INFO - Processing file /opt/conda/lib/python3.8/site-packages/airflow/example_dags/example_external_task_marker_dag.py for tasks to queue
[2023-12-27 15:35:55,512] {logging_mixin.py:115} INFO - [2023-12-27 15:35:55,512] {dagbag.py:508} INFO - Filling up the DagBag from /opt/conda/lib/python3.8/site-packages/airflow/example_dags/example_external_task_marker_dag.py
[2023-12-27 15:35:55,517] {processor.py:651} INFO - DAG(s) dict_keys(['example_external_task_marker_parent', 'example_external_task_marker_child']) retrieved from /opt/conda/lib/python3.8/site-packages/airflow/example_dags/example_external_task_marker_dag.py
[2023-12-27 15:35:55,674] {logging_mixin.py:115} INFO - [2023-12-27 15:35:55,674] {dag.py:2420} INFO - Sync 2 DAGs
[2023-12-27 15:35:55,697] {logging_mixin.py:115} INFO - [2023-12-27 15:35:55,697] {dag.py:2968} INFO - Setting next_dagrun for example_external_task_marker_child to None, run_after=None
[2023-12-27 15:35:55,697] {logging_mixin.py:115} INFO - [2023-12-27 15:35:55,697] {dag.py:2968} INFO - Setting next_dagrun for example_external_task_marker_parent to None, run_after=None
[2023-12-27 15:35:55,737] {processor.py:161} INFO - Processing /opt/conda/lib/python3.8/site-packages/airflow/example_dags/example_external_task_marker_dag.py took 0.230 seconds
[2023-12-27 15:36:53,468] {processor.py:153} INFO - Started process (PID=1155) to work on /opt/conda/lib/python3.8/site-packages/airflow/example_dags/example_external_task_marker_dag.py
[2023-12-27 15:36:53,469] {processor.py:641} INFO - Processing file /opt/conda/lib/python3.8/site-packages/airflow/example_dags/example_external_task_marker_dag.py for tasks to queue
[2023-12-27 15:36:53,469] {logging_mixin.py:115} INFO - [2023-12-27 15:36:53,469] {dagbag.py:508} INFO - Filling up the DagBag from /opt/conda/lib/python3.8/site-packages/airflow/example_dags/example_external_task_marker_dag.py
[2023-12-27 15:36:53,474] {processor.py:651} INFO - DAG(s) dict_keys(['example_external_task_marker_parent', 'example_external_task_marker_child']) retrieved from /opt/conda/lib/python3.8/site-packages/airflow/example_dags/example_external_task_marker_dag.py
[2023-12-27 15:36:53,634] {logging_mixin.py:115} INFO - [2023-12-27 15:36:53,634] {dag.py:2420} INFO - Sync 2 DAGs
[2023-12-27 15:36:53,657] {logging_mixin.py:115} INFO - [2023-12-27 15:36:53,657] {dag.py:2968} INFO - Setting next_dagrun for example_external_task_marker_child to None, run_after=None
[2023-12-27 15:36:53,658] {logging_mixin.py:115} INFO - [2023-12-27 15:36:53,658] {dag.py:2968} INFO - Setting next_dagrun for example_external_task_marker_parent to None, run_after=None
[2023-12-27 15:36:53,701] {processor.py:161} INFO - Processing /opt/conda/lib/python3.8/site-packages/airflow/example_dags/example_external_task_marker_dag.py took 0.236 seconds
[2023-12-27 15:37:50,365] {processor.py:153} INFO - Started process (PID=1291) to work on /opt/conda/lib/python3.8/site-packages/airflow/example_dags/example_external_task_marker_dag.py
[2023-12-27 15:37:50,365] {processor.py:641} INFO - Processing file /opt/conda/lib/python3.8/site-packages/airflow/example_dags/example_external_task_marker_dag.py for tasks to queue
[2023-12-27 15:37:50,366] {logging_mixin.py:115} INFO - [2023-12-27 15:37:50,365] {dagbag.py:508} INFO - Filling up the DagBag from /opt/conda/lib/python3.8/site-packages/airflow/example_dags/example_external_task_marker_dag.py
[2023-12-27 15:37:50,370] {processor.py:651} INFO - DAG(s) dict_keys(['example_external_task_marker_parent', 'example_external_task_marker_child']) retrieved from /opt/conda/lib/python3.8/site-packages/airflow/example_dags/example_external_task_marker_dag.py
[2023-12-27 15:37:50,528] {logging_mixin.py:115} INFO - [2023-12-27 15:37:50,528] {dag.py:2420} INFO - Sync 2 DAGs
[2023-12-27 15:37:50,549] {logging_mixin.py:115} INFO - [2023-12-27 15:37:50,549] {dag.py:2968} INFO - Setting next_dagrun for example_external_task_marker_child to None, run_after=None
[2023-12-27 15:37:50,550] {logging_mixin.py:115} INFO - [2023-12-27 15:37:50,550] {dag.py:2968} INFO - Setting next_dagrun for example_external_task_marker_parent to None, run_after=None
[2023-12-27 15:37:50,589] {processor.py:161} INFO - Processing /opt/conda/lib/python3.8/site-packages/airflow/example_dags/example_external_task_marker_dag.py took 0.228 seconds
[2023-12-27 15:38:47,176] {processor.py:153} INFO - Started process (PID=1364) to work on /opt/conda/lib/python3.8/site-packages/airflow/example_dags/example_external_task_marker_dag.py
[2023-12-27 15:38:47,177] {processor.py:641} INFO - Processing file /opt/conda/lib/python3.8/site-packages/airflow/example_dags/example_external_task_marker_dag.py for tasks to queue
[2023-12-27 15:38:47,177] {logging_mixin.py:115} INFO - [2023-12-27 15:38:47,177] {dagbag.py:508} INFO - Filling up the DagBag from /opt/conda/lib/python3.8/site-packages/airflow/example_dags/example_external_task_marker_dag.py
[2023-12-27 15:38:47,182] {processor.py:651} INFO - DAG(s) dict_keys(['example_external_task_marker_parent', 'example_external_task_marker_child']) retrieved from /opt/conda/lib/python3.8/site-packages/airflow/example_dags/example_external_task_marker_dag.py
[2023-12-27 15:38:47,336] {logging_mixin.py:115} INFO - [2023-12-27 15:38:47,336] {dag.py:2420} INFO - Sync 2 DAGs
[2023-12-27 15:38:47,358] {logging_mixin.py:115} INFO - [2023-12-27 15:38:47,358] {dag.py:2968} INFO - Setting next_dagrun for example_external_task_marker_child to None, run_after=None
[2023-12-27 15:38:47,358] {logging_mixin.py:115} INFO - [2023-12-27 15:38:47,358] {dag.py:2968} INFO - Setting next_dagrun for example_external_task_marker_parent to None, run_after=None
[2023-12-27 15:38:47,398] {processor.py:161} INFO - Processing /opt/conda/lib/python3.8/site-packages/airflow/example_dags/example_external_task_marker_dag.py took 0.225 seconds
[2023-12-27 15:39:44,203] {processor.py:153} INFO - Started process (PID=1465) to work on /opt/conda/lib/python3.8/site-packages/airflow/example_dags/example_external_task_marker_dag.py
[2023-12-27 15:39:44,204] {processor.py:641} INFO - Processing file /opt/conda/lib/python3.8/site-packages/airflow/example_dags/example_external_task_marker_dag.py for tasks to queue
[2023-12-27 15:39:44,204] {logging_mixin.py:115} INFO - [2023-12-27 15:39:44,204] {dagbag.py:508} INFO - Filling up the DagBag from /opt/conda/lib/python3.8/site-packages/airflow/example_dags/example_external_task_marker_dag.py
[2023-12-27 15:39:44,210] {processor.py:651} INFO - DAG(s) dict_keys(['example_external_task_marker_parent', 'example_external_task_marker_child']) retrieved from /opt/conda/lib/python3.8/site-packages/airflow/example_dags/example_external_task_marker_dag.py
[2023-12-27 15:39:44,404] {logging_mixin.py:115} INFO - [2023-12-27 15:39:44,403] {dag.py:2420} INFO - Sync 2 DAGs
[2023-12-27 15:39:44,429] {logging_mixin.py:115} INFO - [2023-12-27 15:39:44,429] {dag.py:2968} INFO - Setting next_dagrun for example_external_task_marker_child to None, run_after=None
[2023-12-27 15:39:44,429] {logging_mixin.py:115} INFO - [2023-12-27 15:39:44,429] {dag.py:2968} INFO - Setting next_dagrun for example_external_task_marker_parent to None, run_after=None
[2023-12-27 15:39:44,468] {processor.py:161} INFO - Processing /opt/conda/lib/python3.8/site-packages/airflow/example_dags/example_external_task_marker_dag.py took 0.269 seconds
[2023-12-27 15:41:23,620] {processor.py:153} INFO - Started process (PID=1705) to work on /opt/conda/lib/python3.8/site-packages/airflow/example_dags/example_external_task_marker_dag.py
[2023-12-27 15:41:23,620] {processor.py:641} INFO - Processing file /opt/conda/lib/python3.8/site-packages/airflow/example_dags/example_external_task_marker_dag.py for tasks to queue
[2023-12-27 15:41:23,620] {logging_mixin.py:115} INFO - [2023-12-27 15:41:23,620] {dagbag.py:508} INFO - Filling up the DagBag from /opt/conda/lib/python3.8/site-packages/airflow/example_dags/example_external_task_marker_dag.py
[2023-12-27 15:41:23,625] {processor.py:651} INFO - DAG(s) dict_keys(['example_external_task_marker_parent', 'example_external_task_marker_child']) retrieved from /opt/conda/lib/python3.8/site-packages/airflow/example_dags/example_external_task_marker_dag.py
[2023-12-27 15:41:23,684] {logging_mixin.py:115} INFO - [2023-12-27 15:41:23,684] {dag.py:2420} INFO - Sync 2 DAGs
[2023-12-27 15:41:23,712] {logging_mixin.py:115} INFO - [2023-12-27 15:41:23,712] {dag.py:2968} INFO - Setting next_dagrun for example_external_task_marker_child to None, run_after=None
[2023-12-27 15:41:23,712] {logging_mixin.py:115} INFO - [2023-12-27 15:41:23,712] {dag.py:2968} INFO - Setting next_dagrun for example_external_task_marker_parent to None, run_after=None
[2023-12-27 15:41:23,754] {processor.py:161} INFO - Processing /opt/conda/lib/python3.8/site-packages/airflow/example_dags/example_external_task_marker_dag.py took 0.138 seconds
[2023-12-27 15:42:15,277] {processor.py:153} INFO - Started process (PID=1779) to work on /opt/conda/lib/python3.8/site-packages/airflow/example_dags/example_external_task_marker_dag.py
[2023-12-27 15:42:15,277] {processor.py:641} INFO - Processing file /opt/conda/lib/python3.8/site-packages/airflow/example_dags/example_external_task_marker_dag.py for tasks to queue
[2023-12-27 15:42:15,278] {logging_mixin.py:115} INFO - [2023-12-27 15:42:15,278] {dagbag.py:508} INFO - Filling up the DagBag from /opt/conda/lib/python3.8/site-packages/airflow/example_dags/example_external_task_marker_dag.py
[2023-12-27 15:42:15,283] {processor.py:651} INFO - DAG(s) dict_keys(['example_external_task_marker_parent', 'example_external_task_marker_child']) retrieved from /opt/conda/lib/python3.8/site-packages/airflow/example_dags/example_external_task_marker_dag.py
[2023-12-27 15:42:15,348] {logging_mixin.py:115} INFO - [2023-12-27 15:42:15,348] {dag.py:2420} INFO - Sync 2 DAGs
[2023-12-27 15:42:15,377] {logging_mixin.py:115} INFO - [2023-12-27 15:42:15,377] {dag.py:2968} INFO - Setting next_dagrun for example_external_task_marker_child to None, run_after=None
[2023-12-27 15:42:15,378] {logging_mixin.py:115} INFO - [2023-12-27 15:42:15,378] {dag.py:2968} INFO - Setting next_dagrun for example_external_task_marker_parent to None, run_after=None
[2023-12-27 15:42:15,420] {processor.py:161} INFO - Processing /opt/conda/lib/python3.8/site-packages/airflow/example_dags/example_external_task_marker_dag.py took 0.146 seconds
[2023-12-27 15:43:06,120] {processor.py:153} INFO - Started process (PID=1851) to work on /opt/conda/lib/python3.8/site-packages/airflow/example_dags/example_external_task_marker_dag.py
[2023-12-27 15:43:06,121] {processor.py:641} INFO - Processing file /opt/conda/lib/python3.8/site-packages/airflow/example_dags/example_external_task_marker_dag.py for tasks to queue
[2023-12-27 15:43:06,121] {logging_mixin.py:115} INFO - [2023-12-27 15:43:06,121] {dagbag.py:508} INFO - Filling up the DagBag from /opt/conda/lib/python3.8/site-packages/airflow/example_dags/example_external_task_marker_dag.py
[2023-12-27 15:43:06,126] {processor.py:651} INFO - DAG(s) dict_keys(['example_external_task_marker_parent', 'example_external_task_marker_child']) retrieved from /opt/conda/lib/python3.8/site-packages/airflow/example_dags/example_external_task_marker_dag.py
[2023-12-27 15:43:06,184] {logging_mixin.py:115} INFO - [2023-12-27 15:43:06,184] {dag.py:2420} INFO - Sync 2 DAGs
[2023-12-27 15:43:06,212] {logging_mixin.py:115} INFO - [2023-12-27 15:43:06,212] {dag.py:2968} INFO - Setting next_dagrun for example_external_task_marker_child to None, run_after=None
[2023-12-27 15:43:06,212] {logging_mixin.py:115} INFO - [2023-12-27 15:43:06,212] {dag.py:2968} INFO - Setting next_dagrun for example_external_task_marker_parent to None, run_after=None
[2023-12-27 15:43:06,253] {processor.py:161} INFO - Processing /opt/conda/lib/python3.8/site-packages/airflow/example_dags/example_external_task_marker_dag.py took 0.136 seconds
[2023-12-27 15:43:56,419] {processor.py:153} INFO - Started process (PID=1921) to work on /opt/conda/lib/python3.8/site-packages/airflow/example_dags/example_external_task_marker_dag.py
[2023-12-27 15:43:56,419] {processor.py:641} INFO - Processing file /opt/conda/lib/python3.8/site-packages/airflow/example_dags/example_external_task_marker_dag.py for tasks to queue
[2023-12-27 15:43:56,420] {logging_mixin.py:115} INFO - [2023-12-27 15:43:56,420] {dagbag.py:508} INFO - Filling up the DagBag from /opt/conda/lib/python3.8/site-packages/airflow/example_dags/example_external_task_marker_dag.py
[2023-12-27 15:43:56,425] {processor.py:651} INFO - DAG(s) dict_keys(['example_external_task_marker_parent', 'example_external_task_marker_child']) retrieved from /opt/conda/lib/python3.8/site-packages/airflow/example_dags/example_external_task_marker_dag.py
[2023-12-27 15:43:56,493] {logging_mixin.py:115} INFO - [2023-12-27 15:43:56,493] {dag.py:2420} INFO - Sync 2 DAGs
[2023-12-27 15:43:56,528] {logging_mixin.py:115} INFO - [2023-12-27 15:43:56,528] {dag.py:2968} INFO - Setting next_dagrun for example_external_task_marker_child to None, run_after=None
[2023-12-27 15:43:56,529] {logging_mixin.py:115} INFO - [2023-12-27 15:43:56,529] {dag.py:2968} INFO - Setting next_dagrun for example_external_task_marker_parent to None, run_after=None
[2023-12-27 15:43:56,582] {processor.py:161} INFO - Processing /opt/conda/lib/python3.8/site-packages/airflow/example_dags/example_external_task_marker_dag.py took 0.167 seconds
[2023-12-27 15:44:44,841] {processor.py:153} INFO - Started process (PID=1991) to work on /opt/conda/lib/python3.8/site-packages/airflow/example_dags/example_external_task_marker_dag.py
[2023-12-27 15:44:44,841] {processor.py:641} INFO - Processing file /opt/conda/lib/python3.8/site-packages/airflow/example_dags/example_external_task_marker_dag.py for tasks to queue
[2023-12-27 15:44:44,842] {logging_mixin.py:115} INFO - [2023-12-27 15:44:44,842] {dagbag.py:508} INFO - Filling up the DagBag from /opt/conda/lib/python3.8/site-packages/airflow/example_dags/example_external_task_marker_dag.py
[2023-12-27 15:44:44,847] {processor.py:651} INFO - DAG(s) dict_keys(['example_external_task_marker_parent', 'example_external_task_marker_child']) retrieved from /opt/conda/lib/python3.8/site-packages/airflow/example_dags/example_external_task_marker_dag.py
[2023-12-27 15:44:44,906] {logging_mixin.py:115} INFO - [2023-12-27 15:44:44,906] {dag.py:2420} INFO - Sync 2 DAGs
[2023-12-27 15:44:44,936] {logging_mixin.py:115} INFO - [2023-12-27 15:44:44,936] {dag.py:2968} INFO - Setting next_dagrun for example_external_task_marker_child to None, run_after=None
[2023-12-27 15:44:44,936] {logging_mixin.py:115} INFO - [2023-12-27 15:44:44,936] {dag.py:2968} INFO - Setting next_dagrun for example_external_task_marker_parent to None, run_after=None
[2023-12-27 15:44:44,980] {processor.py:161} INFO - Processing /opt/conda/lib/python3.8/site-packages/airflow/example_dags/example_external_task_marker_dag.py took 0.142 seconds
[2023-12-27 15:45:32,492] {processor.py:153} INFO - Started process (PID=2060) to work on /opt/conda/lib/python3.8/site-packages/airflow/example_dags/example_external_task_marker_dag.py
[2023-12-27 15:45:32,492] {processor.py:641} INFO - Processing file /opt/conda/lib/python3.8/site-packages/airflow/example_dags/example_external_task_marker_dag.py for tasks to queue
[2023-12-27 15:45:32,493] {logging_mixin.py:115} INFO - [2023-12-27 15:45:32,492] {dagbag.py:508} INFO - Filling up the DagBag from /opt/conda/lib/python3.8/site-packages/airflow/example_dags/example_external_task_marker_dag.py
[2023-12-27 15:45:32,497] {processor.py:651} INFO - DAG(s) dict_keys(['example_external_task_marker_parent', 'example_external_task_marker_child']) retrieved from /opt/conda/lib/python3.8/site-packages/airflow/example_dags/example_external_task_marker_dag.py
[2023-12-27 15:45:32,555] {logging_mixin.py:115} INFO - [2023-12-27 15:45:32,555] {dag.py:2420} INFO - Sync 2 DAGs
[2023-12-27 15:45:32,584] {logging_mixin.py:115} INFO - [2023-12-27 15:45:32,584] {dag.py:2968} INFO - Setting next_dagrun for example_external_task_marker_child to None, run_after=None
[2023-12-27 15:45:32,584] {logging_mixin.py:115} INFO - [2023-12-27 15:45:32,584] {dag.py:2968} INFO - Setting next_dagrun for example_external_task_marker_parent to None, run_after=None
[2023-12-27 15:45:32,627] {processor.py:161} INFO - Processing /opt/conda/lib/python3.8/site-packages/airflow/example_dags/example_external_task_marker_dag.py took 0.138 seconds
[2023-12-27 15:46:20,463] {processor.py:153} INFO - Started process (PID=2130) to work on /opt/conda/lib/python3.8/site-packages/airflow/example_dags/example_external_task_marker_dag.py
[2023-12-27 15:46:20,464] {processor.py:641} INFO - Processing file /opt/conda/lib/python3.8/site-packages/airflow/example_dags/example_external_task_marker_dag.py for tasks to queue
[2023-12-27 15:46:20,464] {logging_mixin.py:115} INFO - [2023-12-27 15:46:20,464] {dagbag.py:508} INFO - Filling up the DagBag from /opt/conda/lib/python3.8/site-packages/airflow/example_dags/example_external_task_marker_dag.py
[2023-12-27 15:46:20,469] {processor.py:651} INFO - DAG(s) dict_keys(['example_external_task_marker_parent', 'example_external_task_marker_child']) retrieved from /opt/conda/lib/python3.8/site-packages/airflow/example_dags/example_external_task_marker_dag.py
[2023-12-27 15:46:20,527] {logging_mixin.py:115} INFO - [2023-12-27 15:46:20,527] {dag.py:2420} INFO - Sync 2 DAGs
[2023-12-27 15:46:20,555] {logging_mixin.py:115} INFO - [2023-12-27 15:46:20,555] {dag.py:2968} INFO - Setting next_dagrun for example_external_task_marker_child to None, run_after=None
[2023-12-27 15:46:20,555] {logging_mixin.py:115} INFO - [2023-12-27 15:46:20,555] {dag.py:2968} INFO - Setting next_dagrun for example_external_task_marker_parent to None, run_after=None
[2023-12-27 15:46:20,598] {processor.py:161} INFO - Processing /opt/conda/lib/python3.8/site-packages/airflow/example_dags/example_external_task_marker_dag.py took 0.138 seconds
[2023-12-27 15:47:07,139] {processor.py:153} INFO - Started process (PID=2199) to work on /opt/conda/lib/python3.8/site-packages/airflow/example_dags/example_external_task_marker_dag.py
[2023-12-27 15:47:07,140] {processor.py:641} INFO - Processing file /opt/conda/lib/python3.8/site-packages/airflow/example_dags/example_external_task_marker_dag.py for tasks to queue
[2023-12-27 15:47:07,140] {logging_mixin.py:115} INFO - [2023-12-27 15:47:07,140] {dagbag.py:508} INFO - Filling up the DagBag from /opt/conda/lib/python3.8/site-packages/airflow/example_dags/example_external_task_marker_dag.py
[2023-12-27 15:47:07,144] {processor.py:651} INFO - DAG(s) dict_keys(['example_external_task_marker_parent', 'example_external_task_marker_child']) retrieved from /opt/conda/lib/python3.8/site-packages/airflow/example_dags/example_external_task_marker_dag.py
[2023-12-27 15:47:07,202] {logging_mixin.py:115} INFO - [2023-12-27 15:47:07,202] {dag.py:2420} INFO - Sync 2 DAGs
[2023-12-27 15:47:07,230] {logging_mixin.py:115} INFO - [2023-12-27 15:47:07,230] {dag.py:2968} INFO - Setting next_dagrun for example_external_task_marker_child to None, run_after=None
[2023-12-27 15:47:07,230] {logging_mixin.py:115} INFO - [2023-12-27 15:47:07,230] {dag.py:2968} INFO - Setting next_dagrun for example_external_task_marker_parent to None, run_after=None
[2023-12-27 15:47:07,273] {processor.py:161} INFO - Processing /opt/conda/lib/python3.8/site-packages/airflow/example_dags/example_external_task_marker_dag.py took 0.138 seconds
[2023-12-27 15:47:54,934] {processor.py:153} INFO - Started process (PID=2268) to work on /opt/conda/lib/python3.8/site-packages/airflow/example_dags/example_external_task_marker_dag.py
[2023-12-27 15:47:54,934] {processor.py:641} INFO - Processing file /opt/conda/lib/python3.8/site-packages/airflow/example_dags/example_external_task_marker_dag.py for tasks to queue
[2023-12-27 15:47:54,935] {logging_mixin.py:115} INFO - [2023-12-27 15:47:54,934] {dagbag.py:508} INFO - Filling up the DagBag from /opt/conda/lib/python3.8/site-packages/airflow/example_dags/example_external_task_marker_dag.py
[2023-12-27 15:47:54,939] {processor.py:651} INFO - DAG(s) dict_keys(['example_external_task_marker_parent', 'example_external_task_marker_child']) retrieved from /opt/conda/lib/python3.8/site-packages/airflow/example_dags/example_external_task_marker_dag.py
[2023-12-27 15:47:54,995] {logging_mixin.py:115} INFO - [2023-12-27 15:47:54,995] {dag.py:2420} INFO - Sync 2 DAGs
[2023-12-27 15:47:55,022] {logging_mixin.py:115} INFO - [2023-12-27 15:47:55,022] {dag.py:2968} INFO - Setting next_dagrun for example_external_task_marker_child to None, run_after=None
[2023-12-27 15:47:55,022] {logging_mixin.py:115} INFO - [2023-12-27 15:47:55,022] {dag.py:2968} INFO - Setting next_dagrun for example_external_task_marker_parent to None, run_after=None
[2023-12-27 15:47:55,067] {processor.py:161} INFO - Processing /opt/conda/lib/python3.8/site-packages/airflow/example_dags/example_external_task_marker_dag.py took 0.137 seconds
[2023-12-27 15:48:41,500] {processor.py:153} INFO - Started process (PID=2337) to work on /opt/conda/lib/python3.8/site-packages/airflow/example_dags/example_external_task_marker_dag.py
[2023-12-27 15:48:41,501] {processor.py:641} INFO - Processing file /opt/conda/lib/python3.8/site-packages/airflow/example_dags/example_external_task_marker_dag.py for tasks to queue
[2023-12-27 15:48:41,501] {logging_mixin.py:115} INFO - [2023-12-27 15:48:41,501] {dagbag.py:508} INFO - Filling up the DagBag from /opt/conda/lib/python3.8/site-packages/airflow/example_dags/example_external_task_marker_dag.py
[2023-12-27 15:48:41,506] {processor.py:651} INFO - DAG(s) dict_keys(['example_external_task_marker_parent', 'example_external_task_marker_child']) retrieved from /opt/conda/lib/python3.8/site-packages/airflow/example_dags/example_external_task_marker_dag.py
[2023-12-27 15:48:41,565] {logging_mixin.py:115} INFO - [2023-12-27 15:48:41,565] {dag.py:2420} INFO - Sync 2 DAGs
[2023-12-27 15:48:41,593] {logging_mixin.py:115} INFO - [2023-12-27 15:48:41,593] {dag.py:2968} INFO - Setting next_dagrun for example_external_task_marker_child to None, run_after=None
[2023-12-27 15:48:41,593] {logging_mixin.py:115} INFO - [2023-12-27 15:48:41,593] {dag.py:2968} INFO - Setting next_dagrun for example_external_task_marker_parent to None, run_after=None
[2023-12-27 15:48:41,637] {processor.py:161} INFO - Processing /opt/conda/lib/python3.8/site-packages/airflow/example_dags/example_external_task_marker_dag.py took 0.140 seconds
[2023-12-27 17:01:38,547] {processor.py:153} INFO - Started process (PID=2943) to work on /opt/conda/lib/python3.8/site-packages/airflow/example_dags/example_external_task_marker_dag.py
[2023-12-27 17:01:38,547] {processor.py:641} INFO - Processing file /opt/conda/lib/python3.8/site-packages/airflow/example_dags/example_external_task_marker_dag.py for tasks to queue
[2023-12-27 17:01:38,548] {logging_mixin.py:115} INFO - [2023-12-27 17:01:38,548] {dagbag.py:508} INFO - Filling up the DagBag from /opt/conda/lib/python3.8/site-packages/airflow/example_dags/example_external_task_marker_dag.py
[2023-12-27 17:01:38,660] {processor.py:651} INFO - DAG(s) dict_keys(['example_external_task_marker_parent', 'example_external_task_marker_child']) retrieved from /opt/conda/lib/python3.8/site-packages/airflow/example_dags/example_external_task_marker_dag.py
[2023-12-27 17:01:38,703] {logging_mixin.py:115} INFO - [2023-12-27 17:01:38,703] {dag.py:2420} INFO - Sync 2 DAGs
[2023-12-27 17:01:38,724] {logging_mixin.py:115} INFO - [2023-12-27 17:01:38,724] {dag.py:2968} INFO - Setting next_dagrun for example_external_task_marker_child to None, run_after=None
[2023-12-27 17:01:38,725] {logging_mixin.py:115} INFO - [2023-12-27 17:01:38,725] {dag.py:2968} INFO - Setting next_dagrun for example_external_task_marker_parent to None, run_after=None
[2023-12-27 17:01:38,766] {processor.py:161} INFO - Processing /opt/conda/lib/python3.8/site-packages/airflow/example_dags/example_external_task_marker_dag.py took 0.222 seconds
[2023-12-27 17:03:02,859] {processor.py:153} INFO - Started process (PID=3123) to work on /opt/conda/lib/python3.8/site-packages/airflow/example_dags/example_external_task_marker_dag.py
[2023-12-27 17:03:02,859] {processor.py:641} INFO - Processing file /opt/conda/lib/python3.8/site-packages/airflow/example_dags/example_external_task_marker_dag.py for tasks to queue
[2023-12-27 17:03:02,860] {logging_mixin.py:115} INFO - [2023-12-27 17:03:02,859] {dagbag.py:508} INFO - Filling up the DagBag from /opt/conda/lib/python3.8/site-packages/airflow/example_dags/example_external_task_marker_dag.py
[2023-12-27 17:03:02,994] {processor.py:651} INFO - DAG(s) dict_keys(['example_external_task_marker_parent', 'example_external_task_marker_child']) retrieved from /opt/conda/lib/python3.8/site-packages/airflow/example_dags/example_external_task_marker_dag.py
[2023-12-27 17:03:03,039] {logging_mixin.py:115} INFO - [2023-12-27 17:03:03,039] {dag.py:2420} INFO - Sync 2 DAGs
[2023-12-27 17:03:03,063] {logging_mixin.py:115} INFO - [2023-12-27 17:03:03,062] {dag.py:2968} INFO - Setting next_dagrun for example_external_task_marker_child to None, run_after=None
[2023-12-27 17:03:03,063] {logging_mixin.py:115} INFO - [2023-12-27 17:03:03,063] {dag.py:2968} INFO - Setting next_dagrun for example_external_task_marker_parent to None, run_after=None
[2023-12-27 17:03:03,103] {processor.py:161} INFO - Processing /opt/conda/lib/python3.8/site-packages/airflow/example_dags/example_external_task_marker_dag.py took 0.247 seconds
[2023-12-27 17:05:05,964] {processor.py:153} INFO - Started process (PID=3401) to work on /opt/conda/lib/python3.8/site-packages/airflow/example_dags/example_external_task_marker_dag.py
[2023-12-27 17:05:05,965] {processor.py:641} INFO - Processing file /opt/conda/lib/python3.8/site-packages/airflow/example_dags/example_external_task_marker_dag.py for tasks to queue
[2023-12-27 17:05:05,965] {logging_mixin.py:115} INFO - [2023-12-27 17:05:05,965] {dagbag.py:508} INFO - Filling up the DagBag from /opt/conda/lib/python3.8/site-packages/airflow/example_dags/example_external_task_marker_dag.py
[2023-12-27 17:05:06,078] {processor.py:651} INFO - DAG(s) dict_keys(['example_external_task_marker_parent', 'example_external_task_marker_child']) retrieved from /opt/conda/lib/python3.8/site-packages/airflow/example_dags/example_external_task_marker_dag.py
[2023-12-27 17:05:06,120] {logging_mixin.py:115} INFO - [2023-12-27 17:05:06,120] {dag.py:2420} INFO - Sync 2 DAGs
[2023-12-27 17:05:06,146] {logging_mixin.py:115} INFO - [2023-12-27 17:05:06,145] {dag.py:2968} INFO - Setting next_dagrun for example_external_task_marker_child to None, run_after=None
[2023-12-27 17:05:06,146] {logging_mixin.py:115} INFO - [2023-12-27 17:05:06,146] {dag.py:2968} INFO - Setting next_dagrun for example_external_task_marker_parent to None, run_after=None
[2023-12-27 17:05:06,187] {processor.py:161} INFO - Processing /opt/conda/lib/python3.8/site-packages/airflow/example_dags/example_external_task_marker_dag.py took 0.226 seconds
[2023-12-27 17:06:19,616] {processor.py:153} INFO - Started process (PID=3542) to work on /opt/conda/lib/python3.8/site-packages/airflow/example_dags/example_external_task_marker_dag.py
[2023-12-27 17:06:19,617] {processor.py:641} INFO - Processing file /opt/conda/lib/python3.8/site-packages/airflow/example_dags/example_external_task_marker_dag.py for tasks to queue
[2023-12-27 17:06:19,617] {logging_mixin.py:115} INFO - [2023-12-27 17:06:19,617] {dagbag.py:508} INFO - Filling up the DagBag from /opt/conda/lib/python3.8/site-packages/airflow/example_dags/example_external_task_marker_dag.py
[2023-12-27 17:06:19,622] {processor.py:651} INFO - DAG(s) dict_keys(['example_external_task_marker_parent', 'example_external_task_marker_child']) retrieved from /opt/conda/lib/python3.8/site-packages/airflow/example_dags/example_external_task_marker_dag.py
[2023-12-27 17:06:19,677] {logging_mixin.py:115} INFO - [2023-12-27 17:06:19,677] {dag.py:2420} INFO - Sync 2 DAGs
[2023-12-27 17:06:19,704] {logging_mixin.py:115} INFO - [2023-12-27 17:06:19,704] {dag.py:2968} INFO - Setting next_dagrun for example_external_task_marker_child to None, run_after=None
[2023-12-27 17:06:19,705] {logging_mixin.py:115} INFO - [2023-12-27 17:06:19,705] {dag.py:2968} INFO - Setting next_dagrun for example_external_task_marker_parent to None, run_after=None
[2023-12-27 17:06:19,747] {processor.py:161} INFO - Processing /opt/conda/lib/python3.8/site-packages/airflow/example_dags/example_external_task_marker_dag.py took 0.133 seconds
[2023-12-27 17:07:24,383] {processor.py:153} INFO - Started process (PID=3663) to work on /opt/conda/lib/python3.8/site-packages/airflow/example_dags/example_external_task_marker_dag.py
[2023-12-27 17:07:24,383] {processor.py:641} INFO - Processing file /opt/conda/lib/python3.8/site-packages/airflow/example_dags/example_external_task_marker_dag.py for tasks to queue
[2023-12-27 17:07:24,384] {logging_mixin.py:115} INFO - [2023-12-27 17:07:24,384] {dagbag.py:508} INFO - Filling up the DagBag from /opt/conda/lib/python3.8/site-packages/airflow/example_dags/example_external_task_marker_dag.py
[2023-12-27 17:07:24,388] {processor.py:651} INFO - DAG(s) dict_keys(['example_external_task_marker_parent', 'example_external_task_marker_child']) retrieved from /opt/conda/lib/python3.8/site-packages/airflow/example_dags/example_external_task_marker_dag.py
[2023-12-27 17:07:24,445] {logging_mixin.py:115} INFO - [2023-12-27 17:07:24,445] {dag.py:2420} INFO - Sync 2 DAGs
[2023-12-27 17:07:24,473] {logging_mixin.py:115} INFO - [2023-12-27 17:07:24,473] {dag.py:2968} INFO - Setting next_dagrun for example_external_task_marker_child to None, run_after=None
[2023-12-27 17:07:24,474] {logging_mixin.py:115} INFO - [2023-12-27 17:07:24,473] {dag.py:2968} INFO - Setting next_dagrun for example_external_task_marker_parent to None, run_after=None
[2023-12-27 17:07:24,517] {processor.py:161} INFO - Processing /opt/conda/lib/python3.8/site-packages/airflow/example_dags/example_external_task_marker_dag.py took 0.137 seconds
[2023-12-27 17:08:29,399] {processor.py:153} INFO - Started process (PID=3784) to work on /opt/conda/lib/python3.8/site-packages/airflow/example_dags/example_external_task_marker_dag.py
[2023-12-27 17:08:29,399] {processor.py:641} INFO - Processing file /opt/conda/lib/python3.8/site-packages/airflow/example_dags/example_external_task_marker_dag.py for tasks to queue
[2023-12-27 17:08:29,400] {logging_mixin.py:115} INFO - [2023-12-27 17:08:29,400] {dagbag.py:508} INFO - Filling up the DagBag from /opt/conda/lib/python3.8/site-packages/airflow/example_dags/example_external_task_marker_dag.py
[2023-12-27 17:08:29,404] {processor.py:651} INFO - DAG(s) dict_keys(['example_external_task_marker_parent', 'example_external_task_marker_child']) retrieved from /opt/conda/lib/python3.8/site-packages/airflow/example_dags/example_external_task_marker_dag.py
[2023-12-27 17:08:29,461] {logging_mixin.py:115} INFO - [2023-12-27 17:08:29,461] {dag.py:2420} INFO - Sync 2 DAGs
[2023-12-27 17:08:29,490] {logging_mixin.py:115} INFO - [2023-12-27 17:08:29,490] {dag.py:2968} INFO - Setting next_dagrun for example_external_task_marker_child to None, run_after=None
[2023-12-27 17:08:29,490] {logging_mixin.py:115} INFO - [2023-12-27 17:08:29,490] {dag.py:2968} INFO - Setting next_dagrun for example_external_task_marker_parent to None, run_after=None
[2023-12-27 17:08:29,530] {processor.py:161} INFO - Processing /opt/conda/lib/python3.8/site-packages/airflow/example_dags/example_external_task_marker_dag.py took 0.134 seconds
[2023-12-27 17:09:35,772] {processor.py:153} INFO - Started process (PID=3911) to work on /opt/conda/lib/python3.8/site-packages/airflow/example_dags/example_external_task_marker_dag.py
[2023-12-27 17:09:35,772] {processor.py:641} INFO - Processing file /opt/conda/lib/python3.8/site-packages/airflow/example_dags/example_external_task_marker_dag.py for tasks to queue
[2023-12-27 17:09:35,773] {logging_mixin.py:115} INFO - [2023-12-27 17:09:35,773] {dagbag.py:508} INFO - Filling up the DagBag from /opt/conda/lib/python3.8/site-packages/airflow/example_dags/example_external_task_marker_dag.py
[2023-12-27 17:09:35,777] {processor.py:651} INFO - DAG(s) dict_keys(['example_external_task_marker_parent', 'example_external_task_marker_child']) retrieved from /opt/conda/lib/python3.8/site-packages/airflow/example_dags/example_external_task_marker_dag.py
[2023-12-27 17:09:35,832] {logging_mixin.py:115} INFO - [2023-12-27 17:09:35,832] {dag.py:2420} INFO - Sync 2 DAGs
[2023-12-27 17:09:35,860] {logging_mixin.py:115} INFO - [2023-12-27 17:09:35,860] {dag.py:2968} INFO - Setting next_dagrun for example_external_task_marker_child to None, run_after=None
[2023-12-27 17:09:35,860] {logging_mixin.py:115} INFO - [2023-12-27 17:09:35,860] {dag.py:2968} INFO - Setting next_dagrun for example_external_task_marker_parent to None, run_after=None
[2023-12-27 17:09:35,905] {processor.py:161} INFO - Processing /opt/conda/lib/python3.8/site-packages/airflow/example_dags/example_external_task_marker_dag.py took 0.136 seconds
[2023-12-27 17:10:37,425] {processor.py:153} INFO - Started process (PID=4024) to work on /opt/conda/lib/python3.8/site-packages/airflow/example_dags/example_external_task_marker_dag.py
[2023-12-27 17:10:37,425] {processor.py:641} INFO - Processing file /opt/conda/lib/python3.8/site-packages/airflow/example_dags/example_external_task_marker_dag.py for tasks to queue
[2023-12-27 17:10:37,426] {logging_mixin.py:115} INFO - [2023-12-27 17:10:37,426] {dagbag.py:508} INFO - Filling up the DagBag from /opt/conda/lib/python3.8/site-packages/airflow/example_dags/example_external_task_marker_dag.py
[2023-12-27 17:10:37,431] {processor.py:651} INFO - DAG(s) dict_keys(['example_external_task_marker_parent', 'example_external_task_marker_child']) retrieved from /opt/conda/lib/python3.8/site-packages/airflow/example_dags/example_external_task_marker_dag.py
[2023-12-27 17:10:37,487] {logging_mixin.py:115} INFO - [2023-12-27 17:10:37,487] {dag.py:2420} INFO - Sync 2 DAGs
[2023-12-27 17:10:37,515] {logging_mixin.py:115} INFO - [2023-12-27 17:10:37,515] {dag.py:2968} INFO - Setting next_dagrun for example_external_task_marker_child to None, run_after=None
[2023-12-27 17:10:37,515] {logging_mixin.py:115} INFO - [2023-12-27 17:10:37,515] {dag.py:2968} INFO - Setting next_dagrun for example_external_task_marker_parent to None, run_after=None
[2023-12-27 17:10:37,555] {processor.py:161} INFO - Processing /opt/conda/lib/python3.8/site-packages/airflow/example_dags/example_external_task_marker_dag.py took 0.134 seconds
[2023-12-27 17:11:42,283] {processor.py:153} INFO - Started process (PID=4137) to work on /opt/conda/lib/python3.8/site-packages/airflow/example_dags/example_external_task_marker_dag.py
[2023-12-27 17:11:42,283] {processor.py:641} INFO - Processing file /opt/conda/lib/python3.8/site-packages/airflow/example_dags/example_external_task_marker_dag.py for tasks to queue
[2023-12-27 17:11:42,284] {logging_mixin.py:115} INFO - [2023-12-27 17:11:42,284] {dagbag.py:508} INFO - Filling up the DagBag from /opt/conda/lib/python3.8/site-packages/airflow/example_dags/example_external_task_marker_dag.py
[2023-12-27 17:11:42,289] {processor.py:651} INFO - DAG(s) dict_keys(['example_external_task_marker_parent', 'example_external_task_marker_child']) retrieved from /opt/conda/lib/python3.8/site-packages/airflow/example_dags/example_external_task_marker_dag.py
[2023-12-27 17:11:42,343] {logging_mixin.py:115} INFO - [2023-12-27 17:11:42,343] {dag.py:2420} INFO - Sync 2 DAGs
[2023-12-27 17:11:42,371] {logging_mixin.py:115} INFO - [2023-12-27 17:11:42,371] {dag.py:2968} INFO - Setting next_dagrun for example_external_task_marker_child to None, run_after=None
[2023-12-27 17:11:42,372] {logging_mixin.py:115} INFO - [2023-12-27 17:11:42,372] {dag.py:2968} INFO - Setting next_dagrun for example_external_task_marker_parent to None, run_after=None
[2023-12-27 17:11:42,413] {processor.py:161} INFO - Processing /opt/conda/lib/python3.8/site-packages/airflow/example_dags/example_external_task_marker_dag.py took 0.133 seconds
[2023-12-27 17:15:22,515] {processor.py:153} INFO - Started process (PID=4402) to work on /opt/conda/lib/python3.8/site-packages/airflow/example_dags/example_external_task_marker_dag.py
[2023-12-27 17:15:22,515] {processor.py:641} INFO - Processing file /opt/conda/lib/python3.8/site-packages/airflow/example_dags/example_external_task_marker_dag.py for tasks to queue
[2023-12-27 17:15:22,516] {logging_mixin.py:115} INFO - [2023-12-27 17:15:22,516] {dagbag.py:508} INFO - Filling up the DagBag from /opt/conda/lib/python3.8/site-packages/airflow/example_dags/example_external_task_marker_dag.py
[2023-12-27 17:15:22,628] {processor.py:651} INFO - DAG(s) dict_keys(['example_external_task_marker_parent', 'example_external_task_marker_child']) retrieved from /opt/conda/lib/python3.8/site-packages/airflow/example_dags/example_external_task_marker_dag.py
[2023-12-27 17:15:22,674] {logging_mixin.py:115} INFO - [2023-12-27 17:15:22,674] {dag.py:2420} INFO - Sync 2 DAGs
[2023-12-27 17:15:22,697] {logging_mixin.py:115} INFO - [2023-12-27 17:15:22,697] {dag.py:2968} INFO - Setting next_dagrun for example_external_task_marker_child to None, run_after=None
[2023-12-27 17:15:22,697] {logging_mixin.py:115} INFO - [2023-12-27 17:15:22,697] {dag.py:2968} INFO - Setting next_dagrun for example_external_task_marker_parent to None, run_after=None
[2023-12-27 17:15:22,740] {processor.py:161} INFO - Processing /opt/conda/lib/python3.8/site-packages/airflow/example_dags/example_external_task_marker_dag.py took 0.228 seconds
[2023-12-27 17:16:56,665] {processor.py:153} INFO - Started process (PID=4633) to work on /opt/conda/lib/python3.8/site-packages/airflow/example_dags/example_external_task_marker_dag.py
[2023-12-27 17:16:56,665] {processor.py:641} INFO - Processing file /opt/conda/lib/python3.8/site-packages/airflow/example_dags/example_external_task_marker_dag.py for tasks to queue
[2023-12-27 17:16:56,666] {logging_mixin.py:115} INFO - [2023-12-27 17:16:56,666] {dagbag.py:508} INFO - Filling up the DagBag from /opt/conda/lib/python3.8/site-packages/airflow/example_dags/example_external_task_marker_dag.py
[2023-12-27 17:16:56,779] {processor.py:651} INFO - DAG(s) dict_keys(['example_external_task_marker_parent', 'example_external_task_marker_child']) retrieved from /opt/conda/lib/python3.8/site-packages/airflow/example_dags/example_external_task_marker_dag.py
[2023-12-27 17:16:56,822] {logging_mixin.py:115} INFO - [2023-12-27 17:16:56,822] {dag.py:2420} INFO - Sync 2 DAGs
[2023-12-27 17:16:56,845] {logging_mixin.py:115} INFO - [2023-12-27 17:16:56,845] {dag.py:2968} INFO - Setting next_dagrun for example_external_task_marker_child to None, run_after=None
[2023-12-27 17:16:56,845] {logging_mixin.py:115} INFO - [2023-12-27 17:16:56,845] {dag.py:2968} INFO - Setting next_dagrun for example_external_task_marker_parent to None, run_after=None
[2023-12-27 17:16:56,887] {processor.py:161} INFO - Processing /opt/conda/lib/python3.8/site-packages/airflow/example_dags/example_external_task_marker_dag.py took 0.226 seconds
[2023-12-27 17:18:34,248] {processor.py:153} INFO - Started process (PID=4878) to work on /opt/conda/lib/python3.8/site-packages/airflow/example_dags/example_external_task_marker_dag.py
[2023-12-27 17:18:34,249] {processor.py:641} INFO - Processing file /opt/conda/lib/python3.8/site-packages/airflow/example_dags/example_external_task_marker_dag.py for tasks to queue
[2023-12-27 17:18:34,249] {logging_mixin.py:115} INFO - [2023-12-27 17:18:34,249] {dagbag.py:508} INFO - Filling up the DagBag from /opt/conda/lib/python3.8/site-packages/airflow/example_dags/example_external_task_marker_dag.py
[2023-12-27 17:18:34,361] {processor.py:651} INFO - DAG(s) dict_keys(['example_external_task_marker_parent', 'example_external_task_marker_child']) retrieved from /opt/conda/lib/python3.8/site-packages/airflow/example_dags/example_external_task_marker_dag.py
[2023-12-27 17:18:34,405] {logging_mixin.py:115} INFO - [2023-12-27 17:18:34,405] {dag.py:2420} INFO - Sync 2 DAGs
[2023-12-27 17:18:34,427] {logging_mixin.py:115} INFO - [2023-12-27 17:18:34,427] {dag.py:2968} INFO - Setting next_dagrun for example_external_task_marker_child to None, run_after=None
[2023-12-27 17:18:34,428] {logging_mixin.py:115} INFO - [2023-12-27 17:18:34,427] {dag.py:2968} INFO - Setting next_dagrun for example_external_task_marker_parent to None, run_after=None
[2023-12-27 17:18:34,468] {processor.py:161} INFO - Processing /opt/conda/lib/python3.8/site-packages/airflow/example_dags/example_external_task_marker_dag.py took 0.223 seconds
[2023-12-27 17:19:46,352] {processor.py:153} INFO - Started process (PID=5003) to work on /opt/conda/lib/python3.8/site-packages/airflow/example_dags/example_external_task_marker_dag.py
[2023-12-27 17:19:46,352] {processor.py:641} INFO - Processing file /opt/conda/lib/python3.8/site-packages/airflow/example_dags/example_external_task_marker_dag.py for tasks to queue
[2023-12-27 17:19:46,353] {logging_mixin.py:115} INFO - [2023-12-27 17:19:46,353] {dagbag.py:508} INFO - Filling up the DagBag from /opt/conda/lib/python3.8/site-packages/airflow/example_dags/example_external_task_marker_dag.py
[2023-12-27 17:19:46,465] {processor.py:651} INFO - DAG(s) dict_keys(['example_external_task_marker_parent', 'example_external_task_marker_child']) retrieved from /opt/conda/lib/python3.8/site-packages/airflow/example_dags/example_external_task_marker_dag.py
[2023-12-27 17:19:46,507] {logging_mixin.py:115} INFO - [2023-12-27 17:19:46,507] {dag.py:2420} INFO - Sync 2 DAGs
[2023-12-27 17:19:46,529] {logging_mixin.py:115} INFO - [2023-12-27 17:19:46,529] {dag.py:2968} INFO - Setting next_dagrun for example_external_task_marker_child to None, run_after=None
[2023-12-27 17:19:46,529] {logging_mixin.py:115} INFO - [2023-12-27 17:19:46,529] {dag.py:2968} INFO - Setting next_dagrun for example_external_task_marker_parent to None, run_after=None
[2023-12-27 17:19:46,571] {processor.py:161} INFO - Processing /opt/conda/lib/python3.8/site-packages/airflow/example_dags/example_external_task_marker_dag.py took 0.222 seconds
[2023-12-27 17:20:52,616] {processor.py:153} INFO - Started process (PID=5122) to work on /opt/conda/lib/python3.8/site-packages/airflow/example_dags/example_external_task_marker_dag.py
[2023-12-27 17:20:52,616] {processor.py:641} INFO - Processing file /opt/conda/lib/python3.8/site-packages/airflow/example_dags/example_external_task_marker_dag.py for tasks to queue
[2023-12-27 17:20:52,617] {logging_mixin.py:115} INFO - [2023-12-27 17:20:52,617] {dagbag.py:508} INFO - Filling up the DagBag from /opt/conda/lib/python3.8/site-packages/airflow/example_dags/example_external_task_marker_dag.py
[2023-12-27 17:20:52,621] {processor.py:651} INFO - DAG(s) dict_keys(['example_external_task_marker_parent', 'example_external_task_marker_child']) retrieved from /opt/conda/lib/python3.8/site-packages/airflow/example_dags/example_external_task_marker_dag.py
[2023-12-27 17:20:52,679] {logging_mixin.py:115} INFO - [2023-12-27 17:20:52,679] {dag.py:2420} INFO - Sync 2 DAGs
[2023-12-27 17:20:52,709] {logging_mixin.py:115} INFO - [2023-12-27 17:20:52,709] {dag.py:2968} INFO - Setting next_dagrun for example_external_task_marker_child to None, run_after=None
[2023-12-27 17:20:52,709] {logging_mixin.py:115} INFO - [2023-12-27 17:20:52,709] {dag.py:2968} INFO - Setting next_dagrun for example_external_task_marker_parent to None, run_after=None
[2023-12-27 17:20:52,754] {processor.py:161} INFO - Processing /opt/conda/lib/python3.8/site-packages/airflow/example_dags/example_external_task_marker_dag.py took 0.141 seconds
[2023-12-27 17:21:59,951] {processor.py:153} INFO - Started process (PID=5259) to work on /opt/conda/lib/python3.8/site-packages/airflow/example_dags/example_external_task_marker_dag.py
[2023-12-27 17:21:59,951] {processor.py:641} INFO - Processing file /opt/conda/lib/python3.8/site-packages/airflow/example_dags/example_external_task_marker_dag.py for tasks to queue
[2023-12-27 17:21:59,952] {logging_mixin.py:115} INFO - [2023-12-27 17:21:59,952] {dagbag.py:508} INFO - Filling up the DagBag from /opt/conda/lib/python3.8/site-packages/airflow/example_dags/example_external_task_marker_dag.py
[2023-12-27 17:21:59,956] {processor.py:651} INFO - DAG(s) dict_keys(['example_external_task_marker_parent', 'example_external_task_marker_child']) retrieved from /opt/conda/lib/python3.8/site-packages/airflow/example_dags/example_external_task_marker_dag.py
[2023-12-27 17:22:00,012] {logging_mixin.py:115} INFO - [2023-12-27 17:22:00,012] {dag.py:2420} INFO - Sync 2 DAGs
[2023-12-27 17:22:00,041] {logging_mixin.py:115} INFO - [2023-12-27 17:22:00,041] {dag.py:2968} INFO - Setting next_dagrun for example_external_task_marker_child to None, run_after=None
[2023-12-27 17:22:00,041] {logging_mixin.py:115} INFO - [2023-12-27 17:22:00,041] {dag.py:2968} INFO - Setting next_dagrun for example_external_task_marker_parent to None, run_after=None
[2023-12-27 17:22:00,082] {processor.py:161} INFO - Processing /opt/conda/lib/python3.8/site-packages/airflow/example_dags/example_external_task_marker_dag.py took 0.135 seconds
