[2023-12-27 07:12:49,058] {processor.py:153} INFO - Started process (PID=1363) to work on /opt/conda/lib/python3.8/site-packages/airflow/example_dags/example_branch_datetime_operator.py
[2023-12-27 07:12:49,058] {processor.py:641} INFO - Processing file /opt/conda/lib/python3.8/site-packages/airflow/example_dags/example_branch_datetime_operator.py for tasks to queue
[2023-12-27 07:12:49,059] {logging_mixin.py:115} INFO - [2023-12-27 07:12:49,058] {dagbag.py:508} INFO - Filling up the DagBag from /opt/conda/lib/python3.8/site-packages/airflow/example_dags/example_branch_datetime_operator.py
[2023-12-27 07:12:49,180] {processor.py:651} INFO - DAG(s) dict_keys(['example_branch_datetime_operator', 'example_branch_datetime_operator_2']) retrieved from /opt/conda/lib/python3.8/site-packages/airflow/example_dags/example_branch_datetime_operator.py
[2023-12-27 07:12:49,209] {logging_mixin.py:115} INFO - [2023-12-27 07:12:49,209] {dag.py:2420} INFO - Sync 2 DAGs
[2023-12-27 07:12:49,233] {logging_mixin.py:115} INFO - [2023-12-27 07:12:49,233] {dag.py:2968} INFO - Setting next_dagrun for example_branch_datetime_operator to 2023-12-26T00:00:00+00:00, run_after=2023-12-27T00:00:00+00:00
[2023-12-27 07:12:49,234] {logging_mixin.py:115} INFO - [2023-12-27 07:12:49,234] {dag.py:2968} INFO - Setting next_dagrun for example_branch_datetime_operator_2 to 2023-12-26T00:00:00+00:00, run_after=2023-12-27T00:00:00+00:00
[2023-12-27 07:12:49,274] {processor.py:161} INFO - Processing /opt/conda/lib/python3.8/site-packages/airflow/example_dags/example_branch_datetime_operator.py took 0.220 seconds
[2023-12-27 15:35:46,512] {processor.py:153} INFO - Started process (PID=1073) to work on /opt/conda/lib/python3.8/site-packages/airflow/example_dags/example_branch_datetime_operator.py
[2023-12-27 15:35:46,512] {processor.py:641} INFO - Processing file /opt/conda/lib/python3.8/site-packages/airflow/example_dags/example_branch_datetime_operator.py for tasks to queue
[2023-12-27 15:35:46,513] {logging_mixin.py:115} INFO - [2023-12-27 15:35:46,512] {dagbag.py:508} INFO - Filling up the DagBag from /opt/conda/lib/python3.8/site-packages/airflow/example_dags/example_branch_datetime_operator.py
[2023-12-27 15:35:46,634] {processor.py:651} INFO - DAG(s) dict_keys(['example_branch_datetime_operator', 'example_branch_datetime_operator_2']) retrieved from /opt/conda/lib/python3.8/site-packages/airflow/example_dags/example_branch_datetime_operator.py
[2023-12-27 15:35:46,665] {logging_mixin.py:115} INFO - [2023-12-27 15:35:46,665] {dag.py:2420} INFO - Sync 2 DAGs
[2023-12-27 15:35:46,689] {logging_mixin.py:115} INFO - [2023-12-27 15:35:46,689] {dag.py:2968} INFO - Setting next_dagrun for example_branch_datetime_operator to 2023-12-26T00:00:00+00:00, run_after=2023-12-27T00:00:00+00:00
[2023-12-27 15:35:46,690] {logging_mixin.py:115} INFO - [2023-12-27 15:35:46,690] {dag.py:2968} INFO - Setting next_dagrun for example_branch_datetime_operator_2 to 2023-12-26T00:00:00+00:00, run_after=2023-12-27T00:00:00+00:00
[2023-12-27 15:35:46,731] {processor.py:161} INFO - Processing /opt/conda/lib/python3.8/site-packages/airflow/example_dags/example_branch_datetime_operator.py took 0.222 seconds
[2023-12-27 15:36:42,513] {processor.py:153} INFO - Started process (PID=1147) to work on /opt/conda/lib/python3.8/site-packages/airflow/example_dags/example_branch_datetime_operator.py
[2023-12-27 15:36:42,513] {processor.py:641} INFO - Processing file /opt/conda/lib/python3.8/site-packages/airflow/example_dags/example_branch_datetime_operator.py for tasks to queue
[2023-12-27 15:36:42,514] {logging_mixin.py:115} INFO - [2023-12-27 15:36:42,514] {dagbag.py:508} INFO - Filling up the DagBag from /opt/conda/lib/python3.8/site-packages/airflow/example_dags/example_branch_datetime_operator.py
[2023-12-27 15:36:42,638] {processor.py:651} INFO - DAG(s) dict_keys(['example_branch_datetime_operator', 'example_branch_datetime_operator_2']) retrieved from /opt/conda/lib/python3.8/site-packages/airflow/example_dags/example_branch_datetime_operator.py
[2023-12-27 15:36:42,669] {logging_mixin.py:115} INFO - [2023-12-27 15:36:42,668] {dag.py:2420} INFO - Sync 2 DAGs
[2023-12-27 15:36:42,692] {logging_mixin.py:115} INFO - [2023-12-27 15:36:42,691] {dag.py:2968} INFO - Setting next_dagrun for example_branch_datetime_operator to 2023-12-26T00:00:00+00:00, run_after=2023-12-27T00:00:00+00:00
[2023-12-27 15:36:42,693] {logging_mixin.py:115} INFO - [2023-12-27 15:36:42,693] {dag.py:2968} INFO - Setting next_dagrun for example_branch_datetime_operator_2 to 2023-12-26T00:00:00+00:00, run_after=2023-12-27T00:00:00+00:00
[2023-12-27 15:36:42,733] {processor.py:161} INFO - Processing /opt/conda/lib/python3.8/site-packages/airflow/example_dags/example_branch_datetime_operator.py took 0.224 seconds
[2023-12-27 15:37:37,195] {processor.py:153} INFO - Started process (PID=1279) to work on /opt/conda/lib/python3.8/site-packages/airflow/example_dags/example_branch_datetime_operator.py
[2023-12-27 15:37:37,196] {processor.py:641} INFO - Processing file /opt/conda/lib/python3.8/site-packages/airflow/example_dags/example_branch_datetime_operator.py for tasks to queue
[2023-12-27 15:37:37,196] {logging_mixin.py:115} INFO - [2023-12-27 15:37:37,196] {dagbag.py:508} INFO - Filling up the DagBag from /opt/conda/lib/python3.8/site-packages/airflow/example_dags/example_branch_datetime_operator.py
[2023-12-27 15:37:37,318] {processor.py:651} INFO - DAG(s) dict_keys(['example_branch_datetime_operator', 'example_branch_datetime_operator_2']) retrieved from /opt/conda/lib/python3.8/site-packages/airflow/example_dags/example_branch_datetime_operator.py
[2023-12-27 15:37:37,349] {logging_mixin.py:115} INFO - [2023-12-27 15:37:37,349] {dag.py:2420} INFO - Sync 2 DAGs
[2023-12-27 15:37:37,373] {logging_mixin.py:115} INFO - [2023-12-27 15:37:37,373] {dag.py:2968} INFO - Setting next_dagrun for example_branch_datetime_operator to 2023-12-26T00:00:00+00:00, run_after=2023-12-27T00:00:00+00:00
[2023-12-27 15:37:37,374] {logging_mixin.py:115} INFO - [2023-12-27 15:37:37,374] {dag.py:2968} INFO - Setting next_dagrun for example_branch_datetime_operator_2 to 2023-12-26T00:00:00+00:00, run_after=2023-12-27T00:00:00+00:00
[2023-12-27 15:37:37,415] {processor.py:161} INFO - Processing /opt/conda/lib/python3.8/site-packages/airflow/example_dags/example_branch_datetime_operator.py took 0.224 seconds
[2023-12-27 15:38:33,460] {processor.py:153} INFO - Started process (PID=1353) to work on /opt/conda/lib/python3.8/site-packages/airflow/example_dags/example_branch_datetime_operator.py
[2023-12-27 15:38:33,461] {processor.py:641} INFO - Processing file /opt/conda/lib/python3.8/site-packages/airflow/example_dags/example_branch_datetime_operator.py for tasks to queue
[2023-12-27 15:38:33,461] {logging_mixin.py:115} INFO - [2023-12-27 15:38:33,461] {dagbag.py:508} INFO - Filling up the DagBag from /opt/conda/lib/python3.8/site-packages/airflow/example_dags/example_branch_datetime_operator.py
[2023-12-27 15:38:33,582] {processor.py:651} INFO - DAG(s) dict_keys(['example_branch_datetime_operator', 'example_branch_datetime_operator_2']) retrieved from /opt/conda/lib/python3.8/site-packages/airflow/example_dags/example_branch_datetime_operator.py
[2023-12-27 15:38:33,615] {logging_mixin.py:115} INFO - [2023-12-27 15:38:33,615] {dag.py:2420} INFO - Sync 2 DAGs
[2023-12-27 15:38:33,638] {logging_mixin.py:115} INFO - [2023-12-27 15:38:33,638] {dag.py:2968} INFO - Setting next_dagrun for example_branch_datetime_operator to 2023-12-26T00:00:00+00:00, run_after=2023-12-27T00:00:00+00:00
[2023-12-27 15:38:33,640] {logging_mixin.py:115} INFO - [2023-12-27 15:38:33,640] {dag.py:2968} INFO - Setting next_dagrun for example_branch_datetime_operator_2 to 2023-12-26T00:00:00+00:00, run_after=2023-12-27T00:00:00+00:00
[2023-12-27 15:38:33,681] {processor.py:161} INFO - Processing /opt/conda/lib/python3.8/site-packages/airflow/example_dags/example_branch_datetime_operator.py took 0.224 seconds
[2023-12-27 15:39:29,634] {processor.py:153} INFO - Started process (PID=1432) to work on /opt/conda/lib/python3.8/site-packages/airflow/example_dags/example_branch_datetime_operator.py
[2023-12-27 15:39:29,634] {processor.py:641} INFO - Processing file /opt/conda/lib/python3.8/site-packages/airflow/example_dags/example_branch_datetime_operator.py for tasks to queue
[2023-12-27 15:39:29,635] {logging_mixin.py:115} INFO - [2023-12-27 15:39:29,635] {dagbag.py:508} INFO - Filling up the DagBag from /opt/conda/lib/python3.8/site-packages/airflow/example_dags/example_branch_datetime_operator.py
[2023-12-27 15:39:29,754] {processor.py:651} INFO - DAG(s) dict_keys(['example_branch_datetime_operator', 'example_branch_datetime_operator_2']) retrieved from /opt/conda/lib/python3.8/site-packages/airflow/example_dags/example_branch_datetime_operator.py
[2023-12-27 15:39:29,785] {logging_mixin.py:115} INFO - [2023-12-27 15:39:29,785] {dag.py:2420} INFO - Sync 2 DAGs
[2023-12-27 15:39:29,808] {logging_mixin.py:115} INFO - [2023-12-27 15:39:29,808] {dag.py:2968} INFO - Setting next_dagrun for example_branch_datetime_operator to 2023-12-26T00:00:00+00:00, run_after=2023-12-27T00:00:00+00:00
[2023-12-27 15:39:29,809] {logging_mixin.py:115} INFO - [2023-12-27 15:39:29,809] {dag.py:2968} INFO - Setting next_dagrun for example_branch_datetime_operator_2 to 2023-12-26T00:00:00+00:00, run_after=2023-12-27T00:00:00+00:00
[2023-12-27 15:39:29,848] {processor.py:161} INFO - Processing /opt/conda/lib/python3.8/site-packages/airflow/example_dags/example_branch_datetime_operator.py took 0.218 seconds
[2023-12-27 15:40:25,551] {processor.py:153} INFO - Started process (PID=1585) to work on /opt/conda/lib/python3.8/site-packages/airflow/example_dags/example_branch_datetime_operator.py
[2023-12-27 15:40:25,551] {processor.py:641} INFO - Processing file /opt/conda/lib/python3.8/site-packages/airflow/example_dags/example_branch_datetime_operator.py for tasks to queue
[2023-12-27 15:40:25,552] {logging_mixin.py:115} INFO - [2023-12-27 15:40:25,552] {dagbag.py:508} INFO - Filling up the DagBag from /opt/conda/lib/python3.8/site-packages/airflow/example_dags/example_branch_datetime_operator.py
[2023-12-27 15:40:25,671] {processor.py:651} INFO - DAG(s) dict_keys(['example_branch_datetime_operator', 'example_branch_datetime_operator_2']) retrieved from /opt/conda/lib/python3.8/site-packages/airflow/example_dags/example_branch_datetime_operator.py
[2023-12-27 15:40:25,702] {logging_mixin.py:115} INFO - [2023-12-27 15:40:25,702] {dag.py:2420} INFO - Sync 2 DAGs
[2023-12-27 15:40:25,725] {logging_mixin.py:115} INFO - [2023-12-27 15:40:25,725] {dag.py:2968} INFO - Setting next_dagrun for example_branch_datetime_operator to 2023-12-26T00:00:00+00:00, run_after=2023-12-27T00:00:00+00:00
[2023-12-27 15:40:25,726] {logging_mixin.py:115} INFO - [2023-12-27 15:40:25,726] {dag.py:2968} INFO - Setting next_dagrun for example_branch_datetime_operator_2 to 2023-12-26T00:00:00+00:00, run_after=2023-12-27T00:00:00+00:00
[2023-12-27 15:40:25,765] {processor.py:161} INFO - Processing /opt/conda/lib/python3.8/site-packages/airflow/example_dags/example_branch_datetime_operator.py took 0.218 seconds
[2023-12-27 15:41:15,643] {processor.py:153} INFO - Started process (PID=1699) to work on /opt/conda/lib/python3.8/site-packages/airflow/example_dags/example_branch_datetime_operator.py
[2023-12-27 15:41:15,643] {processor.py:641} INFO - Processing file /opt/conda/lib/python3.8/site-packages/airflow/example_dags/example_branch_datetime_operator.py for tasks to queue
[2023-12-27 15:41:15,644] {logging_mixin.py:115} INFO - [2023-12-27 15:41:15,644] {dagbag.py:508} INFO - Filling up the DagBag from /opt/conda/lib/python3.8/site-packages/airflow/example_dags/example_branch_datetime_operator.py
[2023-12-27 15:41:15,653] {processor.py:651} INFO - DAG(s) dict_keys(['example_branch_datetime_operator', 'example_branch_datetime_operator_2']) retrieved from /opt/conda/lib/python3.8/site-packages/airflow/example_dags/example_branch_datetime_operator.py
[2023-12-27 15:41:15,693] {logging_mixin.py:115} INFO - [2023-12-27 15:41:15,693] {dag.py:2420} INFO - Sync 2 DAGs
[2023-12-27 15:41:15,722] {logging_mixin.py:115} INFO - [2023-12-27 15:41:15,722] {dag.py:2968} INFO - Setting next_dagrun for example_branch_datetime_operator to 2023-12-26T00:00:00+00:00, run_after=2023-12-27T00:00:00+00:00
[2023-12-27 15:41:15,724] {logging_mixin.py:115} INFO - [2023-12-27 15:41:15,724] {dag.py:2968} INFO - Setting next_dagrun for example_branch_datetime_operator_2 to 2023-12-26T00:00:00+00:00, run_after=2023-12-27T00:00:00+00:00
[2023-12-27 15:41:15,767] {processor.py:161} INFO - Processing /opt/conda/lib/python3.8/site-packages/airflow/example_dags/example_branch_datetime_operator.py took 0.128 seconds
[2023-12-27 15:42:03,787] {processor.py:153} INFO - Started process (PID=1769) to work on /opt/conda/lib/python3.8/site-packages/airflow/example_dags/example_branch_datetime_operator.py
[2023-12-27 15:42:03,788] {processor.py:641} INFO - Processing file /opt/conda/lib/python3.8/site-packages/airflow/example_dags/example_branch_datetime_operator.py for tasks to queue
[2023-12-27 15:42:03,788] {logging_mixin.py:115} INFO - [2023-12-27 15:42:03,788] {dagbag.py:508} INFO - Filling up the DagBag from /opt/conda/lib/python3.8/site-packages/airflow/example_dags/example_branch_datetime_operator.py
[2023-12-27 15:42:03,797] {processor.py:651} INFO - DAG(s) dict_keys(['example_branch_datetime_operator', 'example_branch_datetime_operator_2']) retrieved from /opt/conda/lib/python3.8/site-packages/airflow/example_dags/example_branch_datetime_operator.py
[2023-12-27 15:42:03,837] {logging_mixin.py:115} INFO - [2023-12-27 15:42:03,837] {dag.py:2420} INFO - Sync 2 DAGs
[2023-12-27 15:42:03,867] {logging_mixin.py:115} INFO - [2023-12-27 15:42:03,867] {dag.py:2968} INFO - Setting next_dagrun for example_branch_datetime_operator to 2023-12-26T00:00:00+00:00, run_after=2023-12-27T00:00:00+00:00
[2023-12-27 15:42:03,869] {logging_mixin.py:115} INFO - [2023-12-27 15:42:03,868] {dag.py:2968} INFO - Setting next_dagrun for example_branch_datetime_operator_2 to 2023-12-26T00:00:00+00:00, run_after=2023-12-27T00:00:00+00:00
[2023-12-27 15:42:03,908] {processor.py:161} INFO - Processing /opt/conda/lib/python3.8/site-packages/airflow/example_dags/example_branch_datetime_operator.py took 0.125 seconds
[2023-12-27 15:42:50,519] {processor.py:153} INFO - Started process (PID=1838) to work on /opt/conda/lib/python3.8/site-packages/airflow/example_dags/example_branch_datetime_operator.py
[2023-12-27 15:42:50,520] {processor.py:641} INFO - Processing file /opt/conda/lib/python3.8/site-packages/airflow/example_dags/example_branch_datetime_operator.py for tasks to queue
[2023-12-27 15:42:50,520] {logging_mixin.py:115} INFO - [2023-12-27 15:42:50,520] {dagbag.py:508} INFO - Filling up the DagBag from /opt/conda/lib/python3.8/site-packages/airflow/example_dags/example_branch_datetime_operator.py
[2023-12-27 15:42:50,529] {processor.py:651} INFO - DAG(s) dict_keys(['example_branch_datetime_operator', 'example_branch_datetime_operator_2']) retrieved from /opt/conda/lib/python3.8/site-packages/airflow/example_dags/example_branch_datetime_operator.py
[2023-12-27 15:42:50,569] {logging_mixin.py:115} INFO - [2023-12-27 15:42:50,569] {dag.py:2420} INFO - Sync 2 DAGs
[2023-12-27 15:42:50,598] {logging_mixin.py:115} INFO - [2023-12-27 15:42:50,598] {dag.py:2968} INFO - Setting next_dagrun for example_branch_datetime_operator to 2023-12-26T00:00:00+00:00, run_after=2023-12-27T00:00:00+00:00
[2023-12-27 15:42:50,600] {logging_mixin.py:115} INFO - [2023-12-27 15:42:50,600] {dag.py:2968} INFO - Setting next_dagrun for example_branch_datetime_operator_2 to 2023-12-26T00:00:00+00:00, run_after=2023-12-27T00:00:00+00:00
[2023-12-27 15:42:50,643] {processor.py:161} INFO - Processing /opt/conda/lib/python3.8/site-packages/airflow/example_dags/example_branch_datetime_operator.py took 0.127 seconds
[2023-12-27 15:43:39,024] {processor.py:153} INFO - Started process (PID=1907) to work on /opt/conda/lib/python3.8/site-packages/airflow/example_dags/example_branch_datetime_operator.py
[2023-12-27 15:43:39,025] {processor.py:641} INFO - Processing file /opt/conda/lib/python3.8/site-packages/airflow/example_dags/example_branch_datetime_operator.py for tasks to queue
[2023-12-27 15:43:39,025] {logging_mixin.py:115} INFO - [2023-12-27 15:43:39,025] {dagbag.py:508} INFO - Filling up the DagBag from /opt/conda/lib/python3.8/site-packages/airflow/example_dags/example_branch_datetime_operator.py
[2023-12-27 15:43:39,035] {processor.py:651} INFO - DAG(s) dict_keys(['example_branch_datetime_operator', 'example_branch_datetime_operator_2']) retrieved from /opt/conda/lib/python3.8/site-packages/airflow/example_dags/example_branch_datetime_operator.py
[2023-12-27 15:43:39,074] {logging_mixin.py:115} INFO - [2023-12-27 15:43:39,074] {dag.py:2420} INFO - Sync 2 DAGs
[2023-12-27 15:43:39,104] {logging_mixin.py:115} INFO - [2023-12-27 15:43:39,104] {dag.py:2968} INFO - Setting next_dagrun for example_branch_datetime_operator to 2023-12-26T00:00:00+00:00, run_after=2023-12-27T00:00:00+00:00
[2023-12-27 15:43:39,106] {logging_mixin.py:115} INFO - [2023-12-27 15:43:39,106] {dag.py:2968} INFO - Setting next_dagrun for example_branch_datetime_operator_2 to 2023-12-26T00:00:00+00:00, run_after=2023-12-27T00:00:00+00:00
[2023-12-27 15:43:39,149] {processor.py:161} INFO - Processing /opt/conda/lib/python3.8/site-packages/airflow/example_dags/example_branch_datetime_operator.py took 0.128 seconds
[2023-12-27 15:44:28,215] {processor.py:153} INFO - Started process (PID=1977) to work on /opt/conda/lib/python3.8/site-packages/airflow/example_dags/example_branch_datetime_operator.py
[2023-12-27 15:44:28,215] {processor.py:641} INFO - Processing file /opt/conda/lib/python3.8/site-packages/airflow/example_dags/example_branch_datetime_operator.py for tasks to queue
[2023-12-27 15:44:28,216] {logging_mixin.py:115} INFO - [2023-12-27 15:44:28,215] {dagbag.py:508} INFO - Filling up the DagBag from /opt/conda/lib/python3.8/site-packages/airflow/example_dags/example_branch_datetime_operator.py
[2023-12-27 15:44:28,225] {processor.py:651} INFO - DAG(s) dict_keys(['example_branch_datetime_operator', 'example_branch_datetime_operator_2']) retrieved from /opt/conda/lib/python3.8/site-packages/airflow/example_dags/example_branch_datetime_operator.py
[2023-12-27 15:44:28,264] {logging_mixin.py:115} INFO - [2023-12-27 15:44:28,264] {dag.py:2420} INFO - Sync 2 DAGs
[2023-12-27 15:44:28,293] {logging_mixin.py:115} INFO - [2023-12-27 15:44:28,293] {dag.py:2968} INFO - Setting next_dagrun for example_branch_datetime_operator to 2023-12-26T00:00:00+00:00, run_after=2023-12-27T00:00:00+00:00
[2023-12-27 15:44:28,295] {logging_mixin.py:115} INFO - [2023-12-27 15:44:28,295] {dag.py:2968} INFO - Setting next_dagrun for example_branch_datetime_operator_2 to 2023-12-26T00:00:00+00:00, run_after=2023-12-27T00:00:00+00:00
[2023-12-27 15:44:28,338] {processor.py:161} INFO - Processing /opt/conda/lib/python3.8/site-packages/airflow/example_dags/example_branch_datetime_operator.py took 0.126 seconds
[2023-12-27 15:45:17,165] {processor.py:153} INFO - Started process (PID=2047) to work on /opt/conda/lib/python3.8/site-packages/airflow/example_dags/example_branch_datetime_operator.py
[2023-12-27 15:45:17,166] {processor.py:641} INFO - Processing file /opt/conda/lib/python3.8/site-packages/airflow/example_dags/example_branch_datetime_operator.py for tasks to queue
[2023-12-27 15:45:17,166] {logging_mixin.py:115} INFO - [2023-12-27 15:45:17,166] {dagbag.py:508} INFO - Filling up the DagBag from /opt/conda/lib/python3.8/site-packages/airflow/example_dags/example_branch_datetime_operator.py
[2023-12-27 15:45:17,175] {processor.py:651} INFO - DAG(s) dict_keys(['example_branch_datetime_operator', 'example_branch_datetime_operator_2']) retrieved from /opt/conda/lib/python3.8/site-packages/airflow/example_dags/example_branch_datetime_operator.py
[2023-12-27 15:45:17,212] {logging_mixin.py:115} INFO - [2023-12-27 15:45:17,212] {dag.py:2420} INFO - Sync 2 DAGs
[2023-12-27 15:45:17,241] {logging_mixin.py:115} INFO - [2023-12-27 15:45:17,241] {dag.py:2968} INFO - Setting next_dagrun for example_branch_datetime_operator to 2023-12-26T00:00:00+00:00, run_after=2023-12-27T00:00:00+00:00
[2023-12-27 15:45:17,243] {logging_mixin.py:115} INFO - [2023-12-27 15:45:17,243] {dag.py:2968} INFO - Setting next_dagrun for example_branch_datetime_operator_2 to 2023-12-26T00:00:00+00:00, run_after=2023-12-27T00:00:00+00:00
[2023-12-27 15:45:17,284] {processor.py:161} INFO - Processing /opt/conda/lib/python3.8/site-packages/airflow/example_dags/example_branch_datetime_operator.py took 0.122 seconds
[2023-12-27 15:46:04,785] {processor.py:153} INFO - Started process (PID=2117) to work on /opt/conda/lib/python3.8/site-packages/airflow/example_dags/example_branch_datetime_operator.py
[2023-12-27 15:46:04,785] {processor.py:641} INFO - Processing file /opt/conda/lib/python3.8/site-packages/airflow/example_dags/example_branch_datetime_operator.py for tasks to queue
[2023-12-27 15:46:04,786] {logging_mixin.py:115} INFO - [2023-12-27 15:46:04,786] {dagbag.py:508} INFO - Filling up the DagBag from /opt/conda/lib/python3.8/site-packages/airflow/example_dags/example_branch_datetime_operator.py
[2023-12-27 15:46:04,795] {processor.py:651} INFO - DAG(s) dict_keys(['example_branch_datetime_operator', 'example_branch_datetime_operator_2']) retrieved from /opt/conda/lib/python3.8/site-packages/airflow/example_dags/example_branch_datetime_operator.py
[2023-12-27 15:46:04,834] {logging_mixin.py:115} INFO - [2023-12-27 15:46:04,834] {dag.py:2420} INFO - Sync 2 DAGs
[2023-12-27 15:46:04,863] {logging_mixin.py:115} INFO - [2023-12-27 15:46:04,862] {dag.py:2968} INFO - Setting next_dagrun for example_branch_datetime_operator to 2023-12-26T00:00:00+00:00, run_after=2023-12-27T00:00:00+00:00
[2023-12-27 15:46:04,864] {logging_mixin.py:115} INFO - [2023-12-27 15:46:04,864] {dag.py:2968} INFO - Setting next_dagrun for example_branch_datetime_operator_2 to 2023-12-26T00:00:00+00:00, run_after=2023-12-27T00:00:00+00:00
[2023-12-27 15:46:04,908] {processor.py:161} INFO - Processing /opt/conda/lib/python3.8/site-packages/airflow/example_dags/example_branch_datetime_operator.py took 0.127 seconds
[2023-12-27 15:46:50,351] {processor.py:153} INFO - Started process (PID=2185) to work on /opt/conda/lib/python3.8/site-packages/airflow/example_dags/example_branch_datetime_operator.py
[2023-12-27 15:46:50,352] {processor.py:641} INFO - Processing file /opt/conda/lib/python3.8/site-packages/airflow/example_dags/example_branch_datetime_operator.py for tasks to queue
[2023-12-27 15:46:50,352] {logging_mixin.py:115} INFO - [2023-12-27 15:46:50,352] {dagbag.py:508} INFO - Filling up the DagBag from /opt/conda/lib/python3.8/site-packages/airflow/example_dags/example_branch_datetime_operator.py
[2023-12-27 15:46:50,362] {processor.py:651} INFO - DAG(s) dict_keys(['example_branch_datetime_operator', 'example_branch_datetime_operator_2']) retrieved from /opt/conda/lib/python3.8/site-packages/airflow/example_dags/example_branch_datetime_operator.py
[2023-12-27 15:46:50,400] {logging_mixin.py:115} INFO - [2023-12-27 15:46:50,400] {dag.py:2420} INFO - Sync 2 DAGs
[2023-12-27 15:46:50,429] {logging_mixin.py:115} INFO - [2023-12-27 15:46:50,429] {dag.py:2968} INFO - Setting next_dagrun for example_branch_datetime_operator to 2023-12-26T00:00:00+00:00, run_after=2023-12-27T00:00:00+00:00
[2023-12-27 15:46:50,431] {logging_mixin.py:115} INFO - [2023-12-27 15:46:50,431] {dag.py:2968} INFO - Setting next_dagrun for example_branch_datetime_operator_2 to 2023-12-26T00:00:00+00:00, run_after=2023-12-27T00:00:00+00:00
[2023-12-27 15:46:50,473] {processor.py:161} INFO - Processing /opt/conda/lib/python3.8/site-packages/airflow/example_dags/example_branch_datetime_operator.py took 0.125 seconds
[2023-12-27 15:47:37,931] {processor.py:153} INFO - Started process (PID=2254) to work on /opt/conda/lib/python3.8/site-packages/airflow/example_dags/example_branch_datetime_operator.py
[2023-12-27 15:47:37,931] {processor.py:641} INFO - Processing file /opt/conda/lib/python3.8/site-packages/airflow/example_dags/example_branch_datetime_operator.py for tasks to queue
[2023-12-27 15:47:37,932] {logging_mixin.py:115} INFO - [2023-12-27 15:47:37,932] {dagbag.py:508} INFO - Filling up the DagBag from /opt/conda/lib/python3.8/site-packages/airflow/example_dags/example_branch_datetime_operator.py
[2023-12-27 15:47:37,942] {processor.py:651} INFO - DAG(s) dict_keys(['example_branch_datetime_operator', 'example_branch_datetime_operator_2']) retrieved from /opt/conda/lib/python3.8/site-packages/airflow/example_dags/example_branch_datetime_operator.py
[2023-12-27 15:47:37,981] {logging_mixin.py:115} INFO - [2023-12-27 15:47:37,981] {dag.py:2420} INFO - Sync 2 DAGs
[2023-12-27 15:47:38,010] {logging_mixin.py:115} INFO - [2023-12-27 15:47:38,010] {dag.py:2968} INFO - Setting next_dagrun for example_branch_datetime_operator to 2023-12-26T00:00:00+00:00, run_after=2023-12-27T00:00:00+00:00
[2023-12-27 15:47:38,012] {logging_mixin.py:115} INFO - [2023-12-27 15:47:38,012] {dag.py:2968} INFO - Setting next_dagrun for example_branch_datetime_operator_2 to 2023-12-26T00:00:00+00:00, run_after=2023-12-27T00:00:00+00:00
[2023-12-27 15:47:38,054] {processor.py:161} INFO - Processing /opt/conda/lib/python3.8/site-packages/airflow/example_dags/example_branch_datetime_operator.py took 0.127 seconds
[2023-12-27 15:48:24,668] {processor.py:153} INFO - Started process (PID=2323) to work on /opt/conda/lib/python3.8/site-packages/airflow/example_dags/example_branch_datetime_operator.py
[2023-12-27 15:48:24,669] {processor.py:641} INFO - Processing file /opt/conda/lib/python3.8/site-packages/airflow/example_dags/example_branch_datetime_operator.py for tasks to queue
[2023-12-27 15:48:24,669] {logging_mixin.py:115} INFO - [2023-12-27 15:48:24,669] {dagbag.py:508} INFO - Filling up the DagBag from /opt/conda/lib/python3.8/site-packages/airflow/example_dags/example_branch_datetime_operator.py
[2023-12-27 15:48:24,679] {processor.py:651} INFO - DAG(s) dict_keys(['example_branch_datetime_operator', 'example_branch_datetime_operator_2']) retrieved from /opt/conda/lib/python3.8/site-packages/airflow/example_dags/example_branch_datetime_operator.py
[2023-12-27 15:48:24,719] {logging_mixin.py:115} INFO - [2023-12-27 15:48:24,719] {dag.py:2420} INFO - Sync 2 DAGs
[2023-12-27 15:48:24,748] {logging_mixin.py:115} INFO - [2023-12-27 15:48:24,748] {dag.py:2968} INFO - Setting next_dagrun for example_branch_datetime_operator to 2023-12-26T00:00:00+00:00, run_after=2023-12-27T00:00:00+00:00
[2023-12-27 15:48:24,749] {logging_mixin.py:115} INFO - [2023-12-27 15:48:24,749] {dag.py:2968} INFO - Setting next_dagrun for example_branch_datetime_operator_2 to 2023-12-26T00:00:00+00:00, run_after=2023-12-27T00:00:00+00:00
[2023-12-27 15:48:24,794] {processor.py:161} INFO - Processing /opt/conda/lib/python3.8/site-packages/airflow/example_dags/example_branch_datetime_operator.py took 0.128 seconds
[2023-12-27 17:01:28,010] {processor.py:153} INFO - Started process (PID=2935) to work on /opt/conda/lib/python3.8/site-packages/airflow/example_dags/example_branch_datetime_operator.py
[2023-12-27 17:01:28,011] {processor.py:641} INFO - Processing file /opt/conda/lib/python3.8/site-packages/airflow/example_dags/example_branch_datetime_operator.py for tasks to queue
[2023-12-27 17:01:28,011] {logging_mixin.py:115} INFO - [2023-12-27 17:01:28,011] {dagbag.py:508} INFO - Filling up the DagBag from /opt/conda/lib/python3.8/site-packages/airflow/example_dags/example_branch_datetime_operator.py
[2023-12-27 17:01:28,126] {processor.py:651} INFO - DAG(s) dict_keys(['example_branch_datetime_operator', 'example_branch_datetime_operator_2']) retrieved from /opt/conda/lib/python3.8/site-packages/airflow/example_dags/example_branch_datetime_operator.py
[2023-12-27 17:01:28,158] {logging_mixin.py:115} INFO - [2023-12-27 17:01:28,158] {dag.py:2420} INFO - Sync 2 DAGs
[2023-12-27 17:01:28,183] {logging_mixin.py:115} INFO - [2023-12-27 17:01:28,183] {dag.py:2968} INFO - Setting next_dagrun for example_branch_datetime_operator to 2023-12-26T00:00:00+00:00, run_after=2023-12-27T00:00:00+00:00
[2023-12-27 17:01:28,185] {logging_mixin.py:115} INFO - [2023-12-27 17:01:28,185] {dag.py:2968} INFO - Setting next_dagrun for example_branch_datetime_operator_2 to 2023-12-26T00:00:00+00:00, run_after=2023-12-27T00:00:00+00:00
[2023-12-27 17:01:28,227] {processor.py:161} INFO - Processing /opt/conda/lib/python3.8/site-packages/airflow/example_dags/example_branch_datetime_operator.py took 0.220 seconds
[2023-12-27 17:02:34,343] {processor.py:153} INFO - Started process (PID=3047) to work on /opt/conda/lib/python3.8/site-packages/airflow/example_dags/example_branch_datetime_operator.py
[2023-12-27 17:02:34,344] {processor.py:641} INFO - Processing file /opt/conda/lib/python3.8/site-packages/airflow/example_dags/example_branch_datetime_operator.py for tasks to queue
[2023-12-27 17:02:34,344] {logging_mixin.py:115} INFO - [2023-12-27 17:02:34,344] {dagbag.py:508} INFO - Filling up the DagBag from /opt/conda/lib/python3.8/site-packages/airflow/example_dags/example_branch_datetime_operator.py
[2023-12-27 17:02:34,461] {processor.py:651} INFO - DAG(s) dict_keys(['example_branch_datetime_operator', 'example_branch_datetime_operator_2']) retrieved from /opt/conda/lib/python3.8/site-packages/airflow/example_dags/example_branch_datetime_operator.py
[2023-12-27 17:02:34,492] {logging_mixin.py:115} INFO - [2023-12-27 17:02:34,491] {dag.py:2420} INFO - Sync 2 DAGs
[2023-12-27 17:02:34,514] {logging_mixin.py:115} INFO - [2023-12-27 17:02:34,514] {dag.py:2968} INFO - Setting next_dagrun for example_branch_datetime_operator to 2023-12-26T00:00:00+00:00, run_after=2023-12-27T00:00:00+00:00
[2023-12-27 17:02:34,516] {logging_mixin.py:115} INFO - [2023-12-27 17:02:34,516] {dag.py:2968} INFO - Setting next_dagrun for example_branch_datetime_operator_2 to 2023-12-26T00:00:00+00:00, run_after=2023-12-27T00:00:00+00:00
[2023-12-27 17:02:34,553] {processor.py:161} INFO - Processing /opt/conda/lib/python3.8/site-packages/airflow/example_dags/example_branch_datetime_operator.py took 0.213 seconds
[2023-12-27 17:03:49,771] {processor.py:153} INFO - Started process (PID=3283) to work on /opt/conda/lib/python3.8/site-packages/airflow/example_dags/example_branch_datetime_operator.py
[2023-12-27 17:03:49,771] {processor.py:641} INFO - Processing file /opt/conda/lib/python3.8/site-packages/airflow/example_dags/example_branch_datetime_operator.py for tasks to queue
[2023-12-27 17:03:49,772] {logging_mixin.py:115} INFO - [2023-12-27 17:03:49,772] {dagbag.py:508} INFO - Filling up the DagBag from /opt/conda/lib/python3.8/site-packages/airflow/example_dags/example_branch_datetime_operator.py
[2023-12-27 17:03:49,893] {processor.py:651} INFO - DAG(s) dict_keys(['example_branch_datetime_operator', 'example_branch_datetime_operator_2']) retrieved from /opt/conda/lib/python3.8/site-packages/airflow/example_dags/example_branch_datetime_operator.py
[2023-12-27 17:03:49,922] {logging_mixin.py:115} INFO - [2023-12-27 17:03:49,922] {dag.py:2420} INFO - Sync 2 DAGs
[2023-12-27 17:03:49,945] {logging_mixin.py:115} INFO - [2023-12-27 17:03:49,945] {dag.py:2968} INFO - Setting next_dagrun for example_branch_datetime_operator to 2023-12-26T00:00:00+00:00, run_after=2023-12-27T00:00:00+00:00
[2023-12-27 17:03:49,946] {logging_mixin.py:115} INFO - [2023-12-27 17:03:49,946] {dag.py:2968} INFO - Setting next_dagrun for example_branch_datetime_operator_2 to 2023-12-26T00:00:00+00:00, run_after=2023-12-27T00:00:00+00:00
[2023-12-27 17:03:49,985] {processor.py:161} INFO - Processing /opt/conda/lib/python3.8/site-packages/airflow/example_dags/example_branch_datetime_operator.py took 0.218 seconds
[2023-12-27 17:04:55,363] {processor.py:153} INFO - Started process (PID=3393) to work on /opt/conda/lib/python3.8/site-packages/airflow/example_dags/example_branch_datetime_operator.py
[2023-12-27 17:04:55,364] {processor.py:641} INFO - Processing file /opt/conda/lib/python3.8/site-packages/airflow/example_dags/example_branch_datetime_operator.py for tasks to queue
[2023-12-27 17:04:55,364] {logging_mixin.py:115} INFO - [2023-12-27 17:04:55,364] {dagbag.py:508} INFO - Filling up the DagBag from /opt/conda/lib/python3.8/site-packages/airflow/example_dags/example_branch_datetime_operator.py
[2023-12-27 17:04:55,481] {processor.py:651} INFO - DAG(s) dict_keys(['example_branch_datetime_operator', 'example_branch_datetime_operator_2']) retrieved from /opt/conda/lib/python3.8/site-packages/airflow/example_dags/example_branch_datetime_operator.py
[2023-12-27 17:04:55,513] {logging_mixin.py:115} INFO - [2023-12-27 17:04:55,513] {dag.py:2420} INFO - Sync 2 DAGs
[2023-12-27 17:04:55,536] {logging_mixin.py:115} INFO - [2023-12-27 17:04:55,536] {dag.py:2968} INFO - Setting next_dagrun for example_branch_datetime_operator to 2023-12-26T00:00:00+00:00, run_after=2023-12-27T00:00:00+00:00
[2023-12-27 17:04:55,537] {logging_mixin.py:115} INFO - [2023-12-27 17:04:55,537] {dag.py:2968} INFO - Setting next_dagrun for example_branch_datetime_operator_2 to 2023-12-26T00:00:00+00:00, run_after=2023-12-27T00:00:00+00:00
[2023-12-27 17:04:55,578] {processor.py:161} INFO - Processing /opt/conda/lib/python3.8/site-packages/airflow/example_dags/example_branch_datetime_operator.py took 0.218 seconds
[2023-12-27 17:06:10,576] {processor.py:153} INFO - Started process (PID=3534) to work on /opt/conda/lib/python3.8/site-packages/airflow/example_dags/example_branch_datetime_operator.py
[2023-12-27 17:06:10,577] {processor.py:641} INFO - Processing file /opt/conda/lib/python3.8/site-packages/airflow/example_dags/example_branch_datetime_operator.py for tasks to queue
[2023-12-27 17:06:10,577] {logging_mixin.py:115} INFO - [2023-12-27 17:06:10,577] {dagbag.py:508} INFO - Filling up the DagBag from /opt/conda/lib/python3.8/site-packages/airflow/example_dags/example_branch_datetime_operator.py
[2023-12-27 17:06:10,586] {processor.py:651} INFO - DAG(s) dict_keys(['example_branch_datetime_operator', 'example_branch_datetime_operator_2']) retrieved from /opt/conda/lib/python3.8/site-packages/airflow/example_dags/example_branch_datetime_operator.py
[2023-12-27 17:06:10,623] {logging_mixin.py:115} INFO - [2023-12-27 17:06:10,623] {dag.py:2420} INFO - Sync 2 DAGs
[2023-12-27 17:06:10,650] {logging_mixin.py:115} INFO - [2023-12-27 17:06:10,650] {dag.py:2968} INFO - Setting next_dagrun for example_branch_datetime_operator to 2023-12-26T00:00:00+00:00, run_after=2023-12-27T00:00:00+00:00
[2023-12-27 17:06:10,651] {logging_mixin.py:115} INFO - [2023-12-27 17:06:10,651] {dag.py:2968} INFO - Setting next_dagrun for example_branch_datetime_operator_2 to 2023-12-26T00:00:00+00:00, run_after=2023-12-27T00:00:00+00:00
[2023-12-27 17:06:10,690] {processor.py:161} INFO - Processing /opt/conda/lib/python3.8/site-packages/airflow/example_dags/example_branch_datetime_operator.py took 0.117 seconds
[2023-12-27 17:07:15,755] {processor.py:153} INFO - Started process (PID=3652) to work on /opt/conda/lib/python3.8/site-packages/airflow/example_dags/example_branch_datetime_operator.py
[2023-12-27 17:07:15,756] {processor.py:641} INFO - Processing file /opt/conda/lib/python3.8/site-packages/airflow/example_dags/example_branch_datetime_operator.py for tasks to queue
[2023-12-27 17:07:15,756] {logging_mixin.py:115} INFO - [2023-12-27 17:07:15,756] {dagbag.py:508} INFO - Filling up the DagBag from /opt/conda/lib/python3.8/site-packages/airflow/example_dags/example_branch_datetime_operator.py
[2023-12-27 17:07:15,766] {processor.py:651} INFO - DAG(s) dict_keys(['example_branch_datetime_operator', 'example_branch_datetime_operator_2']) retrieved from /opt/conda/lib/python3.8/site-packages/airflow/example_dags/example_branch_datetime_operator.py
[2023-12-27 17:07:15,803] {logging_mixin.py:115} INFO - [2023-12-27 17:07:15,803] {dag.py:2420} INFO - Sync 2 DAGs
[2023-12-27 17:07:15,832] {logging_mixin.py:115} INFO - [2023-12-27 17:07:15,831] {dag.py:2968} INFO - Setting next_dagrun for example_branch_datetime_operator to 2023-12-26T00:00:00+00:00, run_after=2023-12-27T00:00:00+00:00
[2023-12-27 17:07:15,833] {logging_mixin.py:115} INFO - [2023-12-27 17:07:15,833] {dag.py:2968} INFO - Setting next_dagrun for example_branch_datetime_operator_2 to 2023-12-26T00:00:00+00:00, run_after=2023-12-27T00:00:00+00:00
[2023-12-27 17:07:15,876] {processor.py:161} INFO - Processing /opt/conda/lib/python3.8/site-packages/airflow/example_dags/example_branch_datetime_operator.py took 0.124 seconds
[2023-12-27 17:08:18,831] {processor.py:153} INFO - Started process (PID=3776) to work on /opt/conda/lib/python3.8/site-packages/airflow/example_dags/example_branch_datetime_operator.py
[2023-12-27 17:08:18,831] {processor.py:641} INFO - Processing file /opt/conda/lib/python3.8/site-packages/airflow/example_dags/example_branch_datetime_operator.py for tasks to queue
[2023-12-27 17:08:18,832] {logging_mixin.py:115} INFO - [2023-12-27 17:08:18,831] {dagbag.py:508} INFO - Filling up the DagBag from /opt/conda/lib/python3.8/site-packages/airflow/example_dags/example_branch_datetime_operator.py
[2023-12-27 17:08:18,841] {processor.py:651} INFO - DAG(s) dict_keys(['example_branch_datetime_operator', 'example_branch_datetime_operator_2']) retrieved from /opt/conda/lib/python3.8/site-packages/airflow/example_dags/example_branch_datetime_operator.py
[2023-12-27 17:08:18,878] {logging_mixin.py:115} INFO - [2023-12-27 17:08:18,878] {dag.py:2420} INFO - Sync 2 DAGs
[2023-12-27 17:08:18,908] {logging_mixin.py:115} INFO - [2023-12-27 17:08:18,908] {dag.py:2968} INFO - Setting next_dagrun for example_branch_datetime_operator to 2023-12-26T00:00:00+00:00, run_after=2023-12-27T00:00:00+00:00
[2023-12-27 17:08:18,909] {logging_mixin.py:115} INFO - [2023-12-27 17:08:18,909] {dag.py:2968} INFO - Setting next_dagrun for example_branch_datetime_operator_2 to 2023-12-26T00:00:00+00:00, run_after=2023-12-27T00:00:00+00:00
[2023-12-27 17:08:18,951] {processor.py:161} INFO - Processing /opt/conda/lib/python3.8/site-packages/airflow/example_dags/example_branch_datetime_operator.py took 0.123 seconds
[2023-12-27 17:09:27,032] {processor.py:153} INFO - Started process (PID=3903) to work on /opt/conda/lib/python3.8/site-packages/airflow/example_dags/example_branch_datetime_operator.py
[2023-12-27 17:09:27,033] {processor.py:641} INFO - Processing file /opt/conda/lib/python3.8/site-packages/airflow/example_dags/example_branch_datetime_operator.py for tasks to queue
[2023-12-27 17:09:27,033] {logging_mixin.py:115} INFO - [2023-12-27 17:09:27,033] {dagbag.py:508} INFO - Filling up the DagBag from /opt/conda/lib/python3.8/site-packages/airflow/example_dags/example_branch_datetime_operator.py
[2023-12-27 17:09:27,042] {processor.py:651} INFO - DAG(s) dict_keys(['example_branch_datetime_operator', 'example_branch_datetime_operator_2']) retrieved from /opt/conda/lib/python3.8/site-packages/airflow/example_dags/example_branch_datetime_operator.py
[2023-12-27 17:09:27,081] {logging_mixin.py:115} INFO - [2023-12-27 17:09:27,081] {dag.py:2420} INFO - Sync 2 DAGs
[2023-12-27 17:09:27,110] {logging_mixin.py:115} INFO - [2023-12-27 17:09:27,110] {dag.py:2968} INFO - Setting next_dagrun for example_branch_datetime_operator to 2023-12-26T00:00:00+00:00, run_after=2023-12-27T00:00:00+00:00
[2023-12-27 17:09:27,112] {logging_mixin.py:115} INFO - [2023-12-27 17:09:27,112] {dag.py:2968} INFO - Setting next_dagrun for example_branch_datetime_operator_2 to 2023-12-26T00:00:00+00:00, run_after=2023-12-27T00:00:00+00:00
[2023-12-27 17:09:27,154] {processor.py:161} INFO - Processing /opt/conda/lib/python3.8/site-packages/airflow/example_dags/example_branch_datetime_operator.py took 0.125 seconds
[2023-12-27 17:10:29,240] {processor.py:153} INFO - Started process (PID=4016) to work on /opt/conda/lib/python3.8/site-packages/airflow/example_dags/example_branch_datetime_operator.py
[2023-12-27 17:10:29,241] {processor.py:641} INFO - Processing file /opt/conda/lib/python3.8/site-packages/airflow/example_dags/example_branch_datetime_operator.py for tasks to queue
[2023-12-27 17:10:29,241] {logging_mixin.py:115} INFO - [2023-12-27 17:10:29,241] {dagbag.py:508} INFO - Filling up the DagBag from /opt/conda/lib/python3.8/site-packages/airflow/example_dags/example_branch_datetime_operator.py
[2023-12-27 17:10:29,252] {processor.py:651} INFO - DAG(s) dict_keys(['example_branch_datetime_operator', 'example_branch_datetime_operator_2']) retrieved from /opt/conda/lib/python3.8/site-packages/airflow/example_dags/example_branch_datetime_operator.py
[2023-12-27 17:10:29,291] {logging_mixin.py:115} INFO - [2023-12-27 17:10:29,291] {dag.py:2420} INFO - Sync 2 DAGs
[2023-12-27 17:10:29,322] {logging_mixin.py:115} INFO - [2023-12-27 17:10:29,322] {dag.py:2968} INFO - Setting next_dagrun for example_branch_datetime_operator to 2023-12-26T00:00:00+00:00, run_after=2023-12-27T00:00:00+00:00
[2023-12-27 17:10:29,323] {logging_mixin.py:115} INFO - [2023-12-27 17:10:29,323] {dag.py:2968} INFO - Setting next_dagrun for example_branch_datetime_operator_2 to 2023-12-26T00:00:00+00:00, run_after=2023-12-27T00:00:00+00:00
[2023-12-27 17:10:29,364] {processor.py:161} INFO - Processing /opt/conda/lib/python3.8/site-packages/airflow/example_dags/example_branch_datetime_operator.py took 0.127 seconds
[2023-12-27 17:11:31,739] {processor.py:153} INFO - Started process (PID=4129) to work on /opt/conda/lib/python3.8/site-packages/airflow/example_dags/example_branch_datetime_operator.py
[2023-12-27 17:11:31,739] {processor.py:641} INFO - Processing file /opt/conda/lib/python3.8/site-packages/airflow/example_dags/example_branch_datetime_operator.py for tasks to queue
[2023-12-27 17:11:31,740] {logging_mixin.py:115} INFO - [2023-12-27 17:11:31,740] {dagbag.py:508} INFO - Filling up the DagBag from /opt/conda/lib/python3.8/site-packages/airflow/example_dags/example_branch_datetime_operator.py
[2023-12-27 17:11:31,749] {processor.py:651} INFO - DAG(s) dict_keys(['example_branch_datetime_operator', 'example_branch_datetime_operator_2']) retrieved from /opt/conda/lib/python3.8/site-packages/airflow/example_dags/example_branch_datetime_operator.py
[2023-12-27 17:11:31,788] {logging_mixin.py:115} INFO - [2023-12-27 17:11:31,788] {dag.py:2420} INFO - Sync 2 DAGs
[2023-12-27 17:11:31,818] {logging_mixin.py:115} INFO - [2023-12-27 17:11:31,818] {dag.py:2968} INFO - Setting next_dagrun for example_branch_datetime_operator to 2023-12-26T00:00:00+00:00, run_after=2023-12-27T00:00:00+00:00
[2023-12-27 17:11:31,820] {logging_mixin.py:115} INFO - [2023-12-27 17:11:31,819] {dag.py:2968} INFO - Setting next_dagrun for example_branch_datetime_operator_2 to 2023-12-26T00:00:00+00:00, run_after=2023-12-27T00:00:00+00:00
[2023-12-27 17:11:31,860] {processor.py:161} INFO - Processing /opt/conda/lib/python3.8/site-packages/airflow/example_dags/example_branch_datetime_operator.py took 0.124 seconds
[2023-12-27 17:15:12,915] {processor.py:153} INFO - Started process (PID=4394) to work on /opt/conda/lib/python3.8/site-packages/airflow/example_dags/example_branch_datetime_operator.py
[2023-12-27 17:15:12,916] {processor.py:641} INFO - Processing file /opt/conda/lib/python3.8/site-packages/airflow/example_dags/example_branch_datetime_operator.py for tasks to queue
[2023-12-27 17:15:12,916] {logging_mixin.py:115} INFO - [2023-12-27 17:15:12,916] {dagbag.py:508} INFO - Filling up the DagBag from /opt/conda/lib/python3.8/site-packages/airflow/example_dags/example_branch_datetime_operator.py
[2023-12-27 17:15:13,031] {processor.py:651} INFO - DAG(s) dict_keys(['example_branch_datetime_operator', 'example_branch_datetime_operator_2']) retrieved from /opt/conda/lib/python3.8/site-packages/airflow/example_dags/example_branch_datetime_operator.py
[2023-12-27 17:15:13,063] {logging_mixin.py:115} INFO - [2023-12-27 17:15:13,063] {dag.py:2420} INFO - Sync 2 DAGs
[2023-12-27 17:15:13,087] {logging_mixin.py:115} INFO - [2023-12-27 17:15:13,086] {dag.py:2968} INFO - Setting next_dagrun for example_branch_datetime_operator to 2023-12-26T00:00:00+00:00, run_after=2023-12-27T00:00:00+00:00
[2023-12-27 17:15:13,088] {logging_mixin.py:115} INFO - [2023-12-27 17:15:13,088] {dag.py:2968} INFO - Setting next_dagrun for example_branch_datetime_operator_2 to 2023-12-26T00:00:00+00:00, run_after=2023-12-27T00:00:00+00:00
[2023-12-27 17:15:13,129] {processor.py:161} INFO - Processing /opt/conda/lib/python3.8/site-packages/airflow/example_dags/example_branch_datetime_operator.py took 0.217 seconds
[2023-12-27 17:16:46,008] {processor.py:153} INFO - Started process (PID=4625) to work on /opt/conda/lib/python3.8/site-packages/airflow/example_dags/example_branch_datetime_operator.py
[2023-12-27 17:16:46,009] {processor.py:641} INFO - Processing file /opt/conda/lib/python3.8/site-packages/airflow/example_dags/example_branch_datetime_operator.py for tasks to queue
[2023-12-27 17:16:46,009] {logging_mixin.py:115} INFO - [2023-12-27 17:16:46,009] {dagbag.py:508} INFO - Filling up the DagBag from /opt/conda/lib/python3.8/site-packages/airflow/example_dags/example_branch_datetime_operator.py
[2023-12-27 17:16:46,124] {processor.py:651} INFO - DAG(s) dict_keys(['example_branch_datetime_operator', 'example_branch_datetime_operator_2']) retrieved from /opt/conda/lib/python3.8/site-packages/airflow/example_dags/example_branch_datetime_operator.py
[2023-12-27 17:16:46,155] {logging_mixin.py:115} INFO - [2023-12-27 17:16:46,154] {dag.py:2420} INFO - Sync 2 DAGs
[2023-12-27 17:16:46,179] {logging_mixin.py:115} INFO - [2023-12-27 17:16:46,179] {dag.py:2968} INFO - Setting next_dagrun for example_branch_datetime_operator to 2023-12-26T00:00:00+00:00, run_after=2023-12-27T00:00:00+00:00
[2023-12-27 17:16:46,180] {logging_mixin.py:115} INFO - [2023-12-27 17:16:46,180] {dag.py:2968} INFO - Setting next_dagrun for example_branch_datetime_operator_2 to 2023-12-26T00:00:00+00:00, run_after=2023-12-27T00:00:00+00:00
[2023-12-27 17:16:46,221] {processor.py:161} INFO - Processing /opt/conda/lib/python3.8/site-packages/airflow/example_dags/example_branch_datetime_operator.py took 0.216 seconds
[2023-12-27 17:17:46,672] {processor.py:153} INFO - Started process (PID=4732) to work on /opt/conda/lib/python3.8/site-packages/airflow/example_dags/example_branch_datetime_operator.py
[2023-12-27 17:17:46,673] {processor.py:641} INFO - Processing file /opt/conda/lib/python3.8/site-packages/airflow/example_dags/example_branch_datetime_operator.py for tasks to queue
[2023-12-27 17:17:46,673] {logging_mixin.py:115} INFO - [2023-12-27 17:17:46,673] {dagbag.py:508} INFO - Filling up the DagBag from /opt/conda/lib/python3.8/site-packages/airflow/example_dags/example_branch_datetime_operator.py
[2023-12-27 17:17:46,815] {processor.py:651} INFO - DAG(s) dict_keys(['example_branch_datetime_operator', 'example_branch_datetime_operator_2']) retrieved from /opt/conda/lib/python3.8/site-packages/airflow/example_dags/example_branch_datetime_operator.py
[2023-12-27 17:17:46,847] {logging_mixin.py:115} INFO - [2023-12-27 17:17:46,847] {dag.py:2420} INFO - Sync 2 DAGs
[2023-12-27 17:17:46,871] {logging_mixin.py:115} INFO - [2023-12-27 17:17:46,871] {dag.py:2968} INFO - Setting next_dagrun for example_branch_datetime_operator to 2023-12-26T00:00:00+00:00, run_after=2023-12-27T00:00:00+00:00
[2023-12-27 17:17:46,873] {logging_mixin.py:115} INFO - [2023-12-27 17:17:46,873] {dag.py:2968} INFO - Setting next_dagrun for example_branch_datetime_operator_2 to 2023-12-26T00:00:00+00:00, run_after=2023-12-27T00:00:00+00:00
[2023-12-27 17:17:46,913] {processor.py:161} INFO - Processing /opt/conda/lib/python3.8/site-packages/airflow/example_dags/example_branch_datetime_operator.py took 0.244 seconds
[2023-12-27 17:19:21,467] {processor.py:153} INFO - Started process (PID=4976) to work on /opt/conda/lib/python3.8/site-packages/airflow/example_dags/example_branch_datetime_operator.py
[2023-12-27 17:19:21,468] {processor.py:641} INFO - Processing file /opt/conda/lib/python3.8/site-packages/airflow/example_dags/example_branch_datetime_operator.py for tasks to queue
[2023-12-27 17:19:21,468] {logging_mixin.py:115} INFO - [2023-12-27 17:19:21,468] {dagbag.py:508} INFO - Filling up the DagBag from /opt/conda/lib/python3.8/site-packages/airflow/example_dags/example_branch_datetime_operator.py
[2023-12-27 17:19:21,585] {processor.py:651} INFO - DAG(s) dict_keys(['example_branch_datetime_operator', 'example_branch_datetime_operator_2']) retrieved from /opt/conda/lib/python3.8/site-packages/airflow/example_dags/example_branch_datetime_operator.py
[2023-12-27 17:19:21,615] {logging_mixin.py:115} INFO - [2023-12-27 17:19:21,615] {dag.py:2420} INFO - Sync 2 DAGs
[2023-12-27 17:19:21,638] {logging_mixin.py:115} INFO - [2023-12-27 17:19:21,638] {dag.py:2968} INFO - Setting next_dagrun for example_branch_datetime_operator to 2023-12-26T00:00:00+00:00, run_after=2023-12-27T00:00:00+00:00
[2023-12-27 17:19:21,640] {logging_mixin.py:115} INFO - [2023-12-27 17:19:21,640] {dag.py:2968} INFO - Setting next_dagrun for example_branch_datetime_operator_2 to 2023-12-26T00:00:00+00:00, run_after=2023-12-27T00:00:00+00:00
[2023-12-27 17:19:21,681] {processor.py:161} INFO - Processing /opt/conda/lib/python3.8/site-packages/airflow/example_dags/example_branch_datetime_operator.py took 0.217 seconds
[2023-12-27 17:20:32,828] {processor.py:153} INFO - Started process (PID=5103) to work on /opt/conda/lib/python3.8/site-packages/airflow/example_dags/example_branch_datetime_operator.py
[2023-12-27 17:20:32,828] {processor.py:641} INFO - Processing file /opt/conda/lib/python3.8/site-packages/airflow/example_dags/example_branch_datetime_operator.py for tasks to queue
[2023-12-27 17:20:32,828] {logging_mixin.py:115} INFO - [2023-12-27 17:20:32,828] {dagbag.py:508} INFO - Filling up the DagBag from /opt/conda/lib/python3.8/site-packages/airflow/example_dags/example_branch_datetime_operator.py
[2023-12-27 17:20:32,838] {processor.py:651} INFO - DAG(s) dict_keys(['example_branch_datetime_operator', 'example_branch_datetime_operator_2']) retrieved from /opt/conda/lib/python3.8/site-packages/airflow/example_dags/example_branch_datetime_operator.py
[2023-12-27 17:20:32,878] {logging_mixin.py:115} INFO - [2023-12-27 17:20:32,878] {dag.py:2420} INFO - Sync 2 DAGs
[2023-12-27 17:20:32,908] {logging_mixin.py:115} INFO - [2023-12-27 17:20:32,908] {dag.py:2968} INFO - Setting next_dagrun for example_branch_datetime_operator to 2023-12-26T00:00:00+00:00, run_after=2023-12-27T00:00:00+00:00
[2023-12-27 17:20:32,910] {logging_mixin.py:115} INFO - [2023-12-27 17:20:32,910] {dag.py:2968} INFO - Setting next_dagrun for example_branch_datetime_operator_2 to 2023-12-26T00:00:00+00:00, run_after=2023-12-27T00:00:00+00:00
[2023-12-27 17:20:32,954] {processor.py:161} INFO - Processing /opt/conda/lib/python3.8/site-packages/airflow/example_dags/example_branch_datetime_operator.py took 0.130 seconds
[2023-12-27 17:21:40,098] {processor.py:153} INFO - Started process (PID=5241) to work on /opt/conda/lib/python3.8/site-packages/airflow/example_dags/example_branch_datetime_operator.py
[2023-12-27 17:21:40,099] {processor.py:641} INFO - Processing file /opt/conda/lib/python3.8/site-packages/airflow/example_dags/example_branch_datetime_operator.py for tasks to queue
[2023-12-27 17:21:40,099] {logging_mixin.py:115} INFO - [2023-12-27 17:21:40,099] {dagbag.py:508} INFO - Filling up the DagBag from /opt/conda/lib/python3.8/site-packages/airflow/example_dags/example_branch_datetime_operator.py
[2023-12-27 17:21:40,109] {processor.py:651} INFO - DAG(s) dict_keys(['example_branch_datetime_operator', 'example_branch_datetime_operator_2']) retrieved from /opt/conda/lib/python3.8/site-packages/airflow/example_dags/example_branch_datetime_operator.py
[2023-12-27 17:21:40,146] {logging_mixin.py:115} INFO - [2023-12-27 17:21:40,146] {dag.py:2420} INFO - Sync 2 DAGs
[2023-12-27 17:21:40,175] {logging_mixin.py:115} INFO - [2023-12-27 17:21:40,175] {dag.py:2968} INFO - Setting next_dagrun for example_branch_datetime_operator to 2023-12-26T00:00:00+00:00, run_after=2023-12-27T00:00:00+00:00
[2023-12-27 17:21:40,177] {logging_mixin.py:115} INFO - [2023-12-27 17:21:40,177] {dag.py:2968} INFO - Setting next_dagrun for example_branch_datetime_operator_2 to 2023-12-26T00:00:00+00:00, run_after=2023-12-27T00:00:00+00:00
[2023-12-27 17:21:40,218] {processor.py:161} INFO - Processing /opt/conda/lib/python3.8/site-packages/airflow/example_dags/example_branch_datetime_operator.py took 0.123 seconds
