[2023-12-27 07:13:18,324] {processor.py:153} INFO - Started process (PID=1387) to work on /opt/conda/lib/python3.8/site-packages/airflow/example_dags/example_trigger_target_dag.py
[2023-12-27 07:13:18,325] {processor.py:641} INFO - Processing file /opt/conda/lib/python3.8/site-packages/airflow/example_dags/example_trigger_target_dag.py for tasks to queue
[2023-12-27 07:13:18,325] {logging_mixin.py:115} INFO - [2023-12-27 07:13:18,325] {dagbag.py:508} INFO - Filling up the DagBag from /opt/conda/lib/python3.8/site-packages/airflow/example_dags/example_trigger_target_dag.py
[2023-12-27 07:13:18,446] {processor.py:651} INFO - DAG(s) dict_keys(['example_trigger_target_dag']) retrieved from /opt/conda/lib/python3.8/site-packages/airflow/example_dags/example_trigger_target_dag.py
[2023-12-27 07:13:18,466] {logging_mixin.py:115} INFO - [2023-12-27 07:13:18,466] {dag.py:2420} INFO - Sync 1 DAGs
[2023-12-27 15:36:15,942] {processor.py:153} INFO - Started process (PID=1097) to work on /opt/conda/lib/python3.8/site-packages/airflow/example_dags/example_trigger_target_dag.py
[2023-12-27 15:36:15,942] {processor.py:641} INFO - Processing file /opt/conda/lib/python3.8/site-packages/airflow/example_dags/example_trigger_target_dag.py for tasks to queue
[2023-12-27 15:36:15,943] {logging_mixin.py:115} INFO - [2023-12-27 15:36:15,943] {dagbag.py:508} INFO - Filling up the DagBag from /opt/conda/lib/python3.8/site-packages/airflow/example_dags/example_trigger_target_dag.py
[2023-12-27 15:36:16,068] {processor.py:651} INFO - DAG(s) dict_keys(['example_trigger_target_dag']) retrieved from /opt/conda/lib/python3.8/site-packages/airflow/example_dags/example_trigger_target_dag.py
[2023-12-27 15:36:16,091] {logging_mixin.py:115} INFO - [2023-12-27 15:36:16,091] {dag.py:2420} INFO - Sync 1 DAGs
[2023-12-27 15:36:16,113] {logging_mixin.py:115} INFO - [2023-12-27 15:36:16,113] {dag.py:2968} INFO - Setting next_dagrun for example_trigger_target_dag to None, run_after=None
[2023-12-27 15:36:16,154] {processor.py:161} INFO - Processing /opt/conda/lib/python3.8/site-packages/airflow/example_dags/example_trigger_target_dag.py took 0.216 seconds
[2023-12-27 15:37:14,165] {processor.py:153} INFO - Started process (PID=1215) to work on /opt/conda/lib/python3.8/site-packages/airflow/example_dags/example_trigger_target_dag.py
[2023-12-27 15:37:14,165] {processor.py:641} INFO - Processing file /opt/conda/lib/python3.8/site-packages/airflow/example_dags/example_trigger_target_dag.py for tasks to queue
[2023-12-27 15:37:14,166] {logging_mixin.py:115} INFO - [2023-12-27 15:37:14,166] {dagbag.py:508} INFO - Filling up the DagBag from /opt/conda/lib/python3.8/site-packages/airflow/example_dags/example_trigger_target_dag.py
[2023-12-27 15:37:14,292] {processor.py:651} INFO - DAG(s) dict_keys(['example_trigger_target_dag']) retrieved from /opt/conda/lib/python3.8/site-packages/airflow/example_dags/example_trigger_target_dag.py
[2023-12-27 15:37:14,314] {logging_mixin.py:115} INFO - [2023-12-27 15:37:14,314] {dag.py:2420} INFO - Sync 1 DAGs
[2023-12-27 15:37:14,336] {logging_mixin.py:115} INFO - [2023-12-27 15:37:14,336] {dag.py:2968} INFO - Setting next_dagrun for example_trigger_target_dag to None, run_after=None
[2023-12-27 15:37:14,377] {processor.py:161} INFO - Processing /opt/conda/lib/python3.8/site-packages/airflow/example_dags/example_trigger_target_dag.py took 0.216 seconds
[2023-12-27 15:38:10,793] {processor.py:153} INFO - Started process (PID=1307) to work on /opt/conda/lib/python3.8/site-packages/airflow/example_dags/example_trigger_target_dag.py
[2023-12-27 15:38:10,794] {processor.py:641} INFO - Processing file /opt/conda/lib/python3.8/site-packages/airflow/example_dags/example_trigger_target_dag.py for tasks to queue
[2023-12-27 15:38:10,794] {logging_mixin.py:115} INFO - [2023-12-27 15:38:10,794] {dagbag.py:508} INFO - Filling up the DagBag from /opt/conda/lib/python3.8/site-packages/airflow/example_dags/example_trigger_target_dag.py
[2023-12-27 15:38:10,920] {processor.py:651} INFO - DAG(s) dict_keys(['example_trigger_target_dag']) retrieved from /opt/conda/lib/python3.8/site-packages/airflow/example_dags/example_trigger_target_dag.py
[2023-12-27 15:38:10,944] {logging_mixin.py:115} INFO - [2023-12-27 15:38:10,944] {dag.py:2420} INFO - Sync 1 DAGs
[2023-12-27 15:38:10,966] {logging_mixin.py:115} INFO - [2023-12-27 15:38:10,966] {dag.py:2968} INFO - Setting next_dagrun for example_trigger_target_dag to None, run_after=None
[2023-12-27 15:38:11,007] {processor.py:161} INFO - Processing /opt/conda/lib/python3.8/site-packages/airflow/example_dags/example_trigger_target_dag.py took 0.217 seconds
[2023-12-27 15:39:07,655] {processor.py:153} INFO - Started process (PID=1383) to work on /opt/conda/lib/python3.8/site-packages/airflow/example_dags/example_trigger_target_dag.py
[2023-12-27 15:39:07,655] {processor.py:641} INFO - Processing file /opt/conda/lib/python3.8/site-packages/airflow/example_dags/example_trigger_target_dag.py for tasks to queue
[2023-12-27 15:39:07,656] {logging_mixin.py:115} INFO - [2023-12-27 15:39:07,655] {dagbag.py:508} INFO - Filling up the DagBag from /opt/conda/lib/python3.8/site-packages/airflow/example_dags/example_trigger_target_dag.py
[2023-12-27 15:39:07,781] {processor.py:651} INFO - DAG(s) dict_keys(['example_trigger_target_dag']) retrieved from /opt/conda/lib/python3.8/site-packages/airflow/example_dags/example_trigger_target_dag.py
[2023-12-27 15:39:07,806] {logging_mixin.py:115} INFO - [2023-12-27 15:39:07,805] {dag.py:2420} INFO - Sync 1 DAGs
[2023-12-27 15:39:07,828] {logging_mixin.py:115} INFO - [2023-12-27 15:39:07,828] {dag.py:2968} INFO - Setting next_dagrun for example_trigger_target_dag to None, run_after=None
[2023-12-27 15:39:07,868] {processor.py:161} INFO - Processing /opt/conda/lib/python3.8/site-packages/airflow/example_dags/example_trigger_target_dag.py took 0.217 seconds
[2023-12-27 15:40:04,044] {processor.py:153} INFO - Started process (PID=1539) to work on /opt/conda/lib/python3.8/site-packages/airflow/example_dags/example_trigger_target_dag.py
[2023-12-27 15:40:04,045] {processor.py:641} INFO - Processing file /opt/conda/lib/python3.8/site-packages/airflow/example_dags/example_trigger_target_dag.py for tasks to queue
[2023-12-27 15:40:04,045] {logging_mixin.py:115} INFO - [2023-12-27 15:40:04,045] {dagbag.py:508} INFO - Filling up the DagBag from /opt/conda/lib/python3.8/site-packages/airflow/example_dags/example_trigger_target_dag.py
[2023-12-27 15:40:04,170] {processor.py:651} INFO - DAG(s) dict_keys(['example_trigger_target_dag']) retrieved from /opt/conda/lib/python3.8/site-packages/airflow/example_dags/example_trigger_target_dag.py
[2023-12-27 15:40:04,194] {logging_mixin.py:115} INFO - [2023-12-27 15:40:04,194] {dag.py:2420} INFO - Sync 1 DAGs
[2023-12-27 15:40:04,216] {logging_mixin.py:115} INFO - [2023-12-27 15:40:04,216] {dag.py:2968} INFO - Setting next_dagrun for example_trigger_target_dag to None, run_after=None
[2023-12-27 15:40:04,256] {processor.py:161} INFO - Processing /opt/conda/lib/python3.8/site-packages/airflow/example_dags/example_trigger_target_dag.py took 0.215 seconds
[2023-12-27 15:41:40,982] {processor.py:153} INFO - Started process (PID=1721) to work on /opt/conda/lib/python3.8/site-packages/airflow/example_dags/example_trigger_target_dag.py
[2023-12-27 15:41:40,983] {processor.py:641} INFO - Processing file /opt/conda/lib/python3.8/site-packages/airflow/example_dags/example_trigger_target_dag.py for tasks to queue
[2023-12-27 15:41:40,983] {logging_mixin.py:115} INFO - [2023-12-27 15:41:40,983] {dagbag.py:508} INFO - Filling up the DagBag from /opt/conda/lib/python3.8/site-packages/airflow/example_dags/example_trigger_target_dag.py
[2023-12-27 15:41:40,999] {processor.py:651} INFO - DAG(s) dict_keys(['example_trigger_target_dag']) retrieved from /opt/conda/lib/python3.8/site-packages/airflow/example_dags/example_trigger_target_dag.py
[2023-12-27 15:41:41,028] {logging_mixin.py:115} INFO - [2023-12-27 15:41:41,028] {dag.py:2420} INFO - Sync 1 DAGs
[2023-12-27 15:41:41,055] {logging_mixin.py:115} INFO - [2023-12-27 15:41:41,055] {dag.py:2968} INFO - Setting next_dagrun for example_trigger_target_dag to None, run_after=None
[2023-12-27 15:41:41,097] {processor.py:161} INFO - Processing /opt/conda/lib/python3.8/site-packages/airflow/example_dags/example_trigger_target_dag.py took 0.118 seconds
[2023-12-27 15:42:34,419] {processor.py:153} INFO - Started process (PID=1795) to work on /opt/conda/lib/python3.8/site-packages/airflow/example_dags/example_trigger_target_dag.py
[2023-12-27 15:42:34,419] {processor.py:641} INFO - Processing file /opt/conda/lib/python3.8/site-packages/airflow/example_dags/example_trigger_target_dag.py for tasks to queue
[2023-12-27 15:42:34,420] {logging_mixin.py:115} INFO - [2023-12-27 15:42:34,420] {dagbag.py:508} INFO - Filling up the DagBag from /opt/conda/lib/python3.8/site-packages/airflow/example_dags/example_trigger_target_dag.py
[2023-12-27 15:42:34,436] {processor.py:651} INFO - DAG(s) dict_keys(['example_trigger_target_dag']) retrieved from /opt/conda/lib/python3.8/site-packages/airflow/example_dags/example_trigger_target_dag.py
[2023-12-27 15:42:34,465] {logging_mixin.py:115} INFO - [2023-12-27 15:42:34,465] {dag.py:2420} INFO - Sync 1 DAGs
[2023-12-27 15:42:34,491] {logging_mixin.py:115} INFO - [2023-12-27 15:42:34,491] {dag.py:2968} INFO - Setting next_dagrun for example_trigger_target_dag to None, run_after=None
[2023-12-27 15:42:34,531] {processor.py:161} INFO - Processing /opt/conda/lib/python3.8/site-packages/airflow/example_dags/example_trigger_target_dag.py took 0.115 seconds
[2023-12-27 15:43:45,700] {processor.py:153} INFO - Started process (PID=1913) to work on /opt/conda/lib/python3.8/site-packages/airflow/example_dags/example_trigger_target_dag.py
[2023-12-27 15:43:45,700] {processor.py:641} INFO - Processing file /opt/conda/lib/python3.8/site-packages/airflow/example_dags/example_trigger_target_dag.py for tasks to queue
[2023-12-27 15:43:45,701] {logging_mixin.py:115} INFO - [2023-12-27 15:43:45,701] {dagbag.py:508} INFO - Filling up the DagBag from /opt/conda/lib/python3.8/site-packages/airflow/example_dags/example_trigger_target_dag.py
[2023-12-27 15:43:45,718] {processor.py:651} INFO - DAG(s) dict_keys(['example_trigger_target_dag']) retrieved from /opt/conda/lib/python3.8/site-packages/airflow/example_dags/example_trigger_target_dag.py
[2023-12-27 15:43:45,747] {logging_mixin.py:115} INFO - [2023-12-27 15:43:45,746] {dag.py:2420} INFO - Sync 1 DAGs
[2023-12-27 15:43:45,772] {logging_mixin.py:115} INFO - [2023-12-27 15:43:45,772] {dag.py:2968} INFO - Setting next_dagrun for example_trigger_target_dag to None, run_after=None
[2023-12-27 15:43:45,813] {processor.py:161} INFO - Processing /opt/conda/lib/python3.8/site-packages/airflow/example_dags/example_trigger_target_dag.py took 0.116 seconds
[2023-12-27 15:44:58,874] {processor.py:153} INFO - Started process (PID=2003) to work on /opt/conda/lib/python3.8/site-packages/airflow/example_dags/example_trigger_target_dag.py
[2023-12-27 15:44:58,874] {processor.py:641} INFO - Processing file /opt/conda/lib/python3.8/site-packages/airflow/example_dags/example_trigger_target_dag.py for tasks to queue
[2023-12-27 15:44:58,875] {logging_mixin.py:115} INFO - [2023-12-27 15:44:58,875] {dagbag.py:508} INFO - Filling up the DagBag from /opt/conda/lib/python3.8/site-packages/airflow/example_dags/example_trigger_target_dag.py
[2023-12-27 15:44:58,891] {processor.py:651} INFO - DAG(s) dict_keys(['example_trigger_target_dag']) retrieved from /opt/conda/lib/python3.8/site-packages/airflow/example_dags/example_trigger_target_dag.py
[2023-12-27 15:44:58,919] {logging_mixin.py:115} INFO - [2023-12-27 15:44:58,919] {dag.py:2420} INFO - Sync 1 DAGs
[2023-12-27 15:44:58,945] {logging_mixin.py:115} INFO - [2023-12-27 15:44:58,945] {dag.py:2968} INFO - Setting next_dagrun for example_trigger_target_dag to None, run_after=None
[2023-12-27 15:44:58,985] {processor.py:161} INFO - Processing /opt/conda/lib/python3.8/site-packages/airflow/example_dags/example_trigger_target_dag.py took 0.114 seconds
[2023-12-27 15:46:10,269] {processor.py:153} INFO - Started process (PID=2122) to work on /opt/conda/lib/python3.8/site-packages/airflow/example_dags/example_trigger_target_dag.py
[2023-12-27 15:46:10,270] {processor.py:641} INFO - Processing file /opt/conda/lib/python3.8/site-packages/airflow/example_dags/example_trigger_target_dag.py for tasks to queue
[2023-12-27 15:46:10,270] {logging_mixin.py:115} INFO - [2023-12-27 15:46:10,270] {dagbag.py:508} INFO - Filling up the DagBag from /opt/conda/lib/python3.8/site-packages/airflow/example_dags/example_trigger_target_dag.py
[2023-12-27 15:46:10,287] {processor.py:651} INFO - DAG(s) dict_keys(['example_trigger_target_dag']) retrieved from /opt/conda/lib/python3.8/site-packages/airflow/example_dags/example_trigger_target_dag.py
[2023-12-27 15:46:10,315] {logging_mixin.py:115} INFO - [2023-12-27 15:46:10,315] {dag.py:2420} INFO - Sync 1 DAGs
[2023-12-27 15:46:10,341] {logging_mixin.py:115} INFO - [2023-12-27 15:46:10,341] {dag.py:2968} INFO - Setting next_dagrun for example_trigger_target_dag to None, run_after=None
[2023-12-27 15:46:10,384] {processor.py:161} INFO - Processing /opt/conda/lib/python3.8/site-packages/airflow/example_dags/example_trigger_target_dag.py took 0.118 seconds
[2023-12-27 15:47:20,342] {processor.py:153} INFO - Started process (PID=2210) to work on /opt/conda/lib/python3.8/site-packages/airflow/example_dags/example_trigger_target_dag.py
[2023-12-27 15:47:20,343] {processor.py:641} INFO - Processing file /opt/conda/lib/python3.8/site-packages/airflow/example_dags/example_trigger_target_dag.py for tasks to queue
[2023-12-27 15:47:20,343] {logging_mixin.py:115} INFO - [2023-12-27 15:47:20,343] {dagbag.py:508} INFO - Filling up the DagBag from /opt/conda/lib/python3.8/site-packages/airflow/example_dags/example_trigger_target_dag.py
[2023-12-27 15:47:20,359] {processor.py:651} INFO - DAG(s) dict_keys(['example_trigger_target_dag']) retrieved from /opt/conda/lib/python3.8/site-packages/airflow/example_dags/example_trigger_target_dag.py
[2023-12-27 15:47:20,388] {logging_mixin.py:115} INFO - [2023-12-27 15:47:20,388] {dag.py:2420} INFO - Sync 1 DAGs
[2023-12-27 15:47:20,414] {logging_mixin.py:115} INFO - [2023-12-27 15:47:20,414] {dag.py:2968} INFO - Setting next_dagrun for example_trigger_target_dag to None, run_after=None
[2023-12-27 15:47:20,457] {processor.py:161} INFO - Processing /opt/conda/lib/python3.8/site-packages/airflow/example_dags/example_trigger_target_dag.py took 0.118 seconds
[2023-12-27 15:48:30,100] {processor.py:153} INFO - Started process (PID=2328) to work on /opt/conda/lib/python3.8/site-packages/airflow/example_dags/example_trigger_target_dag.py
[2023-12-27 15:48:30,101] {processor.py:641} INFO - Processing file /opt/conda/lib/python3.8/site-packages/airflow/example_dags/example_trigger_target_dag.py for tasks to queue
[2023-12-27 15:48:30,101] {logging_mixin.py:115} INFO - [2023-12-27 15:48:30,101] {dagbag.py:508} INFO - Filling up the DagBag from /opt/conda/lib/python3.8/site-packages/airflow/example_dags/example_trigger_target_dag.py
[2023-12-27 15:48:30,118] {processor.py:651} INFO - DAG(s) dict_keys(['example_trigger_target_dag']) retrieved from /opt/conda/lib/python3.8/site-packages/airflow/example_dags/example_trigger_target_dag.py
[2023-12-27 15:48:30,147] {logging_mixin.py:115} INFO - [2023-12-27 15:48:30,147] {dag.py:2420} INFO - Sync 1 DAGs
[2023-12-27 15:48:30,174] {logging_mixin.py:115} INFO - [2023-12-27 15:48:30,174] {dag.py:2968} INFO - Setting next_dagrun for example_trigger_target_dag to None, run_after=None
[2023-12-27 15:48:30,216] {processor.py:161} INFO - Processing /opt/conda/lib/python3.8/site-packages/airflow/example_dags/example_trigger_target_dag.py took 0.119 seconds
[2023-12-27 17:01:59,087] {processor.py:153} INFO - Started process (PID=2959) to work on /opt/conda/lib/python3.8/site-packages/airflow/example_dags/example_trigger_target_dag.py
[2023-12-27 17:01:59,087] {processor.py:641} INFO - Processing file /opt/conda/lib/python3.8/site-packages/airflow/example_dags/example_trigger_target_dag.py for tasks to queue
[2023-12-27 17:01:59,088] {logging_mixin.py:115} INFO - [2023-12-27 17:01:59,088] {dagbag.py:508} INFO - Filling up the DagBag from /opt/conda/lib/python3.8/site-packages/airflow/example_dags/example_trigger_target_dag.py
[2023-12-27 17:01:59,208] {processor.py:651} INFO - DAG(s) dict_keys(['example_trigger_target_dag']) retrieved from /opt/conda/lib/python3.8/site-packages/airflow/example_dags/example_trigger_target_dag.py
[2023-12-27 17:01:59,231] {logging_mixin.py:115} INFO - [2023-12-27 17:01:59,231] {dag.py:2420} INFO - Sync 1 DAGs
[2023-12-27 17:01:59,253] {logging_mixin.py:115} INFO - [2023-12-27 17:01:59,253] {dag.py:2968} INFO - Setting next_dagrun for example_trigger_target_dag to None, run_after=None
[2023-12-27 17:01:59,293] {processor.py:161} INFO - Processing /opt/conda/lib/python3.8/site-packages/airflow/example_dags/example_trigger_target_dag.py took 0.210 seconds
[2023-12-27 17:04:19,112] {processor.py:153} INFO - Started process (PID=3305) to work on /opt/conda/lib/python3.8/site-packages/airflow/example_dags/example_trigger_target_dag.py
[2023-12-27 17:04:19,113] {processor.py:641} INFO - Processing file /opt/conda/lib/python3.8/site-packages/airflow/example_dags/example_trigger_target_dag.py for tasks to queue
[2023-12-27 17:04:19,113] {logging_mixin.py:115} INFO - [2023-12-27 17:04:19,113] {dagbag.py:508} INFO - Filling up the DagBag from /opt/conda/lib/python3.8/site-packages/airflow/example_dags/example_trigger_target_dag.py
[2023-12-27 17:04:19,232] {processor.py:651} INFO - DAG(s) dict_keys(['example_trigger_target_dag']) retrieved from /opt/conda/lib/python3.8/site-packages/airflow/example_dags/example_trigger_target_dag.py
[2023-12-27 17:04:19,254] {logging_mixin.py:115} INFO - [2023-12-27 17:04:19,254] {dag.py:2420} INFO - Sync 1 DAGs
[2023-12-27 17:04:19,275] {logging_mixin.py:115} INFO - [2023-12-27 17:04:19,275] {dag.py:2968} INFO - Setting next_dagrun for example_trigger_target_dag to None, run_after=None
[2023-12-27 17:04:19,314] {processor.py:161} INFO - Processing /opt/conda/lib/python3.8/site-packages/airflow/example_dags/example_trigger_target_dag.py took 0.205 seconds
[2023-12-27 17:05:34,212] {processor.py:153} INFO - Started process (PID=3446) to work on /opt/conda/lib/python3.8/site-packages/airflow/example_dags/example_trigger_target_dag.py
[2023-12-27 17:05:34,212] {processor.py:641} INFO - Processing file /opt/conda/lib/python3.8/site-packages/airflow/example_dags/example_trigger_target_dag.py for tasks to queue
[2023-12-27 17:05:34,213] {logging_mixin.py:115} INFO - [2023-12-27 17:05:34,213] {dagbag.py:508} INFO - Filling up the DagBag from /opt/conda/lib/python3.8/site-packages/airflow/example_dags/example_trigger_target_dag.py
[2023-12-27 17:05:34,349] {processor.py:651} INFO - DAG(s) dict_keys(['example_trigger_target_dag']) retrieved from /opt/conda/lib/python3.8/site-packages/airflow/example_dags/example_trigger_target_dag.py
[2023-12-27 17:05:34,372] {logging_mixin.py:115} INFO - [2023-12-27 17:05:34,372] {dag.py:2420} INFO - Sync 1 DAGs
[2023-12-27 17:05:34,394] {logging_mixin.py:115} INFO - [2023-12-27 17:05:34,394] {dag.py:2968} INFO - Setting next_dagrun for example_trigger_target_dag to None, run_after=None
[2023-12-27 17:05:34,432] {processor.py:161} INFO - Processing /opt/conda/lib/python3.8/site-packages/airflow/example_dags/example_trigger_target_dag.py took 0.224 seconds
[2023-12-27 17:06:44,687] {processor.py:153} INFO - Started process (PID=3578) to work on /opt/conda/lib/python3.8/site-packages/airflow/example_dags/example_trigger_target_dag.py
[2023-12-27 17:06:44,687] {processor.py:641} INFO - Processing file /opt/conda/lib/python3.8/site-packages/airflow/example_dags/example_trigger_target_dag.py for tasks to queue
[2023-12-27 17:06:44,688] {logging_mixin.py:115} INFO - [2023-12-27 17:06:44,688] {dagbag.py:508} INFO - Filling up the DagBag from /opt/conda/lib/python3.8/site-packages/airflow/example_dags/example_trigger_target_dag.py
[2023-12-27 17:06:44,705] {processor.py:651} INFO - DAG(s) dict_keys(['example_trigger_target_dag']) retrieved from /opt/conda/lib/python3.8/site-packages/airflow/example_dags/example_trigger_target_dag.py
[2023-12-27 17:06:44,736] {logging_mixin.py:115} INFO - [2023-12-27 17:06:44,736] {dag.py:2420} INFO - Sync 1 DAGs
[2023-12-27 17:06:44,764] {logging_mixin.py:115} INFO - [2023-12-27 17:06:44,764] {dag.py:2968} INFO - Setting next_dagrun for example_trigger_target_dag to None, run_after=None
[2023-12-27 17:06:44,807] {processor.py:161} INFO - Processing /opt/conda/lib/python3.8/site-packages/airflow/example_dags/example_trigger_target_dag.py took 0.123 seconds
[2023-12-27 17:07:49,005] {processor.py:153} INFO - Started process (PID=3705) to work on /opt/conda/lib/python3.8/site-packages/airflow/example_dags/example_trigger_target_dag.py
[2023-12-27 17:07:49,006] {processor.py:641} INFO - Processing file /opt/conda/lib/python3.8/site-packages/airflow/example_dags/example_trigger_target_dag.py for tasks to queue
[2023-12-27 17:07:49,006] {logging_mixin.py:115} INFO - [2023-12-27 17:07:49,006] {dagbag.py:508} INFO - Filling up the DagBag from /opt/conda/lib/python3.8/site-packages/airflow/example_dags/example_trigger_target_dag.py
[2023-12-27 17:07:49,022] {processor.py:651} INFO - DAG(s) dict_keys(['example_trigger_target_dag']) retrieved from /opt/conda/lib/python3.8/site-packages/airflow/example_dags/example_trigger_target_dag.py
[2023-12-27 17:07:49,050] {logging_mixin.py:115} INFO - [2023-12-27 17:07:49,050] {dag.py:2420} INFO - Sync 1 DAGs
[2023-12-27 17:07:49,077] {logging_mixin.py:115} INFO - [2023-12-27 17:07:49,077] {dag.py:2968} INFO - Setting next_dagrun for example_trigger_target_dag to None, run_after=None
[2023-12-27 17:07:49,121] {processor.py:161} INFO - Processing /opt/conda/lib/python3.8/site-packages/airflow/example_dags/example_trigger_target_dag.py took 0.118 seconds
[2023-12-27 17:08:53,391] {processor.py:153} INFO - Started process (PID=3824) to work on /opt/conda/lib/python3.8/site-packages/airflow/example_dags/example_trigger_target_dag.py
[2023-12-27 17:08:53,391] {processor.py:641} INFO - Processing file /opt/conda/lib/python3.8/site-packages/airflow/example_dags/example_trigger_target_dag.py for tasks to queue
[2023-12-27 17:08:53,392] {logging_mixin.py:115} INFO - [2023-12-27 17:08:53,392] {dagbag.py:508} INFO - Filling up the DagBag from /opt/conda/lib/python3.8/site-packages/airflow/example_dags/example_trigger_target_dag.py
[2023-12-27 17:08:53,408] {processor.py:651} INFO - DAG(s) dict_keys(['example_trigger_target_dag']) retrieved from /opt/conda/lib/python3.8/site-packages/airflow/example_dags/example_trigger_target_dag.py
[2023-12-27 17:08:53,435] {logging_mixin.py:115} INFO - [2023-12-27 17:08:53,435] {dag.py:2420} INFO - Sync 1 DAGs
[2023-12-27 17:08:53,460] {logging_mixin.py:115} INFO - [2023-12-27 17:08:53,460] {dag.py:2968} INFO - Setting next_dagrun for example_trigger_target_dag to None, run_after=None
[2023-12-27 17:08:53,499] {processor.py:161} INFO - Processing /opt/conda/lib/python3.8/site-packages/airflow/example_dags/example_trigger_target_dag.py took 0.111 seconds
[2023-12-27 17:09:58,130] {processor.py:153} INFO - Started process (PID=3938) to work on /opt/conda/lib/python3.8/site-packages/airflow/example_dags/example_trigger_target_dag.py
[2023-12-27 17:09:58,131] {processor.py:641} INFO - Processing file /opt/conda/lib/python3.8/site-packages/airflow/example_dags/example_trigger_target_dag.py for tasks to queue
[2023-12-27 17:09:58,131] {logging_mixin.py:115} INFO - [2023-12-27 17:09:58,131] {dagbag.py:508} INFO - Filling up the DagBag from /opt/conda/lib/python3.8/site-packages/airflow/example_dags/example_trigger_target_dag.py
[2023-12-27 17:09:58,148] {processor.py:651} INFO - DAG(s) dict_keys(['example_trigger_target_dag']) retrieved from /opt/conda/lib/python3.8/site-packages/airflow/example_dags/example_trigger_target_dag.py
[2023-12-27 17:09:58,174] {logging_mixin.py:115} INFO - [2023-12-27 17:09:58,174] {dag.py:2420} INFO - Sync 1 DAGs
[2023-12-27 17:09:58,199] {logging_mixin.py:115} INFO - [2023-12-27 17:09:58,199] {dag.py:2968} INFO - Setting next_dagrun for example_trigger_target_dag to None, run_after=None
[2023-12-27 17:09:58,238] {processor.py:161} INFO - Processing /opt/conda/lib/python3.8/site-packages/airflow/example_dags/example_trigger_target_dag.py took 0.111 seconds
[2023-12-27 17:11:00,200] {processor.py:153} INFO - Started process (PID=4051) to work on /opt/conda/lib/python3.8/site-packages/airflow/example_dags/example_trigger_target_dag.py
[2023-12-27 17:11:00,201] {processor.py:641} INFO - Processing file /opt/conda/lib/python3.8/site-packages/airflow/example_dags/example_trigger_target_dag.py for tasks to queue
[2023-12-27 17:11:00,201] {logging_mixin.py:115} INFO - [2023-12-27 17:11:00,201] {dagbag.py:508} INFO - Filling up the DagBag from /opt/conda/lib/python3.8/site-packages/airflow/example_dags/example_trigger_target_dag.py
[2023-12-27 17:11:00,217] {processor.py:651} INFO - DAG(s) dict_keys(['example_trigger_target_dag']) retrieved from /opt/conda/lib/python3.8/site-packages/airflow/example_dags/example_trigger_target_dag.py
[2023-12-27 17:11:00,246] {logging_mixin.py:115} INFO - [2023-12-27 17:11:00,246] {dag.py:2420} INFO - Sync 1 DAGs
[2023-12-27 17:11:00,273] {logging_mixin.py:115} INFO - [2023-12-27 17:11:00,273] {dag.py:2968} INFO - Setting next_dagrun for example_trigger_target_dag to None, run_after=None
[2023-12-27 17:11:00,314] {processor.py:161} INFO - Processing /opt/conda/lib/python3.8/site-packages/airflow/example_dags/example_trigger_target_dag.py took 0.117 seconds
[2023-12-27 17:12:07,897] {processor.py:153} INFO - Started process (PID=4175) to work on /opt/conda/lib/python3.8/site-packages/airflow/example_dags/example_trigger_target_dag.py
[2023-12-27 17:12:07,897] {processor.py:641} INFO - Processing file /opt/conda/lib/python3.8/site-packages/airflow/example_dags/example_trigger_target_dag.py for tasks to queue
[2023-12-27 17:12:07,898] {logging_mixin.py:115} INFO - [2023-12-27 17:12:07,898] {dagbag.py:508} INFO - Filling up the DagBag from /opt/conda/lib/python3.8/site-packages/airflow/example_dags/example_trigger_target_dag.py
[2023-12-27 17:12:07,915] {processor.py:651} INFO - DAG(s) dict_keys(['example_trigger_target_dag']) retrieved from /opt/conda/lib/python3.8/site-packages/airflow/example_dags/example_trigger_target_dag.py
[2023-12-27 17:12:07,944] {logging_mixin.py:115} INFO - [2023-12-27 17:12:07,944] {dag.py:2420} INFO - Sync 1 DAGs
[2023-12-27 17:12:07,969] {logging_mixin.py:115} INFO - [2023-12-27 17:12:07,969] {dag.py:2968} INFO - Setting next_dagrun for example_trigger_target_dag to None, run_after=None
[2023-12-27 17:12:08,009] {processor.py:161} INFO - Processing /opt/conda/lib/python3.8/site-packages/airflow/example_dags/example_trigger_target_dag.py took 0.115 seconds
[2023-12-27 17:15:42,886] {processor.py:153} INFO - Started process (PID=4418) to work on /opt/conda/lib/python3.8/site-packages/airflow/example_dags/example_trigger_target_dag.py
[2023-12-27 17:15:42,887] {processor.py:641} INFO - Processing file /opt/conda/lib/python3.8/site-packages/airflow/example_dags/example_trigger_target_dag.py for tasks to queue
[2023-12-27 17:15:42,887] {logging_mixin.py:115} INFO - [2023-12-27 17:15:42,887] {dagbag.py:508} INFO - Filling up the DagBag from /opt/conda/lib/python3.8/site-packages/airflow/example_dags/example_trigger_target_dag.py
[2023-12-27 17:15:43,006] {processor.py:651} INFO - DAG(s) dict_keys(['example_trigger_target_dag']) retrieved from /opt/conda/lib/python3.8/site-packages/airflow/example_dags/example_trigger_target_dag.py
[2023-12-27 17:15:43,029] {logging_mixin.py:115} INFO - [2023-12-27 17:15:43,029] {dag.py:2420} INFO - Sync 1 DAGs
[2023-12-27 17:15:43,051] {logging_mixin.py:115} INFO - [2023-12-27 17:15:43,050] {dag.py:2968} INFO - Setting next_dagrun for example_trigger_target_dag to None, run_after=None
[2023-12-27 17:15:43,094] {processor.py:161} INFO - Processing /opt/conda/lib/python3.8/site-packages/airflow/example_dags/example_trigger_target_dag.py took 0.211 seconds
[2023-12-27 17:17:17,023] {processor.py:153} INFO - Started process (PID=4649) to work on /opt/conda/lib/python3.8/site-packages/airflow/example_dags/example_trigger_target_dag.py
[2023-12-27 17:17:17,023] {processor.py:641} INFO - Processing file /opt/conda/lib/python3.8/site-packages/airflow/example_dags/example_trigger_target_dag.py for tasks to queue
[2023-12-27 17:17:17,024] {logging_mixin.py:115} INFO - [2023-12-27 17:17:17,024] {dagbag.py:508} INFO - Filling up the DagBag from /opt/conda/lib/python3.8/site-packages/airflow/example_dags/example_trigger_target_dag.py
[2023-12-27 17:17:17,142] {processor.py:651} INFO - DAG(s) dict_keys(['example_trigger_target_dag']) retrieved from /opt/conda/lib/python3.8/site-packages/airflow/example_dags/example_trigger_target_dag.py
[2023-12-27 17:17:17,166] {logging_mixin.py:115} INFO - [2023-12-27 17:17:17,165] {dag.py:2420} INFO - Sync 1 DAGs
[2023-12-27 17:17:17,188] {logging_mixin.py:115} INFO - [2023-12-27 17:17:17,188] {dag.py:2968} INFO - Setting next_dagrun for example_trigger_target_dag to None, run_after=None
[2023-12-27 17:17:17,231] {processor.py:161} INFO - Processing /opt/conda/lib/python3.8/site-packages/airflow/example_dags/example_trigger_target_dag.py took 0.211 seconds
[2023-12-27 17:18:53,503] {processor.py:153} INFO - Started process (PID=4894) to work on /opt/conda/lib/python3.8/site-packages/airflow/example_dags/example_trigger_target_dag.py
[2023-12-27 17:18:53,503] {processor.py:641} INFO - Processing file /opt/conda/lib/python3.8/site-packages/airflow/example_dags/example_trigger_target_dag.py for tasks to queue
[2023-12-27 17:18:53,504] {logging_mixin.py:115} INFO - [2023-12-27 17:18:53,504] {dagbag.py:508} INFO - Filling up the DagBag from /opt/conda/lib/python3.8/site-packages/airflow/example_dags/example_trigger_target_dag.py
[2023-12-27 17:18:53,622] {processor.py:651} INFO - DAG(s) dict_keys(['example_trigger_target_dag']) retrieved from /opt/conda/lib/python3.8/site-packages/airflow/example_dags/example_trigger_target_dag.py
[2023-12-27 17:18:53,644] {logging_mixin.py:115} INFO - [2023-12-27 17:18:53,643] {dag.py:2420} INFO - Sync 1 DAGs
[2023-12-27 17:18:53,666] {logging_mixin.py:115} INFO - [2023-12-27 17:18:53,666] {dag.py:2968} INFO - Setting next_dagrun for example_trigger_target_dag to None, run_after=None
[2023-12-27 17:18:53,707] {processor.py:161} INFO - Processing /opt/conda/lib/python3.8/site-packages/airflow/example_dags/example_trigger_target_dag.py took 0.207 seconds
[2023-12-27 17:20:05,087] {processor.py:153} INFO - Started process (PID=5021) to work on /opt/conda/lib/python3.8/site-packages/airflow/example_dags/example_trigger_target_dag.py
[2023-12-27 17:20:05,087] {processor.py:641} INFO - Processing file /opt/conda/lib/python3.8/site-packages/airflow/example_dags/example_trigger_target_dag.py for tasks to queue
[2023-12-27 17:20:05,088] {logging_mixin.py:115} INFO - [2023-12-27 17:20:05,088] {dagbag.py:508} INFO - Filling up the DagBag from /opt/conda/lib/python3.8/site-packages/airflow/example_dags/example_trigger_target_dag.py
[2023-12-27 17:20:05,106] {processor.py:651} INFO - DAG(s) dict_keys(['example_trigger_target_dag']) retrieved from /opt/conda/lib/python3.8/site-packages/airflow/example_dags/example_trigger_target_dag.py
[2023-12-27 17:20:05,140] {logging_mixin.py:115} INFO - [2023-12-27 17:20:05,140] {dag.py:2420} INFO - Sync 1 DAGs
[2023-12-27 17:20:05,168] {logging_mixin.py:115} INFO - [2023-12-27 17:20:05,168] {dag.py:2968} INFO - Setting next_dagrun for example_trigger_target_dag to None, run_after=None
[2023-12-27 17:20:05,213] {processor.py:161} INFO - Processing /opt/conda/lib/python3.8/site-packages/airflow/example_dags/example_trigger_target_dag.py took 0.129 seconds
[2023-12-27 17:21:11,993] {processor.py:153} INFO - Started process (PID=5159) to work on /opt/conda/lib/python3.8/site-packages/airflow/example_dags/example_trigger_target_dag.py
[2023-12-27 17:21:11,994] {processor.py:641} INFO - Processing file /opt/conda/lib/python3.8/site-packages/airflow/example_dags/example_trigger_target_dag.py for tasks to queue
[2023-12-27 17:21:11,994] {logging_mixin.py:115} INFO - [2023-12-27 17:21:11,994] {dagbag.py:508} INFO - Filling up the DagBag from /opt/conda/lib/python3.8/site-packages/airflow/example_dags/example_trigger_target_dag.py
[2023-12-27 17:21:12,012] {processor.py:651} INFO - DAG(s) dict_keys(['example_trigger_target_dag']) retrieved from /opt/conda/lib/python3.8/site-packages/airflow/example_dags/example_trigger_target_dag.py
[2023-12-27 17:21:12,046] {logging_mixin.py:115} INFO - [2023-12-27 17:21:12,046] {dag.py:2420} INFO - Sync 1 DAGs
[2023-12-27 17:21:12,074] {logging_mixin.py:115} INFO - [2023-12-27 17:21:12,074] {dag.py:2968} INFO - Setting next_dagrun for example_trigger_target_dag to None, run_after=None
[2023-12-27 17:21:12,119] {processor.py:161} INFO - Processing /opt/conda/lib/python3.8/site-packages/airflow/example_dags/example_trigger_target_dag.py took 0.129 seconds
