[2023-12-27 07:13:13,165] {processor.py:153} INFO - Started process (PID=1383) to work on /opt/conda/lib/python3.8/site-packages/airflow/example_dags/example_task_group.py
[2023-12-27 07:13:13,165] {processor.py:641} INFO - Processing file /opt/conda/lib/python3.8/site-packages/airflow/example_dags/example_task_group.py for tasks to queue
[2023-12-27 07:13:13,166] {logging_mixin.py:115} INFO - [2023-12-27 07:13:13,166] {dagbag.py:508} INFO - Filling up the DagBag from /opt/conda/lib/python3.8/site-packages/airflow/example_dags/example_task_group.py
[2023-12-27 07:13:13,278] {processor.py:651} INFO - DAG(s) dict_keys(['example_task_group']) retrieved from /opt/conda/lib/python3.8/site-packages/airflow/example_dags/example_task_group.py
[2023-12-27 07:13:13,302] {logging_mixin.py:115} INFO - [2023-12-27 07:13:13,302] {dag.py:2420} INFO - Sync 1 DAGs
[2023-12-27 07:13:13,323] {logging_mixin.py:115} INFO - [2023-12-27 07:13:13,323] {dag.py:2968} INFO - Setting next_dagrun for example_task_group to 2023-12-26T07:13:13.323691+00:00, run_after=2023-12-27T07:13:13.323691+00:00
[2023-12-27 07:13:13,365] {processor.py:161} INFO - Processing /opt/conda/lib/python3.8/site-packages/airflow/example_dags/example_task_group.py took 0.203 seconds
[2023-12-27 15:36:10,537] {processor.py:153} INFO - Started process (PID=1093) to work on /opt/conda/lib/python3.8/site-packages/airflow/example_dags/example_task_group.py
[2023-12-27 15:36:10,538] {processor.py:641} INFO - Processing file /opt/conda/lib/python3.8/site-packages/airflow/example_dags/example_task_group.py for tasks to queue
[2023-12-27 15:36:10,538] {logging_mixin.py:115} INFO - [2023-12-27 15:36:10,538] {dagbag.py:508} INFO - Filling up the DagBag from /opt/conda/lib/python3.8/site-packages/airflow/example_dags/example_task_group.py
[2023-12-27 15:36:10,658] {processor.py:651} INFO - DAG(s) dict_keys(['example_task_group']) retrieved from /opt/conda/lib/python3.8/site-packages/airflow/example_dags/example_task_group.py
[2023-12-27 15:36:10,683] {logging_mixin.py:115} INFO - [2023-12-27 15:36:10,683] {dag.py:2420} INFO - Sync 1 DAGs
[2023-12-27 15:36:10,706] {logging_mixin.py:115} INFO - [2023-12-27 15:36:10,705] {dag.py:2968} INFO - Setting next_dagrun for example_task_group to 2023-12-26T15:36:10.705801+00:00, run_after=2023-12-27T15:36:10.705801+00:00
[2023-12-27 15:36:10,748] {processor.py:161} INFO - Processing /opt/conda/lib/python3.8/site-packages/airflow/example_dags/example_task_group.py took 0.214 seconds
[2023-12-27 15:37:08,821] {processor.py:153} INFO - Started process (PID=1190) to work on /opt/conda/lib/python3.8/site-packages/airflow/example_dags/example_task_group.py
[2023-12-27 15:37:08,821] {processor.py:641} INFO - Processing file /opt/conda/lib/python3.8/site-packages/airflow/example_dags/example_task_group.py for tasks to queue
[2023-12-27 15:37:08,822] {logging_mixin.py:115} INFO - [2023-12-27 15:37:08,822] {dagbag.py:508} INFO - Filling up the DagBag from /opt/conda/lib/python3.8/site-packages/airflow/example_dags/example_task_group.py
[2023-12-27 15:37:08,942] {processor.py:651} INFO - DAG(s) dict_keys(['example_task_group']) retrieved from /opt/conda/lib/python3.8/site-packages/airflow/example_dags/example_task_group.py
[2023-12-27 15:37:08,965] {logging_mixin.py:115} INFO - [2023-12-27 15:37:08,965] {dag.py:2420} INFO - Sync 1 DAGs
[2023-12-27 15:37:08,988] {logging_mixin.py:115} INFO - [2023-12-27 15:37:08,988] {dag.py:2968} INFO - Setting next_dagrun for example_task_group to 2023-12-26T15:37:08.988226+00:00, run_after=2023-12-27T15:37:08.988226+00:00
[2023-12-27 15:37:09,029] {processor.py:161} INFO - Processing /opt/conda/lib/python3.8/site-packages/airflow/example_dags/example_task_group.py took 0.211 seconds
[2023-12-27 15:38:05,300] {processor.py:153} INFO - Started process (PID=1303) to work on /opt/conda/lib/python3.8/site-packages/airflow/example_dags/example_task_group.py
[2023-12-27 15:38:05,301] {processor.py:641} INFO - Processing file /opt/conda/lib/python3.8/site-packages/airflow/example_dags/example_task_group.py for tasks to queue
[2023-12-27 15:38:05,301] {logging_mixin.py:115} INFO - [2023-12-27 15:38:05,301] {dagbag.py:508} INFO - Filling up the DagBag from /opt/conda/lib/python3.8/site-packages/airflow/example_dags/example_task_group.py
[2023-12-27 15:38:05,420] {processor.py:651} INFO - DAG(s) dict_keys(['example_task_group']) retrieved from /opt/conda/lib/python3.8/site-packages/airflow/example_dags/example_task_group.py
[2023-12-27 15:38:05,444] {logging_mixin.py:115} INFO - [2023-12-27 15:38:05,444] {dag.py:2420} INFO - Sync 1 DAGs
[2023-12-27 15:38:05,466] {logging_mixin.py:115} INFO - [2023-12-27 15:38:05,466] {dag.py:2968} INFO - Setting next_dagrun for example_task_group to 2023-12-26T15:38:05.466060+00:00, run_after=2023-12-27T15:38:05.466060+00:00
[2023-12-27 15:38:05,506] {processor.py:161} INFO - Processing /opt/conda/lib/python3.8/site-packages/airflow/example_dags/example_task_group.py took 0.209 seconds
[2023-12-27 15:39:02,172] {processor.py:153} INFO - Started process (PID=1376) to work on /opt/conda/lib/python3.8/site-packages/airflow/example_dags/example_task_group.py
[2023-12-27 15:39:02,172] {processor.py:641} INFO - Processing file /opt/conda/lib/python3.8/site-packages/airflow/example_dags/example_task_group.py for tasks to queue
[2023-12-27 15:39:02,173] {logging_mixin.py:115} INFO - [2023-12-27 15:39:02,173] {dagbag.py:508} INFO - Filling up the DagBag from /opt/conda/lib/python3.8/site-packages/airflow/example_dags/example_task_group.py
[2023-12-27 15:39:02,293] {processor.py:651} INFO - DAG(s) dict_keys(['example_task_group']) retrieved from /opt/conda/lib/python3.8/site-packages/airflow/example_dags/example_task_group.py
[2023-12-27 15:39:02,318] {logging_mixin.py:115} INFO - [2023-12-27 15:39:02,318] {dag.py:2420} INFO - Sync 1 DAGs
[2023-12-27 15:39:02,340] {logging_mixin.py:115} INFO - [2023-12-27 15:39:02,340] {dag.py:2968} INFO - Setting next_dagrun for example_task_group to 2023-12-26T15:39:02.339923+00:00, run_after=2023-12-27T15:39:02.339923+00:00
[2023-12-27 15:39:02,382] {processor.py:161} INFO - Processing /opt/conda/lib/python3.8/site-packages/airflow/example_dags/example_task_group.py took 0.214 seconds
[2023-12-27 15:39:59,968] {processor.py:153} INFO - Started process (PID=1534) to work on /opt/conda/lib/python3.8/site-packages/airflow/example_dags/example_task_group.py
[2023-12-27 15:39:59,969] {processor.py:641} INFO - Processing file /opt/conda/lib/python3.8/site-packages/airflow/example_dags/example_task_group.py for tasks to queue
[2023-12-27 15:39:59,969] {logging_mixin.py:115} INFO - [2023-12-27 15:39:59,969] {dagbag.py:508} INFO - Filling up the DagBag from /opt/conda/lib/python3.8/site-packages/airflow/example_dags/example_task_group.py
[2023-12-27 15:40:00,090] {processor.py:651} INFO - DAG(s) dict_keys(['example_task_group']) retrieved from /opt/conda/lib/python3.8/site-packages/airflow/example_dags/example_task_group.py
[2023-12-27 15:40:00,114] {logging_mixin.py:115} INFO - [2023-12-27 15:40:00,114] {dag.py:2420} INFO - Sync 1 DAGs
[2023-12-27 15:40:00,136] {logging_mixin.py:115} INFO - [2023-12-27 15:40:00,136] {dag.py:2968} INFO - Setting next_dagrun for example_task_group to 2023-12-26T15:40:00.136391+00:00, run_after=2023-12-27T15:40:00.136391+00:00
[2023-12-27 15:40:00,177] {processor.py:161} INFO - Processing /opt/conda/lib/python3.8/site-packages/airflow/example_dags/example_task_group.py took 0.212 seconds
[2023-12-27 15:41:36,984] {processor.py:153} INFO - Started process (PID=1717) to work on /opt/conda/lib/python3.8/site-packages/airflow/example_dags/example_task_group.py
[2023-12-27 15:41:36,984] {processor.py:641} INFO - Processing file /opt/conda/lib/python3.8/site-packages/airflow/example_dags/example_task_group.py for tasks to queue
[2023-12-27 15:41:36,985] {logging_mixin.py:115} INFO - [2023-12-27 15:41:36,985] {dagbag.py:508} INFO - Filling up the DagBag from /opt/conda/lib/python3.8/site-packages/airflow/example_dags/example_task_group.py
[2023-12-27 15:41:36,992] {processor.py:651} INFO - DAG(s) dict_keys(['example_task_group']) retrieved from /opt/conda/lib/python3.8/site-packages/airflow/example_dags/example_task_group.py
[2023-12-27 15:41:37,026] {logging_mixin.py:115} INFO - [2023-12-27 15:41:37,026] {dag.py:2420} INFO - Sync 1 DAGs
[2023-12-27 15:41:37,056] {logging_mixin.py:115} INFO - [2023-12-27 15:41:37,056] {dag.py:2968} INFO - Setting next_dagrun for example_task_group to 2023-12-26T15:41:37.055911+00:00, run_after=2023-12-27T15:41:37.055911+00:00
[2023-12-27 15:41:37,102] {processor.py:161} INFO - Processing /opt/conda/lib/python3.8/site-packages/airflow/example_dags/example_task_group.py took 0.122 seconds
[2023-12-27 15:42:29,048] {processor.py:153} INFO - Started process (PID=1791) to work on /opt/conda/lib/python3.8/site-packages/airflow/example_dags/example_task_group.py
[2023-12-27 15:42:29,049] {processor.py:641} INFO - Processing file /opt/conda/lib/python3.8/site-packages/airflow/example_dags/example_task_group.py for tasks to queue
[2023-12-27 15:42:29,049] {logging_mixin.py:115} INFO - [2023-12-27 15:42:29,049] {dagbag.py:508} INFO - Filling up the DagBag from /opt/conda/lib/python3.8/site-packages/airflow/example_dags/example_task_group.py
[2023-12-27 15:42:29,057] {processor.py:651} INFO - DAG(s) dict_keys(['example_task_group']) retrieved from /opt/conda/lib/python3.8/site-packages/airflow/example_dags/example_task_group.py
[2023-12-27 15:42:29,088] {logging_mixin.py:115} INFO - [2023-12-27 15:42:29,088] {dag.py:2420} INFO - Sync 1 DAGs
[2023-12-27 15:42:29,115] {logging_mixin.py:115} INFO - [2023-12-27 15:42:29,115] {dag.py:2968} INFO - Setting next_dagrun for example_task_group to 2023-12-26T15:42:29.115243+00:00, run_after=2023-12-27T15:42:29.115243+00:00
[2023-12-27 15:42:29,157] {processor.py:161} INFO - Processing /opt/conda/lib/python3.8/site-packages/airflow/example_dags/example_task_group.py took 0.113 seconds
[2023-12-27 15:43:21,746] {processor.py:153} INFO - Started process (PID=1863) to work on /opt/conda/lib/python3.8/site-packages/airflow/example_dags/example_task_group.py
[2023-12-27 15:43:21,746] {processor.py:641} INFO - Processing file /opt/conda/lib/python3.8/site-packages/airflow/example_dags/example_task_group.py for tasks to queue
[2023-12-27 15:43:21,747] {logging_mixin.py:115} INFO - [2023-12-27 15:43:21,747] {dagbag.py:508} INFO - Filling up the DagBag from /opt/conda/lib/python3.8/site-packages/airflow/example_dags/example_task_group.py
[2023-12-27 15:43:21,754] {processor.py:651} INFO - DAG(s) dict_keys(['example_task_group']) retrieved from /opt/conda/lib/python3.8/site-packages/airflow/example_dags/example_task_group.py
[2023-12-27 15:43:21,786] {logging_mixin.py:115} INFO - [2023-12-27 15:43:21,786] {dag.py:2420} INFO - Sync 1 DAGs
[2023-12-27 15:43:21,814] {logging_mixin.py:115} INFO - [2023-12-27 15:43:21,814] {dag.py:2968} INFO - Setting next_dagrun for example_task_group to 2023-12-26T15:43:21.814131+00:00, run_after=2023-12-27T15:43:21.814131+00:00
[2023-12-27 15:43:21,860] {processor.py:161} INFO - Processing /opt/conda/lib/python3.8/site-packages/airflow/example_dags/example_task_group.py took 0.117 seconds
[2023-12-27 15:44:32,852] {processor.py:153} INFO - Started process (PID=1981) to work on /opt/conda/lib/python3.8/site-packages/airflow/example_dags/example_task_group.py
[2023-12-27 15:44:32,853] {processor.py:641} INFO - Processing file /opt/conda/lib/python3.8/site-packages/airflow/example_dags/example_task_group.py for tasks to queue
[2023-12-27 15:44:32,853] {logging_mixin.py:115} INFO - [2023-12-27 15:44:32,853] {dagbag.py:508} INFO - Filling up the DagBag from /opt/conda/lib/python3.8/site-packages/airflow/example_dags/example_task_group.py
[2023-12-27 15:44:32,861] {processor.py:651} INFO - DAG(s) dict_keys(['example_task_group']) retrieved from /opt/conda/lib/python3.8/site-packages/airflow/example_dags/example_task_group.py
[2023-12-27 15:44:32,892] {logging_mixin.py:115} INFO - [2023-12-27 15:44:32,892] {dag.py:2420} INFO - Sync 1 DAGs
[2023-12-27 15:44:32,920] {logging_mixin.py:115} INFO - [2023-12-27 15:44:32,920] {dag.py:2968} INFO - Setting next_dagrun for example_task_group to 2023-12-26T15:44:32.920369+00:00, run_after=2023-12-27T15:44:32.920369+00:00
[2023-12-27 15:44:32,965] {processor.py:161} INFO - Processing /opt/conda/lib/python3.8/site-packages/airflow/example_dags/example_task_group.py took 0.116 seconds
[2023-12-27 15:45:45,828] {processor.py:153} INFO - Started process (PID=2071) to work on /opt/conda/lib/python3.8/site-packages/airflow/example_dags/example_task_group.py
[2023-12-27 15:45:45,829] {processor.py:641} INFO - Processing file /opt/conda/lib/python3.8/site-packages/airflow/example_dags/example_task_group.py for tasks to queue
[2023-12-27 15:45:45,829] {logging_mixin.py:115} INFO - [2023-12-27 15:45:45,829] {dagbag.py:508} INFO - Filling up the DagBag from /opt/conda/lib/python3.8/site-packages/airflow/example_dags/example_task_group.py
[2023-12-27 15:45:45,837] {processor.py:651} INFO - DAG(s) dict_keys(['example_task_group']) retrieved from /opt/conda/lib/python3.8/site-packages/airflow/example_dags/example_task_group.py
[2023-12-27 15:45:45,870] {logging_mixin.py:115} INFO - [2023-12-27 15:45:45,870] {dag.py:2420} INFO - Sync 1 DAGs
[2023-12-27 15:45:45,898] {logging_mixin.py:115} INFO - [2023-12-27 15:45:45,898] {dag.py:2968} INFO - Setting next_dagrun for example_task_group to 2023-12-26T15:45:45.897907+00:00, run_after=2023-12-27T15:45:45.897907+00:00
[2023-12-27 15:45:45,943] {processor.py:161} INFO - Processing /opt/conda/lib/python3.8/site-packages/airflow/example_dags/example_task_group.py took 0.118 seconds
[2023-12-27 15:46:53,736] {processor.py:153} INFO - Started process (PID=2188) to work on /opt/conda/lib/python3.8/site-packages/airflow/example_dags/example_task_group.py
[2023-12-27 15:46:53,737] {processor.py:641} INFO - Processing file /opt/conda/lib/python3.8/site-packages/airflow/example_dags/example_task_group.py for tasks to queue
[2023-12-27 15:46:53,737] {logging_mixin.py:115} INFO - [2023-12-27 15:46:53,737] {dagbag.py:508} INFO - Filling up the DagBag from /opt/conda/lib/python3.8/site-packages/airflow/example_dags/example_task_group.py
[2023-12-27 15:46:53,745] {processor.py:651} INFO - DAG(s) dict_keys(['example_task_group']) retrieved from /opt/conda/lib/python3.8/site-packages/airflow/example_dags/example_task_group.py
[2023-12-27 15:46:53,774] {logging_mixin.py:115} INFO - [2023-12-27 15:46:53,774] {dag.py:2420} INFO - Sync 1 DAGs
[2023-12-27 15:46:53,797] {logging_mixin.py:115} INFO - [2023-12-27 15:46:53,797] {dag.py:2968} INFO - Setting next_dagrun for example_task_group to 2023-12-26T15:46:53.796839+00:00, run_after=2023-12-27T15:46:53.796839+00:00
[2023-12-27 15:46:53,836] {processor.py:161} INFO - Processing /opt/conda/lib/python3.8/site-packages/airflow/example_dags/example_task_group.py took 0.103 seconds
[2023-12-27 15:48:05,273] {processor.py:153} INFO - Started process (PID=2277) to work on /opt/conda/lib/python3.8/site-packages/airflow/example_dags/example_task_group.py
[2023-12-27 15:48:05,273] {processor.py:641} INFO - Processing file /opt/conda/lib/python3.8/site-packages/airflow/example_dags/example_task_group.py for tasks to queue
[2023-12-27 15:48:05,274] {logging_mixin.py:115} INFO - [2023-12-27 15:48:05,273] {dagbag.py:508} INFO - Filling up the DagBag from /opt/conda/lib/python3.8/site-packages/airflow/example_dags/example_task_group.py
[2023-12-27 15:48:05,281] {processor.py:651} INFO - DAG(s) dict_keys(['example_task_group']) retrieved from /opt/conda/lib/python3.8/site-packages/airflow/example_dags/example_task_group.py
[2023-12-27 15:48:05,313] {logging_mixin.py:115} INFO - [2023-12-27 15:48:05,313] {dag.py:2420} INFO - Sync 1 DAGs
[2023-12-27 15:48:05,342] {logging_mixin.py:115} INFO - [2023-12-27 15:48:05,342] {dag.py:2968} INFO - Setting next_dagrun for example_task_group to 2023-12-26T15:48:05.341960+00:00, run_after=2023-12-27T15:48:05.341960+00:00
[2023-12-27 15:48:05,385] {processor.py:161} INFO - Processing /opt/conda/lib/python3.8/site-packages/airflow/example_dags/example_task_group.py took 0.116 seconds
[2023-12-27 17:01:53,571] {processor.py:153} INFO - Started process (PID=2955) to work on /opt/conda/lib/python3.8/site-packages/airflow/example_dags/example_task_group.py
[2023-12-27 17:01:53,571] {processor.py:641} INFO - Processing file /opt/conda/lib/python3.8/site-packages/airflow/example_dags/example_task_group.py for tasks to queue
[2023-12-27 17:01:53,572] {logging_mixin.py:115} INFO - [2023-12-27 17:01:53,572] {dagbag.py:508} INFO - Filling up the DagBag from /opt/conda/lib/python3.8/site-packages/airflow/example_dags/example_task_group.py
[2023-12-27 17:01:53,686] {processor.py:651} INFO - DAG(s) dict_keys(['example_task_group']) retrieved from /opt/conda/lib/python3.8/site-packages/airflow/example_dags/example_task_group.py
[2023-12-27 17:01:53,711] {logging_mixin.py:115} INFO - [2023-12-27 17:01:53,711] {dag.py:2420} INFO - Sync 1 DAGs
[2023-12-27 17:01:53,733] {logging_mixin.py:115} INFO - [2023-12-27 17:01:53,733] {dag.py:2968} INFO - Setting next_dagrun for example_task_group to 2023-12-26T17:01:53.733399+00:00, run_after=2023-12-27T17:01:53.733399+00:00
[2023-12-27 17:01:53,776] {processor.py:161} INFO - Processing /opt/conda/lib/python3.8/site-packages/airflow/example_dags/example_task_group.py took 0.208 seconds
[2023-12-27 17:04:13,640] {processor.py:153} INFO - Started process (PID=3301) to work on /opt/conda/lib/python3.8/site-packages/airflow/example_dags/example_task_group.py
[2023-12-27 17:04:13,640] {processor.py:641} INFO - Processing file /opt/conda/lib/python3.8/site-packages/airflow/example_dags/example_task_group.py for tasks to queue
[2023-12-27 17:04:13,641] {logging_mixin.py:115} INFO - [2023-12-27 17:04:13,641] {dagbag.py:508} INFO - Filling up the DagBag from /opt/conda/lib/python3.8/site-packages/airflow/example_dags/example_task_group.py
[2023-12-27 17:04:13,756] {processor.py:651} INFO - DAG(s) dict_keys(['example_task_group']) retrieved from /opt/conda/lib/python3.8/site-packages/airflow/example_dags/example_task_group.py
[2023-12-27 17:04:13,780] {logging_mixin.py:115} INFO - [2023-12-27 17:04:13,780] {dag.py:2420} INFO - Sync 1 DAGs
[2023-12-27 17:04:13,802] {logging_mixin.py:115} INFO - [2023-12-27 17:04:13,802] {dag.py:2968} INFO - Setting next_dagrun for example_task_group to 2023-12-26T17:04:13.802685+00:00, run_after=2023-12-27T17:04:13.802685+00:00
[2023-12-27 17:04:13,845] {processor.py:161} INFO - Processing /opt/conda/lib/python3.8/site-packages/airflow/example_dags/example_task_group.py took 0.208 seconds
[2023-12-27 17:05:28,759] {processor.py:153} INFO - Started process (PID=3442) to work on /opt/conda/lib/python3.8/site-packages/airflow/example_dags/example_task_group.py
[2023-12-27 17:05:28,760] {processor.py:641} INFO - Processing file /opt/conda/lib/python3.8/site-packages/airflow/example_dags/example_task_group.py for tasks to queue
[2023-12-27 17:05:28,760] {logging_mixin.py:115} INFO - [2023-12-27 17:05:28,760] {dagbag.py:508} INFO - Filling up the DagBag from /opt/conda/lib/python3.8/site-packages/airflow/example_dags/example_task_group.py
[2023-12-27 17:05:28,876] {processor.py:651} INFO - DAG(s) dict_keys(['example_task_group']) retrieved from /opt/conda/lib/python3.8/site-packages/airflow/example_dags/example_task_group.py
[2023-12-27 17:05:28,900] {logging_mixin.py:115} INFO - [2023-12-27 17:05:28,900] {dag.py:2420} INFO - Sync 1 DAGs
[2023-12-27 17:05:28,921] {logging_mixin.py:115} INFO - [2023-12-27 17:05:28,921] {dag.py:2968} INFO - Setting next_dagrun for example_task_group to 2023-12-26T17:05:28.921547+00:00, run_after=2023-12-27T17:05:28.921547+00:00
[2023-12-27 17:05:28,963] {processor.py:161} INFO - Processing /opt/conda/lib/python3.8/site-packages/airflow/example_dags/example_task_group.py took 0.207 seconds
[2023-12-27 17:06:39,885] {processor.py:153} INFO - Started process (PID=3574) to work on /opt/conda/lib/python3.8/site-packages/airflow/example_dags/example_task_group.py
[2023-12-27 17:06:39,886] {processor.py:641} INFO - Processing file /opt/conda/lib/python3.8/site-packages/airflow/example_dags/example_task_group.py for tasks to queue
[2023-12-27 17:06:39,886] {logging_mixin.py:115} INFO - [2023-12-27 17:06:39,886] {dagbag.py:508} INFO - Filling up the DagBag from /opt/conda/lib/python3.8/site-packages/airflow/example_dags/example_task_group.py
[2023-12-27 17:06:39,894] {processor.py:651} INFO - DAG(s) dict_keys(['example_task_group']) retrieved from /opt/conda/lib/python3.8/site-packages/airflow/example_dags/example_task_group.py
[2023-12-27 17:06:39,928] {logging_mixin.py:115} INFO - [2023-12-27 17:06:39,928] {dag.py:2420} INFO - Sync 1 DAGs
[2023-12-27 17:06:39,956] {logging_mixin.py:115} INFO - [2023-12-27 17:06:39,956] {dag.py:2968} INFO - Setting next_dagrun for example_task_group to 2023-12-26T17:06:39.955949+00:00, run_after=2023-12-27T17:06:39.955949+00:00
[2023-12-27 17:06:40,002] {processor.py:161} INFO - Processing /opt/conda/lib/python3.8/site-packages/airflow/example_dags/example_task_group.py took 0.120 seconds
[2023-12-27 17:07:43,651] {processor.py:153} INFO - Started process (PID=3701) to work on /opt/conda/lib/python3.8/site-packages/airflow/example_dags/example_task_group.py
[2023-12-27 17:07:43,651] {processor.py:641} INFO - Processing file /opt/conda/lib/python3.8/site-packages/airflow/example_dags/example_task_group.py for tasks to queue
[2023-12-27 17:07:43,652] {logging_mixin.py:115} INFO - [2023-12-27 17:07:43,651] {dagbag.py:508} INFO - Filling up the DagBag from /opt/conda/lib/python3.8/site-packages/airflow/example_dags/example_task_group.py
[2023-12-27 17:07:43,659] {processor.py:651} INFO - DAG(s) dict_keys(['example_task_group']) retrieved from /opt/conda/lib/python3.8/site-packages/airflow/example_dags/example_task_group.py
[2023-12-27 17:07:43,691] {logging_mixin.py:115} INFO - [2023-12-27 17:07:43,691] {dag.py:2420} INFO - Sync 1 DAGs
[2023-12-27 17:07:43,719] {logging_mixin.py:115} INFO - [2023-12-27 17:07:43,719] {dag.py:2968} INFO - Setting next_dagrun for example_task_group to 2023-12-26T17:07:43.719182+00:00, run_after=2023-12-27T17:07:43.719182+00:00
[2023-12-27 17:07:43,765] {processor.py:161} INFO - Processing /opt/conda/lib/python3.8/site-packages/airflow/example_dags/example_task_group.py took 0.118 seconds
[2023-12-27 17:08:49,331] {processor.py:153} INFO - Started process (PID=3820) to work on /opt/conda/lib/python3.8/site-packages/airflow/example_dags/example_task_group.py
[2023-12-27 17:08:49,331] {processor.py:641} INFO - Processing file /opt/conda/lib/python3.8/site-packages/airflow/example_dags/example_task_group.py for tasks to queue
[2023-12-27 17:08:49,332] {logging_mixin.py:115} INFO - [2023-12-27 17:08:49,332] {dagbag.py:508} INFO - Filling up the DagBag from /opt/conda/lib/python3.8/site-packages/airflow/example_dags/example_task_group.py
[2023-12-27 17:08:49,339] {processor.py:651} INFO - DAG(s) dict_keys(['example_task_group']) retrieved from /opt/conda/lib/python3.8/site-packages/airflow/example_dags/example_task_group.py
[2023-12-27 17:08:49,371] {logging_mixin.py:115} INFO - [2023-12-27 17:08:49,370] {dag.py:2420} INFO - Sync 1 DAGs
[2023-12-27 17:08:49,399] {logging_mixin.py:115} INFO - [2023-12-27 17:08:49,399] {dag.py:2968} INFO - Setting next_dagrun for example_task_group to 2023-12-26T17:08:49.399277+00:00, run_after=2023-12-27T17:08:49.399277+00:00
[2023-12-27 17:08:49,444] {processor.py:161} INFO - Processing /opt/conda/lib/python3.8/site-packages/airflow/example_dags/example_task_group.py took 0.116 seconds
[2023-12-27 17:09:53,612] {processor.py:153} INFO - Started process (PID=3934) to work on /opt/conda/lib/python3.8/site-packages/airflow/example_dags/example_task_group.py
[2023-12-27 17:09:53,612] {processor.py:641} INFO - Processing file /opt/conda/lib/python3.8/site-packages/airflow/example_dags/example_task_group.py for tasks to queue
[2023-12-27 17:09:53,613] {logging_mixin.py:115} INFO - [2023-12-27 17:09:53,612] {dagbag.py:508} INFO - Filling up the DagBag from /opt/conda/lib/python3.8/site-packages/airflow/example_dags/example_task_group.py
[2023-12-27 17:09:53,620] {processor.py:651} INFO - DAG(s) dict_keys(['example_task_group']) retrieved from /opt/conda/lib/python3.8/site-packages/airflow/example_dags/example_task_group.py
[2023-12-27 17:09:53,650] {logging_mixin.py:115} INFO - [2023-12-27 17:09:53,650] {dag.py:2420} INFO - Sync 1 DAGs
[2023-12-27 17:09:53,676] {logging_mixin.py:115} INFO - [2023-12-27 17:09:53,676] {dag.py:2968} INFO - Setting next_dagrun for example_task_group to 2023-12-26T17:09:53.676630+00:00, run_after=2023-12-27T17:09:53.676630+00:00
[2023-12-27 17:09:53,721] {processor.py:161} INFO - Processing /opt/conda/lib/python3.8/site-packages/airflow/example_dags/example_task_group.py took 0.112 seconds
[2023-12-27 17:10:55,517] {processor.py:153} INFO - Started process (PID=4047) to work on /opt/conda/lib/python3.8/site-packages/airflow/example_dags/example_task_group.py
[2023-12-27 17:10:55,517] {processor.py:641} INFO - Processing file /opt/conda/lib/python3.8/site-packages/airflow/example_dags/example_task_group.py for tasks to queue
[2023-12-27 17:10:55,518] {logging_mixin.py:115} INFO - [2023-12-27 17:10:55,518] {dagbag.py:508} INFO - Filling up the DagBag from /opt/conda/lib/python3.8/site-packages/airflow/example_dags/example_task_group.py
[2023-12-27 17:10:55,526] {processor.py:651} INFO - DAG(s) dict_keys(['example_task_group']) retrieved from /opt/conda/lib/python3.8/site-packages/airflow/example_dags/example_task_group.py
[2023-12-27 17:10:55,557] {logging_mixin.py:115} INFO - [2023-12-27 17:10:55,557] {dag.py:2420} INFO - Sync 1 DAGs
[2023-12-27 17:10:55,585] {logging_mixin.py:115} INFO - [2023-12-27 17:10:55,585] {dag.py:2968} INFO - Setting next_dagrun for example_task_group to 2023-12-26T17:10:55.585268+00:00, run_after=2023-12-27T17:10:55.585268+00:00
[2023-12-27 17:10:55,628] {processor.py:161} INFO - Processing /opt/conda/lib/python3.8/site-packages/airflow/example_dags/example_task_group.py took 0.115 seconds
[2023-12-27 17:12:03,633] {processor.py:153} INFO - Started process (PID=4171) to work on /opt/conda/lib/python3.8/site-packages/airflow/example_dags/example_task_group.py
[2023-12-27 17:12:03,633] {processor.py:641} INFO - Processing file /opt/conda/lib/python3.8/site-packages/airflow/example_dags/example_task_group.py for tasks to queue
[2023-12-27 17:12:03,634] {logging_mixin.py:115} INFO - [2023-12-27 17:12:03,633] {dagbag.py:508} INFO - Filling up the DagBag from /opt/conda/lib/python3.8/site-packages/airflow/example_dags/example_task_group.py
[2023-12-27 17:12:03,642] {processor.py:651} INFO - DAG(s) dict_keys(['example_task_group']) retrieved from /opt/conda/lib/python3.8/site-packages/airflow/example_dags/example_task_group.py
[2023-12-27 17:12:03,672] {logging_mixin.py:115} INFO - [2023-12-27 17:12:03,672] {dag.py:2420} INFO - Sync 1 DAGs
[2023-12-27 17:12:03,700] {logging_mixin.py:115} INFO - [2023-12-27 17:12:03,700] {dag.py:2968} INFO - Setting next_dagrun for example_task_group to 2023-12-26T17:12:03.699869+00:00, run_after=2023-12-27T17:12:03.699869+00:00
[2023-12-27 17:12:03,743] {processor.py:161} INFO - Processing /opt/conda/lib/python3.8/site-packages/airflow/example_dags/example_task_group.py took 0.114 seconds
[2023-12-27 17:15:38,106] {processor.py:153} INFO - Started process (PID=4414) to work on /opt/conda/lib/python3.8/site-packages/airflow/example_dags/example_task_group.py
[2023-12-27 17:15:38,107] {processor.py:641} INFO - Processing file /opt/conda/lib/python3.8/site-packages/airflow/example_dags/example_task_group.py for tasks to queue
[2023-12-27 17:15:38,107] {logging_mixin.py:115} INFO - [2023-12-27 17:15:38,107] {dagbag.py:508} INFO - Filling up the DagBag from /opt/conda/lib/python3.8/site-packages/airflow/example_dags/example_task_group.py
[2023-12-27 17:15:38,221] {processor.py:651} INFO - DAG(s) dict_keys(['example_task_group']) retrieved from /opt/conda/lib/python3.8/site-packages/airflow/example_dags/example_task_group.py
[2023-12-27 17:15:38,246] {logging_mixin.py:115} INFO - [2023-12-27 17:15:38,245] {dag.py:2420} INFO - Sync 1 DAGs
[2023-12-27 17:15:38,268] {logging_mixin.py:115} INFO - [2023-12-27 17:15:38,268] {dag.py:2968} INFO - Setting next_dagrun for example_task_group to 2023-12-26T17:15:38.268608+00:00, run_after=2023-12-27T17:15:38.268608+00:00
[2023-12-27 17:15:38,312] {processor.py:161} INFO - Processing /opt/conda/lib/python3.8/site-packages/airflow/example_dags/example_task_group.py took 0.209 seconds
[2023-12-27 17:17:11,573] {processor.py:153} INFO - Started process (PID=4645) to work on /opt/conda/lib/python3.8/site-packages/airflow/example_dags/example_task_group.py
[2023-12-27 17:17:11,573] {processor.py:641} INFO - Processing file /opt/conda/lib/python3.8/site-packages/airflow/example_dags/example_task_group.py for tasks to queue
[2023-12-27 17:17:11,574] {logging_mixin.py:115} INFO - [2023-12-27 17:17:11,573] {dagbag.py:508} INFO - Filling up the DagBag from /opt/conda/lib/python3.8/site-packages/airflow/example_dags/example_task_group.py
[2023-12-27 17:17:11,687] {processor.py:651} INFO - DAG(s) dict_keys(['example_task_group']) retrieved from /opt/conda/lib/python3.8/site-packages/airflow/example_dags/example_task_group.py
[2023-12-27 17:17:11,713] {logging_mixin.py:115} INFO - [2023-12-27 17:17:11,712] {dag.py:2420} INFO - Sync 1 DAGs
[2023-12-27 17:17:11,735] {logging_mixin.py:115} INFO - [2023-12-27 17:17:11,735] {dag.py:2968} INFO - Setting next_dagrun for example_task_group to 2023-12-26T17:17:11.734949+00:00, run_after=2023-12-27T17:17:11.734949+00:00
[2023-12-27 17:17:11,776] {processor.py:161} INFO - Processing /opt/conda/lib/python3.8/site-packages/airflow/example_dags/example_task_group.py took 0.207 seconds
[2023-12-27 17:18:48,189] {processor.py:153} INFO - Started process (PID=4890) to work on /opt/conda/lib/python3.8/site-packages/airflow/example_dags/example_task_group.py
[2023-12-27 17:18:48,189] {processor.py:641} INFO - Processing file /opt/conda/lib/python3.8/site-packages/airflow/example_dags/example_task_group.py for tasks to queue
[2023-12-27 17:18:48,190] {logging_mixin.py:115} INFO - [2023-12-27 17:18:48,190] {dagbag.py:508} INFO - Filling up the DagBag from /opt/conda/lib/python3.8/site-packages/airflow/example_dags/example_task_group.py
[2023-12-27 17:18:48,301] {processor.py:651} INFO - DAG(s) dict_keys(['example_task_group']) retrieved from /opt/conda/lib/python3.8/site-packages/airflow/example_dags/example_task_group.py
[2023-12-27 17:18:48,323] {logging_mixin.py:115} INFO - [2023-12-27 17:18:48,323] {dag.py:2420} INFO - Sync 1 DAGs
[2023-12-27 17:18:48,345] {logging_mixin.py:115} INFO - [2023-12-27 17:18:48,345] {dag.py:2968} INFO - Setting next_dagrun for example_task_group to 2023-12-26T17:18:48.345030+00:00, run_after=2023-12-27T17:18:48.345030+00:00
[2023-12-27 17:18:48,388] {processor.py:161} INFO - Processing /opt/conda/lib/python3.8/site-packages/airflow/example_dags/example_task_group.py took 0.202 seconds
[2023-12-27 17:20:00,339] {processor.py:153} INFO - Started process (PID=5017) to work on /opt/conda/lib/python3.8/site-packages/airflow/example_dags/example_task_group.py
[2023-12-27 17:20:00,340] {processor.py:641} INFO - Processing file /opt/conda/lib/python3.8/site-packages/airflow/example_dags/example_task_group.py for tasks to queue
[2023-12-27 17:20:00,340] {logging_mixin.py:115} INFO - [2023-12-27 17:20:00,340] {dagbag.py:508} INFO - Filling up the DagBag from /opt/conda/lib/python3.8/site-packages/airflow/example_dags/example_task_group.py
[2023-12-27 17:20:00,348] {processor.py:651} INFO - DAG(s) dict_keys(['example_task_group']) retrieved from /opt/conda/lib/python3.8/site-packages/airflow/example_dags/example_task_group.py
[2023-12-27 17:20:00,378] {logging_mixin.py:115} INFO - [2023-12-27 17:20:00,378] {dag.py:2420} INFO - Sync 1 DAGs
[2023-12-27 17:20:00,406] {logging_mixin.py:115} INFO - [2023-12-27 17:20:00,406] {dag.py:2968} INFO - Setting next_dagrun for example_task_group to 2023-12-26T17:20:00.406554+00:00, run_after=2023-12-27T17:20:00.406554+00:00
[2023-12-27 17:20:00,449] {processor.py:161} INFO - Processing /opt/conda/lib/python3.8/site-packages/airflow/example_dags/example_task_group.py took 0.113 seconds
[2023-12-27 17:21:06,723] {processor.py:153} INFO - Started process (PID=5155) to work on /opt/conda/lib/python3.8/site-packages/airflow/example_dags/example_task_group.py
[2023-12-27 17:21:06,723] {processor.py:641} INFO - Processing file /opt/conda/lib/python3.8/site-packages/airflow/example_dags/example_task_group.py for tasks to queue
[2023-12-27 17:21:06,723] {logging_mixin.py:115} INFO - [2023-12-27 17:21:06,723] {dagbag.py:508} INFO - Filling up the DagBag from /opt/conda/lib/python3.8/site-packages/airflow/example_dags/example_task_group.py
[2023-12-27 17:21:06,731] {processor.py:651} INFO - DAG(s) dict_keys(['example_task_group']) retrieved from /opt/conda/lib/python3.8/site-packages/airflow/example_dags/example_task_group.py
[2023-12-27 17:21:06,763] {logging_mixin.py:115} INFO - [2023-12-27 17:21:06,763] {dag.py:2420} INFO - Sync 1 DAGs
[2023-12-27 17:21:06,791] {logging_mixin.py:115} INFO - [2023-12-27 17:21:06,791] {dag.py:2968} INFO - Setting next_dagrun for example_task_group to 2023-12-26T17:21:06.791116+00:00, run_after=2023-12-27T17:21:06.791116+00:00
[2023-12-27 17:21:06,837] {processor.py:161} INFO - Processing /opt/conda/lib/python3.8/site-packages/airflow/example_dags/example_task_group.py took 0.118 seconds
