[2023-12-27 07:13:03,654] {processor.py:153} INFO - Started process (PID=1376) to work on /opt/conda/lib/python3.8/site-packages/airflow/example_dags/example_nested_branch_dag.py
[2023-12-27 07:13:03,654] {processor.py:641} INFO - Processing file /opt/conda/lib/python3.8/site-packages/airflow/example_dags/example_nested_branch_dag.py for tasks to queue
[2023-12-27 07:13:03,655] {logging_mixin.py:115} INFO - [2023-12-27 07:13:03,655] {dagbag.py:508} INFO - Filling up the DagBag from /opt/conda/lib/python3.8/site-packages/airflow/example_dags/example_nested_branch_dag.py
[2023-12-27 07:13:03,770] {processor.py:651} INFO - DAG(s) dict_keys(['example_nested_branch_dag']) retrieved from /opt/conda/lib/python3.8/site-packages/airflow/example_dags/example_nested_branch_dag.py
[2023-12-27 07:13:03,793] {logging_mixin.py:115} INFO - [2023-12-27 07:13:03,792] {dag.py:2420} INFO - Sync 1 DAGs
[2023-12-27 07:13:03,816] {logging_mixin.py:115} INFO - [2023-12-27 07:13:03,816] {dag.py:2968} INFO - Setting next_dagrun for example_nested_branch_dag to 2023-12-26T00:00:00+00:00, run_after=2023-12-27T00:00:00+00:00
[2023-12-27 07:13:03,857] {processor.py:161} INFO - Processing /opt/conda/lib/python3.8/site-packages/airflow/example_dags/example_nested_branch_dag.py took 0.207 seconds
[2023-12-27 15:36:01,921] {processor.py:153} INFO - Started process (PID=1086) to work on /opt/conda/lib/python3.8/site-packages/airflow/example_dags/example_nested_branch_dag.py
[2023-12-27 15:36:01,921] {processor.py:641} INFO - Processing file /opt/conda/lib/python3.8/site-packages/airflow/example_dags/example_nested_branch_dag.py for tasks to queue
[2023-12-27 15:36:01,922] {logging_mixin.py:115} INFO - [2023-12-27 15:36:01,921] {dagbag.py:508} INFO - Filling up the DagBag from /opt/conda/lib/python3.8/site-packages/airflow/example_dags/example_nested_branch_dag.py
[2023-12-27 15:36:02,042] {processor.py:651} INFO - DAG(s) dict_keys(['example_nested_branch_dag']) retrieved from /opt/conda/lib/python3.8/site-packages/airflow/example_dags/example_nested_branch_dag.py
[2023-12-27 15:36:02,067] {logging_mixin.py:115} INFO - [2023-12-27 15:36:02,067] {dag.py:2420} INFO - Sync 1 DAGs
[2023-12-27 15:36:02,091] {logging_mixin.py:115} INFO - [2023-12-27 15:36:02,091] {dag.py:2968} INFO - Setting next_dagrun for example_nested_branch_dag to 2023-12-26T00:00:00+00:00, run_after=2023-12-27T00:00:00+00:00
[2023-12-27 15:36:02,133] {processor.py:161} INFO - Processing /opt/conda/lib/python3.8/site-packages/airflow/example_dags/example_nested_branch_dag.py took 0.216 seconds
[2023-12-27 15:36:58,962] {processor.py:153} INFO - Started process (PID=1160) to work on /opt/conda/lib/python3.8/site-packages/airflow/example_dags/example_nested_branch_dag.py
[2023-12-27 15:36:58,962] {processor.py:641} INFO - Processing file /opt/conda/lib/python3.8/site-packages/airflow/example_dags/example_nested_branch_dag.py for tasks to queue
[2023-12-27 15:36:58,963] {logging_mixin.py:115} INFO - [2023-12-27 15:36:58,963] {dagbag.py:508} INFO - Filling up the DagBag from /opt/conda/lib/python3.8/site-packages/airflow/example_dags/example_nested_branch_dag.py
[2023-12-27 15:36:59,078] {processor.py:651} INFO - DAG(s) dict_keys(['example_nested_branch_dag']) retrieved from /opt/conda/lib/python3.8/site-packages/airflow/example_dags/example_nested_branch_dag.py
[2023-12-27 15:36:59,101] {logging_mixin.py:115} INFO - [2023-12-27 15:36:59,101] {dag.py:2420} INFO - Sync 1 DAGs
[2023-12-27 15:36:59,124] {logging_mixin.py:115} INFO - [2023-12-27 15:36:59,123] {dag.py:2968} INFO - Setting next_dagrun for example_nested_branch_dag to 2023-12-26T00:00:00+00:00, run_after=2023-12-27T00:00:00+00:00
[2023-12-27 15:36:59,165] {processor.py:161} INFO - Processing /opt/conda/lib/python3.8/site-packages/airflow/example_dags/example_nested_branch_dag.py took 0.206 seconds
[2023-12-27 15:37:57,123] {processor.py:153} INFO - Started process (PID=1296) to work on /opt/conda/lib/python3.8/site-packages/airflow/example_dags/example_nested_branch_dag.py
[2023-12-27 15:37:57,123] {processor.py:641} INFO - Processing file /opt/conda/lib/python3.8/site-packages/airflow/example_dags/example_nested_branch_dag.py for tasks to queue
[2023-12-27 15:37:57,124] {logging_mixin.py:115} INFO - [2023-12-27 15:37:57,124] {dagbag.py:508} INFO - Filling up the DagBag from /opt/conda/lib/python3.8/site-packages/airflow/example_dags/example_nested_branch_dag.py
[2023-12-27 15:37:57,244] {processor.py:651} INFO - DAG(s) dict_keys(['example_nested_branch_dag']) retrieved from /opt/conda/lib/python3.8/site-packages/airflow/example_dags/example_nested_branch_dag.py
[2023-12-27 15:37:57,268] {logging_mixin.py:115} INFO - [2023-12-27 15:37:57,267] {dag.py:2420} INFO - Sync 1 DAGs
[2023-12-27 15:37:57,291] {logging_mixin.py:115} INFO - [2023-12-27 15:37:57,291] {dag.py:2968} INFO - Setting next_dagrun for example_nested_branch_dag to 2023-12-26T00:00:00+00:00, run_after=2023-12-27T00:00:00+00:00
[2023-12-27 15:37:57,330] {processor.py:161} INFO - Processing /opt/conda/lib/python3.8/site-packages/airflow/example_dags/example_nested_branch_dag.py took 0.211 seconds
[2023-12-27 15:38:53,955] {processor.py:153} INFO - Started process (PID=1369) to work on /opt/conda/lib/python3.8/site-packages/airflow/example_dags/example_nested_branch_dag.py
[2023-12-27 15:38:53,956] {processor.py:641} INFO - Processing file /opt/conda/lib/python3.8/site-packages/airflow/example_dags/example_nested_branch_dag.py for tasks to queue
[2023-12-27 15:38:53,956] {logging_mixin.py:115} INFO - [2023-12-27 15:38:53,956] {dagbag.py:508} INFO - Filling up the DagBag from /opt/conda/lib/python3.8/site-packages/airflow/example_dags/example_nested_branch_dag.py
[2023-12-27 15:38:54,078] {processor.py:651} INFO - DAG(s) dict_keys(['example_nested_branch_dag']) retrieved from /opt/conda/lib/python3.8/site-packages/airflow/example_dags/example_nested_branch_dag.py
[2023-12-27 15:38:54,101] {logging_mixin.py:115} INFO - [2023-12-27 15:38:54,101] {dag.py:2420} INFO - Sync 1 DAGs
[2023-12-27 15:38:54,124] {logging_mixin.py:115} INFO - [2023-12-27 15:38:54,124] {dag.py:2968} INFO - Setting next_dagrun for example_nested_branch_dag to 2023-12-26T00:00:00+00:00, run_after=2023-12-27T00:00:00+00:00
[2023-12-27 15:38:54,163] {processor.py:161} INFO - Processing /opt/conda/lib/python3.8/site-packages/airflow/example_dags/example_nested_branch_dag.py took 0.211 seconds
[2023-12-27 15:39:50,304] {processor.py:153} INFO - Started process (PID=1526) to work on /opt/conda/lib/python3.8/site-packages/airflow/example_dags/example_nested_branch_dag.py
[2023-12-27 15:39:50,304] {processor.py:641} INFO - Processing file /opt/conda/lib/python3.8/site-packages/airflow/example_dags/example_nested_branch_dag.py for tasks to queue
[2023-12-27 15:39:50,305] {logging_mixin.py:115} INFO - [2023-12-27 15:39:50,305] {dagbag.py:508} INFO - Filling up the DagBag from /opt/conda/lib/python3.8/site-packages/airflow/example_dags/example_nested_branch_dag.py
[2023-12-27 15:39:50,424] {processor.py:651} INFO - DAG(s) dict_keys(['example_nested_branch_dag']) retrieved from /opt/conda/lib/python3.8/site-packages/airflow/example_dags/example_nested_branch_dag.py
[2023-12-27 15:39:50,449] {logging_mixin.py:115} INFO - [2023-12-27 15:39:50,449] {dag.py:2420} INFO - Sync 1 DAGs
[2023-12-27 15:39:50,473] {logging_mixin.py:115} INFO - [2023-12-27 15:39:50,473] {dag.py:2968} INFO - Setting next_dagrun for example_nested_branch_dag to 2023-12-26T00:00:00+00:00, run_after=2023-12-27T00:00:00+00:00
[2023-12-27 15:39:50,513] {processor.py:161} INFO - Processing /opt/conda/lib/python3.8/site-packages/airflow/example_dags/example_nested_branch_dag.py took 0.212 seconds
[2023-12-27 15:41:28,572] {processor.py:153} INFO - Started process (PID=1710) to work on /opt/conda/lib/python3.8/site-packages/airflow/example_dags/example_nested_branch_dag.py
[2023-12-27 15:41:28,573] {processor.py:641} INFO - Processing file /opt/conda/lib/python3.8/site-packages/airflow/example_dags/example_nested_branch_dag.py for tasks to queue
[2023-12-27 15:41:28,573] {logging_mixin.py:115} INFO - [2023-12-27 15:41:28,573] {dagbag.py:508} INFO - Filling up the DagBag from /opt/conda/lib/python3.8/site-packages/airflow/example_dags/example_nested_branch_dag.py
[2023-12-27 15:41:28,584] {processor.py:651} INFO - DAG(s) dict_keys(['example_nested_branch_dag']) retrieved from /opt/conda/lib/python3.8/site-packages/airflow/example_dags/example_nested_branch_dag.py
[2023-12-27 15:41:28,617] {logging_mixin.py:115} INFO - [2023-12-27 15:41:28,617] {dag.py:2420} INFO - Sync 1 DAGs
[2023-12-27 15:41:28,646] {logging_mixin.py:115} INFO - [2023-12-27 15:41:28,646] {dag.py:2968} INFO - Setting next_dagrun for example_nested_branch_dag to 2023-12-26T00:00:00+00:00, run_after=2023-12-27T00:00:00+00:00
[2023-12-27 15:41:28,689] {processor.py:161} INFO - Processing /opt/conda/lib/python3.8/site-packages/airflow/example_dags/example_nested_branch_dag.py took 0.120 seconds
[2023-12-27 15:42:20,210] {processor.py:153} INFO - Started process (PID=1784) to work on /opt/conda/lib/python3.8/site-packages/airflow/example_dags/example_nested_branch_dag.py
[2023-12-27 15:42:20,210] {processor.py:641} INFO - Processing file /opt/conda/lib/python3.8/site-packages/airflow/example_dags/example_nested_branch_dag.py for tasks to queue
[2023-12-27 15:42:20,211] {logging_mixin.py:115} INFO - [2023-12-27 15:42:20,211] {dagbag.py:508} INFO - Filling up the DagBag from /opt/conda/lib/python3.8/site-packages/airflow/example_dags/example_nested_branch_dag.py
[2023-12-27 15:42:20,221] {processor.py:651} INFO - DAG(s) dict_keys(['example_nested_branch_dag']) retrieved from /opt/conda/lib/python3.8/site-packages/airflow/example_dags/example_nested_branch_dag.py
[2023-12-27 15:42:20,251] {logging_mixin.py:115} INFO - [2023-12-27 15:42:20,251] {dag.py:2420} INFO - Sync 1 DAGs
[2023-12-27 15:42:20,280] {logging_mixin.py:115} INFO - [2023-12-27 15:42:20,280] {dag.py:2968} INFO - Setting next_dagrun for example_nested_branch_dag to 2023-12-26T00:00:00+00:00, run_after=2023-12-27T00:00:00+00:00
[2023-12-27 15:42:20,322] {processor.py:161} INFO - Processing /opt/conda/lib/python3.8/site-packages/airflow/example_dags/example_nested_branch_dag.py took 0.115 seconds
[2023-12-27 15:43:12,484] {processor.py:153} INFO - Started process (PID=1856) to work on /opt/conda/lib/python3.8/site-packages/airflow/example_dags/example_nested_branch_dag.py
[2023-12-27 15:43:12,484] {processor.py:641} INFO - Processing file /opt/conda/lib/python3.8/site-packages/airflow/example_dags/example_nested_branch_dag.py for tasks to queue
[2023-12-27 15:43:12,484] {logging_mixin.py:115} INFO - [2023-12-27 15:43:12,484] {dagbag.py:508} INFO - Filling up the DagBag from /opt/conda/lib/python3.8/site-packages/airflow/example_dags/example_nested_branch_dag.py
[2023-12-27 15:43:12,495] {processor.py:651} INFO - DAG(s) dict_keys(['example_nested_branch_dag']) retrieved from /opt/conda/lib/python3.8/site-packages/airflow/example_dags/example_nested_branch_dag.py
[2023-12-27 15:43:12,525] {logging_mixin.py:115} INFO - [2023-12-27 15:43:12,525] {dag.py:2420} INFO - Sync 1 DAGs
[2023-12-27 15:43:12,555] {logging_mixin.py:115} INFO - [2023-12-27 15:43:12,555] {dag.py:2968} INFO - Setting next_dagrun for example_nested_branch_dag to 2023-12-26T00:00:00+00:00, run_after=2023-12-27T00:00:00+00:00
[2023-12-27 15:43:12,595] {processor.py:161} INFO - Processing /opt/conda/lib/python3.8/site-packages/airflow/example_dags/example_nested_branch_dag.py took 0.115 seconds
[2023-12-27 15:44:01,820] {processor.py:153} INFO - Started process (PID=1926) to work on /opt/conda/lib/python3.8/site-packages/airflow/example_dags/example_nested_branch_dag.py
[2023-12-27 15:44:01,821] {processor.py:641} INFO - Processing file /opt/conda/lib/python3.8/site-packages/airflow/example_dags/example_nested_branch_dag.py for tasks to queue
[2023-12-27 15:44:01,821] {logging_mixin.py:115} INFO - [2023-12-27 15:44:01,821] {dagbag.py:508} INFO - Filling up the DagBag from /opt/conda/lib/python3.8/site-packages/airflow/example_dags/example_nested_branch_dag.py
[2023-12-27 15:44:01,833] {processor.py:651} INFO - DAG(s) dict_keys(['example_nested_branch_dag']) retrieved from /opt/conda/lib/python3.8/site-packages/airflow/example_dags/example_nested_branch_dag.py
[2023-12-27 15:44:01,873] {logging_mixin.py:115} INFO - [2023-12-27 15:44:01,873] {dag.py:2420} INFO - Sync 1 DAGs
[2023-12-27 15:44:01,909] {logging_mixin.py:115} INFO - [2023-12-27 15:44:01,908] {dag.py:2968} INFO - Setting next_dagrun for example_nested_branch_dag to 2023-12-26T00:00:00+00:00, run_after=2023-12-27T00:00:00+00:00
[2023-12-27 15:44:01,962] {processor.py:161} INFO - Processing /opt/conda/lib/python3.8/site-packages/airflow/example_dags/example_nested_branch_dag.py took 0.146 seconds
[2023-12-27 15:44:50,229] {processor.py:153} INFO - Started process (PID=1996) to work on /opt/conda/lib/python3.8/site-packages/airflow/example_dags/example_nested_branch_dag.py
[2023-12-27 15:44:50,229] {processor.py:641} INFO - Processing file /opt/conda/lib/python3.8/site-packages/airflow/example_dags/example_nested_branch_dag.py for tasks to queue
[2023-12-27 15:44:50,230] {logging_mixin.py:115} INFO - [2023-12-27 15:44:50,230] {dagbag.py:508} INFO - Filling up the DagBag from /opt/conda/lib/python3.8/site-packages/airflow/example_dags/example_nested_branch_dag.py
[2023-12-27 15:44:50,240] {processor.py:651} INFO - DAG(s) dict_keys(['example_nested_branch_dag']) retrieved from /opt/conda/lib/python3.8/site-packages/airflow/example_dags/example_nested_branch_dag.py
[2023-12-27 15:44:50,269] {logging_mixin.py:115} INFO - [2023-12-27 15:44:50,269] {dag.py:2420} INFO - Sync 1 DAGs
[2023-12-27 15:44:50,294] {logging_mixin.py:115} INFO - [2023-12-27 15:44:50,294] {dag.py:2968} INFO - Setting next_dagrun for example_nested_branch_dag to 2023-12-26T00:00:00+00:00, run_after=2023-12-27T00:00:00+00:00
[2023-12-27 15:44:50,333] {processor.py:161} INFO - Processing /opt/conda/lib/python3.8/site-packages/airflow/example_dags/example_nested_branch_dag.py took 0.107 seconds
[2023-12-27 15:45:37,823] {processor.py:153} INFO - Started process (PID=2065) to work on /opt/conda/lib/python3.8/site-packages/airflow/example_dags/example_nested_branch_dag.py
[2023-12-27 15:45:37,823] {processor.py:641} INFO - Processing file /opt/conda/lib/python3.8/site-packages/airflow/example_dags/example_nested_branch_dag.py for tasks to queue
[2023-12-27 15:45:37,824] {logging_mixin.py:115} INFO - [2023-12-27 15:45:37,823] {dagbag.py:508} INFO - Filling up the DagBag from /opt/conda/lib/python3.8/site-packages/airflow/example_dags/example_nested_branch_dag.py
[2023-12-27 15:45:37,834] {processor.py:651} INFO - DAG(s) dict_keys(['example_nested_branch_dag']) retrieved from /opt/conda/lib/python3.8/site-packages/airflow/example_dags/example_nested_branch_dag.py
[2023-12-27 15:45:37,864] {logging_mixin.py:115} INFO - [2023-12-27 15:45:37,864] {dag.py:2420} INFO - Sync 1 DAGs
[2023-12-27 15:45:37,888] {logging_mixin.py:115} INFO - [2023-12-27 15:45:37,888] {dag.py:2968} INFO - Setting next_dagrun for example_nested_branch_dag to 2023-12-26T00:00:00+00:00, run_after=2023-12-27T00:00:00+00:00
[2023-12-27 15:45:37,926] {processor.py:161} INFO - Processing /opt/conda/lib/python3.8/site-packages/airflow/example_dags/example_nested_branch_dag.py took 0.107 seconds
[2023-12-27 15:46:26,246] {processor.py:153} INFO - Started process (PID=2135) to work on /opt/conda/lib/python3.8/site-packages/airflow/example_dags/example_nested_branch_dag.py
[2023-12-27 15:46:26,247] {processor.py:641} INFO - Processing file /opt/conda/lib/python3.8/site-packages/airflow/example_dags/example_nested_branch_dag.py for tasks to queue
[2023-12-27 15:46:26,247] {logging_mixin.py:115} INFO - [2023-12-27 15:46:26,247] {dagbag.py:508} INFO - Filling up the DagBag from /opt/conda/lib/python3.8/site-packages/airflow/example_dags/example_nested_branch_dag.py
[2023-12-27 15:46:26,258] {processor.py:651} INFO - DAG(s) dict_keys(['example_nested_branch_dag']) retrieved from /opt/conda/lib/python3.8/site-packages/airflow/example_dags/example_nested_branch_dag.py
[2023-12-27 15:46:26,289] {logging_mixin.py:115} INFO - [2023-12-27 15:46:26,288] {dag.py:2420} INFO - Sync 1 DAGs
[2023-12-27 15:46:26,317] {logging_mixin.py:115} INFO - [2023-12-27 15:46:26,317] {dag.py:2968} INFO - Setting next_dagrun for example_nested_branch_dag to 2023-12-26T00:00:00+00:00, run_after=2023-12-27T00:00:00+00:00
[2023-12-27 15:46:26,358] {processor.py:161} INFO - Processing /opt/conda/lib/python3.8/site-packages/airflow/example_dags/example_nested_branch_dag.py took 0.115 seconds
[2023-12-27 15:47:12,268] {processor.py:153} INFO - Started process (PID=2204) to work on /opt/conda/lib/python3.8/site-packages/airflow/example_dags/example_nested_branch_dag.py
[2023-12-27 15:47:12,269] {processor.py:641} INFO - Processing file /opt/conda/lib/python3.8/site-packages/airflow/example_dags/example_nested_branch_dag.py for tasks to queue
[2023-12-27 15:47:12,269] {logging_mixin.py:115} INFO - [2023-12-27 15:47:12,269] {dagbag.py:508} INFO - Filling up the DagBag from /opt/conda/lib/python3.8/site-packages/airflow/example_dags/example_nested_branch_dag.py
[2023-12-27 15:47:12,280] {processor.py:651} INFO - DAG(s) dict_keys(['example_nested_branch_dag']) retrieved from /opt/conda/lib/python3.8/site-packages/airflow/example_dags/example_nested_branch_dag.py
[2023-12-27 15:47:12,311] {logging_mixin.py:115} INFO - [2023-12-27 15:47:12,311] {dag.py:2420} INFO - Sync 1 DAGs
[2023-12-27 15:47:12,337] {logging_mixin.py:115} INFO - [2023-12-27 15:47:12,337] {dag.py:2968} INFO - Setting next_dagrun for example_nested_branch_dag to 2023-12-26T00:00:00+00:00, run_after=2023-12-27T00:00:00+00:00
[2023-12-27 15:47:12,379] {processor.py:161} INFO - Processing /opt/conda/lib/python3.8/site-packages/airflow/example_dags/example_nested_branch_dag.py took 0.114 seconds
[2023-12-27 15:48:00,507] {processor.py:153} INFO - Started process (PID=2273) to work on /opt/conda/lib/python3.8/site-packages/airflow/example_dags/example_nested_branch_dag.py
[2023-12-27 15:48:00,508] {processor.py:641} INFO - Processing file /opt/conda/lib/python3.8/site-packages/airflow/example_dags/example_nested_branch_dag.py for tasks to queue
[2023-12-27 15:48:00,508] {logging_mixin.py:115} INFO - [2023-12-27 15:48:00,508] {dagbag.py:508} INFO - Filling up the DagBag from /opt/conda/lib/python3.8/site-packages/airflow/example_dags/example_nested_branch_dag.py
[2023-12-27 15:48:00,519] {processor.py:651} INFO - DAG(s) dict_keys(['example_nested_branch_dag']) retrieved from /opt/conda/lib/python3.8/site-packages/airflow/example_dags/example_nested_branch_dag.py
[2023-12-27 15:48:00,550] {logging_mixin.py:115} INFO - [2023-12-27 15:48:00,550] {dag.py:2420} INFO - Sync 1 DAGs
[2023-12-27 15:48:00,577] {logging_mixin.py:115} INFO - [2023-12-27 15:48:00,577] {dag.py:2968} INFO - Setting next_dagrun for example_nested_branch_dag to 2023-12-26T00:00:00+00:00, run_after=2023-12-27T00:00:00+00:00
[2023-12-27 15:48:00,619] {processor.py:161} INFO - Processing /opt/conda/lib/python3.8/site-packages/airflow/example_dags/example_nested_branch_dag.py took 0.115 seconds
[2023-12-27 15:48:46,872] {processor.py:153} INFO - Started process (PID=2342) to work on /opt/conda/lib/python3.8/site-packages/airflow/example_dags/example_nested_branch_dag.py
[2023-12-27 15:48:46,872] {processor.py:641} INFO - Processing file /opt/conda/lib/python3.8/site-packages/airflow/example_dags/example_nested_branch_dag.py for tasks to queue
[2023-12-27 15:48:46,873] {logging_mixin.py:115} INFO - [2023-12-27 15:48:46,873] {dagbag.py:508} INFO - Filling up the DagBag from /opt/conda/lib/python3.8/site-packages/airflow/example_dags/example_nested_branch_dag.py
[2023-12-27 15:48:46,884] {processor.py:651} INFO - DAG(s) dict_keys(['example_nested_branch_dag']) retrieved from /opt/conda/lib/python3.8/site-packages/airflow/example_dags/example_nested_branch_dag.py
[2023-12-27 15:48:46,919] {logging_mixin.py:115} INFO - [2023-12-27 15:48:46,919] {dag.py:2420} INFO - Sync 1 DAGs
[2023-12-27 15:48:46,953] {logging_mixin.py:115} INFO - [2023-12-27 15:48:46,953] {dag.py:2968} INFO - Setting next_dagrun for example_nested_branch_dag to 2023-12-26T00:00:00+00:00, run_after=2023-12-27T00:00:00+00:00
[2023-12-27 15:48:46,998] {processor.py:161} INFO - Processing /opt/conda/lib/python3.8/site-packages/airflow/example_dags/example_nested_branch_dag.py took 0.129 seconds
[2023-12-27 17:01:44,571] {processor.py:153} INFO - Started process (PID=2948) to work on /opt/conda/lib/python3.8/site-packages/airflow/example_dags/example_nested_branch_dag.py
[2023-12-27 17:01:44,571] {processor.py:641} INFO - Processing file /opt/conda/lib/python3.8/site-packages/airflow/example_dags/example_nested_branch_dag.py for tasks to queue
[2023-12-27 17:01:44,572] {logging_mixin.py:115} INFO - [2023-12-27 17:01:44,572] {dagbag.py:508} INFO - Filling up the DagBag from /opt/conda/lib/python3.8/site-packages/airflow/example_dags/example_nested_branch_dag.py
[2023-12-27 17:01:44,688] {processor.py:651} INFO - DAG(s) dict_keys(['example_nested_branch_dag']) retrieved from /opt/conda/lib/python3.8/site-packages/airflow/example_dags/example_nested_branch_dag.py
[2023-12-27 17:01:44,712] {logging_mixin.py:115} INFO - [2023-12-27 17:01:44,712] {dag.py:2420} INFO - Sync 1 DAGs
[2023-12-27 17:01:44,735] {logging_mixin.py:115} INFO - [2023-12-27 17:01:44,735] {dag.py:2968} INFO - Setting next_dagrun for example_nested_branch_dag to 2023-12-26T00:00:00+00:00, run_after=2023-12-27T00:00:00+00:00
[2023-12-27 17:01:44,775] {processor.py:161} INFO - Processing /opt/conda/lib/python3.8/site-packages/airflow/example_dags/example_nested_branch_dag.py took 0.207 seconds
[2023-12-27 17:04:04,107] {processor.py:153} INFO - Started process (PID=3294) to work on /opt/conda/lib/python3.8/site-packages/airflow/example_dags/example_nested_branch_dag.py
[2023-12-27 17:04:04,107] {processor.py:641} INFO - Processing file /opt/conda/lib/python3.8/site-packages/airflow/example_dags/example_nested_branch_dag.py for tasks to queue
[2023-12-27 17:04:04,108] {logging_mixin.py:115} INFO - [2023-12-27 17:04:04,107] {dagbag.py:508} INFO - Filling up the DagBag from /opt/conda/lib/python3.8/site-packages/airflow/example_dags/example_nested_branch_dag.py
[2023-12-27 17:04:04,231] {processor.py:651} INFO - DAG(s) dict_keys(['example_nested_branch_dag']) retrieved from /opt/conda/lib/python3.8/site-packages/airflow/example_dags/example_nested_branch_dag.py
[2023-12-27 17:04:04,253] {logging_mixin.py:115} INFO - [2023-12-27 17:04:04,253] {dag.py:2420} INFO - Sync 1 DAGs
[2023-12-27 17:04:04,276] {logging_mixin.py:115} INFO - [2023-12-27 17:04:04,276] {dag.py:2968} INFO - Setting next_dagrun for example_nested_branch_dag to 2023-12-26T00:00:00+00:00, run_after=2023-12-27T00:00:00+00:00
[2023-12-27 17:04:04,316] {processor.py:161} INFO - Processing /opt/conda/lib/python3.8/site-packages/airflow/example_dags/example_nested_branch_dag.py took 0.212 seconds
[2023-12-27 17:05:20,388] {processor.py:153} INFO - Started process (PID=3435) to work on /opt/conda/lib/python3.8/site-packages/airflow/example_dags/example_nested_branch_dag.py
[2023-12-27 17:05:20,389] {processor.py:641} INFO - Processing file /opt/conda/lib/python3.8/site-packages/airflow/example_dags/example_nested_branch_dag.py for tasks to queue
[2023-12-27 17:05:20,389] {logging_mixin.py:115} INFO - [2023-12-27 17:05:20,389] {dagbag.py:508} INFO - Filling up the DagBag from /opt/conda/lib/python3.8/site-packages/airflow/example_dags/example_nested_branch_dag.py
[2023-12-27 17:05:20,506] {processor.py:651} INFO - DAG(s) dict_keys(['example_nested_branch_dag']) retrieved from /opt/conda/lib/python3.8/site-packages/airflow/example_dags/example_nested_branch_dag.py
[2023-12-27 17:05:20,529] {logging_mixin.py:115} INFO - [2023-12-27 17:05:20,529] {dag.py:2420} INFO - Sync 1 DAGs
[2023-12-27 17:05:20,552] {logging_mixin.py:115} INFO - [2023-12-27 17:05:20,552] {dag.py:2968} INFO - Setting next_dagrun for example_nested_branch_dag to 2023-12-26T00:00:00+00:00, run_after=2023-12-27T00:00:00+00:00
[2023-12-27 17:05:20,591] {processor.py:161} INFO - Processing /opt/conda/lib/python3.8/site-packages/airflow/example_dags/example_nested_branch_dag.py took 0.206 seconds
[2023-12-27 17:06:31,324] {processor.py:153} INFO - Started process (PID=3567) to work on /opt/conda/lib/python3.8/site-packages/airflow/example_dags/example_nested_branch_dag.py
[2023-12-27 17:06:31,324] {processor.py:641} INFO - Processing file /opt/conda/lib/python3.8/site-packages/airflow/example_dags/example_nested_branch_dag.py for tasks to queue
[2023-12-27 17:06:31,325] {logging_mixin.py:115} INFO - [2023-12-27 17:06:31,325] {dagbag.py:508} INFO - Filling up the DagBag from /opt/conda/lib/python3.8/site-packages/airflow/example_dags/example_nested_branch_dag.py
[2023-12-27 17:06:31,335] {processor.py:651} INFO - DAG(s) dict_keys(['example_nested_branch_dag']) retrieved from /opt/conda/lib/python3.8/site-packages/airflow/example_dags/example_nested_branch_dag.py
[2023-12-27 17:06:31,366] {logging_mixin.py:115} INFO - [2023-12-27 17:06:31,366] {dag.py:2420} INFO - Sync 1 DAGs
[2023-12-27 17:06:31,394] {logging_mixin.py:115} INFO - [2023-12-27 17:06:31,394] {dag.py:2968} INFO - Setting next_dagrun for example_nested_branch_dag to 2023-12-26T00:00:00+00:00, run_after=2023-12-27T00:00:00+00:00
[2023-12-27 17:06:31,435] {processor.py:161} INFO - Processing /opt/conda/lib/python3.8/site-packages/airflow/example_dags/example_nested_branch_dag.py took 0.115 seconds
[2023-12-27 17:07:35,579] {processor.py:153} INFO - Started process (PID=3692) to work on /opt/conda/lib/python3.8/site-packages/airflow/example_dags/example_nested_branch_dag.py
[2023-12-27 17:07:35,580] {processor.py:641} INFO - Processing file /opt/conda/lib/python3.8/site-packages/airflow/example_dags/example_nested_branch_dag.py for tasks to queue
[2023-12-27 17:07:35,580] {logging_mixin.py:115} INFO - [2023-12-27 17:07:35,580] {dagbag.py:508} INFO - Filling up the DagBag from /opt/conda/lib/python3.8/site-packages/airflow/example_dags/example_nested_branch_dag.py
[2023-12-27 17:07:35,591] {processor.py:651} INFO - DAG(s) dict_keys(['example_nested_branch_dag']) retrieved from /opt/conda/lib/python3.8/site-packages/airflow/example_dags/example_nested_branch_dag.py
[2023-12-27 17:07:35,622] {logging_mixin.py:115} INFO - [2023-12-27 17:07:35,622] {dag.py:2420} INFO - Sync 1 DAGs
[2023-12-27 17:07:35,652] {logging_mixin.py:115} INFO - [2023-12-27 17:07:35,652] {dag.py:2968} INFO - Setting next_dagrun for example_nested_branch_dag to 2023-12-26T00:00:00+00:00, run_after=2023-12-27T00:00:00+00:00
[2023-12-27 17:07:35,694] {processor.py:161} INFO - Processing /opt/conda/lib/python3.8/site-packages/airflow/example_dags/example_nested_branch_dag.py took 0.118 seconds
[2023-12-27 17:08:40,663] {processor.py:153} INFO - Started process (PID=3812) to work on /opt/conda/lib/python3.8/site-packages/airflow/example_dags/example_nested_branch_dag.py
[2023-12-27 17:08:40,664] {processor.py:641} INFO - Processing file /opt/conda/lib/python3.8/site-packages/airflow/example_dags/example_nested_branch_dag.py for tasks to queue
[2023-12-27 17:08:40,664] {logging_mixin.py:115} INFO - [2023-12-27 17:08:40,664] {dagbag.py:508} INFO - Filling up the DagBag from /opt/conda/lib/python3.8/site-packages/airflow/example_dags/example_nested_branch_dag.py
[2023-12-27 17:08:40,675] {processor.py:651} INFO - DAG(s) dict_keys(['example_nested_branch_dag']) retrieved from /opt/conda/lib/python3.8/site-packages/airflow/example_dags/example_nested_branch_dag.py
[2023-12-27 17:08:40,711] {logging_mixin.py:115} INFO - [2023-12-27 17:08:40,711] {dag.py:2420} INFO - Sync 1 DAGs
[2023-12-27 17:08:40,742] {logging_mixin.py:115} INFO - [2023-12-27 17:08:40,742] {dag.py:2968} INFO - Setting next_dagrun for example_nested_branch_dag to 2023-12-26T00:00:00+00:00, run_after=2023-12-27T00:00:00+00:00
[2023-12-27 17:08:40,785] {processor.py:161} INFO - Processing /opt/conda/lib/python3.8/site-packages/airflow/example_dags/example_nested_branch_dag.py took 0.125 seconds
[2023-12-27 17:09:44,670] {processor.py:153} INFO - Started process (PID=3927) to work on /opt/conda/lib/python3.8/site-packages/airflow/example_dags/example_nested_branch_dag.py
[2023-12-27 17:09:44,671] {processor.py:641} INFO - Processing file /opt/conda/lib/python3.8/site-packages/airflow/example_dags/example_nested_branch_dag.py for tasks to queue
[2023-12-27 17:09:44,671] {logging_mixin.py:115} INFO - [2023-12-27 17:09:44,671] {dagbag.py:508} INFO - Filling up the DagBag from /opt/conda/lib/python3.8/site-packages/airflow/example_dags/example_nested_branch_dag.py
[2023-12-27 17:09:44,682] {processor.py:651} INFO - DAG(s) dict_keys(['example_nested_branch_dag']) retrieved from /opt/conda/lib/python3.8/site-packages/airflow/example_dags/example_nested_branch_dag.py
[2023-12-27 17:09:44,707] {logging_mixin.py:115} INFO - [2023-12-27 17:09:44,707] {dag.py:2420} INFO - Sync 1 DAGs
[2023-12-27 17:09:44,728] {logging_mixin.py:115} INFO - [2023-12-27 17:09:44,728] {dag.py:2968} INFO - Setting next_dagrun for example_nested_branch_dag to 2023-12-26T00:00:00+00:00, run_after=2023-12-27T00:00:00+00:00
[2023-12-27 17:09:44,763] {processor.py:161} INFO - Processing /opt/conda/lib/python3.8/site-packages/airflow/example_dags/example_nested_branch_dag.py took 0.096 seconds
[2023-12-27 17:10:46,701] {processor.py:153} INFO - Started process (PID=4040) to work on /opt/conda/lib/python3.8/site-packages/airflow/example_dags/example_nested_branch_dag.py
[2023-12-27 17:10:46,701] {processor.py:641} INFO - Processing file /opt/conda/lib/python3.8/site-packages/airflow/example_dags/example_nested_branch_dag.py for tasks to queue
[2023-12-27 17:10:46,702] {logging_mixin.py:115} INFO - [2023-12-27 17:10:46,702] {dagbag.py:508} INFO - Filling up the DagBag from /opt/conda/lib/python3.8/site-packages/airflow/example_dags/example_nested_branch_dag.py
[2023-12-27 17:10:46,713] {processor.py:651} INFO - DAG(s) dict_keys(['example_nested_branch_dag']) retrieved from /opt/conda/lib/python3.8/site-packages/airflow/example_dags/example_nested_branch_dag.py
[2023-12-27 17:10:46,742] {logging_mixin.py:115} INFO - [2023-12-27 17:10:46,742] {dag.py:2420} INFO - Sync 1 DAGs
[2023-12-27 17:10:46,771] {logging_mixin.py:115} INFO - [2023-12-27 17:10:46,771] {dag.py:2968} INFO - Setting next_dagrun for example_nested_branch_dag to 2023-12-26T00:00:00+00:00, run_after=2023-12-27T00:00:00+00:00
[2023-12-27 17:10:46,810] {processor.py:161} INFO - Processing /opt/conda/lib/python3.8/site-packages/airflow/example_dags/example_nested_branch_dag.py took 0.113 seconds
[2023-12-27 17:11:55,049] {processor.py:153} INFO - Started process (PID=4164) to work on /opt/conda/lib/python3.8/site-packages/airflow/example_dags/example_nested_branch_dag.py
[2023-12-27 17:11:55,050] {processor.py:641} INFO - Processing file /opt/conda/lib/python3.8/site-packages/airflow/example_dags/example_nested_branch_dag.py for tasks to queue
[2023-12-27 17:11:55,050] {logging_mixin.py:115} INFO - [2023-12-27 17:11:55,050] {dagbag.py:508} INFO - Filling up the DagBag from /opt/conda/lib/python3.8/site-packages/airflow/example_dags/example_nested_branch_dag.py
[2023-12-27 17:11:55,062] {processor.py:651} INFO - DAG(s) dict_keys(['example_nested_branch_dag']) retrieved from /opt/conda/lib/python3.8/site-packages/airflow/example_dags/example_nested_branch_dag.py
[2023-12-27 17:11:55,094] {logging_mixin.py:115} INFO - [2023-12-27 17:11:55,094] {dag.py:2420} INFO - Sync 1 DAGs
[2023-12-27 17:11:55,124] {logging_mixin.py:115} INFO - [2023-12-27 17:11:55,124] {dag.py:2968} INFO - Setting next_dagrun for example_nested_branch_dag to 2023-12-26T00:00:00+00:00, run_after=2023-12-27T00:00:00+00:00
[2023-12-27 17:11:55,170] {processor.py:161} INFO - Processing /opt/conda/lib/python3.8/site-packages/airflow/example_dags/example_nested_branch_dag.py took 0.124 seconds
[2023-12-27 17:15:29,108] {processor.py:153} INFO - Started process (PID=4407) to work on /opt/conda/lib/python3.8/site-packages/airflow/example_dags/example_nested_branch_dag.py
[2023-12-27 17:15:29,108] {processor.py:641} INFO - Processing file /opt/conda/lib/python3.8/site-packages/airflow/example_dags/example_nested_branch_dag.py for tasks to queue
[2023-12-27 17:15:29,109] {logging_mixin.py:115} INFO - [2023-12-27 17:15:29,109] {dagbag.py:508} INFO - Filling up the DagBag from /opt/conda/lib/python3.8/site-packages/airflow/example_dags/example_nested_branch_dag.py
[2023-12-27 17:15:29,226] {processor.py:651} INFO - DAG(s) dict_keys(['example_nested_branch_dag']) retrieved from /opt/conda/lib/python3.8/site-packages/airflow/example_dags/example_nested_branch_dag.py
[2023-12-27 17:15:29,250] {logging_mixin.py:115} INFO - [2023-12-27 17:15:29,250] {dag.py:2420} INFO - Sync 1 DAGs
[2023-12-27 17:15:29,274] {logging_mixin.py:115} INFO - [2023-12-27 17:15:29,274] {dag.py:2968} INFO - Setting next_dagrun for example_nested_branch_dag to 2023-12-26T00:00:00+00:00, run_after=2023-12-27T00:00:00+00:00
[2023-12-27 17:15:29,315] {processor.py:161} INFO - Processing /opt/conda/lib/python3.8/site-packages/airflow/example_dags/example_nested_branch_dag.py took 0.210 seconds
[2023-12-27 17:17:02,672] {processor.py:153} INFO - Started process (PID=4638) to work on /opt/conda/lib/python3.8/site-packages/airflow/example_dags/example_nested_branch_dag.py
[2023-12-27 17:17:02,672] {processor.py:641} INFO - Processing file /opt/conda/lib/python3.8/site-packages/airflow/example_dags/example_nested_branch_dag.py for tasks to queue
[2023-12-27 17:17:02,673] {logging_mixin.py:115} INFO - [2023-12-27 17:17:02,673] {dagbag.py:508} INFO - Filling up the DagBag from /opt/conda/lib/python3.8/site-packages/airflow/example_dags/example_nested_branch_dag.py
[2023-12-27 17:17:02,789] {processor.py:651} INFO - DAG(s) dict_keys(['example_nested_branch_dag']) retrieved from /opt/conda/lib/python3.8/site-packages/airflow/example_dags/example_nested_branch_dag.py
[2023-12-27 17:17:02,814] {logging_mixin.py:115} INFO - [2023-12-27 17:17:02,814] {dag.py:2420} INFO - Sync 1 DAGs
[2023-12-27 17:17:02,838] {logging_mixin.py:115} INFO - [2023-12-27 17:17:02,838] {dag.py:2968} INFO - Setting next_dagrun for example_nested_branch_dag to 2023-12-26T00:00:00+00:00, run_after=2023-12-27T00:00:00+00:00
[2023-12-27 17:17:02,881] {processor.py:161} INFO - Processing /opt/conda/lib/python3.8/site-packages/airflow/example_dags/example_nested_branch_dag.py took 0.212 seconds
[2023-12-27 17:18:39,614] {processor.py:153} INFO - Started process (PID=4883) to work on /opt/conda/lib/python3.8/site-packages/airflow/example_dags/example_nested_branch_dag.py
[2023-12-27 17:18:39,615] {processor.py:641} INFO - Processing file /opt/conda/lib/python3.8/site-packages/airflow/example_dags/example_nested_branch_dag.py for tasks to queue
[2023-12-27 17:18:39,615] {logging_mixin.py:115} INFO - [2023-12-27 17:18:39,615] {dagbag.py:508} INFO - Filling up the DagBag from /opt/conda/lib/python3.8/site-packages/airflow/example_dags/example_nested_branch_dag.py
[2023-12-27 17:18:39,723] {processor.py:651} INFO - DAG(s) dict_keys(['example_nested_branch_dag']) retrieved from /opt/conda/lib/python3.8/site-packages/airflow/example_dags/example_nested_branch_dag.py
[2023-12-27 17:18:39,747] {logging_mixin.py:115} INFO - [2023-12-27 17:18:39,747] {dag.py:2420} INFO - Sync 1 DAGs
[2023-12-27 17:18:39,769] {logging_mixin.py:115} INFO - [2023-12-27 17:18:39,769] {dag.py:2968} INFO - Setting next_dagrun for example_nested_branch_dag to 2023-12-26T00:00:00+00:00, run_after=2023-12-27T00:00:00+00:00
[2023-12-27 17:18:39,809] {processor.py:161} INFO - Processing /opt/conda/lib/python3.8/site-packages/airflow/example_dags/example_nested_branch_dag.py took 0.198 seconds
[2023-12-27 17:19:52,331] {processor.py:153} INFO - Started process (PID=5010) to work on /opt/conda/lib/python3.8/site-packages/airflow/example_dags/example_nested_branch_dag.py
[2023-12-27 17:19:52,331] {processor.py:641} INFO - Processing file /opt/conda/lib/python3.8/site-packages/airflow/example_dags/example_nested_branch_dag.py for tasks to queue
[2023-12-27 17:19:52,332] {logging_mixin.py:115} INFO - [2023-12-27 17:19:52,332] {dagbag.py:508} INFO - Filling up the DagBag from /opt/conda/lib/python3.8/site-packages/airflow/example_dags/example_nested_branch_dag.py
[2023-12-27 17:19:52,343] {processor.py:651} INFO - DAG(s) dict_keys(['example_nested_branch_dag']) retrieved from /opt/conda/lib/python3.8/site-packages/airflow/example_dags/example_nested_branch_dag.py
[2023-12-27 17:19:52,377] {logging_mixin.py:115} INFO - [2023-12-27 17:19:52,377] {dag.py:2420} INFO - Sync 1 DAGs
[2023-12-27 17:19:52,410] {logging_mixin.py:115} INFO - [2023-12-27 17:19:52,410] {dag.py:2968} INFO - Setting next_dagrun for example_nested_branch_dag to 2023-12-26T00:00:00+00:00, run_after=2023-12-27T00:00:00+00:00
[2023-12-27 17:19:52,451] {processor.py:161} INFO - Processing /opt/conda/lib/python3.8/site-packages/airflow/example_dags/example_nested_branch_dag.py took 0.124 seconds
[2023-12-27 17:20:58,947] {processor.py:153} INFO - Started process (PID=5144) to work on /opt/conda/lib/python3.8/site-packages/airflow/example_dags/example_nested_branch_dag.py
[2023-12-27 17:20:58,948] {processor.py:641} INFO - Processing file /opt/conda/lib/python3.8/site-packages/airflow/example_dags/example_nested_branch_dag.py for tasks to queue
[2023-12-27 17:20:58,948] {logging_mixin.py:115} INFO - [2023-12-27 17:20:58,948] {dagbag.py:508} INFO - Filling up the DagBag from /opt/conda/lib/python3.8/site-packages/airflow/example_dags/example_nested_branch_dag.py
[2023-12-27 17:20:58,958] {processor.py:651} INFO - DAG(s) dict_keys(['example_nested_branch_dag']) retrieved from /opt/conda/lib/python3.8/site-packages/airflow/example_dags/example_nested_branch_dag.py
[2023-12-27 17:20:58,990] {logging_mixin.py:115} INFO - [2023-12-27 17:20:58,990] {dag.py:2420} INFO - Sync 1 DAGs
[2023-12-27 17:20:59,021] {logging_mixin.py:115} INFO - [2023-12-27 17:20:59,021] {dag.py:2968} INFO - Setting next_dagrun for example_nested_branch_dag to 2023-12-26T00:00:00+00:00, run_after=2023-12-27T00:00:00+00:00
[2023-12-27 17:20:59,067] {processor.py:161} INFO - Processing /opt/conda/lib/python3.8/site-packages/airflow/example_dags/example_nested_branch_dag.py took 0.122 seconds
[2023-12-27 17:22:06,471] {processor.py:153} INFO - Started process (PID=5264) to work on /opt/conda/lib/python3.8/site-packages/airflow/example_dags/example_nested_branch_dag.py
[2023-12-27 17:22:06,472] {processor.py:641} INFO - Processing file /opt/conda/lib/python3.8/site-packages/airflow/example_dags/example_nested_branch_dag.py for tasks to queue
[2023-12-27 17:22:06,472] {logging_mixin.py:115} INFO - [2023-12-27 17:22:06,472] {dagbag.py:508} INFO - Filling up the DagBag from /opt/conda/lib/python3.8/site-packages/airflow/example_dags/example_nested_branch_dag.py
[2023-12-27 17:22:06,483] {processor.py:651} INFO - DAG(s) dict_keys(['example_nested_branch_dag']) retrieved from /opt/conda/lib/python3.8/site-packages/airflow/example_dags/example_nested_branch_dag.py
[2023-12-27 17:22:06,519] {logging_mixin.py:115} INFO - [2023-12-27 17:22:06,519] {dag.py:2420} INFO - Sync 1 DAGs
[2023-12-27 17:22:06,553] {logging_mixin.py:115} INFO - [2023-12-27 17:22:06,553] {dag.py:2968} INFO - Setting next_dagrun for example_nested_branch_dag to 2023-12-26T00:00:00+00:00, run_after=2023-12-27T00:00:00+00:00
[2023-12-27 17:22:06,602] {processor.py:161} INFO - Processing /opt/conda/lib/python3.8/site-packages/airflow/example_dags/example_nested_branch_dag.py took 0.134 seconds
