[2023-12-27 07:12:54,657] {processor.py:153} INFO - Started process (PID=1368) to work on /opt/conda/lib/python3.8/site-packages/airflow/example_dags/example_branch_python_dop_operator_3.py
[2023-12-27 07:12:54,657] {processor.py:641} INFO - Processing file /opt/conda/lib/python3.8/site-packages/airflow/example_dags/example_branch_python_dop_operator_3.py for tasks to queue
[2023-12-27 07:12:54,658] {logging_mixin.py:115} INFO - [2023-12-27 07:12:54,658] {dagbag.py:508} INFO - Filling up the DagBag from /opt/conda/lib/python3.8/site-packages/airflow/example_dags/example_branch_python_dop_operator_3.py
[2023-12-27 07:12:54,775] {processor.py:651} INFO - DAG(s) dict_keys(['example_branch_dop_operator_v3']) retrieved from /opt/conda/lib/python3.8/site-packages/airflow/example_dags/example_branch_python_dop_operator_3.py
[2023-12-27 07:12:54,796] {logging_mixin.py:115} INFO - [2023-12-27 07:12:54,796] {dag.py:2420} INFO - Sync 1 DAGs
[2023-12-27 07:12:54,821] {logging_mixin.py:115} INFO - [2023-12-27 07:12:54,821] {dag.py:2968} INFO - Setting next_dagrun for example_branch_dop_operator_v3 to 2023-12-27T07:11:00+00:00, run_after=2023-12-27T07:12:00+00:00
[2023-12-27 07:12:54,860] {processor.py:161} INFO - Processing /opt/conda/lib/python3.8/site-packages/airflow/example_dags/example_branch_python_dop_operator_3.py took 0.207 seconds
[2023-12-27 15:35:52,167] {processor.py:153} INFO - Started process (PID=1078) to work on /opt/conda/lib/python3.8/site-packages/airflow/example_dags/example_branch_python_dop_operator_3.py
[2023-12-27 15:35:52,168] {processor.py:641} INFO - Processing file /opt/conda/lib/python3.8/site-packages/airflow/example_dags/example_branch_python_dop_operator_3.py for tasks to queue
[2023-12-27 15:35:52,168] {logging_mixin.py:115} INFO - [2023-12-27 15:35:52,168] {dagbag.py:508} INFO - Filling up the DagBag from /opt/conda/lib/python3.8/site-packages/airflow/example_dags/example_branch_python_dop_operator_3.py
[2023-12-27 15:35:52,290] {processor.py:651} INFO - DAG(s) dict_keys(['example_branch_dop_operator_v3']) retrieved from /opt/conda/lib/python3.8/site-packages/airflow/example_dags/example_branch_python_dop_operator_3.py
[2023-12-27 15:35:52,314] {logging_mixin.py:115} INFO - [2023-12-27 15:35:52,314] {dag.py:2420} INFO - Sync 1 DAGs
[2023-12-27 15:35:52,341] {logging_mixin.py:115} INFO - [2023-12-27 15:35:52,341] {dag.py:2968} INFO - Setting next_dagrun for example_branch_dop_operator_v3 to 2023-12-27T15:34:00+00:00, run_after=2023-12-27T15:35:00+00:00
[2023-12-27 15:35:52,382] {processor.py:161} INFO - Processing /opt/conda/lib/python3.8/site-packages/airflow/example_dags/example_branch_python_dop_operator_3.py took 0.218 seconds
[2023-12-27 15:36:49,484] {processor.py:153} INFO - Started process (PID=1152) to work on /opt/conda/lib/python3.8/site-packages/airflow/example_dags/example_branch_python_dop_operator_3.py
[2023-12-27 15:36:49,485] {processor.py:641} INFO - Processing file /opt/conda/lib/python3.8/site-packages/airflow/example_dags/example_branch_python_dop_operator_3.py for tasks to queue
[2023-12-27 15:36:49,485] {logging_mixin.py:115} INFO - [2023-12-27 15:36:49,485] {dagbag.py:508} INFO - Filling up the DagBag from /opt/conda/lib/python3.8/site-packages/airflow/example_dags/example_branch_python_dop_operator_3.py
[2023-12-27 15:36:49,608] {processor.py:651} INFO - DAG(s) dict_keys(['example_branch_dop_operator_v3']) retrieved from /opt/conda/lib/python3.8/site-packages/airflow/example_dags/example_branch_python_dop_operator_3.py
[2023-12-27 15:36:49,632] {logging_mixin.py:115} INFO - [2023-12-27 15:36:49,632] {dag.py:2420} INFO - Sync 1 DAGs
[2023-12-27 15:36:49,657] {logging_mixin.py:115} INFO - [2023-12-27 15:36:49,657] {dag.py:2968} INFO - Setting next_dagrun for example_branch_dop_operator_v3 to 2023-12-27T15:35:00+00:00, run_after=2023-12-27T15:36:00+00:00
[2023-12-27 15:36:49,700] {processor.py:161} INFO - Processing /opt/conda/lib/python3.8/site-packages/airflow/example_dags/example_branch_python_dop_operator_3.py took 0.219 seconds
[2023-12-27 15:37:43,375] {processor.py:153} INFO - Started process (PID=1284) to work on /opt/conda/lib/python3.8/site-packages/airflow/example_dags/example_branch_python_dop_operator_3.py
[2023-12-27 15:37:43,376] {processor.py:641} INFO - Processing file /opt/conda/lib/python3.8/site-packages/airflow/example_dags/example_branch_python_dop_operator_3.py for tasks to queue
[2023-12-27 15:37:43,376] {logging_mixin.py:115} INFO - [2023-12-27 15:37:43,376] {dagbag.py:508} INFO - Filling up the DagBag from /opt/conda/lib/python3.8/site-packages/airflow/example_dags/example_branch_python_dop_operator_3.py
[2023-12-27 15:37:43,499] {processor.py:651} INFO - DAG(s) dict_keys(['example_branch_dop_operator_v3']) retrieved from /opt/conda/lib/python3.8/site-packages/airflow/example_dags/example_branch_python_dop_operator_3.py
[2023-12-27 15:37:43,520] {logging_mixin.py:115} INFO - [2023-12-27 15:37:43,520] {dag.py:2420} INFO - Sync 1 DAGs
[2023-12-27 15:37:43,544] {logging_mixin.py:115} INFO - [2023-12-27 15:37:43,544] {dag.py:2968} INFO - Setting next_dagrun for example_branch_dop_operator_v3 to 2023-12-27T15:36:00+00:00, run_after=2023-12-27T15:37:00+00:00
[2023-12-27 15:37:43,583] {processor.py:161} INFO - Processing /opt/conda/lib/python3.8/site-packages/airflow/example_dags/example_branch_python_dop_operator_3.py took 0.211 seconds
[2023-12-27 15:38:39,776] {processor.py:153} INFO - Started process (PID=1358) to work on /opt/conda/lib/python3.8/site-packages/airflow/example_dags/example_branch_python_dop_operator_3.py
[2023-12-27 15:38:39,776] {processor.py:641} INFO - Processing file /opt/conda/lib/python3.8/site-packages/airflow/example_dags/example_branch_python_dop_operator_3.py for tasks to queue
[2023-12-27 15:38:39,777] {logging_mixin.py:115} INFO - [2023-12-27 15:38:39,776] {dagbag.py:508} INFO - Filling up the DagBag from /opt/conda/lib/python3.8/site-packages/airflow/example_dags/example_branch_python_dop_operator_3.py
[2023-12-27 15:38:39,905] {processor.py:651} INFO - DAG(s) dict_keys(['example_branch_dop_operator_v3']) retrieved from /opt/conda/lib/python3.8/site-packages/airflow/example_dags/example_branch_python_dop_operator_3.py
[2023-12-27 15:38:39,930] {logging_mixin.py:115} INFO - [2023-12-27 15:38:39,929] {dag.py:2420} INFO - Sync 1 DAGs
[2023-12-27 15:38:39,956] {logging_mixin.py:115} INFO - [2023-12-27 15:38:39,956] {dag.py:2968} INFO - Setting next_dagrun for example_branch_dop_operator_v3 to 2023-12-27T15:37:00+00:00, run_after=2023-12-27T15:38:00+00:00
[2023-12-27 15:38:39,997] {processor.py:161} INFO - Processing /opt/conda/lib/python3.8/site-packages/airflow/example_dags/example_branch_python_dop_operator_3.py took 0.225 seconds
[2023-12-27 15:39:36,636] {processor.py:153} INFO - Started process (PID=1437) to work on /opt/conda/lib/python3.8/site-packages/airflow/example_dags/example_branch_python_dop_operator_3.py
[2023-12-27 15:39:36,637] {processor.py:641} INFO - Processing file /opt/conda/lib/python3.8/site-packages/airflow/example_dags/example_branch_python_dop_operator_3.py for tasks to queue
[2023-12-27 15:39:36,637] {logging_mixin.py:115} INFO - [2023-12-27 15:39:36,637] {dagbag.py:508} INFO - Filling up the DagBag from /opt/conda/lib/python3.8/site-packages/airflow/example_dags/example_branch_python_dop_operator_3.py
[2023-12-27 15:39:36,758] {processor.py:651} INFO - DAG(s) dict_keys(['example_branch_dop_operator_v3']) retrieved from /opt/conda/lib/python3.8/site-packages/airflow/example_dags/example_branch_python_dop_operator_3.py
[2023-12-27 15:39:36,783] {logging_mixin.py:115} INFO - [2023-12-27 15:39:36,783] {dag.py:2420} INFO - Sync 1 DAGs
[2023-12-27 15:39:36,809] {logging_mixin.py:115} INFO - [2023-12-27 15:39:36,809] {dag.py:2968} INFO - Setting next_dagrun for example_branch_dop_operator_v3 to 2023-12-27T15:38:00+00:00, run_after=2023-12-27T15:39:00+00:00
[2023-12-27 15:39:36,851] {processor.py:161} INFO - Processing /opt/conda/lib/python3.8/site-packages/airflow/example_dags/example_branch_python_dop_operator_3.py took 0.218 seconds
[2023-12-27 15:40:39,730] {processor.py:153} INFO - Started process (PID=1607) to work on /opt/conda/lib/python3.8/site-packages/airflow/example_dags/example_branch_python_dop_operator_3.py
[2023-12-27 15:40:39,731] {processor.py:641} INFO - Processing file /opt/conda/lib/python3.8/site-packages/airflow/example_dags/example_branch_python_dop_operator_3.py for tasks to queue
[2023-12-27 15:40:39,731] {logging_mixin.py:115} INFO - [2023-12-27 15:40:39,731] {dagbag.py:508} INFO - Filling up the DagBag from /opt/conda/lib/python3.8/site-packages/airflow/example_dags/example_branch_python_dop_operator_3.py
[2023-12-27 15:40:39,741] {processor.py:651} INFO - DAG(s) dict_keys(['example_branch_dop_operator_v3']) retrieved from /opt/conda/lib/python3.8/site-packages/airflow/example_dags/example_branch_python_dop_operator_3.py
[2023-12-27 15:40:39,773] {logging_mixin.py:115} INFO - [2023-12-27 15:40:39,773] {dag.py:2420} INFO - Sync 1 DAGs
[2023-12-27 15:40:39,810] {logging_mixin.py:115} INFO - [2023-12-27 15:40:39,810] {dag.py:2968} INFO - Setting next_dagrun for example_branch_dop_operator_v3 to 2023-12-27T15:39:00+00:00, run_after=2023-12-27T15:40:00+00:00
[2023-12-27 15:40:39,861] {processor.py:161} INFO - Processing /opt/conda/lib/python3.8/site-packages/airflow/example_dags/example_branch_python_dop_operator_3.py took 0.133 seconds
[2023-12-27 15:42:09,040] {processor.py:153} INFO - Started process (PID=1773) to work on /opt/conda/lib/python3.8/site-packages/airflow/example_dags/example_branch_python_dop_operator_3.py
[2023-12-27 15:42:09,040] {processor.py:641} INFO - Processing file /opt/conda/lib/python3.8/site-packages/airflow/example_dags/example_branch_python_dop_operator_3.py for tasks to queue
[2023-12-27 15:42:09,041] {logging_mixin.py:115} INFO - [2023-12-27 15:42:09,040] {dagbag.py:508} INFO - Filling up the DagBag from /opt/conda/lib/python3.8/site-packages/airflow/example_dags/example_branch_python_dop_operator_3.py
[2023-12-27 15:42:09,051] {processor.py:651} INFO - DAG(s) dict_keys(['example_branch_dop_operator_v3']) retrieved from /opt/conda/lib/python3.8/site-packages/airflow/example_dags/example_branch_python_dop_operator_3.py
[2023-12-27 15:42:09,078] {logging_mixin.py:115} INFO - [2023-12-27 15:42:09,078] {dag.py:2420} INFO - Sync 1 DAGs
[2023-12-27 15:42:09,110] {logging_mixin.py:115} INFO - [2023-12-27 15:42:09,110] {dag.py:2968} INFO - Setting next_dagrun for example_branch_dop_operator_v3 to 2023-12-27T15:41:00+00:00, run_after=2023-12-27T15:42:00+00:00
[2023-12-27 15:42:09,155] {processor.py:161} INFO - Processing /opt/conda/lib/python3.8/site-packages/airflow/example_dags/example_branch_python_dop_operator_3.py took 0.119 seconds
[2023-12-27 15:43:02,100] {processor.py:153} INFO - Started process (PID=1848) to work on /opt/conda/lib/python3.8/site-packages/airflow/example_dags/example_branch_python_dop_operator_3.py
[2023-12-27 15:43:02,101] {processor.py:641} INFO - Processing file /opt/conda/lib/python3.8/site-packages/airflow/example_dags/example_branch_python_dop_operator_3.py for tasks to queue
[2023-12-27 15:43:02,101] {logging_mixin.py:115} INFO - [2023-12-27 15:43:02,101] {dagbag.py:508} INFO - Filling up the DagBag from /opt/conda/lib/python3.8/site-packages/airflow/example_dags/example_branch_python_dop_operator_3.py
[2023-12-27 15:43:02,112] {processor.py:651} INFO - DAG(s) dict_keys(['example_branch_dop_operator_v3']) retrieved from /opt/conda/lib/python3.8/site-packages/airflow/example_dags/example_branch_python_dop_operator_3.py
[2023-12-27 15:43:02,149] {logging_mixin.py:115} INFO - [2023-12-27 15:43:02,148] {dag.py:2420} INFO - Sync 1 DAGs
[2023-12-27 15:43:02,187] {logging_mixin.py:115} INFO - [2023-12-27 15:43:02,187] {dag.py:2968} INFO - Setting next_dagrun for example_branch_dop_operator_v3 to 2023-12-27T15:42:00+00:00, run_after=2023-12-27T15:43:00+00:00
[2023-12-27 15:43:02,244] {processor.py:161} INFO - Processing /opt/conda/lib/python3.8/site-packages/airflow/example_dags/example_branch_python_dop_operator_3.py took 0.147 seconds
[2023-12-27 15:43:52,464] {processor.py:153} INFO - Started process (PID=1918) to work on /opt/conda/lib/python3.8/site-packages/airflow/example_dags/example_branch_python_dop_operator_3.py
[2023-12-27 15:43:52,464] {processor.py:641} INFO - Processing file /opt/conda/lib/python3.8/site-packages/airflow/example_dags/example_branch_python_dop_operator_3.py for tasks to queue
[2023-12-27 15:43:52,465] {logging_mixin.py:115} INFO - [2023-12-27 15:43:52,465] {dagbag.py:508} INFO - Filling up the DagBag from /opt/conda/lib/python3.8/site-packages/airflow/example_dags/example_branch_python_dop_operator_3.py
[2023-12-27 15:43:52,475] {processor.py:651} INFO - DAG(s) dict_keys(['example_branch_dop_operator_v3']) retrieved from /opt/conda/lib/python3.8/site-packages/airflow/example_dags/example_branch_python_dop_operator_3.py
[2023-12-27 15:43:52,507] {logging_mixin.py:115} INFO - [2023-12-27 15:43:52,506] {dag.py:2420} INFO - Sync 1 DAGs
[2023-12-27 15:43:52,539] {logging_mixin.py:115} INFO - [2023-12-27 15:43:52,539] {dag.py:2968} INFO - Setting next_dagrun for example_branch_dop_operator_v3 to 2023-12-27T15:42:00+00:00, run_after=2023-12-27T15:43:00+00:00
[2023-12-27 15:43:52,583] {processor.py:161} INFO - Processing /opt/conda/lib/python3.8/site-packages/airflow/example_dags/example_branch_python_dop_operator_3.py took 0.122 seconds
[2023-12-27 15:44:40,859] {processor.py:153} INFO - Started process (PID=1988) to work on /opt/conda/lib/python3.8/site-packages/airflow/example_dags/example_branch_python_dop_operator_3.py
[2023-12-27 15:44:40,860] {processor.py:641} INFO - Processing file /opt/conda/lib/python3.8/site-packages/airflow/example_dags/example_branch_python_dop_operator_3.py for tasks to queue
[2023-12-27 15:44:40,860] {logging_mixin.py:115} INFO - [2023-12-27 15:44:40,860] {dagbag.py:508} INFO - Filling up the DagBag from /opt/conda/lib/python3.8/site-packages/airflow/example_dags/example_branch_python_dop_operator_3.py
[2023-12-27 15:44:40,870] {processor.py:651} INFO - DAG(s) dict_keys(['example_branch_dop_operator_v3']) retrieved from /opt/conda/lib/python3.8/site-packages/airflow/example_dags/example_branch_python_dop_operator_3.py
[2023-12-27 15:44:40,900] {logging_mixin.py:115} INFO - [2023-12-27 15:44:40,900] {dag.py:2420} INFO - Sync 1 DAGs
[2023-12-27 15:44:40,930] {logging_mixin.py:115} INFO - [2023-12-27 15:44:40,930] {dag.py:2968} INFO - Setting next_dagrun for example_branch_dop_operator_v3 to 2023-12-27T15:43:00+00:00, run_after=2023-12-27T15:44:00+00:00
[2023-12-27 15:44:40,972] {processor.py:161} INFO - Processing /opt/conda/lib/python3.8/site-packages/airflow/example_dags/example_branch_python_dop_operator_3.py took 0.116 seconds
[2023-12-27 15:45:28,489] {processor.py:153} INFO - Started process (PID=2057) to work on /opt/conda/lib/python3.8/site-packages/airflow/example_dags/example_branch_python_dop_operator_3.py
[2023-12-27 15:45:28,489] {processor.py:641} INFO - Processing file /opt/conda/lib/python3.8/site-packages/airflow/example_dags/example_branch_python_dop_operator_3.py for tasks to queue
[2023-12-27 15:45:28,490] {logging_mixin.py:115} INFO - [2023-12-27 15:45:28,489] {dagbag.py:508} INFO - Filling up the DagBag from /opt/conda/lib/python3.8/site-packages/airflow/example_dags/example_branch_python_dop_operator_3.py
[2023-12-27 15:45:28,500] {processor.py:651} INFO - DAG(s) dict_keys(['example_branch_dop_operator_v3']) retrieved from /opt/conda/lib/python3.8/site-packages/airflow/example_dags/example_branch_python_dop_operator_3.py
[2023-12-27 15:45:28,530] {logging_mixin.py:115} INFO - [2023-12-27 15:45:28,530] {dag.py:2420} INFO - Sync 1 DAGs
[2023-12-27 15:45:28,562] {logging_mixin.py:115} INFO - [2023-12-27 15:45:28,562] {dag.py:2968} INFO - Setting next_dagrun for example_branch_dop_operator_v3 to 2023-12-27T15:44:00+00:00, run_after=2023-12-27T15:45:00+00:00
[2023-12-27 15:45:28,605] {processor.py:161} INFO - Processing /opt/conda/lib/python3.8/site-packages/airflow/example_dags/example_branch_python_dop_operator_3.py took 0.120 seconds
[2023-12-27 15:46:16,934] {processor.py:153} INFO - Started process (PID=2127) to work on /opt/conda/lib/python3.8/site-packages/airflow/example_dags/example_branch_python_dop_operator_3.py
[2023-12-27 15:46:16,935] {processor.py:641} INFO - Processing file /opt/conda/lib/python3.8/site-packages/airflow/example_dags/example_branch_python_dop_operator_3.py for tasks to queue
[2023-12-27 15:46:16,935] {logging_mixin.py:115} INFO - [2023-12-27 15:46:16,935] {dagbag.py:508} INFO - Filling up the DagBag from /opt/conda/lib/python3.8/site-packages/airflow/example_dags/example_branch_python_dop_operator_3.py
[2023-12-27 15:46:16,946] {processor.py:651} INFO - DAG(s) dict_keys(['example_branch_dop_operator_v3']) retrieved from /opt/conda/lib/python3.8/site-packages/airflow/example_dags/example_branch_python_dop_operator_3.py
[2023-12-27 15:46:16,977] {logging_mixin.py:115} INFO - [2023-12-27 15:46:16,977] {dag.py:2420} INFO - Sync 1 DAGs
[2023-12-27 15:46:17,009] {logging_mixin.py:115} INFO - [2023-12-27 15:46:17,009] {dag.py:2968} INFO - Setting next_dagrun for example_branch_dop_operator_v3 to 2023-12-27T15:45:00+00:00, run_after=2023-12-27T15:46:00+00:00
[2023-12-27 15:46:17,051] {processor.py:161} INFO - Processing /opt/conda/lib/python3.8/site-packages/airflow/example_dags/example_branch_python_dop_operator_3.py took 0.120 seconds
[2023-12-27 15:47:03,176] {processor.py:153} INFO - Started process (PID=2196) to work on /opt/conda/lib/python3.8/site-packages/airflow/example_dags/example_branch_python_dop_operator_3.py
[2023-12-27 15:47:03,176] {processor.py:641} INFO - Processing file /opt/conda/lib/python3.8/site-packages/airflow/example_dags/example_branch_python_dop_operator_3.py for tasks to queue
[2023-12-27 15:47:03,177] {logging_mixin.py:115} INFO - [2023-12-27 15:47:03,177] {dagbag.py:508} INFO - Filling up the DagBag from /opt/conda/lib/python3.8/site-packages/airflow/example_dags/example_branch_python_dop_operator_3.py
[2023-12-27 15:47:03,187] {processor.py:651} INFO - DAG(s) dict_keys(['example_branch_dop_operator_v3']) retrieved from /opt/conda/lib/python3.8/site-packages/airflow/example_dags/example_branch_python_dop_operator_3.py
[2023-12-27 15:47:03,218] {logging_mixin.py:115} INFO - [2023-12-27 15:47:03,218] {dag.py:2420} INFO - Sync 1 DAGs
[2023-12-27 15:47:03,248] {logging_mixin.py:115} INFO - [2023-12-27 15:47:03,248] {dag.py:2968} INFO - Setting next_dagrun for example_branch_dop_operator_v3 to 2023-12-27T15:46:00+00:00, run_after=2023-12-27T15:47:00+00:00
[2023-12-27 15:47:03,291] {processor.py:161} INFO - Processing /opt/conda/lib/python3.8/site-packages/airflow/example_dags/example_branch_python_dop_operator_3.py took 0.119 seconds
[2023-12-27 15:47:51,151] {processor.py:153} INFO - Started process (PID=2265) to work on /opt/conda/lib/python3.8/site-packages/airflow/example_dags/example_branch_python_dop_operator_3.py
[2023-12-27 15:47:51,152] {processor.py:641} INFO - Processing file /opt/conda/lib/python3.8/site-packages/airflow/example_dags/example_branch_python_dop_operator_3.py for tasks to queue
[2023-12-27 15:47:51,152] {logging_mixin.py:115} INFO - [2023-12-27 15:47:51,152] {dagbag.py:508} INFO - Filling up the DagBag from /opt/conda/lib/python3.8/site-packages/airflow/example_dags/example_branch_python_dop_operator_3.py
[2023-12-27 15:47:51,163] {processor.py:651} INFO - DAG(s) dict_keys(['example_branch_dop_operator_v3']) retrieved from /opt/conda/lib/python3.8/site-packages/airflow/example_dags/example_branch_python_dop_operator_3.py
[2023-12-27 15:47:51,191] {logging_mixin.py:115} INFO - [2023-12-27 15:47:51,191] {dag.py:2420} INFO - Sync 1 DAGs
[2023-12-27 15:47:51,222] {logging_mixin.py:115} INFO - [2023-12-27 15:47:51,222] {dag.py:2968} INFO - Setting next_dagrun for example_branch_dop_operator_v3 to 2023-12-27T15:46:00+00:00, run_after=2023-12-27T15:47:00+00:00
[2023-12-27 15:47:51,264] {processor.py:161} INFO - Processing /opt/conda/lib/python3.8/site-packages/airflow/example_dags/example_branch_python_dop_operator_3.py took 0.116 seconds
[2023-12-27 15:48:37,528] {processor.py:153} INFO - Started process (PID=2334) to work on /opt/conda/lib/python3.8/site-packages/airflow/example_dags/example_branch_python_dop_operator_3.py
[2023-12-27 15:48:37,528] {processor.py:641} INFO - Processing file /opt/conda/lib/python3.8/site-packages/airflow/example_dags/example_branch_python_dop_operator_3.py for tasks to queue
[2023-12-27 15:48:37,529] {logging_mixin.py:115} INFO - [2023-12-27 15:48:37,528] {dagbag.py:508} INFO - Filling up the DagBag from /opt/conda/lib/python3.8/site-packages/airflow/example_dags/example_branch_python_dop_operator_3.py
[2023-12-27 15:48:37,539] {processor.py:651} INFO - DAG(s) dict_keys(['example_branch_dop_operator_v3']) retrieved from /opt/conda/lib/python3.8/site-packages/airflow/example_dags/example_branch_python_dop_operator_3.py
[2023-12-27 15:48:37,569] {logging_mixin.py:115} INFO - [2023-12-27 15:48:37,569] {dag.py:2420} INFO - Sync 1 DAGs
[2023-12-27 15:48:37,602] {logging_mixin.py:115} INFO - [2023-12-27 15:48:37,602] {dag.py:2968} INFO - Setting next_dagrun for example_branch_dop_operator_v3 to 2023-12-27T15:47:00+00:00, run_after=2023-12-27T15:48:00+00:00
[2023-12-27 15:48:37,647] {processor.py:161} INFO - Processing /opt/conda/lib/python3.8/site-packages/airflow/example_dags/example_branch_python_dop_operator_3.py took 0.122 seconds
[2023-12-27 17:01:34,231] {processor.py:153} INFO - Started process (PID=2940) to work on /opt/conda/lib/python3.8/site-packages/airflow/example_dags/example_branch_python_dop_operator_3.py
[2023-12-27 17:01:34,231] {processor.py:641} INFO - Processing file /opt/conda/lib/python3.8/site-packages/airflow/example_dags/example_branch_python_dop_operator_3.py for tasks to queue
[2023-12-27 17:01:34,232] {logging_mixin.py:115} INFO - [2023-12-27 17:01:34,232] {dagbag.py:508} INFO - Filling up the DagBag from /opt/conda/lib/python3.8/site-packages/airflow/example_dags/example_branch_python_dop_operator_3.py
[2023-12-27 17:01:34,351] {processor.py:651} INFO - DAG(s) dict_keys(['example_branch_dop_operator_v3']) retrieved from /opt/conda/lib/python3.8/site-packages/airflow/example_dags/example_branch_python_dop_operator_3.py
[2023-12-27 17:01:34,374] {logging_mixin.py:115} INFO - [2023-12-27 17:01:34,374] {dag.py:2420} INFO - Sync 1 DAGs
[2023-12-27 17:01:34,400] {logging_mixin.py:115} INFO - [2023-12-27 17:01:34,400] {dag.py:2968} INFO - Setting next_dagrun for example_branch_dop_operator_v3 to 2023-12-27T17:00:00+00:00, run_after=2023-12-27T17:01:00+00:00
[2023-12-27 17:01:34,442] {processor.py:161} INFO - Processing /opt/conda/lib/python3.8/site-packages/airflow/example_dags/example_branch_python_dop_operator_3.py took 0.214 seconds
[2023-12-27 17:02:41,218] {processor.py:153} INFO - Started process (PID=3052) to work on /opt/conda/lib/python3.8/site-packages/airflow/example_dags/example_branch_python_dop_operator_3.py
[2023-12-27 17:02:41,219] {processor.py:641} INFO - Processing file /opt/conda/lib/python3.8/site-packages/airflow/example_dags/example_branch_python_dop_operator_3.py for tasks to queue
[2023-12-27 17:02:41,219] {logging_mixin.py:115} INFO - [2023-12-27 17:02:41,219] {dagbag.py:508} INFO - Filling up the DagBag from /opt/conda/lib/python3.8/site-packages/airflow/example_dags/example_branch_python_dop_operator_3.py
[2023-12-27 17:02:41,343] {processor.py:651} INFO - DAG(s) dict_keys(['example_branch_dop_operator_v3']) retrieved from /opt/conda/lib/python3.8/site-packages/airflow/example_dags/example_branch_python_dop_operator_3.py
[2023-12-27 17:02:41,365] {logging_mixin.py:115} INFO - [2023-12-27 17:02:41,365] {dag.py:2420} INFO - Sync 1 DAGs
[2023-12-27 17:02:41,390] {logging_mixin.py:115} INFO - [2023-12-27 17:02:41,390] {dag.py:2968} INFO - Setting next_dagrun for example_branch_dop_operator_v3 to 2023-12-27T17:01:00+00:00, run_after=2023-12-27T17:02:00+00:00
[2023-12-27 17:02:41,432] {processor.py:161} INFO - Processing /opt/conda/lib/python3.8/site-packages/airflow/example_dags/example_branch_python_dop_operator_3.py took 0.217 seconds
[2023-12-27 17:03:55,887] {processor.py:153} INFO - Started process (PID=3288) to work on /opt/conda/lib/python3.8/site-packages/airflow/example_dags/example_branch_python_dop_operator_3.py
[2023-12-27 17:03:55,887] {processor.py:641} INFO - Processing file /opt/conda/lib/python3.8/site-packages/airflow/example_dags/example_branch_python_dop_operator_3.py for tasks to queue
[2023-12-27 17:03:55,888] {logging_mixin.py:115} INFO - [2023-12-27 17:03:55,888] {dagbag.py:508} INFO - Filling up the DagBag from /opt/conda/lib/python3.8/site-packages/airflow/example_dags/example_branch_python_dop_operator_3.py
[2023-12-27 17:03:56,006] {processor.py:651} INFO - DAG(s) dict_keys(['example_branch_dop_operator_v3']) retrieved from /opt/conda/lib/python3.8/site-packages/airflow/example_dags/example_branch_python_dop_operator_3.py
[2023-12-27 17:03:56,027] {logging_mixin.py:115} INFO - [2023-12-27 17:03:56,027] {dag.py:2420} INFO - Sync 1 DAGs
[2023-12-27 17:03:56,052] {logging_mixin.py:115} INFO - [2023-12-27 17:03:56,052] {dag.py:2968} INFO - Setting next_dagrun for example_branch_dop_operator_v3 to 2023-12-27T17:02:00+00:00, run_after=2023-12-27T17:03:00+00:00
[2023-12-27 17:03:56,092] {processor.py:161} INFO - Processing /opt/conda/lib/python3.8/site-packages/airflow/example_dags/example_branch_python_dop_operator_3.py took 0.208 seconds
[2023-12-27 17:05:02,304] {processor.py:153} INFO - Started process (PID=3398) to work on /opt/conda/lib/python3.8/site-packages/airflow/example_dags/example_branch_python_dop_operator_3.py
[2023-12-27 17:05:02,304] {processor.py:641} INFO - Processing file /opt/conda/lib/python3.8/site-packages/airflow/example_dags/example_branch_python_dop_operator_3.py for tasks to queue
[2023-12-27 17:05:02,305] {logging_mixin.py:115} INFO - [2023-12-27 17:05:02,305] {dagbag.py:508} INFO - Filling up the DagBag from /opt/conda/lib/python3.8/site-packages/airflow/example_dags/example_branch_python_dop_operator_3.py
[2023-12-27 17:05:02,422] {processor.py:651} INFO - DAG(s) dict_keys(['example_branch_dop_operator_v3']) retrieved from /opt/conda/lib/python3.8/site-packages/airflow/example_dags/example_branch_python_dop_operator_3.py
[2023-12-27 17:05:02,445] {logging_mixin.py:115} INFO - [2023-12-27 17:05:02,445] {dag.py:2420} INFO - Sync 1 DAGs
[2023-12-27 17:05:02,471] {logging_mixin.py:115} INFO - [2023-12-27 17:05:02,471] {dag.py:2968} INFO - Setting next_dagrun for example_branch_dop_operator_v3 to 2023-12-27T17:04:00+00:00, run_after=2023-12-27T17:05:00+00:00
[2023-12-27 17:05:02,511] {processor.py:161} INFO - Processing /opt/conda/lib/python3.8/site-packages/airflow/example_dags/example_branch_python_dop_operator_3.py took 0.210 seconds
[2023-12-27 17:06:16,581] {processor.py:153} INFO - Started process (PID=3539) to work on /opt/conda/lib/python3.8/site-packages/airflow/example_dags/example_branch_python_dop_operator_3.py
[2023-12-27 17:06:16,581] {processor.py:641} INFO - Processing file /opt/conda/lib/python3.8/site-packages/airflow/example_dags/example_branch_python_dop_operator_3.py for tasks to queue
[2023-12-27 17:06:16,582] {logging_mixin.py:115} INFO - [2023-12-27 17:06:16,581] {dagbag.py:508} INFO - Filling up the DagBag from /opt/conda/lib/python3.8/site-packages/airflow/example_dags/example_branch_python_dop_operator_3.py
[2023-12-27 17:06:16,592] {processor.py:651} INFO - DAG(s) dict_keys(['example_branch_dop_operator_v3']) retrieved from /opt/conda/lib/python3.8/site-packages/airflow/example_dags/example_branch_python_dop_operator_3.py
[2023-12-27 17:06:16,621] {logging_mixin.py:115} INFO - [2023-12-27 17:06:16,620] {dag.py:2420} INFO - Sync 1 DAGs
[2023-12-27 17:06:16,653] {logging_mixin.py:115} INFO - [2023-12-27 17:06:16,653] {dag.py:2968} INFO - Setting next_dagrun for example_branch_dop_operator_v3 to 2023-12-27T17:05:00+00:00, run_after=2023-12-27T17:06:00+00:00
[2023-12-27 17:06:16,698] {processor.py:161} INFO - Processing /opt/conda/lib/python3.8/site-packages/airflow/example_dags/example_branch_python_dop_operator_3.py took 0.121 seconds
[2023-12-27 17:07:21,111] {processor.py:153} INFO - Started process (PID=3660) to work on /opt/conda/lib/python3.8/site-packages/airflow/example_dags/example_branch_python_dop_operator_3.py
[2023-12-27 17:07:21,111] {processor.py:641} INFO - Processing file /opt/conda/lib/python3.8/site-packages/airflow/example_dags/example_branch_python_dop_operator_3.py for tasks to queue
[2023-12-27 17:07:21,112] {logging_mixin.py:115} INFO - [2023-12-27 17:07:21,112] {dagbag.py:508} INFO - Filling up the DagBag from /opt/conda/lib/python3.8/site-packages/airflow/example_dags/example_branch_python_dop_operator_3.py
[2023-12-27 17:07:21,122] {processor.py:651} INFO - DAG(s) dict_keys(['example_branch_dop_operator_v3']) retrieved from /opt/conda/lib/python3.8/site-packages/airflow/example_dags/example_branch_python_dop_operator_3.py
[2023-12-27 17:07:21,150] {logging_mixin.py:115} INFO - [2023-12-27 17:07:21,150] {dag.py:2420} INFO - Sync 1 DAGs
[2023-12-27 17:07:21,179] {logging_mixin.py:115} INFO - [2023-12-27 17:07:21,179] {dag.py:2968} INFO - Setting next_dagrun for example_branch_dop_operator_v3 to 2023-12-27T17:06:00+00:00, run_after=2023-12-27T17:07:00+00:00
[2023-12-27 17:07:21,222] {processor.py:161} INFO - Processing /opt/conda/lib/python3.8/site-packages/airflow/example_dags/example_branch_python_dop_operator_3.py took 0.115 seconds
[2023-12-27 17:08:25,383] {processor.py:153} INFO - Started process (PID=3781) to work on /opt/conda/lib/python3.8/site-packages/airflow/example_dags/example_branch_python_dop_operator_3.py
[2023-12-27 17:08:25,383] {processor.py:641} INFO - Processing file /opt/conda/lib/python3.8/site-packages/airflow/example_dags/example_branch_python_dop_operator_3.py for tasks to queue
[2023-12-27 17:08:25,384] {logging_mixin.py:115} INFO - [2023-12-27 17:08:25,383] {dagbag.py:508} INFO - Filling up the DagBag from /opt/conda/lib/python3.8/site-packages/airflow/example_dags/example_branch_python_dop_operator_3.py
[2023-12-27 17:08:25,394] {processor.py:651} INFO - DAG(s) dict_keys(['example_branch_dop_operator_v3']) retrieved from /opt/conda/lib/python3.8/site-packages/airflow/example_dags/example_branch_python_dop_operator_3.py
[2023-12-27 17:08:25,423] {logging_mixin.py:115} INFO - [2023-12-27 17:08:25,423] {dag.py:2420} INFO - Sync 1 DAGs
[2023-12-27 17:08:25,456] {logging_mixin.py:115} INFO - [2023-12-27 17:08:25,456] {dag.py:2968} INFO - Setting next_dagrun for example_branch_dop_operator_v3 to 2023-12-27T17:07:00+00:00, run_after=2023-12-27T17:08:00+00:00
[2023-12-27 17:08:25,499] {processor.py:161} INFO - Processing /opt/conda/lib/python3.8/site-packages/airflow/example_dags/example_branch_python_dop_operator_3.py took 0.120 seconds
[2023-12-27 17:09:32,409] {processor.py:153} INFO - Started process (PID=3908) to work on /opt/conda/lib/python3.8/site-packages/airflow/example_dags/example_branch_python_dop_operator_3.py
[2023-12-27 17:09:32,409] {processor.py:641} INFO - Processing file /opt/conda/lib/python3.8/site-packages/airflow/example_dags/example_branch_python_dop_operator_3.py for tasks to queue
[2023-12-27 17:09:32,409] {logging_mixin.py:115} INFO - [2023-12-27 17:09:32,409] {dagbag.py:508} INFO - Filling up the DagBag from /opt/conda/lib/python3.8/site-packages/airflow/example_dags/example_branch_python_dop_operator_3.py
[2023-12-27 17:09:32,420] {processor.py:651} INFO - DAG(s) dict_keys(['example_branch_dop_operator_v3']) retrieved from /opt/conda/lib/python3.8/site-packages/airflow/example_dags/example_branch_python_dop_operator_3.py
[2023-12-27 17:09:32,449] {logging_mixin.py:115} INFO - [2023-12-27 17:09:32,448] {dag.py:2420} INFO - Sync 1 DAGs
[2023-12-27 17:09:32,480] {logging_mixin.py:115} INFO - [2023-12-27 17:09:32,480] {dag.py:2968} INFO - Setting next_dagrun for example_branch_dop_operator_v3 to 2023-12-27T17:08:00+00:00, run_after=2023-12-27T17:09:00+00:00
[2023-12-27 17:09:32,524] {processor.py:161} INFO - Processing /opt/conda/lib/python3.8/site-packages/airflow/example_dags/example_branch_python_dop_operator_3.py took 0.118 seconds
[2023-12-27 17:10:34,676] {processor.py:153} INFO - Started process (PID=4021) to work on /opt/conda/lib/python3.8/site-packages/airflow/example_dags/example_branch_python_dop_operator_3.py
[2023-12-27 17:10:34,677] {processor.py:641} INFO - Processing file /opt/conda/lib/python3.8/site-packages/airflow/example_dags/example_branch_python_dop_operator_3.py for tasks to queue
[2023-12-27 17:10:34,677] {logging_mixin.py:115} INFO - [2023-12-27 17:10:34,677] {dagbag.py:508} INFO - Filling up the DagBag from /opt/conda/lib/python3.8/site-packages/airflow/example_dags/example_branch_python_dop_operator_3.py
[2023-12-27 17:10:34,689] {processor.py:651} INFO - DAG(s) dict_keys(['example_branch_dop_operator_v3']) retrieved from /opt/conda/lib/python3.8/site-packages/airflow/example_dags/example_branch_python_dop_operator_3.py
[2023-12-27 17:10:34,717] {logging_mixin.py:115} INFO - [2023-12-27 17:10:34,717] {dag.py:2420} INFO - Sync 1 DAGs
[2023-12-27 17:10:34,749] {logging_mixin.py:115} INFO - [2023-12-27 17:10:34,749] {dag.py:2968} INFO - Setting next_dagrun for example_branch_dop_operator_v3 to 2023-12-27T17:09:00+00:00, run_after=2023-12-27T17:10:00+00:00
[2023-12-27 17:10:34,794] {processor.py:161} INFO - Processing /opt/conda/lib/python3.8/site-packages/airflow/example_dags/example_branch_python_dop_operator_3.py took 0.121 seconds
[2023-12-27 17:11:38,372] {processor.py:153} INFO - Started process (PID=4134) to work on /opt/conda/lib/python3.8/site-packages/airflow/example_dags/example_branch_python_dop_operator_3.py
[2023-12-27 17:11:38,373] {processor.py:641} INFO - Processing file /opt/conda/lib/python3.8/site-packages/airflow/example_dags/example_branch_python_dop_operator_3.py for tasks to queue
[2023-12-27 17:11:38,373] {logging_mixin.py:115} INFO - [2023-12-27 17:11:38,373] {dagbag.py:508} INFO - Filling up the DagBag from /opt/conda/lib/python3.8/site-packages/airflow/example_dags/example_branch_python_dop_operator_3.py
[2023-12-27 17:11:38,385] {processor.py:651} INFO - DAG(s) dict_keys(['example_branch_dop_operator_v3']) retrieved from /opt/conda/lib/python3.8/site-packages/airflow/example_dags/example_branch_python_dop_operator_3.py
[2023-12-27 17:11:38,413] {logging_mixin.py:115} INFO - [2023-12-27 17:11:38,413] {dag.py:2420} INFO - Sync 1 DAGs
[2023-12-27 17:11:38,445] {logging_mixin.py:115} INFO - [2023-12-27 17:11:38,445] {dag.py:2968} INFO - Setting next_dagrun for example_branch_dop_operator_v3 to 2023-12-27T17:10:00+00:00, run_after=2023-12-27T17:11:00+00:00
[2023-12-27 17:11:38,487] {processor.py:161} INFO - Processing /opt/conda/lib/python3.8/site-packages/airflow/example_dags/example_branch_python_dop_operator_3.py took 0.118 seconds
[2023-12-27 17:15:18,760] {processor.py:153} INFO - Started process (PID=4399) to work on /opt/conda/lib/python3.8/site-packages/airflow/example_dags/example_branch_python_dop_operator_3.py
[2023-12-27 17:15:18,760] {processor.py:641} INFO - Processing file /opt/conda/lib/python3.8/site-packages/airflow/example_dags/example_branch_python_dop_operator_3.py for tasks to queue
[2023-12-27 17:15:18,761] {logging_mixin.py:115} INFO - [2023-12-27 17:15:18,761] {dagbag.py:508} INFO - Filling up the DagBag from /opt/conda/lib/python3.8/site-packages/airflow/example_dags/example_branch_python_dop_operator_3.py
[2023-12-27 17:15:18,876] {processor.py:651} INFO - DAG(s) dict_keys(['example_branch_dop_operator_v3']) retrieved from /opt/conda/lib/python3.8/site-packages/airflow/example_dags/example_branch_python_dop_operator_3.py
[2023-12-27 17:15:18,898] {logging_mixin.py:115} INFO - [2023-12-27 17:15:18,898] {dag.py:2420} INFO - Sync 1 DAGs
[2023-12-27 17:15:18,925] {logging_mixin.py:115} INFO - [2023-12-27 17:15:18,925] {dag.py:2968} INFO - Setting next_dagrun for example_branch_dop_operator_v3 to 2023-12-27T17:14:00+00:00, run_after=2023-12-27T17:15:00+00:00
[2023-12-27 17:15:18,968] {processor.py:161} INFO - Processing /opt/conda/lib/python3.8/site-packages/airflow/example_dags/example_branch_python_dop_operator_3.py took 0.212 seconds
[2023-12-27 17:16:52,343] {processor.py:153} INFO - Started process (PID=4630) to work on /opt/conda/lib/python3.8/site-packages/airflow/example_dags/example_branch_python_dop_operator_3.py
[2023-12-27 17:16:52,344] {processor.py:641} INFO - Processing file /opt/conda/lib/python3.8/site-packages/airflow/example_dags/example_branch_python_dop_operator_3.py for tasks to queue
[2023-12-27 17:16:52,344] {logging_mixin.py:115} INFO - [2023-12-27 17:16:52,344] {dagbag.py:508} INFO - Filling up the DagBag from /opt/conda/lib/python3.8/site-packages/airflow/example_dags/example_branch_python_dop_operator_3.py
[2023-12-27 17:16:52,460] {processor.py:651} INFO - DAG(s) dict_keys(['example_branch_dop_operator_v3']) retrieved from /opt/conda/lib/python3.8/site-packages/airflow/example_dags/example_branch_python_dop_operator_3.py
[2023-12-27 17:16:52,484] {logging_mixin.py:115} INFO - [2023-12-27 17:16:52,484] {dag.py:2420} INFO - Sync 1 DAGs
[2023-12-27 17:16:52,509] {logging_mixin.py:115} INFO - [2023-12-27 17:16:52,509] {dag.py:2968} INFO - Setting next_dagrun for example_branch_dop_operator_v3 to 2023-12-27T17:15:00+00:00, run_after=2023-12-27T17:16:00+00:00
[2023-12-27 17:16:52,554] {processor.py:161} INFO - Processing /opt/conda/lib/python3.8/site-packages/airflow/example_dags/example_branch_python_dop_operator_3.py took 0.214 seconds
[2023-12-27 17:18:30,075] {processor.py:153} INFO - Started process (PID=4875) to work on /opt/conda/lib/python3.8/site-packages/airflow/example_dags/example_branch_python_dop_operator_3.py
[2023-12-27 17:18:30,076] {processor.py:641} INFO - Processing file /opt/conda/lib/python3.8/site-packages/airflow/example_dags/example_branch_python_dop_operator_3.py for tasks to queue
[2023-12-27 17:18:30,076] {logging_mixin.py:115} INFO - [2023-12-27 17:18:30,076] {dagbag.py:508} INFO - Filling up the DagBag from /opt/conda/lib/python3.8/site-packages/airflow/example_dags/example_branch_python_dop_operator_3.py
[2023-12-27 17:18:30,192] {processor.py:651} INFO - DAG(s) dict_keys(['example_branch_dop_operator_v3']) retrieved from /opt/conda/lib/python3.8/site-packages/airflow/example_dags/example_branch_python_dop_operator_3.py
[2023-12-27 17:18:30,216] {logging_mixin.py:115} INFO - [2023-12-27 17:18:30,215] {dag.py:2420} INFO - Sync 1 DAGs
[2023-12-27 17:18:30,242] {logging_mixin.py:115} INFO - [2023-12-27 17:18:30,242] {dag.py:2968} INFO - Setting next_dagrun for example_branch_dop_operator_v3 to 2023-12-27T17:17:00+00:00, run_after=2023-12-27T17:18:00+00:00
[2023-12-27 17:18:30,283] {processor.py:161} INFO - Processing /opt/conda/lib/python3.8/site-packages/airflow/example_dags/example_branch_python_dop_operator_3.py took 0.211 seconds
[2023-12-27 17:19:42,083] {processor.py:153} INFO - Started process (PID=5000) to work on /opt/conda/lib/python3.8/site-packages/airflow/example_dags/example_branch_python_dop_operator_3.py
[2023-12-27 17:19:42,084] {processor.py:641} INFO - Processing file /opt/conda/lib/python3.8/site-packages/airflow/example_dags/example_branch_python_dop_operator_3.py for tasks to queue
[2023-12-27 17:19:42,084] {logging_mixin.py:115} INFO - [2023-12-27 17:19:42,084] {dagbag.py:508} INFO - Filling up the DagBag from /opt/conda/lib/python3.8/site-packages/airflow/example_dags/example_branch_python_dop_operator_3.py
[2023-12-27 17:19:42,203] {processor.py:651} INFO - DAG(s) dict_keys(['example_branch_dop_operator_v3']) retrieved from /opt/conda/lib/python3.8/site-packages/airflow/example_dags/example_branch_python_dop_operator_3.py
[2023-12-27 17:19:42,225] {logging_mixin.py:115} INFO - [2023-12-27 17:19:42,225] {dag.py:2420} INFO - Sync 1 DAGs
[2023-12-27 17:19:42,252] {logging_mixin.py:115} INFO - [2023-12-27 17:19:42,251] {dag.py:2968} INFO - Setting next_dagrun for example_branch_dop_operator_v3 to 2023-12-27T17:18:00+00:00, run_after=2023-12-27T17:19:00+00:00
[2023-12-27 17:19:42,295] {processor.py:161} INFO - Processing /opt/conda/lib/python3.8/site-packages/airflow/example_dags/example_branch_python_dop_operator_3.py took 0.215 seconds
[2023-12-27 17:20:49,280] {processor.py:153} INFO - Started process (PID=5119) to work on /opt/conda/lib/python3.8/site-packages/airflow/example_dags/example_branch_python_dop_operator_3.py
[2023-12-27 17:20:49,281] {processor.py:641} INFO - Processing file /opt/conda/lib/python3.8/site-packages/airflow/example_dags/example_branch_python_dop_operator_3.py for tasks to queue
[2023-12-27 17:20:49,281] {logging_mixin.py:115} INFO - [2023-12-27 17:20:49,281] {dagbag.py:508} INFO - Filling up the DagBag from /opt/conda/lib/python3.8/site-packages/airflow/example_dags/example_branch_python_dop_operator_3.py
[2023-12-27 17:20:49,292] {processor.py:651} INFO - DAG(s) dict_keys(['example_branch_dop_operator_v3']) retrieved from /opt/conda/lib/python3.8/site-packages/airflow/example_dags/example_branch_python_dop_operator_3.py
[2023-12-27 17:20:49,326] {logging_mixin.py:115} INFO - [2023-12-27 17:20:49,326] {dag.py:2420} INFO - Sync 1 DAGs
[2023-12-27 17:20:49,367] {logging_mixin.py:115} INFO - [2023-12-27 17:20:49,367] {dag.py:2968} INFO - Setting next_dagrun for example_branch_dop_operator_v3 to 2023-12-27T17:19:00+00:00, run_after=2023-12-27T17:20:00+00:00
[2023-12-27 17:20:49,421] {processor.py:161} INFO - Processing /opt/conda/lib/python3.8/site-packages/airflow/example_dags/example_branch_python_dop_operator_3.py took 0.144 seconds
[2023-12-27 17:21:56,646] {processor.py:153} INFO - Started process (PID=5256) to work on /opt/conda/lib/python3.8/site-packages/airflow/example_dags/example_branch_python_dop_operator_3.py
[2023-12-27 17:21:56,647] {processor.py:641} INFO - Processing file /opt/conda/lib/python3.8/site-packages/airflow/example_dags/example_branch_python_dop_operator_3.py for tasks to queue
[2023-12-27 17:21:56,647] {logging_mixin.py:115} INFO - [2023-12-27 17:21:56,647] {dagbag.py:508} INFO - Filling up the DagBag from /opt/conda/lib/python3.8/site-packages/airflow/example_dags/example_branch_python_dop_operator_3.py
[2023-12-27 17:21:56,658] {processor.py:651} INFO - DAG(s) dict_keys(['example_branch_dop_operator_v3']) retrieved from /opt/conda/lib/python3.8/site-packages/airflow/example_dags/example_branch_python_dop_operator_3.py
[2023-12-27 17:21:56,686] {logging_mixin.py:115} INFO - [2023-12-27 17:21:56,686] {dag.py:2420} INFO - Sync 1 DAGs
[2023-12-27 17:21:56,718] {logging_mixin.py:115} INFO - [2023-12-27 17:21:56,718] {dag.py:2968} INFO - Setting next_dagrun for example_branch_dop_operator_v3 to 2023-12-27T17:20:00+00:00, run_after=2023-12-27T17:21:00+00:00
[2023-12-27 17:21:56,762] {processor.py:161} INFO - Processing /opt/conda/lib/python3.8/site-packages/airflow/example_dags/example_branch_python_dop_operator_3.py took 0.119 seconds
