[2023-12-27 07:12:55,346] {processor.py:153} INFO - Started process (PID=1369) to work on /opt/conda/lib/python3.8/site-packages/airflow/example_dags/example_complex.py
[2023-12-27 07:12:55,347] {processor.py:641} INFO - Processing file /opt/conda/lib/python3.8/site-packages/airflow/example_dags/example_complex.py for tasks to queue
[2023-12-27 07:12:55,347] {logging_mixin.py:115} INFO - [2023-12-27 07:12:55,347] {dagbag.py:508} INFO - Filling up the DagBag from /opt/conda/lib/python3.8/site-packages/airflow/example_dags/example_complex.py
[2023-12-27 07:12:55,464] {processor.py:651} INFO - DAG(s) dict_keys(['example_complex']) retrieved from /opt/conda/lib/python3.8/site-packages/airflow/example_dags/example_complex.py
[2023-12-27 07:12:55,489] {logging_mixin.py:115} INFO - [2023-12-27 07:12:55,489] {dag.py:2420} INFO - Sync 1 DAGs
[2023-12-27 07:12:55,511] {logging_mixin.py:115} INFO - [2023-12-27 07:12:55,511] {dag.py:2968} INFO - Setting next_dagrun for example_complex to None, run_after=None
[2023-12-27 07:12:55,551] {processor.py:161} INFO - Processing /opt/conda/lib/python3.8/site-packages/airflow/example_dags/example_complex.py took 0.208 seconds
[2023-12-27 15:35:52,643] {processor.py:153} INFO - Started process (PID=1079) to work on /opt/conda/lib/python3.8/site-packages/airflow/example_dags/example_complex.py
[2023-12-27 15:35:52,643] {processor.py:641} INFO - Processing file /opt/conda/lib/python3.8/site-packages/airflow/example_dags/example_complex.py for tasks to queue
[2023-12-27 15:35:52,644] {logging_mixin.py:115} INFO - [2023-12-27 15:35:52,644] {dagbag.py:508} INFO - Filling up the DagBag from /opt/conda/lib/python3.8/site-packages/airflow/example_dags/example_complex.py
[2023-12-27 15:35:52,761] {processor.py:651} INFO - DAG(s) dict_keys(['example_complex']) retrieved from /opt/conda/lib/python3.8/site-packages/airflow/example_dags/example_complex.py
[2023-12-27 15:35:52,788] {logging_mixin.py:115} INFO - [2023-12-27 15:35:52,788] {dag.py:2420} INFO - Sync 1 DAGs
[2023-12-27 15:35:52,810] {logging_mixin.py:115} INFO - [2023-12-27 15:35:52,810] {dag.py:2968} INFO - Setting next_dagrun for example_complex to None, run_after=None
[2023-12-27 15:35:52,852] {processor.py:161} INFO - Processing /opt/conda/lib/python3.8/site-packages/airflow/example_dags/example_complex.py took 0.212 seconds
[2023-12-27 15:36:50,888] {processor.py:153} INFO - Started process (PID=1153) to work on /opt/conda/lib/python3.8/site-packages/airflow/example_dags/example_complex.py
[2023-12-27 15:36:50,889] {processor.py:641} INFO - Processing file /opt/conda/lib/python3.8/site-packages/airflow/example_dags/example_complex.py for tasks to queue
[2023-12-27 15:36:50,889] {logging_mixin.py:115} INFO - [2023-12-27 15:36:50,889] {dagbag.py:508} INFO - Filling up the DagBag from /opt/conda/lib/python3.8/site-packages/airflow/example_dags/example_complex.py
[2023-12-27 15:36:51,014] {processor.py:651} INFO - DAG(s) dict_keys(['example_complex']) retrieved from /opt/conda/lib/python3.8/site-packages/airflow/example_dags/example_complex.py
[2023-12-27 15:36:51,040] {logging_mixin.py:115} INFO - [2023-12-27 15:36:51,040] {dag.py:2420} INFO - Sync 1 DAGs
[2023-12-27 15:36:51,062] {logging_mixin.py:115} INFO - [2023-12-27 15:36:51,062] {dag.py:2968} INFO - Setting next_dagrun for example_complex to None, run_after=None
[2023-12-27 15:36:51,103] {processor.py:161} INFO - Processing /opt/conda/lib/python3.8/site-packages/airflow/example_dags/example_complex.py took 0.218 seconds
[2023-12-27 15:37:44,869] {processor.py:153} INFO - Started process (PID=1285) to work on /opt/conda/lib/python3.8/site-packages/airflow/example_dags/example_complex.py
[2023-12-27 15:37:44,870] {processor.py:641} INFO - Processing file /opt/conda/lib/python3.8/site-packages/airflow/example_dags/example_complex.py for tasks to queue
[2023-12-27 15:37:44,870] {logging_mixin.py:115} INFO - [2023-12-27 15:37:44,870] {dagbag.py:508} INFO - Filling up the DagBag from /opt/conda/lib/python3.8/site-packages/airflow/example_dags/example_complex.py
[2023-12-27 15:37:44,993] {processor.py:651} INFO - DAG(s) dict_keys(['example_complex']) retrieved from /opt/conda/lib/python3.8/site-packages/airflow/example_dags/example_complex.py
[2023-12-27 15:37:45,023] {logging_mixin.py:115} INFO - [2023-12-27 15:37:45,023] {dag.py:2420} INFO - Sync 1 DAGs
[2023-12-27 15:37:45,045] {logging_mixin.py:115} INFO - [2023-12-27 15:37:45,045] {dag.py:2968} INFO - Setting next_dagrun for example_complex to None, run_after=None
[2023-12-27 15:37:45,088] {processor.py:161} INFO - Processing /opt/conda/lib/python3.8/site-packages/airflow/example_dags/example_complex.py took 0.222 seconds
[2023-12-27 15:38:41,192] {processor.py:153} INFO - Started process (PID=1359) to work on /opt/conda/lib/python3.8/site-packages/airflow/example_dags/example_complex.py
[2023-12-27 15:38:41,193] {processor.py:641} INFO - Processing file /opt/conda/lib/python3.8/site-packages/airflow/example_dags/example_complex.py for tasks to queue
[2023-12-27 15:38:41,193] {logging_mixin.py:115} INFO - [2023-12-27 15:38:41,193] {dagbag.py:508} INFO - Filling up the DagBag from /opt/conda/lib/python3.8/site-packages/airflow/example_dags/example_complex.py
[2023-12-27 15:38:41,315] {processor.py:651} INFO - DAG(s) dict_keys(['example_complex']) retrieved from /opt/conda/lib/python3.8/site-packages/airflow/example_dags/example_complex.py
[2023-12-27 15:38:41,343] {logging_mixin.py:115} INFO - [2023-12-27 15:38:41,343] {dag.py:2420} INFO - Sync 1 DAGs
[2023-12-27 15:38:41,365] {logging_mixin.py:115} INFO - [2023-12-27 15:38:41,365] {dag.py:2968} INFO - Setting next_dagrun for example_complex to None, run_after=None
[2023-12-27 15:38:41,408] {processor.py:161} INFO - Processing /opt/conda/lib/python3.8/site-packages/airflow/example_dags/example_complex.py took 0.219 seconds
[2023-12-27 15:39:38,080] {processor.py:153} INFO - Started process (PID=1438) to work on /opt/conda/lib/python3.8/site-packages/airflow/example_dags/example_complex.py
[2023-12-27 15:39:38,080] {processor.py:641} INFO - Processing file /opt/conda/lib/python3.8/site-packages/airflow/example_dags/example_complex.py for tasks to queue
[2023-12-27 15:39:38,081] {logging_mixin.py:115} INFO - [2023-12-27 15:39:38,081] {dagbag.py:508} INFO - Filling up the DagBag from /opt/conda/lib/python3.8/site-packages/airflow/example_dags/example_complex.py
[2023-12-27 15:39:38,203] {processor.py:651} INFO - DAG(s) dict_keys(['example_complex']) retrieved from /opt/conda/lib/python3.8/site-packages/airflow/example_dags/example_complex.py
[2023-12-27 15:39:38,230] {logging_mixin.py:115} INFO - [2023-12-27 15:39:38,230] {dag.py:2420} INFO - Sync 1 DAGs
[2023-12-27 15:39:38,252] {logging_mixin.py:115} INFO - [2023-12-27 15:39:38,252] {dag.py:2968} INFO - Setting next_dagrun for example_complex to None, run_after=None
[2023-12-27 15:39:38,292] {processor.py:161} INFO - Processing /opt/conda/lib/python3.8/site-packages/airflow/example_dags/example_complex.py took 0.215 seconds
[2023-12-27 15:40:58,000] {processor.py:153} INFO - Started process (PID=1655) to work on /opt/conda/lib/python3.8/site-packages/airflow/example_dags/example_complex.py
[2023-12-27 15:40:58,001] {processor.py:641} INFO - Processing file /opt/conda/lib/python3.8/site-packages/airflow/example_dags/example_complex.py for tasks to queue
[2023-12-27 15:40:58,001] {logging_mixin.py:115} INFO - [2023-12-27 15:40:58,001] {dagbag.py:508} INFO - Filling up the DagBag from /opt/conda/lib/python3.8/site-packages/airflow/example_dags/example_complex.py
[2023-12-27 15:40:58,013] {processor.py:651} INFO - DAG(s) dict_keys(['example_complex']) retrieved from /opt/conda/lib/python3.8/site-packages/airflow/example_dags/example_complex.py
[2023-12-27 15:40:58,045] {logging_mixin.py:115} INFO - [2023-12-27 15:40:58,045] {dag.py:2420} INFO - Sync 1 DAGs
[2023-12-27 15:40:58,069] {logging_mixin.py:115} INFO - [2023-12-27 15:40:58,069] {dag.py:2968} INFO - Setting next_dagrun for example_complex to None, run_after=None
[2023-12-27 15:40:58,109] {processor.py:161} INFO - Processing /opt/conda/lib/python3.8/site-packages/airflow/example_dags/example_complex.py took 0.112 seconds
[2023-12-27 15:42:09,896] {processor.py:153} INFO - Started process (PID=1774) to work on /opt/conda/lib/python3.8/site-packages/airflow/example_dags/example_complex.py
[2023-12-27 15:42:09,897] {processor.py:641} INFO - Processing file /opt/conda/lib/python3.8/site-packages/airflow/example_dags/example_complex.py for tasks to queue
[2023-12-27 15:42:09,897] {logging_mixin.py:115} INFO - [2023-12-27 15:42:09,897] {dagbag.py:508} INFO - Filling up the DagBag from /opt/conda/lib/python3.8/site-packages/airflow/example_dags/example_complex.py
[2023-12-27 15:42:09,910] {processor.py:651} INFO - DAG(s) dict_keys(['example_complex']) retrieved from /opt/conda/lib/python3.8/site-packages/airflow/example_dags/example_complex.py
[2023-12-27 15:42:09,946] {logging_mixin.py:115} INFO - [2023-12-27 15:42:09,946] {dag.py:2420} INFO - Sync 1 DAGs
[2023-12-27 15:42:09,974] {logging_mixin.py:115} INFO - [2023-12-27 15:42:09,974] {dag.py:2968} INFO - Setting next_dagrun for example_complex to None, run_after=None
[2023-12-27 15:42:10,017] {processor.py:161} INFO - Processing /opt/conda/lib/python3.8/site-packages/airflow/example_dags/example_complex.py took 0.124 seconds
[2023-12-27 15:43:03,503] {processor.py:153} INFO - Started process (PID=1849) to work on /opt/conda/lib/python3.8/site-packages/airflow/example_dags/example_complex.py
[2023-12-27 15:43:03,503] {processor.py:641} INFO - Processing file /opt/conda/lib/python3.8/site-packages/airflow/example_dags/example_complex.py for tasks to queue
[2023-12-27 15:43:03,504] {logging_mixin.py:115} INFO - [2023-12-27 15:43:03,504] {dagbag.py:508} INFO - Filling up the DagBag from /opt/conda/lib/python3.8/site-packages/airflow/example_dags/example_complex.py
[2023-12-27 15:43:03,517] {processor.py:651} INFO - DAG(s) dict_keys(['example_complex']) retrieved from /opt/conda/lib/python3.8/site-packages/airflow/example_dags/example_complex.py
[2023-12-27 15:43:03,555] {logging_mixin.py:115} INFO - [2023-12-27 15:43:03,555] {dag.py:2420} INFO - Sync 1 DAGs
[2023-12-27 15:43:03,584] {logging_mixin.py:115} INFO - [2023-12-27 15:43:03,584] {dag.py:2968} INFO - Setting next_dagrun for example_complex to None, run_after=None
[2023-12-27 15:43:03,625] {processor.py:161} INFO - Processing /opt/conda/lib/python3.8/site-packages/airflow/example_dags/example_complex.py took 0.126 seconds
[2023-12-27 15:43:53,748] {processor.py:153} INFO - Started process (PID=1919) to work on /opt/conda/lib/python3.8/site-packages/airflow/example_dags/example_complex.py
[2023-12-27 15:43:53,748] {processor.py:641} INFO - Processing file /opt/conda/lib/python3.8/site-packages/airflow/example_dags/example_complex.py for tasks to queue
[2023-12-27 15:43:53,749] {logging_mixin.py:115} INFO - [2023-12-27 15:43:53,748] {dagbag.py:508} INFO - Filling up the DagBag from /opt/conda/lib/python3.8/site-packages/airflow/example_dags/example_complex.py
[2023-12-27 15:43:53,761] {processor.py:651} INFO - DAG(s) dict_keys(['example_complex']) retrieved from /opt/conda/lib/python3.8/site-packages/airflow/example_dags/example_complex.py
[2023-12-27 15:43:53,794] {logging_mixin.py:115} INFO - [2023-12-27 15:43:53,794] {dag.py:2420} INFO - Sync 1 DAGs
[2023-12-27 15:43:53,820] {logging_mixin.py:115} INFO - [2023-12-27 15:43:53,820] {dag.py:2968} INFO - Setting next_dagrun for example_complex to None, run_after=None
[2023-12-27 15:43:53,863] {processor.py:161} INFO - Processing /opt/conda/lib/python3.8/site-packages/airflow/example_dags/example_complex.py took 0.118 seconds
[2023-12-27 15:44:42,172] {processor.py:153} INFO - Started process (PID=1989) to work on /opt/conda/lib/python3.8/site-packages/airflow/example_dags/example_complex.py
[2023-12-27 15:44:42,172] {processor.py:641} INFO - Processing file /opt/conda/lib/python3.8/site-packages/airflow/example_dags/example_complex.py for tasks to queue
[2023-12-27 15:44:42,173] {logging_mixin.py:115} INFO - [2023-12-27 15:44:42,173] {dagbag.py:508} INFO - Filling up the DagBag from /opt/conda/lib/python3.8/site-packages/airflow/example_dags/example_complex.py
[2023-12-27 15:44:42,185] {processor.py:651} INFO - DAG(s) dict_keys(['example_complex']) retrieved from /opt/conda/lib/python3.8/site-packages/airflow/example_dags/example_complex.py
[2023-12-27 15:44:42,220] {logging_mixin.py:115} INFO - [2023-12-27 15:44:42,219] {dag.py:2420} INFO - Sync 1 DAGs
[2023-12-27 15:44:42,245] {logging_mixin.py:115} INFO - [2023-12-27 15:44:42,245] {dag.py:2968} INFO - Setting next_dagrun for example_complex to None, run_after=None
[2023-12-27 15:44:42,285] {processor.py:161} INFO - Processing /opt/conda/lib/python3.8/site-packages/airflow/example_dags/example_complex.py took 0.117 seconds
[2023-12-27 15:45:29,865] {processor.py:153} INFO - Started process (PID=2058) to work on /opt/conda/lib/python3.8/site-packages/airflow/example_dags/example_complex.py
[2023-12-27 15:45:29,866] {processor.py:641} INFO - Processing file /opt/conda/lib/python3.8/site-packages/airflow/example_dags/example_complex.py for tasks to queue
[2023-12-27 15:45:29,866] {logging_mixin.py:115} INFO - [2023-12-27 15:45:29,866] {dagbag.py:508} INFO - Filling up the DagBag from /opt/conda/lib/python3.8/site-packages/airflow/example_dags/example_complex.py
[2023-12-27 15:45:29,878] {processor.py:651} INFO - DAG(s) dict_keys(['example_complex']) retrieved from /opt/conda/lib/python3.8/site-packages/airflow/example_dags/example_complex.py
[2023-12-27 15:45:29,911] {logging_mixin.py:115} INFO - [2023-12-27 15:45:29,911] {dag.py:2420} INFO - Sync 1 DAGs
[2023-12-27 15:45:29,937] {logging_mixin.py:115} INFO - [2023-12-27 15:45:29,937] {dag.py:2968} INFO - Setting next_dagrun for example_complex to None, run_after=None
[2023-12-27 15:45:29,977] {processor.py:161} INFO - Processing /opt/conda/lib/python3.8/site-packages/airflow/example_dags/example_complex.py took 0.115 seconds
[2023-12-27 15:46:18,323] {processor.py:153} INFO - Started process (PID=2128) to work on /opt/conda/lib/python3.8/site-packages/airflow/example_dags/example_complex.py
[2023-12-27 15:46:18,323] {processor.py:641} INFO - Processing file /opt/conda/lib/python3.8/site-packages/airflow/example_dags/example_complex.py for tasks to queue
[2023-12-27 15:46:18,324] {logging_mixin.py:115} INFO - [2023-12-27 15:46:18,324] {dagbag.py:508} INFO - Filling up the DagBag from /opt/conda/lib/python3.8/site-packages/airflow/example_dags/example_complex.py
[2023-12-27 15:46:18,336] {processor.py:651} INFO - DAG(s) dict_keys(['example_complex']) retrieved from /opt/conda/lib/python3.8/site-packages/airflow/example_dags/example_complex.py
[2023-12-27 15:46:18,366] {logging_mixin.py:115} INFO - [2023-12-27 15:46:18,366] {dag.py:2420} INFO - Sync 1 DAGs
[2023-12-27 15:46:18,389] {logging_mixin.py:115} INFO - [2023-12-27 15:46:18,389] {dag.py:2968} INFO - Setting next_dagrun for example_complex to None, run_after=None
[2023-12-27 15:46:18,429] {processor.py:161} INFO - Processing /opt/conda/lib/python3.8/site-packages/airflow/example_dags/example_complex.py took 0.109 seconds
[2023-12-27 15:47:04,500] {processor.py:153} INFO - Started process (PID=2197) to work on /opt/conda/lib/python3.8/site-packages/airflow/example_dags/example_complex.py
[2023-12-27 15:47:04,500] {processor.py:641} INFO - Processing file /opt/conda/lib/python3.8/site-packages/airflow/example_dags/example_complex.py for tasks to queue
[2023-12-27 15:47:04,501] {logging_mixin.py:115} INFO - [2023-12-27 15:47:04,501] {dagbag.py:508} INFO - Filling up the DagBag from /opt/conda/lib/python3.8/site-packages/airflow/example_dags/example_complex.py
[2023-12-27 15:47:04,514] {processor.py:651} INFO - DAG(s) dict_keys(['example_complex']) retrieved from /opt/conda/lib/python3.8/site-packages/airflow/example_dags/example_complex.py
[2023-12-27 15:47:04,547] {logging_mixin.py:115} INFO - [2023-12-27 15:47:04,547] {dag.py:2420} INFO - Sync 1 DAGs
[2023-12-27 15:47:04,571] {logging_mixin.py:115} INFO - [2023-12-27 15:47:04,571] {dag.py:2968} INFO - Setting next_dagrun for example_complex to None, run_after=None
[2023-12-27 15:47:04,608] {processor.py:161} INFO - Processing /opt/conda/lib/python3.8/site-packages/airflow/example_dags/example_complex.py took 0.112 seconds
[2023-12-27 15:47:52,300] {processor.py:153} INFO - Started process (PID=2266) to work on /opt/conda/lib/python3.8/site-packages/airflow/example_dags/example_complex.py
[2023-12-27 15:47:52,301] {processor.py:641} INFO - Processing file /opt/conda/lib/python3.8/site-packages/airflow/example_dags/example_complex.py for tasks to queue
[2023-12-27 15:47:52,301] {logging_mixin.py:115} INFO - [2023-12-27 15:47:52,301] {dagbag.py:508} INFO - Filling up the DagBag from /opt/conda/lib/python3.8/site-packages/airflow/example_dags/example_complex.py
[2023-12-27 15:47:52,314] {processor.py:651} INFO - DAG(s) dict_keys(['example_complex']) retrieved from /opt/conda/lib/python3.8/site-packages/airflow/example_dags/example_complex.py
[2023-12-27 15:47:52,347] {logging_mixin.py:115} INFO - [2023-12-27 15:47:52,347] {dag.py:2420} INFO - Sync 1 DAGs
[2023-12-27 15:47:52,372] {logging_mixin.py:115} INFO - [2023-12-27 15:47:52,371] {dag.py:2968} INFO - Setting next_dagrun for example_complex to None, run_after=None
[2023-12-27 15:47:52,411] {processor.py:161} INFO - Processing /opt/conda/lib/python3.8/site-packages/airflow/example_dags/example_complex.py took 0.114 seconds
[2023-12-27 15:48:38,851] {processor.py:153} INFO - Started process (PID=2335) to work on /opt/conda/lib/python3.8/site-packages/airflow/example_dags/example_complex.py
[2023-12-27 15:48:38,851] {processor.py:641} INFO - Processing file /opt/conda/lib/python3.8/site-packages/airflow/example_dags/example_complex.py for tasks to queue
[2023-12-27 15:48:38,852] {logging_mixin.py:115} INFO - [2023-12-27 15:48:38,852] {dagbag.py:508} INFO - Filling up the DagBag from /opt/conda/lib/python3.8/site-packages/airflow/example_dags/example_complex.py
[2023-12-27 15:48:38,865] {processor.py:651} INFO - DAG(s) dict_keys(['example_complex']) retrieved from /opt/conda/lib/python3.8/site-packages/airflow/example_dags/example_complex.py
[2023-12-27 15:48:38,899] {logging_mixin.py:115} INFO - [2023-12-27 15:48:38,899] {dag.py:2420} INFO - Sync 1 DAGs
[2023-12-27 15:48:38,923] {logging_mixin.py:115} INFO - [2023-12-27 15:48:38,923] {dag.py:2968} INFO - Setting next_dagrun for example_complex to None, run_after=None
[2023-12-27 15:48:38,967] {processor.py:161} INFO - Processing /opt/conda/lib/python3.8/site-packages/airflow/example_dags/example_complex.py took 0.120 seconds
[2023-12-27 17:01:35,635] {processor.py:153} INFO - Started process (PID=2941) to work on /opt/conda/lib/python3.8/site-packages/airflow/example_dags/example_complex.py
[2023-12-27 17:01:35,635] {processor.py:641} INFO - Processing file /opt/conda/lib/python3.8/site-packages/airflow/example_dags/example_complex.py for tasks to queue
[2023-12-27 17:01:35,636] {logging_mixin.py:115} INFO - [2023-12-27 17:01:35,636] {dagbag.py:508} INFO - Filling up the DagBag from /opt/conda/lib/python3.8/site-packages/airflow/example_dags/example_complex.py
[2023-12-27 17:01:35,753] {processor.py:651} INFO - DAG(s) dict_keys(['example_complex']) retrieved from /opt/conda/lib/python3.8/site-packages/airflow/example_dags/example_complex.py
[2023-12-27 17:01:35,780] {logging_mixin.py:115} INFO - [2023-12-27 17:01:35,780] {dag.py:2420} INFO - Sync 1 DAGs
[2023-12-27 17:01:35,802] {logging_mixin.py:115} INFO - [2023-12-27 17:01:35,802] {dag.py:2968} INFO - Setting next_dagrun for example_complex to None, run_after=None
[2023-12-27 17:01:35,843] {processor.py:161} INFO - Processing /opt/conda/lib/python3.8/site-packages/airflow/example_dags/example_complex.py took 0.211 seconds
[2023-12-27 17:02:42,624] {processor.py:153} INFO - Started process (PID=3053) to work on /opt/conda/lib/python3.8/site-packages/airflow/example_dags/example_complex.py
[2023-12-27 17:02:42,625] {processor.py:641} INFO - Processing file /opt/conda/lib/python3.8/site-packages/airflow/example_dags/example_complex.py for tasks to queue
[2023-12-27 17:02:42,625] {logging_mixin.py:115} INFO - [2023-12-27 17:02:42,625] {dagbag.py:508} INFO - Filling up the DagBag from /opt/conda/lib/python3.8/site-packages/airflow/example_dags/example_complex.py
[2023-12-27 17:02:42,747] {processor.py:651} INFO - DAG(s) dict_keys(['example_complex']) retrieved from /opt/conda/lib/python3.8/site-packages/airflow/example_dags/example_complex.py
[2023-12-27 17:02:42,772] {logging_mixin.py:115} INFO - [2023-12-27 17:02:42,772] {dag.py:2420} INFO - Sync 1 DAGs
[2023-12-27 17:02:42,796] {logging_mixin.py:115} INFO - [2023-12-27 17:02:42,796] {dag.py:2968} INFO - Setting next_dagrun for example_complex to None, run_after=None
[2023-12-27 17:02:42,885] {processor.py:161} INFO - Processing /opt/conda/lib/python3.8/site-packages/airflow/example_dags/example_complex.py took 0.264 seconds
[2023-12-27 17:03:57,351] {processor.py:153} INFO - Started process (PID=3289) to work on /opt/conda/lib/python3.8/site-packages/airflow/example_dags/example_complex.py
[2023-12-27 17:03:57,351] {processor.py:641} INFO - Processing file /opt/conda/lib/python3.8/site-packages/airflow/example_dags/example_complex.py for tasks to queue
[2023-12-27 17:03:57,351] {logging_mixin.py:115} INFO - [2023-12-27 17:03:57,351] {dagbag.py:508} INFO - Filling up the DagBag from /opt/conda/lib/python3.8/site-packages/airflow/example_dags/example_complex.py
[2023-12-27 17:03:57,464] {processor.py:651} INFO - DAG(s) dict_keys(['example_complex']) retrieved from /opt/conda/lib/python3.8/site-packages/airflow/example_dags/example_complex.py
[2023-12-27 17:03:57,489] {logging_mixin.py:115} INFO - [2023-12-27 17:03:57,489] {dag.py:2420} INFO - Sync 1 DAGs
[2023-12-27 17:03:57,510] {logging_mixin.py:115} INFO - [2023-12-27 17:03:57,510] {dag.py:2968} INFO - Setting next_dagrun for example_complex to None, run_after=None
[2023-12-27 17:03:57,548] {processor.py:161} INFO - Processing /opt/conda/lib/python3.8/site-packages/airflow/example_dags/example_complex.py took 0.200 seconds
[2023-12-27 17:05:03,429] {processor.py:153} INFO - Started process (PID=3399) to work on /opt/conda/lib/python3.8/site-packages/airflow/example_dags/example_complex.py
[2023-12-27 17:05:03,429] {processor.py:641} INFO - Processing file /opt/conda/lib/python3.8/site-packages/airflow/example_dags/example_complex.py for tasks to queue
[2023-12-27 17:05:03,430] {logging_mixin.py:115} INFO - [2023-12-27 17:05:03,430] {dagbag.py:508} INFO - Filling up the DagBag from /opt/conda/lib/python3.8/site-packages/airflow/example_dags/example_complex.py
[2023-12-27 17:05:03,546] {processor.py:651} INFO - DAG(s) dict_keys(['example_complex']) retrieved from /opt/conda/lib/python3.8/site-packages/airflow/example_dags/example_complex.py
[2023-12-27 17:05:03,571] {logging_mixin.py:115} INFO - [2023-12-27 17:05:03,571] {dag.py:2420} INFO - Sync 1 DAGs
[2023-12-27 17:05:03,594] {logging_mixin.py:115} INFO - [2023-12-27 17:05:03,593] {dag.py:2968} INFO - Setting next_dagrun for example_complex to None, run_after=None
[2023-12-27 17:05:03,634] {processor.py:161} INFO - Processing /opt/conda/lib/python3.8/site-packages/airflow/example_dags/example_complex.py took 0.209 seconds
[2023-12-27 17:06:16,934] {processor.py:153} INFO - Started process (PID=3540) to work on /opt/conda/lib/python3.8/site-packages/airflow/example_dags/example_complex.py
[2023-12-27 17:06:16,935] {processor.py:641} INFO - Processing file /opt/conda/lib/python3.8/site-packages/airflow/example_dags/example_complex.py for tasks to queue
[2023-12-27 17:06:16,935] {logging_mixin.py:115} INFO - [2023-12-27 17:06:16,935] {dagbag.py:508} INFO - Filling up the DagBag from /opt/conda/lib/python3.8/site-packages/airflow/example_dags/example_complex.py
[2023-12-27 17:06:16,947] {processor.py:651} INFO - DAG(s) dict_keys(['example_complex']) retrieved from /opt/conda/lib/python3.8/site-packages/airflow/example_dags/example_complex.py
[2023-12-27 17:06:16,981] {logging_mixin.py:115} INFO - [2023-12-27 17:06:16,981] {dag.py:2420} INFO - Sync 1 DAGs
[2023-12-27 17:06:17,006] {logging_mixin.py:115} INFO - [2023-12-27 17:06:17,006] {dag.py:2968} INFO - Setting next_dagrun for example_complex to None, run_after=None
[2023-12-27 17:06:17,046] {processor.py:161} INFO - Processing /opt/conda/lib/python3.8/site-packages/airflow/example_dags/example_complex.py took 0.114 seconds
[2023-12-27 17:07:22,467] {processor.py:153} INFO - Started process (PID=3661) to work on /opt/conda/lib/python3.8/site-packages/airflow/example_dags/example_complex.py
[2023-12-27 17:07:22,468] {processor.py:641} INFO - Processing file /opt/conda/lib/python3.8/site-packages/airflow/example_dags/example_complex.py for tasks to queue
[2023-12-27 17:07:22,468] {logging_mixin.py:115} INFO - [2023-12-27 17:07:22,468] {dagbag.py:508} INFO - Filling up the DagBag from /opt/conda/lib/python3.8/site-packages/airflow/example_dags/example_complex.py
[2023-12-27 17:07:22,481] {processor.py:651} INFO - DAG(s) dict_keys(['example_complex']) retrieved from /opt/conda/lib/python3.8/site-packages/airflow/example_dags/example_complex.py
[2023-12-27 17:07:22,515] {logging_mixin.py:115} INFO - [2023-12-27 17:07:22,515] {dag.py:2420} INFO - Sync 1 DAGs
[2023-12-27 17:07:22,540] {logging_mixin.py:115} INFO - [2023-12-27 17:07:22,540] {dag.py:2968} INFO - Setting next_dagrun for example_complex to None, run_after=None
[2023-12-27 17:07:22,580] {processor.py:161} INFO - Processing /opt/conda/lib/python3.8/site-packages/airflow/example_dags/example_complex.py took 0.115 seconds
[2023-12-27 17:08:26,784] {processor.py:153} INFO - Started process (PID=3782) to work on /opt/conda/lib/python3.8/site-packages/airflow/example_dags/example_complex.py
[2023-12-27 17:08:26,785] {processor.py:641} INFO - Processing file /opt/conda/lib/python3.8/site-packages/airflow/example_dags/example_complex.py for tasks to queue
[2023-12-27 17:08:26,785] {logging_mixin.py:115} INFO - [2023-12-27 17:08:26,785] {dagbag.py:508} INFO - Filling up the DagBag from /opt/conda/lib/python3.8/site-packages/airflow/example_dags/example_complex.py
[2023-12-27 17:08:26,798] {processor.py:651} INFO - DAG(s) dict_keys(['example_complex']) retrieved from /opt/conda/lib/python3.8/site-packages/airflow/example_dags/example_complex.py
[2023-12-27 17:08:26,830] {logging_mixin.py:115} INFO - [2023-12-27 17:08:26,830] {dag.py:2420} INFO - Sync 1 DAGs
[2023-12-27 17:08:26,854] {logging_mixin.py:115} INFO - [2023-12-27 17:08:26,854] {dag.py:2968} INFO - Setting next_dagrun for example_complex to None, run_after=None
[2023-12-27 17:08:26,893] {processor.py:161} INFO - Processing /opt/conda/lib/python3.8/site-packages/airflow/example_dags/example_complex.py took 0.111 seconds
[2023-12-27 17:09:33,118] {processor.py:153} INFO - Started process (PID=3909) to work on /opt/conda/lib/python3.8/site-packages/airflow/example_dags/example_complex.py
[2023-12-27 17:09:33,119] {processor.py:641} INFO - Processing file /opt/conda/lib/python3.8/site-packages/airflow/example_dags/example_complex.py for tasks to queue
[2023-12-27 17:09:33,119] {logging_mixin.py:115} INFO - [2023-12-27 17:09:33,119] {dagbag.py:508} INFO - Filling up the DagBag from /opt/conda/lib/python3.8/site-packages/airflow/example_dags/example_complex.py
[2023-12-27 17:09:33,131] {processor.py:651} INFO - DAG(s) dict_keys(['example_complex']) retrieved from /opt/conda/lib/python3.8/site-packages/airflow/example_dags/example_complex.py
[2023-12-27 17:09:33,162] {logging_mixin.py:115} INFO - [2023-12-27 17:09:33,162] {dag.py:2420} INFO - Sync 1 DAGs
[2023-12-27 17:09:33,186] {logging_mixin.py:115} INFO - [2023-12-27 17:09:33,186] {dag.py:2968} INFO - Setting next_dagrun for example_complex to None, run_after=None
[2023-12-27 17:09:33,225] {processor.py:161} INFO - Processing /opt/conda/lib/python3.8/site-packages/airflow/example_dags/example_complex.py took 0.110 seconds
[2023-12-27 17:10:35,173] {processor.py:153} INFO - Started process (PID=4022) to work on /opt/conda/lib/python3.8/site-packages/airflow/example_dags/example_complex.py
[2023-12-27 17:10:35,173] {processor.py:641} INFO - Processing file /opt/conda/lib/python3.8/site-packages/airflow/example_dags/example_complex.py for tasks to queue
[2023-12-27 17:10:35,174] {logging_mixin.py:115} INFO - [2023-12-27 17:10:35,174] {dagbag.py:508} INFO - Filling up the DagBag from /opt/conda/lib/python3.8/site-packages/airflow/example_dags/example_complex.py
[2023-12-27 17:10:35,187] {processor.py:651} INFO - DAG(s) dict_keys(['example_complex']) retrieved from /opt/conda/lib/python3.8/site-packages/airflow/example_dags/example_complex.py
[2023-12-27 17:10:35,218] {logging_mixin.py:115} INFO - [2023-12-27 17:10:35,218] {dag.py:2420} INFO - Sync 1 DAGs
[2023-12-27 17:10:35,242] {logging_mixin.py:115} INFO - [2023-12-27 17:10:35,242] {dag.py:2968} INFO - Setting next_dagrun for example_complex to None, run_after=None
[2023-12-27 17:10:35,280] {processor.py:161} INFO - Processing /opt/conda/lib/python3.8/site-packages/airflow/example_dags/example_complex.py took 0.110 seconds
[2023-12-27 17:11:39,677] {processor.py:153} INFO - Started process (PID=4135) to work on /opt/conda/lib/python3.8/site-packages/airflow/example_dags/example_complex.py
[2023-12-27 17:11:39,677] {processor.py:641} INFO - Processing file /opt/conda/lib/python3.8/site-packages/airflow/example_dags/example_complex.py for tasks to queue
[2023-12-27 17:11:39,678] {logging_mixin.py:115} INFO - [2023-12-27 17:11:39,678] {dagbag.py:508} INFO - Filling up the DagBag from /opt/conda/lib/python3.8/site-packages/airflow/example_dags/example_complex.py
[2023-12-27 17:11:39,691] {processor.py:651} INFO - DAG(s) dict_keys(['example_complex']) retrieved from /opt/conda/lib/python3.8/site-packages/airflow/example_dags/example_complex.py
[2023-12-27 17:11:39,723] {logging_mixin.py:115} INFO - [2023-12-27 17:11:39,723] {dag.py:2420} INFO - Sync 1 DAGs
[2023-12-27 17:11:39,748] {logging_mixin.py:115} INFO - [2023-12-27 17:11:39,748] {dag.py:2968} INFO - Setting next_dagrun for example_complex to None, run_after=None
[2023-12-27 17:11:39,788] {processor.py:161} INFO - Processing /opt/conda/lib/python3.8/site-packages/airflow/example_dags/example_complex.py took 0.115 seconds
[2023-12-27 17:15:20,185] {processor.py:153} INFO - Started process (PID=4400) to work on /opt/conda/lib/python3.8/site-packages/airflow/example_dags/example_complex.py
[2023-12-27 17:15:20,185] {processor.py:641} INFO - Processing file /opt/conda/lib/python3.8/site-packages/airflow/example_dags/example_complex.py for tasks to queue
[2023-12-27 17:15:20,186] {logging_mixin.py:115} INFO - [2023-12-27 17:15:20,186] {dagbag.py:508} INFO - Filling up the DagBag from /opt/conda/lib/python3.8/site-packages/airflow/example_dags/example_complex.py
[2023-12-27 17:15:20,303] {processor.py:651} INFO - DAG(s) dict_keys(['example_complex']) retrieved from /opt/conda/lib/python3.8/site-packages/airflow/example_dags/example_complex.py
[2023-12-27 17:15:20,331] {logging_mixin.py:115} INFO - [2023-12-27 17:15:20,331] {dag.py:2420} INFO - Sync 1 DAGs
[2023-12-27 17:15:20,354] {logging_mixin.py:115} INFO - [2023-12-27 17:15:20,354] {dag.py:2968} INFO - Setting next_dagrun for example_complex to None, run_after=None
[2023-12-27 17:15:20,395] {processor.py:161} INFO - Processing /opt/conda/lib/python3.8/site-packages/airflow/example_dags/example_complex.py took 0.213 seconds
[2023-12-27 17:16:53,824] {processor.py:153} INFO - Started process (PID=4631) to work on /opt/conda/lib/python3.8/site-packages/airflow/example_dags/example_complex.py
[2023-12-27 17:16:53,824] {processor.py:641} INFO - Processing file /opt/conda/lib/python3.8/site-packages/airflow/example_dags/example_complex.py for tasks to queue
[2023-12-27 17:16:53,825] {logging_mixin.py:115} INFO - [2023-12-27 17:16:53,825] {dagbag.py:508} INFO - Filling up the DagBag from /opt/conda/lib/python3.8/site-packages/airflow/example_dags/example_complex.py
[2023-12-27 17:16:53,943] {processor.py:651} INFO - DAG(s) dict_keys(['example_complex']) retrieved from /opt/conda/lib/python3.8/site-packages/airflow/example_dags/example_complex.py
[2023-12-27 17:16:53,972] {logging_mixin.py:115} INFO - [2023-12-27 17:16:53,972] {dag.py:2420} INFO - Sync 1 DAGs
[2023-12-27 17:16:53,994] {logging_mixin.py:115} INFO - [2023-12-27 17:16:53,994] {dag.py:2968} INFO - Setting next_dagrun for example_complex to None, run_after=None
[2023-12-27 17:16:54,033] {processor.py:161} INFO - Processing /opt/conda/lib/python3.8/site-packages/airflow/example_dags/example_complex.py took 0.213 seconds
[2023-12-27 17:18:31,492] {processor.py:153} INFO - Started process (PID=4876) to work on /opt/conda/lib/python3.8/site-packages/airflow/example_dags/example_complex.py
[2023-12-27 17:18:31,493] {processor.py:641} INFO - Processing file /opt/conda/lib/python3.8/site-packages/airflow/example_dags/example_complex.py for tasks to queue
[2023-12-27 17:18:31,493] {logging_mixin.py:115} INFO - [2023-12-27 17:18:31,493] {dagbag.py:508} INFO - Filling up the DagBag from /opt/conda/lib/python3.8/site-packages/airflow/example_dags/example_complex.py
[2023-12-27 17:18:31,610] {processor.py:651} INFO - DAG(s) dict_keys(['example_complex']) retrieved from /opt/conda/lib/python3.8/site-packages/airflow/example_dags/example_complex.py
[2023-12-27 17:18:31,638] {logging_mixin.py:115} INFO - [2023-12-27 17:18:31,638] {dag.py:2420} INFO - Sync 1 DAGs
[2023-12-27 17:18:31,660] {logging_mixin.py:115} INFO - [2023-12-27 17:18:31,660] {dag.py:2968} INFO - Setting next_dagrun for example_complex to None, run_after=None
[2023-12-27 17:18:31,701] {processor.py:161} INFO - Processing /opt/conda/lib/python3.8/site-packages/airflow/example_dags/example_complex.py took 0.212 seconds
[2023-12-27 17:19:43,483] {processor.py:153} INFO - Started process (PID=5001) to work on /opt/conda/lib/python3.8/site-packages/airflow/example_dags/example_complex.py
[2023-12-27 17:19:43,484] {processor.py:641} INFO - Processing file /opt/conda/lib/python3.8/site-packages/airflow/example_dags/example_complex.py for tasks to queue
[2023-12-27 17:19:43,484] {logging_mixin.py:115} INFO - [2023-12-27 17:19:43,484] {dagbag.py:508} INFO - Filling up the DagBag from /opt/conda/lib/python3.8/site-packages/airflow/example_dags/example_complex.py
[2023-12-27 17:19:43,601] {processor.py:651} INFO - DAG(s) dict_keys(['example_complex']) retrieved from /opt/conda/lib/python3.8/site-packages/airflow/example_dags/example_complex.py
[2023-12-27 17:19:43,627] {logging_mixin.py:115} INFO - [2023-12-27 17:19:43,627] {dag.py:2420} INFO - Sync 1 DAGs
[2023-12-27 17:19:43,648] {logging_mixin.py:115} INFO - [2023-12-27 17:19:43,648] {dag.py:2968} INFO - Setting next_dagrun for example_complex to None, run_after=None
[2023-12-27 17:19:43,687] {processor.py:161} INFO - Processing /opt/conda/lib/python3.8/site-packages/airflow/example_dags/example_complex.py took 0.207 seconds
[2023-12-27 17:20:49,927] {processor.py:153} INFO - Started process (PID=5120) to work on /opt/conda/lib/python3.8/site-packages/airflow/example_dags/example_complex.py
[2023-12-27 17:20:49,927] {processor.py:641} INFO - Processing file /opt/conda/lib/python3.8/site-packages/airflow/example_dags/example_complex.py for tasks to queue
[2023-12-27 17:20:49,928] {logging_mixin.py:115} INFO - [2023-12-27 17:20:49,928] {dagbag.py:508} INFO - Filling up the DagBag from /opt/conda/lib/python3.8/site-packages/airflow/example_dags/example_complex.py
[2023-12-27 17:20:49,940] {processor.py:651} INFO - DAG(s) dict_keys(['example_complex']) retrieved from /opt/conda/lib/python3.8/site-packages/airflow/example_dags/example_complex.py
[2023-12-27 17:20:49,974] {logging_mixin.py:115} INFO - [2023-12-27 17:20:49,974] {dag.py:2420} INFO - Sync 1 DAGs
[2023-12-27 17:20:49,998] {logging_mixin.py:115} INFO - [2023-12-27 17:20:49,998] {dag.py:2968} INFO - Setting next_dagrun for example_complex to None, run_after=None
[2023-12-27 17:20:50,042] {processor.py:161} INFO - Processing /opt/conda/lib/python3.8/site-packages/airflow/example_dags/example_complex.py took 0.118 seconds
[2023-12-27 17:21:57,956] {processor.py:153} INFO - Started process (PID=5257) to work on /opt/conda/lib/python3.8/site-packages/airflow/example_dags/example_complex.py
[2023-12-27 17:21:57,957] {processor.py:641} INFO - Processing file /opt/conda/lib/python3.8/site-packages/airflow/example_dags/example_complex.py for tasks to queue
[2023-12-27 17:21:57,957] {logging_mixin.py:115} INFO - [2023-12-27 17:21:57,957] {dagbag.py:508} INFO - Filling up the DagBag from /opt/conda/lib/python3.8/site-packages/airflow/example_dags/example_complex.py
[2023-12-27 17:21:57,970] {processor.py:651} INFO - DAG(s) dict_keys(['example_complex']) retrieved from /opt/conda/lib/python3.8/site-packages/airflow/example_dags/example_complex.py
[2023-12-27 17:21:58,001] {logging_mixin.py:115} INFO - [2023-12-27 17:21:58,001] {dag.py:2420} INFO - Sync 1 DAGs
[2023-12-27 17:21:58,026] {logging_mixin.py:115} INFO - [2023-12-27 17:21:58,026] {dag.py:2968} INFO - Setting next_dagrun for example_complex to None, run_after=None
[2023-12-27 17:21:58,067] {processor.py:161} INFO - Processing /opt/conda/lib/python3.8/site-packages/airflow/example_dags/example_complex.py took 0.114 seconds
