[2023-12-27 07:13:07,694] {processor.py:153} INFO - Started process (PID=1379) to work on /opt/conda/lib/python3.8/site-packages/airflow/example_dags/example_short_circuit_operator.py
[2023-12-27 07:13:07,694] {processor.py:641} INFO - Processing file /opt/conda/lib/python3.8/site-packages/airflow/example_dags/example_short_circuit_operator.py for tasks to queue
[2023-12-27 07:13:07,695] {logging_mixin.py:115} INFO - [2023-12-27 07:13:07,694] {dagbag.py:508} INFO - Filling up the DagBag from /opt/conda/lib/python3.8/site-packages/airflow/example_dags/example_short_circuit_operator.py
[2023-12-27 07:13:07,809] {processor.py:651} INFO - DAG(s) dict_keys(['example_short_circuit_operator']) retrieved from /opt/conda/lib/python3.8/site-packages/airflow/example_dags/example_short_circuit_operator.py
[2023-12-27 07:13:07,832] {logging_mixin.py:115} INFO - [2023-12-27 07:13:07,832] {dag.py:2420} INFO - Sync 1 DAGs
[2023-12-27 07:13:07,854] {logging_mixin.py:115} INFO - [2023-12-27 07:13:07,853] {dag.py:2968} INFO - Setting next_dagrun for example_short_circuit_operator to 2023-12-26T07:13:07.853779+00:00, run_after=2023-12-27T07:13:07.853779+00:00
[2023-12-27 07:13:07,894] {processor.py:161} INFO - Processing /opt/conda/lib/python3.8/site-packages/airflow/example_dags/example_short_circuit_operator.py took 0.203 seconds
[2023-12-27 15:36:05,044] {processor.py:153} INFO - Started process (PID=1089) to work on /opt/conda/lib/python3.8/site-packages/airflow/example_dags/example_short_circuit_operator.py
[2023-12-27 15:36:05,044] {processor.py:641} INFO - Processing file /opt/conda/lib/python3.8/site-packages/airflow/example_dags/example_short_circuit_operator.py for tasks to queue
[2023-12-27 15:36:05,045] {logging_mixin.py:115} INFO - [2023-12-27 15:36:05,045] {dagbag.py:508} INFO - Filling up the DagBag from /opt/conda/lib/python3.8/site-packages/airflow/example_dags/example_short_circuit_operator.py
[2023-12-27 15:36:05,168] {processor.py:651} INFO - DAG(s) dict_keys(['example_short_circuit_operator']) retrieved from /opt/conda/lib/python3.8/site-packages/airflow/example_dags/example_short_circuit_operator.py
[2023-12-27 15:36:05,194] {logging_mixin.py:115} INFO - [2023-12-27 15:36:05,194] {dag.py:2420} INFO - Sync 1 DAGs
[2023-12-27 15:36:05,217] {logging_mixin.py:115} INFO - [2023-12-27 15:36:05,216] {dag.py:2968} INFO - Setting next_dagrun for example_short_circuit_operator to 2023-12-26T15:36:05.216818+00:00, run_after=2023-12-27T15:36:05.216818+00:00
[2023-12-27 15:36:05,256] {processor.py:161} INFO - Processing /opt/conda/lib/python3.8/site-packages/airflow/example_dags/example_short_circuit_operator.py took 0.215 seconds
[2023-12-27 15:37:03,272] {processor.py:153} INFO - Started process (PID=1183) to work on /opt/conda/lib/python3.8/site-packages/airflow/example_dags/example_short_circuit_operator.py
[2023-12-27 15:37:03,273] {processor.py:641} INFO - Processing file /opt/conda/lib/python3.8/site-packages/airflow/example_dags/example_short_circuit_operator.py for tasks to queue
[2023-12-27 15:37:03,273] {logging_mixin.py:115} INFO - [2023-12-27 15:37:03,273] {dagbag.py:508} INFO - Filling up the DagBag from /opt/conda/lib/python3.8/site-packages/airflow/example_dags/example_short_circuit_operator.py
[2023-12-27 15:37:03,395] {processor.py:651} INFO - DAG(s) dict_keys(['example_short_circuit_operator']) retrieved from /opt/conda/lib/python3.8/site-packages/airflow/example_dags/example_short_circuit_operator.py
[2023-12-27 15:37:03,421] {logging_mixin.py:115} INFO - [2023-12-27 15:37:03,420] {dag.py:2420} INFO - Sync 1 DAGs
[2023-12-27 15:37:03,443] {logging_mixin.py:115} INFO - [2023-12-27 15:37:03,443] {dag.py:2968} INFO - Setting next_dagrun for example_short_circuit_operator to 2023-12-26T15:37:03.443470+00:00, run_after=2023-12-27T15:37:03.443470+00:00
[2023-12-27 15:37:03,486] {processor.py:161} INFO - Processing /opt/conda/lib/python3.8/site-packages/airflow/example_dags/example_short_circuit_operator.py took 0.217 seconds
[2023-12-27 15:37:59,820] {processor.py:153} INFO - Started process (PID=1299) to work on /opt/conda/lib/python3.8/site-packages/airflow/example_dags/example_short_circuit_operator.py
[2023-12-27 15:37:59,820] {processor.py:641} INFO - Processing file /opt/conda/lib/python3.8/site-packages/airflow/example_dags/example_short_circuit_operator.py for tasks to queue
[2023-12-27 15:37:59,821] {logging_mixin.py:115} INFO - [2023-12-27 15:37:59,820] {dagbag.py:508} INFO - Filling up the DagBag from /opt/conda/lib/python3.8/site-packages/airflow/example_dags/example_short_circuit_operator.py
[2023-12-27 15:37:59,941] {processor.py:651} INFO - DAG(s) dict_keys(['example_short_circuit_operator']) retrieved from /opt/conda/lib/python3.8/site-packages/airflow/example_dags/example_short_circuit_operator.py
[2023-12-27 15:37:59,962] {logging_mixin.py:115} INFO - [2023-12-27 15:37:59,962] {dag.py:2420} INFO - Sync 1 DAGs
[2023-12-27 15:37:59,982] {logging_mixin.py:115} INFO - [2023-12-27 15:37:59,982] {dag.py:2968} INFO - Setting next_dagrun for example_short_circuit_operator to 2023-12-26T15:37:59.982391+00:00, run_after=2023-12-27T15:37:59.982391+00:00
[2023-12-27 15:38:00,023] {processor.py:161} INFO - Processing /opt/conda/lib/python3.8/site-packages/airflow/example_dags/example_short_circuit_operator.py took 0.206 seconds
[2023-12-27 15:38:58,094] {processor.py:153} INFO - Started process (PID=1372) to work on /opt/conda/lib/python3.8/site-packages/airflow/example_dags/example_short_circuit_operator.py
[2023-12-27 15:38:58,095] {processor.py:641} INFO - Processing file /opt/conda/lib/python3.8/site-packages/airflow/example_dags/example_short_circuit_operator.py for tasks to queue
[2023-12-27 15:38:58,095] {logging_mixin.py:115} INFO - [2023-12-27 15:38:58,095] {dagbag.py:508} INFO - Filling up the DagBag from /opt/conda/lib/python3.8/site-packages/airflow/example_dags/example_short_circuit_operator.py
[2023-12-27 15:38:58,213] {processor.py:651} INFO - DAG(s) dict_keys(['example_short_circuit_operator']) retrieved from /opt/conda/lib/python3.8/site-packages/airflow/example_dags/example_short_circuit_operator.py
[2023-12-27 15:38:58,239] {logging_mixin.py:115} INFO - [2023-12-27 15:38:58,239] {dag.py:2420} INFO - Sync 1 DAGs
[2023-12-27 15:38:58,261] {logging_mixin.py:115} INFO - [2023-12-27 15:38:58,261] {dag.py:2968} INFO - Setting next_dagrun for example_short_circuit_operator to 2023-12-26T15:38:58.261082+00:00, run_after=2023-12-27T15:38:58.261082+00:00
[2023-12-27 15:38:58,301] {processor.py:161} INFO - Processing /opt/conda/lib/python3.8/site-packages/airflow/example_dags/example_short_circuit_operator.py took 0.210 seconds
[2023-12-27 15:39:54,459] {processor.py:153} INFO - Started process (PID=1530) to work on /opt/conda/lib/python3.8/site-packages/airflow/example_dags/example_short_circuit_operator.py
[2023-12-27 15:39:54,460] {processor.py:641} INFO - Processing file /opt/conda/lib/python3.8/site-packages/airflow/example_dags/example_short_circuit_operator.py for tasks to queue
[2023-12-27 15:39:54,460] {logging_mixin.py:115} INFO - [2023-12-27 15:39:54,460] {dagbag.py:508} INFO - Filling up the DagBag from /opt/conda/lib/python3.8/site-packages/airflow/example_dags/example_short_circuit_operator.py
[2023-12-27 15:39:54,579] {processor.py:651} INFO - DAG(s) dict_keys(['example_short_circuit_operator']) retrieved from /opt/conda/lib/python3.8/site-packages/airflow/example_dags/example_short_circuit_operator.py
[2023-12-27 15:39:54,604] {logging_mixin.py:115} INFO - [2023-12-27 15:39:54,604] {dag.py:2420} INFO - Sync 1 DAGs
[2023-12-27 15:39:54,627] {logging_mixin.py:115} INFO - [2023-12-27 15:39:54,627] {dag.py:2968} INFO - Setting next_dagrun for example_short_circuit_operator to 2023-12-26T15:39:54.626934+00:00, run_after=2023-12-27T15:39:54.626934+00:00
[2023-12-27 15:39:54,668] {processor.py:161} INFO - Processing /opt/conda/lib/python3.8/site-packages/airflow/example_dags/example_short_circuit_operator.py took 0.212 seconds
[2023-12-27 15:41:31,659] {processor.py:153} INFO - Started process (PID=1713) to work on /opt/conda/lib/python3.8/site-packages/airflow/example_dags/example_short_circuit_operator.py
[2023-12-27 15:41:31,660] {processor.py:641} INFO - Processing file /opt/conda/lib/python3.8/site-packages/airflow/example_dags/example_short_circuit_operator.py for tasks to queue
[2023-12-27 15:41:31,660] {logging_mixin.py:115} INFO - [2023-12-27 15:41:31,660] {dagbag.py:508} INFO - Filling up the DagBag from /opt/conda/lib/python3.8/site-packages/airflow/example_dags/example_short_circuit_operator.py
[2023-12-27 15:41:31,670] {processor.py:651} INFO - DAG(s) dict_keys(['example_short_circuit_operator']) retrieved from /opt/conda/lib/python3.8/site-packages/airflow/example_dags/example_short_circuit_operator.py
[2023-12-27 15:41:31,701] {logging_mixin.py:115} INFO - [2023-12-27 15:41:31,701] {dag.py:2420} INFO - Sync 1 DAGs
[2023-12-27 15:41:31,728] {logging_mixin.py:115} INFO - [2023-12-27 15:41:31,728] {dag.py:2968} INFO - Setting next_dagrun for example_short_circuit_operator to 2023-12-26T15:41:31.728384+00:00, run_after=2023-12-27T15:41:31.728384+00:00
[2023-12-27 15:41:31,772] {processor.py:161} INFO - Processing /opt/conda/lib/python3.8/site-packages/airflow/example_dags/example_short_circuit_operator.py took 0.116 seconds
[2023-12-27 15:42:23,756] {processor.py:153} INFO - Started process (PID=1787) to work on /opt/conda/lib/python3.8/site-packages/airflow/example_dags/example_short_circuit_operator.py
[2023-12-27 15:42:23,757] {processor.py:641} INFO - Processing file /opt/conda/lib/python3.8/site-packages/airflow/example_dags/example_short_circuit_operator.py for tasks to queue
[2023-12-27 15:42:23,757] {logging_mixin.py:115} INFO - [2023-12-27 15:42:23,757] {dagbag.py:508} INFO - Filling up the DagBag from /opt/conda/lib/python3.8/site-packages/airflow/example_dags/example_short_circuit_operator.py
[2023-12-27 15:42:23,767] {processor.py:651} INFO - DAG(s) dict_keys(['example_short_circuit_operator']) retrieved from /opt/conda/lib/python3.8/site-packages/airflow/example_dags/example_short_circuit_operator.py
[2023-12-27 15:42:23,801] {logging_mixin.py:115} INFO - [2023-12-27 15:42:23,801] {dag.py:2420} INFO - Sync 1 DAGs
[2023-12-27 15:42:23,830] {logging_mixin.py:115} INFO - [2023-12-27 15:42:23,830] {dag.py:2968} INFO - Setting next_dagrun for example_short_circuit_operator to 2023-12-26T15:42:23.829837+00:00, run_after=2023-12-27T15:42:23.829837+00:00
[2023-12-27 15:42:23,873] {processor.py:161} INFO - Processing /opt/conda/lib/python3.8/site-packages/airflow/example_dags/example_short_circuit_operator.py took 0.120 seconds
[2023-12-27 15:43:16,483] {processor.py:153} INFO - Started process (PID=1859) to work on /opt/conda/lib/python3.8/site-packages/airflow/example_dags/example_short_circuit_operator.py
[2023-12-27 15:43:16,483] {processor.py:641} INFO - Processing file /opt/conda/lib/python3.8/site-packages/airflow/example_dags/example_short_circuit_operator.py for tasks to queue
[2023-12-27 15:43:16,484] {logging_mixin.py:115} INFO - [2023-12-27 15:43:16,484] {dagbag.py:508} INFO - Filling up the DagBag from /opt/conda/lib/python3.8/site-packages/airflow/example_dags/example_short_circuit_operator.py
[2023-12-27 15:43:16,493] {processor.py:651} INFO - DAG(s) dict_keys(['example_short_circuit_operator']) retrieved from /opt/conda/lib/python3.8/site-packages/airflow/example_dags/example_short_circuit_operator.py
[2023-12-27 15:43:16,529] {logging_mixin.py:115} INFO - [2023-12-27 15:43:16,529] {dag.py:2420} INFO - Sync 1 DAGs
[2023-12-27 15:43:16,558] {logging_mixin.py:115} INFO - [2023-12-27 15:43:16,558] {dag.py:2968} INFO - Setting next_dagrun for example_short_circuit_operator to 2023-12-26T15:43:16.558109+00:00, run_after=2023-12-27T15:43:16.558109+00:00
[2023-12-27 15:43:16,601] {processor.py:161} INFO - Processing /opt/conda/lib/python3.8/site-packages/airflow/example_dags/example_short_circuit_operator.py took 0.121 seconds
[2023-12-27 15:44:05,420] {processor.py:153} INFO - Started process (PID=1929) to work on /opt/conda/lib/python3.8/site-packages/airflow/example_dags/example_short_circuit_operator.py
[2023-12-27 15:44:05,421] {processor.py:641} INFO - Processing file /opt/conda/lib/python3.8/site-packages/airflow/example_dags/example_short_circuit_operator.py for tasks to queue
[2023-12-27 15:44:05,421] {logging_mixin.py:115} INFO - [2023-12-27 15:44:05,421] {dagbag.py:508} INFO - Filling up the DagBag from /opt/conda/lib/python3.8/site-packages/airflow/example_dags/example_short_circuit_operator.py
[2023-12-27 15:44:05,430] {processor.py:651} INFO - DAG(s) dict_keys(['example_short_circuit_operator']) retrieved from /opt/conda/lib/python3.8/site-packages/airflow/example_dags/example_short_circuit_operator.py
[2023-12-27 15:44:05,461] {logging_mixin.py:115} INFO - [2023-12-27 15:44:05,460] {dag.py:2420} INFO - Sync 1 DAGs
[2023-12-27 15:44:05,485] {logging_mixin.py:115} INFO - [2023-12-27 15:44:05,485] {dag.py:2968} INFO - Setting next_dagrun for example_short_circuit_operator to 2023-12-26T15:44:05.485201+00:00, run_after=2023-12-27T15:44:05.485201+00:00
[2023-12-27 15:44:05,526] {processor.py:161} INFO - Processing /opt/conda/lib/python3.8/site-packages/airflow/example_dags/example_short_circuit_operator.py took 0.110 seconds
[2023-12-27 15:44:54,244] {processor.py:153} INFO - Started process (PID=1999) to work on /opt/conda/lib/python3.8/site-packages/airflow/example_dags/example_short_circuit_operator.py
[2023-12-27 15:44:54,244] {processor.py:641} INFO - Processing file /opt/conda/lib/python3.8/site-packages/airflow/example_dags/example_short_circuit_operator.py for tasks to queue
[2023-12-27 15:44:54,245] {logging_mixin.py:115} INFO - [2023-12-27 15:44:54,245] {dagbag.py:508} INFO - Filling up the DagBag from /opt/conda/lib/python3.8/site-packages/airflow/example_dags/example_short_circuit_operator.py
[2023-12-27 15:44:54,254] {processor.py:651} INFO - DAG(s) dict_keys(['example_short_circuit_operator']) retrieved from /opt/conda/lib/python3.8/site-packages/airflow/example_dags/example_short_circuit_operator.py
[2023-12-27 15:44:54,286] {logging_mixin.py:115} INFO - [2023-12-27 15:44:54,286] {dag.py:2420} INFO - Sync 1 DAGs
[2023-12-27 15:44:54,314] {logging_mixin.py:115} INFO - [2023-12-27 15:44:54,313] {dag.py:2968} INFO - Setting next_dagrun for example_short_circuit_operator to 2023-12-26T15:44:54.313720+00:00, run_after=2023-12-27T15:44:54.313720+00:00
[2023-12-27 15:44:54,356] {processor.py:161} INFO - Processing /opt/conda/lib/python3.8/site-packages/airflow/example_dags/example_short_circuit_operator.py took 0.115 seconds
[2023-12-27 15:45:41,934] {processor.py:153} INFO - Started process (PID=2068) to work on /opt/conda/lib/python3.8/site-packages/airflow/example_dags/example_short_circuit_operator.py
[2023-12-27 15:45:41,934] {processor.py:641} INFO - Processing file /opt/conda/lib/python3.8/site-packages/airflow/example_dags/example_short_circuit_operator.py for tasks to queue
[2023-12-27 15:45:41,934] {logging_mixin.py:115} INFO - [2023-12-27 15:45:41,934] {dagbag.py:508} INFO - Filling up the DagBag from /opt/conda/lib/python3.8/site-packages/airflow/example_dags/example_short_circuit_operator.py
[2023-12-27 15:45:41,943] {processor.py:651} INFO - DAG(s) dict_keys(['example_short_circuit_operator']) retrieved from /opt/conda/lib/python3.8/site-packages/airflow/example_dags/example_short_circuit_operator.py
[2023-12-27 15:45:41,976] {logging_mixin.py:115} INFO - [2023-12-27 15:45:41,975] {dag.py:2420} INFO - Sync 1 DAGs
[2023-12-27 15:45:42,003] {logging_mixin.py:115} INFO - [2023-12-27 15:45:42,003] {dag.py:2968} INFO - Setting next_dagrun for example_short_circuit_operator to 2023-12-26T15:45:42.002881+00:00, run_after=2023-12-27T15:45:42.002881+00:00
[2023-12-27 15:45:42,048] {processor.py:161} INFO - Processing /opt/conda/lib/python3.8/site-packages/airflow/example_dags/example_short_circuit_operator.py took 0.118 seconds
[2023-12-27 15:46:29,604] {processor.py:153} INFO - Started process (PID=2138) to work on /opt/conda/lib/python3.8/site-packages/airflow/example_dags/example_short_circuit_operator.py
[2023-12-27 15:46:29,604] {processor.py:641} INFO - Processing file /opt/conda/lib/python3.8/site-packages/airflow/example_dags/example_short_circuit_operator.py for tasks to queue
[2023-12-27 15:46:29,605] {logging_mixin.py:115} INFO - [2023-12-27 15:46:29,605] {dagbag.py:508} INFO - Filling up the DagBag from /opt/conda/lib/python3.8/site-packages/airflow/example_dags/example_short_circuit_operator.py
[2023-12-27 15:46:29,615] {processor.py:651} INFO - DAG(s) dict_keys(['example_short_circuit_operator']) retrieved from /opt/conda/lib/python3.8/site-packages/airflow/example_dags/example_short_circuit_operator.py
[2023-12-27 15:46:29,644] {logging_mixin.py:115} INFO - [2023-12-27 15:46:29,644] {dag.py:2420} INFO - Sync 1 DAGs
[2023-12-27 15:46:29,669] {logging_mixin.py:115} INFO - [2023-12-27 15:46:29,669] {dag.py:2968} INFO - Setting next_dagrun for example_short_circuit_operator to 2023-12-26T15:46:29.669075+00:00, run_after=2023-12-27T15:46:29.669075+00:00
[2023-12-27 15:46:29,709] {processor.py:161} INFO - Processing /opt/conda/lib/python3.8/site-packages/airflow/example_dags/example_short_circuit_operator.py took 0.108 seconds
[2023-12-27 15:47:16,295] {processor.py:153} INFO - Started process (PID=2207) to work on /opt/conda/lib/python3.8/site-packages/airflow/example_dags/example_short_circuit_operator.py
[2023-12-27 15:47:16,296] {processor.py:641} INFO - Processing file /opt/conda/lib/python3.8/site-packages/airflow/example_dags/example_short_circuit_operator.py for tasks to queue
[2023-12-27 15:47:16,296] {logging_mixin.py:115} INFO - [2023-12-27 15:47:16,296] {dagbag.py:508} INFO - Filling up the DagBag from /opt/conda/lib/python3.8/site-packages/airflow/example_dags/example_short_circuit_operator.py
[2023-12-27 15:47:16,306] {processor.py:651} INFO - DAG(s) dict_keys(['example_short_circuit_operator']) retrieved from /opt/conda/lib/python3.8/site-packages/airflow/example_dags/example_short_circuit_operator.py
[2023-12-27 15:47:16,339] {logging_mixin.py:115} INFO - [2023-12-27 15:47:16,338] {dag.py:2420} INFO - Sync 1 DAGs
[2023-12-27 15:47:16,367] {logging_mixin.py:115} INFO - [2023-12-27 15:47:16,367] {dag.py:2968} INFO - Setting next_dagrun for example_short_circuit_operator to 2023-12-26T15:47:16.367455+00:00, run_after=2023-12-27T15:47:16.367455+00:00
[2023-12-27 15:47:16,413] {processor.py:161} INFO - Processing /opt/conda/lib/python3.8/site-packages/airflow/example_dags/example_short_circuit_operator.py took 0.120 seconds
[2023-12-27 15:48:03,956] {processor.py:153} INFO - Started process (PID=2276) to work on /opt/conda/lib/python3.8/site-packages/airflow/example_dags/example_short_circuit_operator.py
[2023-12-27 15:48:03,957] {processor.py:641} INFO - Processing file /opt/conda/lib/python3.8/site-packages/airflow/example_dags/example_short_circuit_operator.py for tasks to queue
[2023-12-27 15:48:03,957] {logging_mixin.py:115} INFO - [2023-12-27 15:48:03,957] {dagbag.py:508} INFO - Filling up the DagBag from /opt/conda/lib/python3.8/site-packages/airflow/example_dags/example_short_circuit_operator.py
[2023-12-27 15:48:03,967] {processor.py:651} INFO - DAG(s) dict_keys(['example_short_circuit_operator']) retrieved from /opt/conda/lib/python3.8/site-packages/airflow/example_dags/example_short_circuit_operator.py
[2023-12-27 15:48:03,999] {logging_mixin.py:115} INFO - [2023-12-27 15:48:03,999] {dag.py:2420} INFO - Sync 1 DAGs
[2023-12-27 15:48:04,027] {logging_mixin.py:115} INFO - [2023-12-27 15:48:04,027] {dag.py:2968} INFO - Setting next_dagrun for example_short_circuit_operator to 2023-12-26T15:48:04.027069+00:00, run_after=2023-12-27T15:48:04.027069+00:00
[2023-12-27 15:48:04,070] {processor.py:161} INFO - Processing /opt/conda/lib/python3.8/site-packages/airflow/example_dags/example_short_circuit_operator.py took 0.117 seconds
[2023-12-27 17:01:48,115] {processor.py:153} INFO - Started process (PID=2951) to work on /opt/conda/lib/python3.8/site-packages/airflow/example_dags/example_short_circuit_operator.py
[2023-12-27 17:01:48,116] {processor.py:641} INFO - Processing file /opt/conda/lib/python3.8/site-packages/airflow/example_dags/example_short_circuit_operator.py for tasks to queue
[2023-12-27 17:01:48,116] {logging_mixin.py:115} INFO - [2023-12-27 17:01:48,116] {dagbag.py:508} INFO - Filling up the DagBag from /opt/conda/lib/python3.8/site-packages/airflow/example_dags/example_short_circuit_operator.py
[2023-12-27 17:01:48,231] {processor.py:651} INFO - DAG(s) dict_keys(['example_short_circuit_operator']) retrieved from /opt/conda/lib/python3.8/site-packages/airflow/example_dags/example_short_circuit_operator.py
[2023-12-27 17:01:48,257] {logging_mixin.py:115} INFO - [2023-12-27 17:01:48,257] {dag.py:2420} INFO - Sync 1 DAGs
[2023-12-27 17:01:48,279] {logging_mixin.py:115} INFO - [2023-12-27 17:01:48,279] {dag.py:2968} INFO - Setting next_dagrun for example_short_circuit_operator to 2023-12-26T17:01:48.278947+00:00, run_after=2023-12-27T17:01:48.278947+00:00
[2023-12-27 17:01:48,321] {processor.py:161} INFO - Processing /opt/conda/lib/python3.8/site-packages/airflow/example_dags/example_short_circuit_operator.py took 0.209 seconds
[2023-12-27 17:04:08,275] {processor.py:153} INFO - Started process (PID=3297) to work on /opt/conda/lib/python3.8/site-packages/airflow/example_dags/example_short_circuit_operator.py
[2023-12-27 17:04:08,276] {processor.py:641} INFO - Processing file /opt/conda/lib/python3.8/site-packages/airflow/example_dags/example_short_circuit_operator.py for tasks to queue
[2023-12-27 17:04:08,276] {logging_mixin.py:115} INFO - [2023-12-27 17:04:08,276] {dagbag.py:508} INFO - Filling up the DagBag from /opt/conda/lib/python3.8/site-packages/airflow/example_dags/example_short_circuit_operator.py
[2023-12-27 17:04:08,412] {processor.py:651} INFO - DAG(s) dict_keys(['example_short_circuit_operator']) retrieved from /opt/conda/lib/python3.8/site-packages/airflow/example_dags/example_short_circuit_operator.py
[2023-12-27 17:04:08,436] {logging_mixin.py:115} INFO - [2023-12-27 17:04:08,436] {dag.py:2420} INFO - Sync 1 DAGs
[2023-12-27 17:04:08,459] {logging_mixin.py:115} INFO - [2023-12-27 17:04:08,459] {dag.py:2968} INFO - Setting next_dagrun for example_short_circuit_operator to 2023-12-26T17:04:08.458993+00:00, run_after=2023-12-27T17:04:08.458993+00:00
[2023-12-27 17:04:08,500] {processor.py:161} INFO - Processing /opt/conda/lib/python3.8/site-packages/airflow/example_dags/example_short_circuit_operator.py took 0.228 seconds
[2023-12-27 17:05:23,880] {processor.py:153} INFO - Started process (PID=3438) to work on /opt/conda/lib/python3.8/site-packages/airflow/example_dags/example_short_circuit_operator.py
[2023-12-27 17:05:23,881] {processor.py:641} INFO - Processing file /opt/conda/lib/python3.8/site-packages/airflow/example_dags/example_short_circuit_operator.py for tasks to queue
[2023-12-27 17:05:23,881] {logging_mixin.py:115} INFO - [2023-12-27 17:05:23,881] {dagbag.py:508} INFO - Filling up the DagBag from /opt/conda/lib/python3.8/site-packages/airflow/example_dags/example_short_circuit_operator.py
[2023-12-27 17:05:23,996] {processor.py:651} INFO - DAG(s) dict_keys(['example_short_circuit_operator']) retrieved from /opt/conda/lib/python3.8/site-packages/airflow/example_dags/example_short_circuit_operator.py
[2023-12-27 17:05:24,021] {logging_mixin.py:115} INFO - [2023-12-27 17:05:24,021] {dag.py:2420} INFO - Sync 1 DAGs
[2023-12-27 17:05:24,044] {logging_mixin.py:115} INFO - [2023-12-27 17:05:24,043] {dag.py:2968} INFO - Setting next_dagrun for example_short_circuit_operator to 2023-12-26T17:05:24.043832+00:00, run_after=2023-12-27T17:05:24.043832+00:00
[2023-12-27 17:05:24,087] {processor.py:161} INFO - Processing /opt/conda/lib/python3.8/site-packages/airflow/example_dags/example_short_circuit_operator.py took 0.210 seconds
[2023-12-27 17:06:35,327] {processor.py:153} INFO - Started process (PID=3570) to work on /opt/conda/lib/python3.8/site-packages/airflow/example_dags/example_short_circuit_operator.py
[2023-12-27 17:06:35,327] {processor.py:641} INFO - Processing file /opt/conda/lib/python3.8/site-packages/airflow/example_dags/example_short_circuit_operator.py for tasks to queue
[2023-12-27 17:06:35,328] {logging_mixin.py:115} INFO - [2023-12-27 17:06:35,328] {dagbag.py:508} INFO - Filling up the DagBag from /opt/conda/lib/python3.8/site-packages/airflow/example_dags/example_short_circuit_operator.py
[2023-12-27 17:06:35,337] {processor.py:651} INFO - DAG(s) dict_keys(['example_short_circuit_operator']) retrieved from /opt/conda/lib/python3.8/site-packages/airflow/example_dags/example_short_circuit_operator.py
[2023-12-27 17:06:35,366] {logging_mixin.py:115} INFO - [2023-12-27 17:06:35,366] {dag.py:2420} INFO - Sync 1 DAGs
[2023-12-27 17:06:35,392] {logging_mixin.py:115} INFO - [2023-12-27 17:06:35,392] {dag.py:2968} INFO - Setting next_dagrun for example_short_circuit_operator to 2023-12-26T17:06:35.392473+00:00, run_after=2023-12-27T17:06:35.392473+00:00
[2023-12-27 17:06:35,431] {processor.py:161} INFO - Processing /opt/conda/lib/python3.8/site-packages/airflow/example_dags/example_short_circuit_operator.py took 0.108 seconds
[2023-12-27 17:07:39,221] {processor.py:153} INFO - Started process (PID=3697) to work on /opt/conda/lib/python3.8/site-packages/airflow/example_dags/example_short_circuit_operator.py
[2023-12-27 17:07:39,221] {processor.py:641} INFO - Processing file /opt/conda/lib/python3.8/site-packages/airflow/example_dags/example_short_circuit_operator.py for tasks to queue
[2023-12-27 17:07:39,222] {logging_mixin.py:115} INFO - [2023-12-27 17:07:39,222] {dagbag.py:508} INFO - Filling up the DagBag from /opt/conda/lib/python3.8/site-packages/airflow/example_dags/example_short_circuit_operator.py
[2023-12-27 17:07:39,231] {processor.py:651} INFO - DAG(s) dict_keys(['example_short_circuit_operator']) retrieved from /opt/conda/lib/python3.8/site-packages/airflow/example_dags/example_short_circuit_operator.py
[2023-12-27 17:07:39,263] {logging_mixin.py:115} INFO - [2023-12-27 17:07:39,263] {dag.py:2420} INFO - Sync 1 DAGs
[2023-12-27 17:07:39,292] {logging_mixin.py:115} INFO - [2023-12-27 17:07:39,292] {dag.py:2968} INFO - Setting next_dagrun for example_short_circuit_operator to 2023-12-26T17:07:39.292293+00:00, run_after=2023-12-27T17:07:39.292293+00:00
[2023-12-27 17:07:39,338] {processor.py:161} INFO - Processing /opt/conda/lib/python3.8/site-packages/airflow/example_dags/example_short_circuit_operator.py took 0.120 seconds
[2023-12-27 17:08:44,040] {processor.py:153} INFO - Started process (PID=3816) to work on /opt/conda/lib/python3.8/site-packages/airflow/example_dags/example_short_circuit_operator.py
[2023-12-27 17:08:44,040] {processor.py:641} INFO - Processing file /opt/conda/lib/python3.8/site-packages/airflow/example_dags/example_short_circuit_operator.py for tasks to queue
[2023-12-27 17:08:44,041] {logging_mixin.py:115} INFO - [2023-12-27 17:08:44,040] {dagbag.py:508} INFO - Filling up the DagBag from /opt/conda/lib/python3.8/site-packages/airflow/example_dags/example_short_circuit_operator.py
[2023-12-27 17:08:44,050] {processor.py:651} INFO - DAG(s) dict_keys(['example_short_circuit_operator']) retrieved from /opt/conda/lib/python3.8/site-packages/airflow/example_dags/example_short_circuit_operator.py
[2023-12-27 17:08:44,082] {logging_mixin.py:115} INFO - [2023-12-27 17:08:44,082] {dag.py:2420} INFO - Sync 1 DAGs
[2023-12-27 17:08:44,110] {logging_mixin.py:115} INFO - [2023-12-27 17:08:44,110] {dag.py:2968} INFO - Setting next_dagrun for example_short_circuit_operator to 2023-12-26T17:08:44.110391+00:00, run_after=2023-12-27T17:08:44.110391+00:00
[2023-12-27 17:08:44,154] {processor.py:161} INFO - Processing /opt/conda/lib/python3.8/site-packages/airflow/example_dags/example_short_circuit_operator.py took 0.118 seconds
[2023-12-27 17:09:48,423] {processor.py:153} INFO - Started process (PID=3930) to work on /opt/conda/lib/python3.8/site-packages/airflow/example_dags/example_short_circuit_operator.py
[2023-12-27 17:09:48,424] {processor.py:641} INFO - Processing file /opt/conda/lib/python3.8/site-packages/airflow/example_dags/example_short_circuit_operator.py for tasks to queue
[2023-12-27 17:09:48,424] {logging_mixin.py:115} INFO - [2023-12-27 17:09:48,424] {dagbag.py:508} INFO - Filling up the DagBag from /opt/conda/lib/python3.8/site-packages/airflow/example_dags/example_short_circuit_operator.py
[2023-12-27 17:09:48,434] {processor.py:651} INFO - DAG(s) dict_keys(['example_short_circuit_operator']) retrieved from /opt/conda/lib/python3.8/site-packages/airflow/example_dags/example_short_circuit_operator.py
[2023-12-27 17:09:48,463] {logging_mixin.py:115} INFO - [2023-12-27 17:09:48,463] {dag.py:2420} INFO - Sync 1 DAGs
[2023-12-27 17:09:48,488] {logging_mixin.py:115} INFO - [2023-12-27 17:09:48,488] {dag.py:2968} INFO - Setting next_dagrun for example_short_circuit_operator to 2023-12-26T17:09:48.488114+00:00, run_after=2023-12-27T17:09:48.488114+00:00
[2023-12-27 17:09:48,529] {processor.py:161} INFO - Processing /opt/conda/lib/python3.8/site-packages/airflow/example_dags/example_short_circuit_operator.py took 0.109 seconds
[2023-12-27 17:10:50,240] {processor.py:153} INFO - Started process (PID=4043) to work on /opt/conda/lib/python3.8/site-packages/airflow/example_dags/example_short_circuit_operator.py
[2023-12-27 17:10:50,240] {processor.py:641} INFO - Processing file /opt/conda/lib/python3.8/site-packages/airflow/example_dags/example_short_circuit_operator.py for tasks to queue
[2023-12-27 17:10:50,241] {logging_mixin.py:115} INFO - [2023-12-27 17:10:50,241] {dagbag.py:508} INFO - Filling up the DagBag from /opt/conda/lib/python3.8/site-packages/airflow/example_dags/example_short_circuit_operator.py
[2023-12-27 17:10:50,251] {processor.py:651} INFO - DAG(s) dict_keys(['example_short_circuit_operator']) retrieved from /opt/conda/lib/python3.8/site-packages/airflow/example_dags/example_short_circuit_operator.py
[2023-12-27 17:10:50,284] {logging_mixin.py:115} INFO - [2023-12-27 17:10:50,283] {dag.py:2420} INFO - Sync 1 DAGs
[2023-12-27 17:10:50,311] {logging_mixin.py:115} INFO - [2023-12-27 17:10:50,311] {dag.py:2968} INFO - Setting next_dagrun for example_short_circuit_operator to 2023-12-26T17:10:50.311540+00:00, run_after=2023-12-27T17:10:50.311540+00:00
[2023-12-27 17:10:50,355] {processor.py:161} INFO - Processing /opt/conda/lib/python3.8/site-packages/airflow/example_dags/example_short_circuit_operator.py took 0.119 seconds
[2023-12-27 17:11:58,897] {processor.py:153} INFO - Started process (PID=4167) to work on /opt/conda/lib/python3.8/site-packages/airflow/example_dags/example_short_circuit_operator.py
[2023-12-27 17:11:58,898] {processor.py:641} INFO - Processing file /opt/conda/lib/python3.8/site-packages/airflow/example_dags/example_short_circuit_operator.py for tasks to queue
[2023-12-27 17:11:58,898] {logging_mixin.py:115} INFO - [2023-12-27 17:11:58,898] {dagbag.py:508} INFO - Filling up the DagBag from /opt/conda/lib/python3.8/site-packages/airflow/example_dags/example_short_circuit_operator.py
[2023-12-27 17:11:58,908] {processor.py:651} INFO - DAG(s) dict_keys(['example_short_circuit_operator']) retrieved from /opt/conda/lib/python3.8/site-packages/airflow/example_dags/example_short_circuit_operator.py
[2023-12-27 17:11:58,940] {logging_mixin.py:115} INFO - [2023-12-27 17:11:58,940] {dag.py:2420} INFO - Sync 1 DAGs
[2023-12-27 17:11:58,966] {logging_mixin.py:115} INFO - [2023-12-27 17:11:58,966] {dag.py:2968} INFO - Setting next_dagrun for example_short_circuit_operator to 2023-12-26T17:11:58.966518+00:00, run_after=2023-12-27T17:11:58.966518+00:00
[2023-12-27 17:11:59,010] {processor.py:161} INFO - Processing /opt/conda/lib/python3.8/site-packages/airflow/example_dags/example_short_circuit_operator.py took 0.116 seconds
[2023-12-27 17:15:33,444] {processor.py:153} INFO - Started process (PID=4410) to work on /opt/conda/lib/python3.8/site-packages/airflow/example_dags/example_short_circuit_operator.py
[2023-12-27 17:15:33,444] {processor.py:641} INFO - Processing file /opt/conda/lib/python3.8/site-packages/airflow/example_dags/example_short_circuit_operator.py for tasks to queue
[2023-12-27 17:15:33,445] {logging_mixin.py:115} INFO - [2023-12-27 17:15:33,445] {dagbag.py:508} INFO - Filling up the DagBag from /opt/conda/lib/python3.8/site-packages/airflow/example_dags/example_short_circuit_operator.py
[2023-12-27 17:15:33,558] {processor.py:651} INFO - DAG(s) dict_keys(['example_short_circuit_operator']) retrieved from /opt/conda/lib/python3.8/site-packages/airflow/example_dags/example_short_circuit_operator.py
[2023-12-27 17:15:33,583] {logging_mixin.py:115} INFO - [2023-12-27 17:15:33,583] {dag.py:2420} INFO - Sync 1 DAGs
[2023-12-27 17:15:33,606] {logging_mixin.py:115} INFO - [2023-12-27 17:15:33,606] {dag.py:2968} INFO - Setting next_dagrun for example_short_circuit_operator to 2023-12-26T17:15:33.605857+00:00, run_after=2023-12-27T17:15:33.605857+00:00
[2023-12-27 17:15:33,648] {processor.py:161} INFO - Processing /opt/conda/lib/python3.8/site-packages/airflow/example_dags/example_short_circuit_operator.py took 0.207 seconds
[2023-12-27 17:17:06,174] {processor.py:153} INFO - Started process (PID=4641) to work on /opt/conda/lib/python3.8/site-packages/airflow/example_dags/example_short_circuit_operator.py
[2023-12-27 17:17:06,175] {processor.py:641} INFO - Processing file /opt/conda/lib/python3.8/site-packages/airflow/example_dags/example_short_circuit_operator.py for tasks to queue
[2023-12-27 17:17:06,175] {logging_mixin.py:115} INFO - [2023-12-27 17:17:06,175] {dagbag.py:508} INFO - Filling up the DagBag from /opt/conda/lib/python3.8/site-packages/airflow/example_dags/example_short_circuit_operator.py
[2023-12-27 17:17:06,319] {processor.py:651} INFO - DAG(s) dict_keys(['example_short_circuit_operator']) retrieved from /opt/conda/lib/python3.8/site-packages/airflow/example_dags/example_short_circuit_operator.py
[2023-12-27 17:17:06,346] {logging_mixin.py:115} INFO - [2023-12-27 17:17:06,346] {dag.py:2420} INFO - Sync 1 DAGs
[2023-12-27 17:17:06,368] {logging_mixin.py:115} INFO - [2023-12-27 17:17:06,368] {dag.py:2968} INFO - Setting next_dagrun for example_short_circuit_operator to 2023-12-26T17:17:06.368699+00:00, run_after=2023-12-27T17:17:06.368699+00:00
[2023-12-27 17:17:06,410] {processor.py:161} INFO - Processing /opt/conda/lib/python3.8/site-packages/airflow/example_dags/example_short_circuit_operator.py took 0.239 seconds
[2023-12-27 17:18:43,615] {processor.py:153} INFO - Started process (PID=4886) to work on /opt/conda/lib/python3.8/site-packages/airflow/example_dags/example_short_circuit_operator.py
[2023-12-27 17:18:43,615] {processor.py:641} INFO - Processing file /opt/conda/lib/python3.8/site-packages/airflow/example_dags/example_short_circuit_operator.py for tasks to queue
[2023-12-27 17:18:43,616] {logging_mixin.py:115} INFO - [2023-12-27 17:18:43,616] {dagbag.py:508} INFO - Filling up the DagBag from /opt/conda/lib/python3.8/site-packages/airflow/example_dags/example_short_circuit_operator.py
[2023-12-27 17:18:43,730] {processor.py:651} INFO - DAG(s) dict_keys(['example_short_circuit_operator']) retrieved from /opt/conda/lib/python3.8/site-packages/airflow/example_dags/example_short_circuit_operator.py
[2023-12-27 17:18:43,755] {logging_mixin.py:115} INFO - [2023-12-27 17:18:43,755] {dag.py:2420} INFO - Sync 1 DAGs
[2023-12-27 17:18:43,776] {logging_mixin.py:115} INFO - [2023-12-27 17:18:43,776] {dag.py:2968} INFO - Setting next_dagrun for example_short_circuit_operator to 2023-12-26T17:18:43.776010+00:00, run_after=2023-12-27T17:18:43.776010+00:00
[2023-12-27 17:18:43,810] {processor.py:161} INFO - Processing /opt/conda/lib/python3.8/site-packages/airflow/example_dags/example_short_circuit_operator.py took 0.198 seconds
[2023-12-27 17:19:55,748] {processor.py:153} INFO - Started process (PID=5013) to work on /opt/conda/lib/python3.8/site-packages/airflow/example_dags/example_short_circuit_operator.py
[2023-12-27 17:19:55,748] {processor.py:641} INFO - Processing file /opt/conda/lib/python3.8/site-packages/airflow/example_dags/example_short_circuit_operator.py for tasks to queue
[2023-12-27 17:19:55,749] {logging_mixin.py:115} INFO - [2023-12-27 17:19:55,749] {dagbag.py:508} INFO - Filling up the DagBag from /opt/conda/lib/python3.8/site-packages/airflow/example_dags/example_short_circuit_operator.py
[2023-12-27 17:19:55,758] {processor.py:651} INFO - DAG(s) dict_keys(['example_short_circuit_operator']) retrieved from /opt/conda/lib/python3.8/site-packages/airflow/example_dags/example_short_circuit_operator.py
[2023-12-27 17:19:55,789] {logging_mixin.py:115} INFO - [2023-12-27 17:19:55,789] {dag.py:2420} INFO - Sync 1 DAGs
[2023-12-27 17:19:55,816] {logging_mixin.py:115} INFO - [2023-12-27 17:19:55,816] {dag.py:2968} INFO - Setting next_dagrun for example_short_circuit_operator to 2023-12-26T17:19:55.816106+00:00, run_after=2023-12-27T17:19:55.816106+00:00
[2023-12-27 17:19:55,859] {processor.py:161} INFO - Processing /opt/conda/lib/python3.8/site-packages/airflow/example_dags/example_short_circuit_operator.py took 0.114 seconds
[2023-12-27 17:21:02,068] {processor.py:153} INFO - Started process (PID=5151) to work on /opt/conda/lib/python3.8/site-packages/airflow/example_dags/example_short_circuit_operator.py
[2023-12-27 17:21:02,069] {processor.py:641} INFO - Processing file /opt/conda/lib/python3.8/site-packages/airflow/example_dags/example_short_circuit_operator.py for tasks to queue
[2023-12-27 17:21:02,069] {logging_mixin.py:115} INFO - [2023-12-27 17:21:02,069] {dagbag.py:508} INFO - Filling up the DagBag from /opt/conda/lib/python3.8/site-packages/airflow/example_dags/example_short_circuit_operator.py
[2023-12-27 17:21:02,079] {processor.py:651} INFO - DAG(s) dict_keys(['example_short_circuit_operator']) retrieved from /opt/conda/lib/python3.8/site-packages/airflow/example_dags/example_short_circuit_operator.py
[2023-12-27 17:21:02,109] {logging_mixin.py:115} INFO - [2023-12-27 17:21:02,109] {dag.py:2420} INFO - Sync 1 DAGs
[2023-12-27 17:21:02,134] {logging_mixin.py:115} INFO - [2023-12-27 17:21:02,134] {dag.py:2968} INFO - Setting next_dagrun for example_short_circuit_operator to 2023-12-26T17:21:02.133867+00:00, run_after=2023-12-27T17:21:02.133867+00:00
[2023-12-27 17:21:02,176] {processor.py:161} INFO - Processing /opt/conda/lib/python3.8/site-packages/airflow/example_dags/example_short_circuit_operator.py took 0.111 seconds
