[2023-12-27 07:13:09,090] {processor.py:153} INFO - Started process (PID=1380) to work on /opt/conda/lib/python3.8/site-packages/airflow/example_dags/example_skip_dag.py
[2023-12-27 07:13:09,090] {processor.py:641} INFO - Processing file /opt/conda/lib/python3.8/site-packages/airflow/example_dags/example_skip_dag.py for tasks to queue
[2023-12-27 07:13:09,091] {logging_mixin.py:115} INFO - [2023-12-27 07:13:09,091] {dagbag.py:508} INFO - Filling up the DagBag from /opt/conda/lib/python3.8/site-packages/airflow/example_dags/example_skip_dag.py
[2023-12-27 07:13:09,096] {processor.py:651} INFO - DAG(s) dict_keys(['example_skip_dag']) retrieved from /opt/conda/lib/python3.8/site-packages/airflow/example_dags/example_skip_dag.py
[2023-12-27 07:13:09,225] {logging_mixin.py:115} INFO - [2023-12-27 07:13:09,225] {dag.py:2420} INFO - Sync 1 DAGs
[2023-12-27 07:13:09,247] {logging_mixin.py:115} INFO - [2023-12-27 07:13:09,247] {dag.py:2968} INFO - Setting next_dagrun for example_skip_dag to 2023-12-26T07:13:09.247169+00:00, run_after=2023-12-27T07:13:09.247169+00:00
[2023-12-27 07:13:09,287] {processor.py:161} INFO - Processing /opt/conda/lib/python3.8/site-packages/airflow/example_dags/example_skip_dag.py took 0.201 seconds
[2023-12-27 15:36:06,446] {processor.py:153} INFO - Started process (PID=1090) to work on /opt/conda/lib/python3.8/site-packages/airflow/example_dags/example_skip_dag.py
[2023-12-27 15:36:06,447] {processor.py:641} INFO - Processing file /opt/conda/lib/python3.8/site-packages/airflow/example_dags/example_skip_dag.py for tasks to queue
[2023-12-27 15:36:06,447] {logging_mixin.py:115} INFO - [2023-12-27 15:36:06,447] {dagbag.py:508} INFO - Filling up the DagBag from /opt/conda/lib/python3.8/site-packages/airflow/example_dags/example_skip_dag.py
[2023-12-27 15:36:06,452] {processor.py:651} INFO - DAG(s) dict_keys(['example_skip_dag']) retrieved from /opt/conda/lib/python3.8/site-packages/airflow/example_dags/example_skip_dag.py
[2023-12-27 15:36:06,595] {logging_mixin.py:115} INFO - [2023-12-27 15:36:06,594] {dag.py:2420} INFO - Sync 1 DAGs
[2023-12-27 15:36:06,637] {logging_mixin.py:115} INFO - [2023-12-27 15:36:06,637] {dag.py:2968} INFO - Setting next_dagrun for example_skip_dag to 2023-12-26T15:36:06.637311+00:00, run_after=2023-12-27T15:36:06.637311+00:00
[2023-12-27 15:36:06,755] {processor.py:161} INFO - Processing /opt/conda/lib/python3.8/site-packages/airflow/example_dags/example_skip_dag.py took 0.312 seconds
[2023-12-27 15:37:04,436] {processor.py:153} INFO - Started process (PID=1185) to work on /opt/conda/lib/python3.8/site-packages/airflow/example_dags/example_skip_dag.py
[2023-12-27 15:37:04,437] {processor.py:641} INFO - Processing file /opt/conda/lib/python3.8/site-packages/airflow/example_dags/example_skip_dag.py for tasks to queue
[2023-12-27 15:37:04,437] {logging_mixin.py:115} INFO - [2023-12-27 15:37:04,437] {dagbag.py:508} INFO - Filling up the DagBag from /opt/conda/lib/python3.8/site-packages/airflow/example_dags/example_skip_dag.py
[2023-12-27 15:37:04,443] {processor.py:651} INFO - DAG(s) dict_keys(['example_skip_dag']) retrieved from /opt/conda/lib/python3.8/site-packages/airflow/example_dags/example_skip_dag.py
[2023-12-27 15:37:04,582] {logging_mixin.py:115} INFO - [2023-12-27 15:37:04,582] {dag.py:2420} INFO - Sync 1 DAGs
[2023-12-27 15:37:04,604] {logging_mixin.py:115} INFO - [2023-12-27 15:37:04,604] {dag.py:2968} INFO - Setting next_dagrun for example_skip_dag to 2023-12-26T15:37:04.604249+00:00, run_after=2023-12-27T15:37:04.604249+00:00
[2023-12-27 15:37:04,647] {processor.py:161} INFO - Processing /opt/conda/lib/python3.8/site-packages/airflow/example_dags/example_skip_dag.py took 0.214 seconds
[2023-12-27 15:38:01,300] {processor.py:153} INFO - Started process (PID=1300) to work on /opt/conda/lib/python3.8/site-packages/airflow/example_dags/example_skip_dag.py
[2023-12-27 15:38:01,300] {processor.py:641} INFO - Processing file /opt/conda/lib/python3.8/site-packages/airflow/example_dags/example_skip_dag.py for tasks to queue
[2023-12-27 15:38:01,301] {logging_mixin.py:115} INFO - [2023-12-27 15:38:01,301] {dagbag.py:508} INFO - Filling up the DagBag from /opt/conda/lib/python3.8/site-packages/airflow/example_dags/example_skip_dag.py
[2023-12-27 15:38:01,306] {processor.py:651} INFO - DAG(s) dict_keys(['example_skip_dag']) retrieved from /opt/conda/lib/python3.8/site-packages/airflow/example_dags/example_skip_dag.py
[2023-12-27 15:38:01,442] {logging_mixin.py:115} INFO - [2023-12-27 15:38:01,442] {dag.py:2420} INFO - Sync 1 DAGs
[2023-12-27 15:38:01,464] {logging_mixin.py:115} INFO - [2023-12-27 15:38:01,464] {dag.py:2968} INFO - Setting next_dagrun for example_skip_dag to 2023-12-26T15:38:01.464724+00:00, run_after=2023-12-27T15:38:01.464724+00:00
[2023-12-27 15:38:01,507] {processor.py:161} INFO - Processing /opt/conda/lib/python3.8/site-packages/airflow/example_dags/example_skip_dag.py took 0.210 seconds
[2023-12-27 15:38:59,520] {processor.py:153} INFO - Started process (PID=1373) to work on /opt/conda/lib/python3.8/site-packages/airflow/example_dags/example_skip_dag.py
[2023-12-27 15:38:59,520] {processor.py:641} INFO - Processing file /opt/conda/lib/python3.8/site-packages/airflow/example_dags/example_skip_dag.py for tasks to queue
[2023-12-27 15:38:59,521] {logging_mixin.py:115} INFO - [2023-12-27 15:38:59,520] {dagbag.py:508} INFO - Filling up the DagBag from /opt/conda/lib/python3.8/site-packages/airflow/example_dags/example_skip_dag.py
[2023-12-27 15:38:59,526] {processor.py:651} INFO - DAG(s) dict_keys(['example_skip_dag']) retrieved from /opt/conda/lib/python3.8/site-packages/airflow/example_dags/example_skip_dag.py
[2023-12-27 15:38:59,659] {logging_mixin.py:115} INFO - [2023-12-27 15:38:59,659] {dag.py:2420} INFO - Sync 1 DAGs
[2023-12-27 15:38:59,681] {logging_mixin.py:115} INFO - [2023-12-27 15:38:59,681] {dag.py:2968} INFO - Setting next_dagrun for example_skip_dag to 2023-12-26T15:38:59.681091+00:00, run_after=2023-12-27T15:38:59.681091+00:00
[2023-12-27 15:38:59,723] {processor.py:161} INFO - Processing /opt/conda/lib/python3.8/site-packages/airflow/example_dags/example_skip_dag.py took 0.206 seconds
[2023-12-27 15:39:55,883] {processor.py:153} INFO - Started process (PID=1531) to work on /opt/conda/lib/python3.8/site-packages/airflow/example_dags/example_skip_dag.py
[2023-12-27 15:39:55,883] {processor.py:641} INFO - Processing file /opt/conda/lib/python3.8/site-packages/airflow/example_dags/example_skip_dag.py for tasks to queue
[2023-12-27 15:39:55,884] {logging_mixin.py:115} INFO - [2023-12-27 15:39:55,884] {dagbag.py:508} INFO - Filling up the DagBag from /opt/conda/lib/python3.8/site-packages/airflow/example_dags/example_skip_dag.py
[2023-12-27 15:39:55,889] {processor.py:651} INFO - DAG(s) dict_keys(['example_skip_dag']) retrieved from /opt/conda/lib/python3.8/site-packages/airflow/example_dags/example_skip_dag.py
[2023-12-27 15:39:56,025] {logging_mixin.py:115} INFO - [2023-12-27 15:39:56,025] {dag.py:2420} INFO - Sync 1 DAGs
[2023-12-27 15:39:56,048] {logging_mixin.py:115} INFO - [2023-12-27 15:39:56,048] {dag.py:2968} INFO - Setting next_dagrun for example_skip_dag to 2023-12-26T15:39:56.048353+00:00, run_after=2023-12-27T15:39:56.048353+00:00
[2023-12-27 15:39:56,090] {processor.py:161} INFO - Processing /opt/conda/lib/python3.8/site-packages/airflow/example_dags/example_skip_dag.py took 0.210 seconds
[2023-12-27 15:41:32,975] {processor.py:153} INFO - Started process (PID=1714) to work on /opt/conda/lib/python3.8/site-packages/airflow/example_dags/example_skip_dag.py
[2023-12-27 15:41:32,975] {processor.py:641} INFO - Processing file /opt/conda/lib/python3.8/site-packages/airflow/example_dags/example_skip_dag.py for tasks to queue
[2023-12-27 15:41:32,976] {logging_mixin.py:115} INFO - [2023-12-27 15:41:32,976] {dagbag.py:508} INFO - Filling up the DagBag from /opt/conda/lib/python3.8/site-packages/airflow/example_dags/example_skip_dag.py
[2023-12-27 15:41:32,982] {processor.py:651} INFO - DAG(s) dict_keys(['example_skip_dag']) retrieved from /opt/conda/lib/python3.8/site-packages/airflow/example_dags/example_skip_dag.py
[2023-12-27 15:41:33,012] {logging_mixin.py:115} INFO - [2023-12-27 15:41:33,012] {dag.py:2420} INFO - Sync 1 DAGs
[2023-12-27 15:41:33,040] {logging_mixin.py:115} INFO - [2023-12-27 15:41:33,040] {dag.py:2968} INFO - Setting next_dagrun for example_skip_dag to 2023-12-26T15:41:33.040280+00:00, run_after=2023-12-27T15:41:33.040280+00:00
[2023-12-27 15:41:33,084] {processor.py:161} INFO - Processing /opt/conda/lib/python3.8/site-packages/airflow/example_dags/example_skip_dag.py took 0.112 seconds
[2023-12-27 15:42:25,122] {processor.py:153} INFO - Started process (PID=1788) to work on /opt/conda/lib/python3.8/site-packages/airflow/example_dags/example_skip_dag.py
[2023-12-27 15:42:25,123] {processor.py:641} INFO - Processing file /opt/conda/lib/python3.8/site-packages/airflow/example_dags/example_skip_dag.py for tasks to queue
[2023-12-27 15:42:25,123] {logging_mixin.py:115} INFO - [2023-12-27 15:42:25,123] {dagbag.py:508} INFO - Filling up the DagBag from /opt/conda/lib/python3.8/site-packages/airflow/example_dags/example_skip_dag.py
[2023-12-27 15:42:25,129] {processor.py:651} INFO - DAG(s) dict_keys(['example_skip_dag']) retrieved from /opt/conda/lib/python3.8/site-packages/airflow/example_dags/example_skip_dag.py
[2023-12-27 15:42:25,160] {logging_mixin.py:115} INFO - [2023-12-27 15:42:25,160] {dag.py:2420} INFO - Sync 1 DAGs
[2023-12-27 15:42:25,187] {logging_mixin.py:115} INFO - [2023-12-27 15:42:25,187] {dag.py:2968} INFO - Setting next_dagrun for example_skip_dag to 2023-12-26T15:42:25.187613+00:00, run_after=2023-12-27T15:42:25.187613+00:00
[2023-12-27 15:42:25,229] {processor.py:161} INFO - Processing /opt/conda/lib/python3.8/site-packages/airflow/example_dags/example_skip_dag.py took 0.110 seconds
[2023-12-27 15:43:17,783] {processor.py:153} INFO - Started process (PID=1860) to work on /opt/conda/lib/python3.8/site-packages/airflow/example_dags/example_skip_dag.py
[2023-12-27 15:43:17,784] {processor.py:641} INFO - Processing file /opt/conda/lib/python3.8/site-packages/airflow/example_dags/example_skip_dag.py for tasks to queue
[2023-12-27 15:43:17,784] {logging_mixin.py:115} INFO - [2023-12-27 15:43:17,784] {dagbag.py:508} INFO - Filling up the DagBag from /opt/conda/lib/python3.8/site-packages/airflow/example_dags/example_skip_dag.py
[2023-12-27 15:43:17,790] {processor.py:651} INFO - DAG(s) dict_keys(['example_skip_dag']) retrieved from /opt/conda/lib/python3.8/site-packages/airflow/example_dags/example_skip_dag.py
[2023-12-27 15:43:17,821] {logging_mixin.py:115} INFO - [2023-12-27 15:43:17,821] {dag.py:2420} INFO - Sync 1 DAGs
[2023-12-27 15:43:17,849] {logging_mixin.py:115} INFO - [2023-12-27 15:43:17,849] {dag.py:2968} INFO - Setting next_dagrun for example_skip_dag to 2023-12-26T15:43:17.849611+00:00, run_after=2023-12-27T15:43:17.849611+00:00
[2023-12-27 15:43:17,892] {processor.py:161} INFO - Processing /opt/conda/lib/python3.8/site-packages/airflow/example_dags/example_skip_dag.py took 0.112 seconds
[2023-12-27 15:44:06,734] {processor.py:153} INFO - Started process (PID=1930) to work on /opt/conda/lib/python3.8/site-packages/airflow/example_dags/example_skip_dag.py
[2023-12-27 15:44:06,735] {processor.py:641} INFO - Processing file /opt/conda/lib/python3.8/site-packages/airflow/example_dags/example_skip_dag.py for tasks to queue
[2023-12-27 15:44:06,735] {logging_mixin.py:115} INFO - [2023-12-27 15:44:06,735] {dagbag.py:508} INFO - Filling up the DagBag from /opt/conda/lib/python3.8/site-packages/airflow/example_dags/example_skip_dag.py
[2023-12-27 15:44:06,741] {processor.py:651} INFO - DAG(s) dict_keys(['example_skip_dag']) retrieved from /opt/conda/lib/python3.8/site-packages/airflow/example_dags/example_skip_dag.py
[2023-12-27 15:44:06,772] {logging_mixin.py:115} INFO - [2023-12-27 15:44:06,772] {dag.py:2420} INFO - Sync 1 DAGs
[2023-12-27 15:44:06,798] {logging_mixin.py:115} INFO - [2023-12-27 15:44:06,798] {dag.py:2968} INFO - Setting next_dagrun for example_skip_dag to 2023-12-26T15:44:06.798334+00:00, run_after=2023-12-27T15:44:06.798334+00:00
[2023-12-27 15:44:06,840] {processor.py:161} INFO - Processing /opt/conda/lib/python3.8/site-packages/airflow/example_dags/example_skip_dag.py took 0.109 seconds
[2023-12-27 15:44:55,553] {processor.py:153} INFO - Started process (PID=2000) to work on /opt/conda/lib/python3.8/site-packages/airflow/example_dags/example_skip_dag.py
[2023-12-27 15:44:55,554] {processor.py:641} INFO - Processing file /opt/conda/lib/python3.8/site-packages/airflow/example_dags/example_skip_dag.py for tasks to queue
[2023-12-27 15:44:55,554] {logging_mixin.py:115} INFO - [2023-12-27 15:44:55,554] {dagbag.py:508} INFO - Filling up the DagBag from /opt/conda/lib/python3.8/site-packages/airflow/example_dags/example_skip_dag.py
[2023-12-27 15:44:55,560] {processor.py:651} INFO - DAG(s) dict_keys(['example_skip_dag']) retrieved from /opt/conda/lib/python3.8/site-packages/airflow/example_dags/example_skip_dag.py
[2023-12-27 15:44:55,590] {logging_mixin.py:115} INFO - [2023-12-27 15:44:55,590] {dag.py:2420} INFO - Sync 1 DAGs
[2023-12-27 15:44:55,616] {logging_mixin.py:115} INFO - [2023-12-27 15:44:55,615] {dag.py:2968} INFO - Setting next_dagrun for example_skip_dag to 2023-12-26T15:44:55.615727+00:00, run_after=2023-12-27T15:44:55.615727+00:00
[2023-12-27 15:44:55,656] {processor.py:161} INFO - Processing /opt/conda/lib/python3.8/site-packages/airflow/example_dags/example_skip_dag.py took 0.106 seconds
[2023-12-27 15:45:43,260] {processor.py:153} INFO - Started process (PID=2069) to work on /opt/conda/lib/python3.8/site-packages/airflow/example_dags/example_skip_dag.py
[2023-12-27 15:45:43,261] {processor.py:641} INFO - Processing file /opt/conda/lib/python3.8/site-packages/airflow/example_dags/example_skip_dag.py for tasks to queue
[2023-12-27 15:45:43,261] {logging_mixin.py:115} INFO - [2023-12-27 15:45:43,261] {dagbag.py:508} INFO - Filling up the DagBag from /opt/conda/lib/python3.8/site-packages/airflow/example_dags/example_skip_dag.py
[2023-12-27 15:45:43,267] {processor.py:651} INFO - DAG(s) dict_keys(['example_skip_dag']) retrieved from /opt/conda/lib/python3.8/site-packages/airflow/example_dags/example_skip_dag.py
[2023-12-27 15:45:43,300] {logging_mixin.py:115} INFO - [2023-12-27 15:45:43,299] {dag.py:2420} INFO - Sync 1 DAGs
[2023-12-27 15:45:43,326] {logging_mixin.py:115} INFO - [2023-12-27 15:45:43,326] {dag.py:2968} INFO - Setting next_dagrun for example_skip_dag to 2023-12-26T15:45:43.326007+00:00, run_after=2023-12-27T15:45:43.326007+00:00
[2023-12-27 15:45:43,369] {processor.py:161} INFO - Processing /opt/conda/lib/python3.8/site-packages/airflow/example_dags/example_skip_dag.py took 0.112 seconds
[2023-12-27 15:46:30,935] {processor.py:153} INFO - Started process (PID=2139) to work on /opt/conda/lib/python3.8/site-packages/airflow/example_dags/example_skip_dag.py
[2023-12-27 15:46:30,936] {processor.py:641} INFO - Processing file /opt/conda/lib/python3.8/site-packages/airflow/example_dags/example_skip_dag.py for tasks to queue
[2023-12-27 15:46:30,936] {logging_mixin.py:115} INFO - [2023-12-27 15:46:30,936] {dagbag.py:508} INFO - Filling up the DagBag from /opt/conda/lib/python3.8/site-packages/airflow/example_dags/example_skip_dag.py
[2023-12-27 15:46:30,942] {processor.py:651} INFO - DAG(s) dict_keys(['example_skip_dag']) retrieved from /opt/conda/lib/python3.8/site-packages/airflow/example_dags/example_skip_dag.py
[2023-12-27 15:46:30,973] {logging_mixin.py:115} INFO - [2023-12-27 15:46:30,973] {dag.py:2420} INFO - Sync 1 DAGs
[2023-12-27 15:46:31,001] {logging_mixin.py:115} INFO - [2023-12-27 15:46:31,001] {dag.py:2968} INFO - Setting next_dagrun for example_skip_dag to 2023-12-26T15:46:31.001603+00:00, run_after=2023-12-27T15:46:31.001603+00:00
[2023-12-27 15:46:31,046] {processor.py:161} INFO - Processing /opt/conda/lib/python3.8/site-packages/airflow/example_dags/example_skip_dag.py took 0.114 seconds
[2023-12-27 15:47:39,986] {processor.py:153} INFO - Started process (PID=2256) to work on /opt/conda/lib/python3.8/site-packages/airflow/example_dags/example_skip_dag.py
[2023-12-27 15:47:39,987] {processor.py:641} INFO - Processing file /opt/conda/lib/python3.8/site-packages/airflow/example_dags/example_skip_dag.py for tasks to queue
[2023-12-27 15:47:39,987] {logging_mixin.py:115} INFO - [2023-12-27 15:47:39,987] {dagbag.py:508} INFO - Filling up the DagBag from /opt/conda/lib/python3.8/site-packages/airflow/example_dags/example_skip_dag.py
[2023-12-27 15:47:39,992] {processor.py:651} INFO - DAG(s) dict_keys(['example_skip_dag']) retrieved from /opt/conda/lib/python3.8/site-packages/airflow/example_dags/example_skip_dag.py
[2023-12-27 15:47:40,023] {logging_mixin.py:115} INFO - [2023-12-27 15:47:40,023] {dag.py:2420} INFO - Sync 1 DAGs
[2023-12-27 15:47:40,050] {logging_mixin.py:115} INFO - [2023-12-27 15:47:40,050] {dag.py:2968} INFO - Setting next_dagrun for example_skip_dag to 2023-12-26T15:47:40.050457+00:00, run_after=2023-12-27T15:47:40.050457+00:00
[2023-12-27 15:47:40,095] {processor.py:161} INFO - Processing /opt/conda/lib/python3.8/site-packages/airflow/example_dags/example_skip_dag.py took 0.113 seconds
[2023-12-27 15:48:26,748] {processor.py:153} INFO - Started process (PID=2325) to work on /opt/conda/lib/python3.8/site-packages/airflow/example_dags/example_skip_dag.py
[2023-12-27 15:48:26,748] {processor.py:641} INFO - Processing file /opt/conda/lib/python3.8/site-packages/airflow/example_dags/example_skip_dag.py for tasks to queue
[2023-12-27 15:48:26,749] {logging_mixin.py:115} INFO - [2023-12-27 15:48:26,749] {dagbag.py:508} INFO - Filling up the DagBag from /opt/conda/lib/python3.8/site-packages/airflow/example_dags/example_skip_dag.py
[2023-12-27 15:48:26,754] {processor.py:651} INFO - DAG(s) dict_keys(['example_skip_dag']) retrieved from /opt/conda/lib/python3.8/site-packages/airflow/example_dags/example_skip_dag.py
[2023-12-27 15:48:26,788] {logging_mixin.py:115} INFO - [2023-12-27 15:48:26,787] {dag.py:2420} INFO - Sync 1 DAGs
[2023-12-27 15:48:26,816] {logging_mixin.py:115} INFO - [2023-12-27 15:48:26,816] {dag.py:2968} INFO - Setting next_dagrun for example_skip_dag to 2023-12-26T15:48:26.816058+00:00, run_after=2023-12-27T15:48:26.816058+00:00
[2023-12-27 15:48:26,862] {processor.py:161} INFO - Processing /opt/conda/lib/python3.8/site-packages/airflow/example_dags/example_skip_dag.py took 0.118 seconds
[2023-12-27 17:01:49,559] {processor.py:153} INFO - Started process (PID=2952) to work on /opt/conda/lib/python3.8/site-packages/airflow/example_dags/example_skip_dag.py
[2023-12-27 17:01:49,559] {processor.py:641} INFO - Processing file /opt/conda/lib/python3.8/site-packages/airflow/example_dags/example_skip_dag.py for tasks to queue
[2023-12-27 17:01:49,560] {logging_mixin.py:115} INFO - [2023-12-27 17:01:49,560] {dagbag.py:508} INFO - Filling up the DagBag from /opt/conda/lib/python3.8/site-packages/airflow/example_dags/example_skip_dag.py
[2023-12-27 17:01:49,674] {processor.py:651} INFO - DAG(s) dict_keys(['example_skip_dag']) retrieved from /opt/conda/lib/python3.8/site-packages/airflow/example_dags/example_skip_dag.py
[2023-12-27 17:01:49,699] {logging_mixin.py:115} INFO - [2023-12-27 17:01:49,699] {dag.py:2420} INFO - Sync 1 DAGs
[2023-12-27 17:01:49,721] {logging_mixin.py:115} INFO - [2023-12-27 17:01:49,721] {dag.py:2968} INFO - Setting next_dagrun for example_skip_dag to 2023-12-26T17:01:49.720971+00:00, run_after=2023-12-27T17:01:49.720971+00:00
[2023-12-27 17:01:49,762] {processor.py:161} INFO - Processing /opt/conda/lib/python3.8/site-packages/airflow/example_dags/example_skip_dag.py took 0.206 seconds
[2023-12-27 17:04:09,679] {processor.py:153} INFO - Started process (PID=3298) to work on /opt/conda/lib/python3.8/site-packages/airflow/example_dags/example_skip_dag.py
[2023-12-27 17:04:09,680] {processor.py:641} INFO - Processing file /opt/conda/lib/python3.8/site-packages/airflow/example_dags/example_skip_dag.py for tasks to queue
[2023-12-27 17:04:09,680] {logging_mixin.py:115} INFO - [2023-12-27 17:04:09,680] {dagbag.py:508} INFO - Filling up the DagBag from /opt/conda/lib/python3.8/site-packages/airflow/example_dags/example_skip_dag.py
[2023-12-27 17:04:09,795] {processor.py:651} INFO - DAG(s) dict_keys(['example_skip_dag']) retrieved from /opt/conda/lib/python3.8/site-packages/airflow/example_dags/example_skip_dag.py
[2023-12-27 17:04:09,817] {logging_mixin.py:115} INFO - [2023-12-27 17:04:09,817] {dag.py:2420} INFO - Sync 1 DAGs
[2023-12-27 17:04:09,839] {logging_mixin.py:115} INFO - [2023-12-27 17:04:09,839] {dag.py:2968} INFO - Setting next_dagrun for example_skip_dag to 2023-12-26T17:04:09.839092+00:00, run_after=2023-12-27T17:04:09.839092+00:00
[2023-12-27 17:04:09,879] {processor.py:161} INFO - Processing /opt/conda/lib/python3.8/site-packages/airflow/example_dags/example_skip_dag.py took 0.203 seconds
[2023-12-27 17:05:25,321] {processor.py:153} INFO - Started process (PID=3439) to work on /opt/conda/lib/python3.8/site-packages/airflow/example_dags/example_skip_dag.py
[2023-12-27 17:05:25,321] {processor.py:641} INFO - Processing file /opt/conda/lib/python3.8/site-packages/airflow/example_dags/example_skip_dag.py for tasks to queue
[2023-12-27 17:05:25,322] {logging_mixin.py:115} INFO - [2023-12-27 17:05:25,321] {dagbag.py:508} INFO - Filling up the DagBag from /opt/conda/lib/python3.8/site-packages/airflow/example_dags/example_skip_dag.py
[2023-12-27 17:05:25,436] {processor.py:651} INFO - DAG(s) dict_keys(['example_skip_dag']) retrieved from /opt/conda/lib/python3.8/site-packages/airflow/example_dags/example_skip_dag.py
[2023-12-27 17:05:25,461] {logging_mixin.py:115} INFO - [2023-12-27 17:05:25,461] {dag.py:2420} INFO - Sync 1 DAGs
[2023-12-27 17:05:25,484] {logging_mixin.py:115} INFO - [2023-12-27 17:05:25,484] {dag.py:2968} INFO - Setting next_dagrun for example_skip_dag to 2023-12-26T17:05:25.484717+00:00, run_after=2023-12-27T17:05:25.484717+00:00
[2023-12-27 17:05:25,526] {processor.py:161} INFO - Processing /opt/conda/lib/python3.8/site-packages/airflow/example_dags/example_skip_dag.py took 0.209 seconds
[2023-12-27 17:06:36,611] {processor.py:153} INFO - Started process (PID=3571) to work on /opt/conda/lib/python3.8/site-packages/airflow/example_dags/example_skip_dag.py
[2023-12-27 17:06:36,611] {processor.py:641} INFO - Processing file /opt/conda/lib/python3.8/site-packages/airflow/example_dags/example_skip_dag.py for tasks to queue
[2023-12-27 17:06:36,612] {logging_mixin.py:115} INFO - [2023-12-27 17:06:36,611] {dagbag.py:508} INFO - Filling up the DagBag from /opt/conda/lib/python3.8/site-packages/airflow/example_dags/example_skip_dag.py
[2023-12-27 17:06:36,617] {processor.py:651} INFO - DAG(s) dict_keys(['example_skip_dag']) retrieved from /opt/conda/lib/python3.8/site-packages/airflow/example_dags/example_skip_dag.py
[2023-12-27 17:06:36,646] {logging_mixin.py:115} INFO - [2023-12-27 17:06:36,646] {dag.py:2420} INFO - Sync 1 DAGs
[2023-12-27 17:06:36,674] {logging_mixin.py:115} INFO - [2023-12-27 17:06:36,674] {dag.py:2968} INFO - Setting next_dagrun for example_skip_dag to 2023-12-26T17:06:36.674048+00:00, run_after=2023-12-27T17:06:36.674048+00:00
[2023-12-27 17:06:36,713] {processor.py:161} INFO - Processing /opt/conda/lib/python3.8/site-packages/airflow/example_dags/example_skip_dag.py took 0.105 seconds
[2023-12-27 17:07:39,700] {processor.py:153} INFO - Started process (PID=3698) to work on /opt/conda/lib/python3.8/site-packages/airflow/example_dags/example_skip_dag.py
[2023-12-27 17:07:39,701] {processor.py:641} INFO - Processing file /opt/conda/lib/python3.8/site-packages/airflow/example_dags/example_skip_dag.py for tasks to queue
[2023-12-27 17:07:39,701] {logging_mixin.py:115} INFO - [2023-12-27 17:07:39,701] {dagbag.py:508} INFO - Filling up the DagBag from /opt/conda/lib/python3.8/site-packages/airflow/example_dags/example_skip_dag.py
[2023-12-27 17:07:39,707] {processor.py:651} INFO - DAG(s) dict_keys(['example_skip_dag']) retrieved from /opt/conda/lib/python3.8/site-packages/airflow/example_dags/example_skip_dag.py
[2023-12-27 17:07:39,739] {logging_mixin.py:115} INFO - [2023-12-27 17:07:39,739] {dag.py:2420} INFO - Sync 1 DAGs
[2023-12-27 17:07:39,769] {logging_mixin.py:115} INFO - [2023-12-27 17:07:39,769] {dag.py:2968} INFO - Setting next_dagrun for example_skip_dag to 2023-12-26T17:07:39.768983+00:00, run_after=2023-12-27T17:07:39.768983+00:00
[2023-12-27 17:07:39,816] {processor.py:161} INFO - Processing /opt/conda/lib/python3.8/site-packages/airflow/example_dags/example_skip_dag.py took 0.119 seconds
[2023-12-27 17:08:45,345] {processor.py:153} INFO - Started process (PID=3817) to work on /opt/conda/lib/python3.8/site-packages/airflow/example_dags/example_skip_dag.py
[2023-12-27 17:08:45,345] {processor.py:641} INFO - Processing file /opt/conda/lib/python3.8/site-packages/airflow/example_dags/example_skip_dag.py for tasks to queue
[2023-12-27 17:08:45,346] {logging_mixin.py:115} INFO - [2023-12-27 17:08:45,346] {dagbag.py:508} INFO - Filling up the DagBag from /opt/conda/lib/python3.8/site-packages/airflow/example_dags/example_skip_dag.py
[2023-12-27 17:08:45,351] {processor.py:651} INFO - DAG(s) dict_keys(['example_skip_dag']) retrieved from /opt/conda/lib/python3.8/site-packages/airflow/example_dags/example_skip_dag.py
[2023-12-27 17:08:45,381] {logging_mixin.py:115} INFO - [2023-12-27 17:08:45,381] {dag.py:2420} INFO - Sync 1 DAGs
[2023-12-27 17:08:45,409] {logging_mixin.py:115} INFO - [2023-12-27 17:08:45,409] {dag.py:2968} INFO - Setting next_dagrun for example_skip_dag to 2023-12-26T17:08:45.409495+00:00, run_after=2023-12-27T17:08:45.409495+00:00
[2023-12-27 17:08:45,455] {processor.py:161} INFO - Processing /opt/conda/lib/python3.8/site-packages/airflow/example_dags/example_skip_dag.py took 0.113 seconds
[2023-12-27 17:09:49,729] {processor.py:153} INFO - Started process (PID=3931) to work on /opt/conda/lib/python3.8/site-packages/airflow/example_dags/example_skip_dag.py
[2023-12-27 17:09:49,730] {processor.py:641} INFO - Processing file /opt/conda/lib/python3.8/site-packages/airflow/example_dags/example_skip_dag.py for tasks to queue
[2023-12-27 17:09:49,730] {logging_mixin.py:115} INFO - [2023-12-27 17:09:49,730] {dagbag.py:508} INFO - Filling up the DagBag from /opt/conda/lib/python3.8/site-packages/airflow/example_dags/example_skip_dag.py
[2023-12-27 17:09:49,736] {processor.py:651} INFO - DAG(s) dict_keys(['example_skip_dag']) retrieved from /opt/conda/lib/python3.8/site-packages/airflow/example_dags/example_skip_dag.py
[2023-12-27 17:09:49,761] {logging_mixin.py:115} INFO - [2023-12-27 17:09:49,761] {dag.py:2420} INFO - Sync 1 DAGs
[2023-12-27 17:09:49,784] {logging_mixin.py:115} INFO - [2023-12-27 17:09:49,784] {dag.py:2968} INFO - Setting next_dagrun for example_skip_dag to 2023-12-26T17:09:49.784202+00:00, run_after=2023-12-27T17:09:49.784202+00:00
[2023-12-27 17:09:49,821] {processor.py:161} INFO - Processing /opt/conda/lib/python3.8/site-packages/airflow/example_dags/example_skip_dag.py took 0.094 seconds
[2023-12-27 17:10:51,551] {processor.py:153} INFO - Started process (PID=4044) to work on /opt/conda/lib/python3.8/site-packages/airflow/example_dags/example_skip_dag.py
[2023-12-27 17:10:51,552] {processor.py:641} INFO - Processing file /opt/conda/lib/python3.8/site-packages/airflow/example_dags/example_skip_dag.py for tasks to queue
[2023-12-27 17:10:51,552] {logging_mixin.py:115} INFO - [2023-12-27 17:10:51,552] {dagbag.py:508} INFO - Filling up the DagBag from /opt/conda/lib/python3.8/site-packages/airflow/example_dags/example_skip_dag.py
[2023-12-27 17:10:51,558] {processor.py:651} INFO - DAG(s) dict_keys(['example_skip_dag']) retrieved from /opt/conda/lib/python3.8/site-packages/airflow/example_dags/example_skip_dag.py
[2023-12-27 17:10:51,591] {logging_mixin.py:115} INFO - [2023-12-27 17:10:51,591] {dag.py:2420} INFO - Sync 1 DAGs
[2023-12-27 17:10:51,623] {logging_mixin.py:115} INFO - [2023-12-27 17:10:51,623] {dag.py:2968} INFO - Setting next_dagrun for example_skip_dag to 2023-12-26T17:10:51.622894+00:00, run_after=2023-12-27T17:10:51.622894+00:00
[2023-12-27 17:10:51,668] {processor.py:161} INFO - Processing /opt/conda/lib/python3.8/site-packages/airflow/example_dags/example_skip_dag.py took 0.120 seconds
[2023-12-27 17:12:00,295] {processor.py:153} INFO - Started process (PID=4168) to work on /opt/conda/lib/python3.8/site-packages/airflow/example_dags/example_skip_dag.py
[2023-12-27 17:12:00,296] {processor.py:641} INFO - Processing file /opt/conda/lib/python3.8/site-packages/airflow/example_dags/example_skip_dag.py for tasks to queue
[2023-12-27 17:12:00,296] {logging_mixin.py:115} INFO - [2023-12-27 17:12:00,296] {dagbag.py:508} INFO - Filling up the DagBag from /opt/conda/lib/python3.8/site-packages/airflow/example_dags/example_skip_dag.py
[2023-12-27 17:12:00,302] {processor.py:651} INFO - DAG(s) dict_keys(['example_skip_dag']) retrieved from /opt/conda/lib/python3.8/site-packages/airflow/example_dags/example_skip_dag.py
[2023-12-27 17:12:00,336] {logging_mixin.py:115} INFO - [2023-12-27 17:12:00,336] {dag.py:2420} INFO - Sync 1 DAGs
[2023-12-27 17:12:00,368] {logging_mixin.py:115} INFO - [2023-12-27 17:12:00,368] {dag.py:2968} INFO - Setting next_dagrun for example_skip_dag to 2023-12-26T17:12:00.368360+00:00, run_after=2023-12-27T17:12:00.368360+00:00
[2023-12-27 17:12:00,415] {processor.py:161} INFO - Processing /opt/conda/lib/python3.8/site-packages/airflow/example_dags/example_skip_dag.py took 0.124 seconds
[2023-12-27 17:15:34,866] {processor.py:153} INFO - Started process (PID=4411) to work on /opt/conda/lib/python3.8/site-packages/airflow/example_dags/example_skip_dag.py
[2023-12-27 17:15:34,866] {processor.py:641} INFO - Processing file /opt/conda/lib/python3.8/site-packages/airflow/example_dags/example_skip_dag.py for tasks to queue
[2023-12-27 17:15:34,867] {logging_mixin.py:115} INFO - [2023-12-27 17:15:34,867] {dagbag.py:508} INFO - Filling up the DagBag from /opt/conda/lib/python3.8/site-packages/airflow/example_dags/example_skip_dag.py
[2023-12-27 17:15:34,983] {processor.py:651} INFO - DAG(s) dict_keys(['example_skip_dag']) retrieved from /opt/conda/lib/python3.8/site-packages/airflow/example_dags/example_skip_dag.py
[2023-12-27 17:15:35,005] {logging_mixin.py:115} INFO - [2023-12-27 17:15:35,005] {dag.py:2420} INFO - Sync 1 DAGs
[2023-12-27 17:15:35,026] {logging_mixin.py:115} INFO - [2023-12-27 17:15:35,026] {dag.py:2968} INFO - Setting next_dagrun for example_skip_dag to 2023-12-26T17:15:35.026194+00:00, run_after=2023-12-27T17:15:35.026194+00:00
[2023-12-27 17:15:35,079] {processor.py:161} INFO - Processing /opt/conda/lib/python3.8/site-packages/airflow/example_dags/example_skip_dag.py took 0.216 seconds
[2023-12-27 17:17:07,592] {processor.py:153} INFO - Started process (PID=4642) to work on /opt/conda/lib/python3.8/site-packages/airflow/example_dags/example_skip_dag.py
[2023-12-27 17:17:07,593] {processor.py:641} INFO - Processing file /opt/conda/lib/python3.8/site-packages/airflow/example_dags/example_skip_dag.py for tasks to queue
[2023-12-27 17:17:07,593] {logging_mixin.py:115} INFO - [2023-12-27 17:17:07,593] {dagbag.py:508} INFO - Filling up the DagBag from /opt/conda/lib/python3.8/site-packages/airflow/example_dags/example_skip_dag.py
[2023-12-27 17:17:07,707] {processor.py:651} INFO - DAG(s) dict_keys(['example_skip_dag']) retrieved from /opt/conda/lib/python3.8/site-packages/airflow/example_dags/example_skip_dag.py
[2023-12-27 17:17:07,730] {logging_mixin.py:115} INFO - [2023-12-27 17:17:07,730] {dag.py:2420} INFO - Sync 1 DAGs
[2023-12-27 17:17:07,753] {logging_mixin.py:115} INFO - [2023-12-27 17:17:07,753] {dag.py:2968} INFO - Setting next_dagrun for example_skip_dag to 2023-12-26T17:17:07.753192+00:00, run_after=2023-12-27T17:17:07.753192+00:00
[2023-12-27 17:17:07,794] {processor.py:161} INFO - Processing /opt/conda/lib/python3.8/site-packages/airflow/example_dags/example_skip_dag.py took 0.205 seconds
[2023-12-27 17:18:45,066] {processor.py:153} INFO - Started process (PID=4887) to work on /opt/conda/lib/python3.8/site-packages/airflow/example_dags/example_skip_dag.py
[2023-12-27 17:18:45,066] {processor.py:641} INFO - Processing file /opt/conda/lib/python3.8/site-packages/airflow/example_dags/example_skip_dag.py for tasks to queue
[2023-12-27 17:18:45,067] {logging_mixin.py:115} INFO - [2023-12-27 17:18:45,066] {dagbag.py:508} INFO - Filling up the DagBag from /opt/conda/lib/python3.8/site-packages/airflow/example_dags/example_skip_dag.py
[2023-12-27 17:18:45,171] {processor.py:651} INFO - DAG(s) dict_keys(['example_skip_dag']) retrieved from /opt/conda/lib/python3.8/site-packages/airflow/example_dags/example_skip_dag.py
[2023-12-27 17:18:45,192] {logging_mixin.py:115} INFO - [2023-12-27 17:18:45,192] {dag.py:2420} INFO - Sync 1 DAGs
[2023-12-27 17:18:45,214] {logging_mixin.py:115} INFO - [2023-12-27 17:18:45,214] {dag.py:2968} INFO - Setting next_dagrun for example_skip_dag to 2023-12-26T17:18:45.214253+00:00, run_after=2023-12-27T17:18:45.214253+00:00
[2023-12-27 17:18:45,256] {processor.py:161} INFO - Processing /opt/conda/lib/python3.8/site-packages/airflow/example_dags/example_skip_dag.py took 0.193 seconds
[2023-12-27 17:19:57,107] {processor.py:153} INFO - Started process (PID=5014) to work on /opt/conda/lib/python3.8/site-packages/airflow/example_dags/example_skip_dag.py
[2023-12-27 17:19:57,107] {processor.py:641} INFO - Processing file /opt/conda/lib/python3.8/site-packages/airflow/example_dags/example_skip_dag.py for tasks to queue
[2023-12-27 17:19:57,108] {logging_mixin.py:115} INFO - [2023-12-27 17:19:57,108] {dagbag.py:508} INFO - Filling up the DagBag from /opt/conda/lib/python3.8/site-packages/airflow/example_dags/example_skip_dag.py
[2023-12-27 17:19:57,113] {processor.py:651} INFO - DAG(s) dict_keys(['example_skip_dag']) retrieved from /opt/conda/lib/python3.8/site-packages/airflow/example_dags/example_skip_dag.py
[2023-12-27 17:19:57,143] {logging_mixin.py:115} INFO - [2023-12-27 17:19:57,143] {dag.py:2420} INFO - Sync 1 DAGs
[2023-12-27 17:19:57,172] {logging_mixin.py:115} INFO - [2023-12-27 17:19:57,171] {dag.py:2968} INFO - Setting next_dagrun for example_skip_dag to 2023-12-26T17:19:57.171659+00:00, run_after=2023-12-27T17:19:57.171659+00:00
[2023-12-27 17:19:57,215] {processor.py:161} INFO - Processing /opt/conda/lib/python3.8/site-packages/airflow/example_dags/example_skip_dag.py took 0.111 seconds
[2023-12-27 17:21:03,401] {processor.py:153} INFO - Started process (PID=5152) to work on /opt/conda/lib/python3.8/site-packages/airflow/example_dags/example_skip_dag.py
[2023-12-27 17:21:03,401] {processor.py:641} INFO - Processing file /opt/conda/lib/python3.8/site-packages/airflow/example_dags/example_skip_dag.py for tasks to queue
[2023-12-27 17:21:03,402] {logging_mixin.py:115} INFO - [2023-12-27 17:21:03,402] {dagbag.py:508} INFO - Filling up the DagBag from /opt/conda/lib/python3.8/site-packages/airflow/example_dags/example_skip_dag.py
[2023-12-27 17:21:03,408] {processor.py:651} INFO - DAG(s) dict_keys(['example_skip_dag']) retrieved from /opt/conda/lib/python3.8/site-packages/airflow/example_dags/example_skip_dag.py
[2023-12-27 17:21:03,441] {logging_mixin.py:115} INFO - [2023-12-27 17:21:03,441] {dag.py:2420} INFO - Sync 1 DAGs
[2023-12-27 17:21:03,471] {logging_mixin.py:115} INFO - [2023-12-27 17:21:03,471] {dag.py:2968} INFO - Setting next_dagrun for example_skip_dag to 2023-12-26T17:21:03.470736+00:00, run_after=2023-12-27T17:21:03.470736+00:00
[2023-12-27 17:21:03,518] {processor.py:161} INFO - Processing /opt/conda/lib/python3.8/site-packages/airflow/example_dags/example_skip_dag.py took 0.120 seconds
