[2023-12-27 07:13:15,477] {processor.py:153} INFO - Started process (PID=1385) to work on /opt/conda/lib/python3.8/site-packages/airflow/example_dags/example_time_delta_sensor_async.py
[2023-12-27 07:13:15,478] {processor.py:641} INFO - Processing file /opt/conda/lib/python3.8/site-packages/airflow/example_dags/example_time_delta_sensor_async.py for tasks to queue
[2023-12-27 07:13:15,478] {logging_mixin.py:115} INFO - [2023-12-27 07:13:15,478] {dagbag.py:508} INFO - Filling up the DagBag from /opt/conda/lib/python3.8/site-packages/airflow/example_dags/example_time_delta_sensor_async.py
[2023-12-27 07:13:15,483] {processor.py:651} INFO - DAG(s) dict_keys(['example_time_delta_sensor_async']) retrieved from /opt/conda/lib/python3.8/site-packages/airflow/example_dags/example_time_delta_sensor_async.py
[2023-12-27 07:13:15,621] {logging_mixin.py:115} INFO - [2023-12-27 07:13:15,621] {dag.py:2420} INFO - Sync 1 DAGs
[2023-12-27 07:13:15,643] {logging_mixin.py:115} INFO - [2023-12-27 07:13:15,643] {dag.py:2968} INFO - Setting next_dagrun for example_time_delta_sensor_async to None, run_after=None
[2023-12-27 07:13:15,681] {processor.py:161} INFO - Processing /opt/conda/lib/python3.8/site-packages/airflow/example_dags/example_time_delta_sensor_async.py took 0.206 seconds
[2023-12-27 15:36:13,004] {processor.py:153} INFO - Started process (PID=1095) to work on /opt/conda/lib/python3.8/site-packages/airflow/example_dags/example_time_delta_sensor_async.py
[2023-12-27 15:36:13,005] {processor.py:641} INFO - Processing file /opt/conda/lib/python3.8/site-packages/airflow/example_dags/example_time_delta_sensor_async.py for tasks to queue
[2023-12-27 15:36:13,005] {logging_mixin.py:115} INFO - [2023-12-27 15:36:13,005] {dagbag.py:508} INFO - Filling up the DagBag from /opt/conda/lib/python3.8/site-packages/airflow/example_dags/example_time_delta_sensor_async.py
[2023-12-27 15:36:13,011] {processor.py:651} INFO - DAG(s) dict_keys(['example_time_delta_sensor_async']) retrieved from /opt/conda/lib/python3.8/site-packages/airflow/example_dags/example_time_delta_sensor_async.py
[2023-12-27 15:36:13,161] {logging_mixin.py:115} INFO - [2023-12-27 15:36:13,161] {dag.py:2420} INFO - Sync 1 DAGs
[2023-12-27 15:36:13,183] {logging_mixin.py:115} INFO - [2023-12-27 15:36:13,183] {dag.py:2968} INFO - Setting next_dagrun for example_time_delta_sensor_async to None, run_after=None
[2023-12-27 15:36:13,225] {processor.py:161} INFO - Processing /opt/conda/lib/python3.8/site-packages/airflow/example_dags/example_time_delta_sensor_async.py took 0.224 seconds
[2023-12-27 15:37:11,429] {processor.py:153} INFO - Started process (PID=1192) to work on /opt/conda/lib/python3.8/site-packages/airflow/example_dags/example_time_delta_sensor_async.py
[2023-12-27 15:37:11,429] {processor.py:641} INFO - Processing file /opt/conda/lib/python3.8/site-packages/airflow/example_dags/example_time_delta_sensor_async.py for tasks to queue
[2023-12-27 15:37:11,430] {logging_mixin.py:115} INFO - [2023-12-27 15:37:11,430] {dagbag.py:508} INFO - Filling up the DagBag from /opt/conda/lib/python3.8/site-packages/airflow/example_dags/example_time_delta_sensor_async.py
[2023-12-27 15:37:11,436] {processor.py:651} INFO - DAG(s) dict_keys(['example_time_delta_sensor_async']) retrieved from /opt/conda/lib/python3.8/site-packages/airflow/example_dags/example_time_delta_sensor_async.py
[2023-12-27 15:37:11,584] {logging_mixin.py:115} INFO - [2023-12-27 15:37:11,583] {dag.py:2420} INFO - Sync 1 DAGs
[2023-12-27 15:37:11,605] {logging_mixin.py:115} INFO - [2023-12-27 15:37:11,605] {dag.py:2968} INFO - Setting next_dagrun for example_time_delta_sensor_async to None, run_after=None
[2023-12-27 15:37:11,645] {processor.py:161} INFO - Processing /opt/conda/lib/python3.8/site-packages/airflow/example_dags/example_time_delta_sensor_async.py took 0.219 seconds
[2023-12-27 15:38:08,194] {processor.py:153} INFO - Started process (PID=1305) to work on /opt/conda/lib/python3.8/site-packages/airflow/example_dags/example_time_delta_sensor_async.py
[2023-12-27 15:38:08,194] {processor.py:641} INFO - Processing file /opt/conda/lib/python3.8/site-packages/airflow/example_dags/example_time_delta_sensor_async.py for tasks to queue
[2023-12-27 15:38:08,195] {logging_mixin.py:115} INFO - [2023-12-27 15:38:08,195] {dagbag.py:508} INFO - Filling up the DagBag from /opt/conda/lib/python3.8/site-packages/airflow/example_dags/example_time_delta_sensor_async.py
[2023-12-27 15:38:08,200] {processor.py:651} INFO - DAG(s) dict_keys(['example_time_delta_sensor_async']) retrieved from /opt/conda/lib/python3.8/site-packages/airflow/example_dags/example_time_delta_sensor_async.py
[2023-12-27 15:38:08,348] {logging_mixin.py:115} INFO - [2023-12-27 15:38:08,348] {dag.py:2420} INFO - Sync 1 DAGs
[2023-12-27 15:38:08,370] {logging_mixin.py:115} INFO - [2023-12-27 15:38:08,370] {dag.py:2968} INFO - Setting next_dagrun for example_time_delta_sensor_async to None, run_after=None
[2023-12-27 15:38:08,412] {processor.py:161} INFO - Processing /opt/conda/lib/python3.8/site-packages/airflow/example_dags/example_time_delta_sensor_async.py took 0.221 seconds
[2023-12-27 15:39:04,993] {processor.py:153} INFO - Started process (PID=1380) to work on /opt/conda/lib/python3.8/site-packages/airflow/example_dags/example_time_delta_sensor_async.py
[2023-12-27 15:39:04,993] {processor.py:641} INFO - Processing file /opt/conda/lib/python3.8/site-packages/airflow/example_dags/example_time_delta_sensor_async.py for tasks to queue
[2023-12-27 15:39:04,994] {logging_mixin.py:115} INFO - [2023-12-27 15:39:04,993] {dagbag.py:508} INFO - Filling up the DagBag from /opt/conda/lib/python3.8/site-packages/airflow/example_dags/example_time_delta_sensor_async.py
[2023-12-27 15:39:04,999] {processor.py:651} INFO - DAG(s) dict_keys(['example_time_delta_sensor_async']) retrieved from /opt/conda/lib/python3.8/site-packages/airflow/example_dags/example_time_delta_sensor_async.py
[2023-12-27 15:39:05,146] {logging_mixin.py:115} INFO - [2023-12-27 15:39:05,146] {dag.py:2420} INFO - Sync 1 DAGs
[2023-12-27 15:39:05,169] {logging_mixin.py:115} INFO - [2023-12-27 15:39:05,169] {dag.py:2968} INFO - Setting next_dagrun for example_time_delta_sensor_async to None, run_after=None
[2023-12-27 15:39:05,212] {processor.py:161} INFO - Processing /opt/conda/lib/python3.8/site-packages/airflow/example_dags/example_time_delta_sensor_async.py took 0.223 seconds
[2023-12-27 15:40:02,064] {processor.py:153} INFO - Started process (PID=1537) to work on /opt/conda/lib/python3.8/site-packages/airflow/example_dags/example_time_delta_sensor_async.py
[2023-12-27 15:40:02,064] {processor.py:641} INFO - Processing file /opt/conda/lib/python3.8/site-packages/airflow/example_dags/example_time_delta_sensor_async.py for tasks to queue
[2023-12-27 15:40:02,065] {logging_mixin.py:115} INFO - [2023-12-27 15:40:02,065] {dagbag.py:508} INFO - Filling up the DagBag from /opt/conda/lib/python3.8/site-packages/airflow/example_dags/example_time_delta_sensor_async.py
[2023-12-27 15:40:02,070] {processor.py:651} INFO - DAG(s) dict_keys(['example_time_delta_sensor_async']) retrieved from /opt/conda/lib/python3.8/site-packages/airflow/example_dags/example_time_delta_sensor_async.py
[2023-12-27 15:40:02,219] {logging_mixin.py:115} INFO - [2023-12-27 15:40:02,219] {dag.py:2420} INFO - Sync 1 DAGs
[2023-12-27 15:40:02,241] {logging_mixin.py:115} INFO - [2023-12-27 15:40:02,241] {dag.py:2968} INFO - Setting next_dagrun for example_time_delta_sensor_async to None, run_after=None
[2023-12-27 15:40:02,284] {processor.py:161} INFO - Processing /opt/conda/lib/python3.8/site-packages/airflow/example_dags/example_time_delta_sensor_async.py took 0.223 seconds
[2023-12-27 15:41:38,912] {processor.py:153} INFO - Started process (PID=1719) to work on /opt/conda/lib/python3.8/site-packages/airflow/example_dags/example_time_delta_sensor_async.py
[2023-12-27 15:41:38,913] {processor.py:641} INFO - Processing file /opt/conda/lib/python3.8/site-packages/airflow/example_dags/example_time_delta_sensor_async.py for tasks to queue
[2023-12-27 15:41:38,913] {logging_mixin.py:115} INFO - [2023-12-27 15:41:38,913] {dagbag.py:508} INFO - Filling up the DagBag from /opt/conda/lib/python3.8/site-packages/airflow/example_dags/example_time_delta_sensor_async.py
[2023-12-27 15:41:38,919] {processor.py:651} INFO - DAG(s) dict_keys(['example_time_delta_sensor_async']) retrieved from /opt/conda/lib/python3.8/site-packages/airflow/example_dags/example_time_delta_sensor_async.py
[2023-12-27 15:41:38,965] {logging_mixin.py:115} INFO - [2023-12-27 15:41:38,965] {dag.py:2420} INFO - Sync 1 DAGs
[2023-12-27 15:41:38,992] {logging_mixin.py:115} INFO - [2023-12-27 15:41:38,992] {dag.py:2968} INFO - Setting next_dagrun for example_time_delta_sensor_async to None, run_after=None
[2023-12-27 15:41:39,035] {processor.py:161} INFO - Processing /opt/conda/lib/python3.8/site-packages/airflow/example_dags/example_time_delta_sensor_async.py took 0.126 seconds
[2023-12-27 15:42:31,746] {processor.py:153} INFO - Started process (PID=1793) to work on /opt/conda/lib/python3.8/site-packages/airflow/example_dags/example_time_delta_sensor_async.py
[2023-12-27 15:42:31,746] {processor.py:641} INFO - Processing file /opt/conda/lib/python3.8/site-packages/airflow/example_dags/example_time_delta_sensor_async.py for tasks to queue
[2023-12-27 15:42:31,747] {logging_mixin.py:115} INFO - [2023-12-27 15:42:31,747] {dagbag.py:508} INFO - Filling up the DagBag from /opt/conda/lib/python3.8/site-packages/airflow/example_dags/example_time_delta_sensor_async.py
[2023-12-27 15:42:31,752] {processor.py:651} INFO - DAG(s) dict_keys(['example_time_delta_sensor_async']) retrieved from /opt/conda/lib/python3.8/site-packages/airflow/example_dags/example_time_delta_sensor_async.py
[2023-12-27 15:42:31,798] {logging_mixin.py:115} INFO - [2023-12-27 15:42:31,798] {dag.py:2420} INFO - Sync 1 DAGs
[2023-12-27 15:42:31,825] {logging_mixin.py:115} INFO - [2023-12-27 15:42:31,825] {dag.py:2968} INFO - Setting next_dagrun for example_time_delta_sensor_async to None, run_after=None
[2023-12-27 15:42:31,868] {processor.py:161} INFO - Processing /opt/conda/lib/python3.8/site-packages/airflow/example_dags/example_time_delta_sensor_async.py took 0.125 seconds
[2023-12-27 15:43:43,421] {processor.py:153} INFO - Started process (PID=1911) to work on /opt/conda/lib/python3.8/site-packages/airflow/example_dags/example_time_delta_sensor_async.py
[2023-12-27 15:43:43,422] {processor.py:641} INFO - Processing file /opt/conda/lib/python3.8/site-packages/airflow/example_dags/example_time_delta_sensor_async.py for tasks to queue
[2023-12-27 15:43:43,422] {logging_mixin.py:115} INFO - [2023-12-27 15:43:43,422] {dagbag.py:508} INFO - Filling up the DagBag from /opt/conda/lib/python3.8/site-packages/airflow/example_dags/example_time_delta_sensor_async.py
[2023-12-27 15:43:43,428] {processor.py:651} INFO - DAG(s) dict_keys(['example_time_delta_sensor_async']) retrieved from /opt/conda/lib/python3.8/site-packages/airflow/example_dags/example_time_delta_sensor_async.py
[2023-12-27 15:43:43,473] {logging_mixin.py:115} INFO - [2023-12-27 15:43:43,473] {dag.py:2420} INFO - Sync 1 DAGs
[2023-12-27 15:43:43,502] {logging_mixin.py:115} INFO - [2023-12-27 15:43:43,501] {dag.py:2968} INFO - Setting next_dagrun for example_time_delta_sensor_async to None, run_after=None
[2023-12-27 15:43:43,544] {processor.py:161} INFO - Processing /opt/conda/lib/python3.8/site-packages/airflow/example_dags/example_time_delta_sensor_async.py took 0.126 seconds
[2023-12-27 15:44:34,218] {processor.py:153} INFO - Started process (PID=1983) to work on /opt/conda/lib/python3.8/site-packages/airflow/example_dags/example_time_delta_sensor_async.py
[2023-12-27 15:44:34,218] {processor.py:641} INFO - Processing file /opt/conda/lib/python3.8/site-packages/airflow/example_dags/example_time_delta_sensor_async.py for tasks to queue
[2023-12-27 15:44:34,219] {logging_mixin.py:115} INFO - [2023-12-27 15:44:34,219] {dagbag.py:508} INFO - Filling up the DagBag from /opt/conda/lib/python3.8/site-packages/airflow/example_dags/example_time_delta_sensor_async.py
[2023-12-27 15:44:34,224] {processor.py:651} INFO - DAG(s) dict_keys(['example_time_delta_sensor_async']) retrieved from /opt/conda/lib/python3.8/site-packages/airflow/example_dags/example_time_delta_sensor_async.py
[2023-12-27 15:44:34,271] {logging_mixin.py:115} INFO - [2023-12-27 15:44:34,271] {dag.py:2420} INFO - Sync 1 DAGs
[2023-12-27 15:44:34,298] {logging_mixin.py:115} INFO - [2023-12-27 15:44:34,298] {dag.py:2968} INFO - Setting next_dagrun for example_time_delta_sensor_async to None, run_after=None
[2023-12-27 15:44:34,343] {processor.py:161} INFO - Processing /opt/conda/lib/python3.8/site-packages/airflow/example_dags/example_time_delta_sensor_async.py took 0.128 seconds
[2023-12-27 15:45:48,151] {processor.py:153} INFO - Started process (PID=2073) to work on /opt/conda/lib/python3.8/site-packages/airflow/example_dags/example_time_delta_sensor_async.py
[2023-12-27 15:45:48,151] {processor.py:641} INFO - Processing file /opt/conda/lib/python3.8/site-packages/airflow/example_dags/example_time_delta_sensor_async.py for tasks to queue
[2023-12-27 15:45:48,152] {logging_mixin.py:115} INFO - [2023-12-27 15:45:48,152] {dagbag.py:508} INFO - Filling up the DagBag from /opt/conda/lib/python3.8/site-packages/airflow/example_dags/example_time_delta_sensor_async.py
[2023-12-27 15:45:48,157] {processor.py:651} INFO - DAG(s) dict_keys(['example_time_delta_sensor_async']) retrieved from /opt/conda/lib/python3.8/site-packages/airflow/example_dags/example_time_delta_sensor_async.py
[2023-12-27 15:45:48,205] {logging_mixin.py:115} INFO - [2023-12-27 15:45:48,205] {dag.py:2420} INFO - Sync 1 DAGs
[2023-12-27 15:45:48,233] {logging_mixin.py:115} INFO - [2023-12-27 15:45:48,233] {dag.py:2968} INFO - Setting next_dagrun for example_time_delta_sensor_async to None, run_after=None
[2023-12-27 15:45:48,279] {processor.py:161} INFO - Processing /opt/conda/lib/python3.8/site-packages/airflow/example_dags/example_time_delta_sensor_async.py took 0.131 seconds
[2023-12-27 15:46:56,384] {processor.py:153} INFO - Started process (PID=2190) to work on /opt/conda/lib/python3.8/site-packages/airflow/example_dags/example_time_delta_sensor_async.py
[2023-12-27 15:46:56,384] {processor.py:641} INFO - Processing file /opt/conda/lib/python3.8/site-packages/airflow/example_dags/example_time_delta_sensor_async.py for tasks to queue
[2023-12-27 15:46:56,385] {logging_mixin.py:115} INFO - [2023-12-27 15:46:56,385] {dagbag.py:508} INFO - Filling up the DagBag from /opt/conda/lib/python3.8/site-packages/airflow/example_dags/example_time_delta_sensor_async.py
[2023-12-27 15:46:56,390] {processor.py:651} INFO - DAG(s) dict_keys(['example_time_delta_sensor_async']) retrieved from /opt/conda/lib/python3.8/site-packages/airflow/example_dags/example_time_delta_sensor_async.py
[2023-12-27 15:46:56,439] {logging_mixin.py:115} INFO - [2023-12-27 15:46:56,439] {dag.py:2420} INFO - Sync 1 DAGs
[2023-12-27 15:46:56,465] {logging_mixin.py:115} INFO - [2023-12-27 15:46:56,465] {dag.py:2968} INFO - Setting next_dagrun for example_time_delta_sensor_async to None, run_after=None
[2023-12-27 15:46:56,506] {processor.py:161} INFO - Processing /opt/conda/lib/python3.8/site-packages/airflow/example_dags/example_time_delta_sensor_async.py took 0.125 seconds
[2023-12-27 15:48:07,243] {processor.py:153} INFO - Started process (PID=2279) to work on /opt/conda/lib/python3.8/site-packages/airflow/example_dags/example_time_delta_sensor_async.py
[2023-12-27 15:48:07,244] {processor.py:641} INFO - Processing file /opt/conda/lib/python3.8/site-packages/airflow/example_dags/example_time_delta_sensor_async.py for tasks to queue
[2023-12-27 15:48:07,244] {logging_mixin.py:115} INFO - [2023-12-27 15:48:07,244] {dagbag.py:508} INFO - Filling up the DagBag from /opt/conda/lib/python3.8/site-packages/airflow/example_dags/example_time_delta_sensor_async.py
[2023-12-27 15:48:07,250] {processor.py:651} INFO - DAG(s) dict_keys(['example_time_delta_sensor_async']) retrieved from /opt/conda/lib/python3.8/site-packages/airflow/example_dags/example_time_delta_sensor_async.py
[2023-12-27 15:48:07,299] {logging_mixin.py:115} INFO - [2023-12-27 15:48:07,299] {dag.py:2420} INFO - Sync 1 DAGs
[2023-12-27 15:48:07,327] {logging_mixin.py:115} INFO - [2023-12-27 15:48:07,327] {dag.py:2968} INFO - Setting next_dagrun for example_time_delta_sensor_async to None, run_after=None
[2023-12-27 15:48:07,373] {processor.py:161} INFO - Processing /opt/conda/lib/python3.8/site-packages/airflow/example_dags/example_time_delta_sensor_async.py took 0.133 seconds
[2023-12-27 17:01:56,427] {processor.py:153} INFO - Started process (PID=2957) to work on /opt/conda/lib/python3.8/site-packages/airflow/example_dags/example_time_delta_sensor_async.py
[2023-12-27 17:01:56,428] {processor.py:641} INFO - Processing file /opt/conda/lib/python3.8/site-packages/airflow/example_dags/example_time_delta_sensor_async.py for tasks to queue
[2023-12-27 17:01:56,428] {logging_mixin.py:115} INFO - [2023-12-27 17:01:56,428] {dagbag.py:508} INFO - Filling up the DagBag from /opt/conda/lib/python3.8/site-packages/airflow/example_dags/example_time_delta_sensor_async.py
[2023-12-27 17:01:56,542] {processor.py:651} INFO - DAG(s) dict_keys(['example_time_delta_sensor_async']) retrieved from /opt/conda/lib/python3.8/site-packages/airflow/example_dags/example_time_delta_sensor_async.py
[2023-12-27 17:01:56,577] {logging_mixin.py:115} INFO - [2023-12-27 17:01:56,577] {dag.py:2420} INFO - Sync 1 DAGs
[2023-12-27 17:01:56,599] {logging_mixin.py:115} INFO - [2023-12-27 17:01:56,599] {dag.py:2968} INFO - Setting next_dagrun for example_time_delta_sensor_async to None, run_after=None
[2023-12-27 17:01:56,639] {processor.py:161} INFO - Processing /opt/conda/lib/python3.8/site-packages/airflow/example_dags/example_time_delta_sensor_async.py took 0.215 seconds
[2023-12-27 17:04:16,475] {processor.py:153} INFO - Started process (PID=3303) to work on /opt/conda/lib/python3.8/site-packages/airflow/example_dags/example_time_delta_sensor_async.py
[2023-12-27 17:04:16,475] {processor.py:641} INFO - Processing file /opt/conda/lib/python3.8/site-packages/airflow/example_dags/example_time_delta_sensor_async.py for tasks to queue
[2023-12-27 17:04:16,476] {logging_mixin.py:115} INFO - [2023-12-27 17:04:16,476] {dagbag.py:508} INFO - Filling up the DagBag from /opt/conda/lib/python3.8/site-packages/airflow/example_dags/example_time_delta_sensor_async.py
[2023-12-27 17:04:16,585] {processor.py:651} INFO - DAG(s) dict_keys(['example_time_delta_sensor_async']) retrieved from /opt/conda/lib/python3.8/site-packages/airflow/example_dags/example_time_delta_sensor_async.py
[2023-12-27 17:04:16,619] {logging_mixin.py:115} INFO - [2023-12-27 17:04:16,619] {dag.py:2420} INFO - Sync 1 DAGs
[2023-12-27 17:04:16,640] {logging_mixin.py:115} INFO - [2023-12-27 17:04:16,640] {dag.py:2968} INFO - Setting next_dagrun for example_time_delta_sensor_async to None, run_after=None
[2023-12-27 17:04:16,685] {processor.py:161} INFO - Processing /opt/conda/lib/python3.8/site-packages/airflow/example_dags/example_time_delta_sensor_async.py took 0.213 seconds
[2023-12-27 17:05:31,355] {processor.py:153} INFO - Started process (PID=3444) to work on /opt/conda/lib/python3.8/site-packages/airflow/example_dags/example_time_delta_sensor_async.py
[2023-12-27 17:05:31,355] {processor.py:641} INFO - Processing file /opt/conda/lib/python3.8/site-packages/airflow/example_dags/example_time_delta_sensor_async.py for tasks to queue
[2023-12-27 17:05:31,356] {logging_mixin.py:115} INFO - [2023-12-27 17:05:31,356] {dagbag.py:508} INFO - Filling up the DagBag from /opt/conda/lib/python3.8/site-packages/airflow/example_dags/example_time_delta_sensor_async.py
[2023-12-27 17:05:31,479] {processor.py:651} INFO - DAG(s) dict_keys(['example_time_delta_sensor_async']) retrieved from /opt/conda/lib/python3.8/site-packages/airflow/example_dags/example_time_delta_sensor_async.py
[2023-12-27 17:05:31,512] {logging_mixin.py:115} INFO - [2023-12-27 17:05:31,512] {dag.py:2420} INFO - Sync 1 DAGs
[2023-12-27 17:05:31,534] {logging_mixin.py:115} INFO - [2023-12-27 17:05:31,534] {dag.py:2968} INFO - Setting next_dagrun for example_time_delta_sensor_async to None, run_after=None
[2023-12-27 17:05:31,573] {processor.py:161} INFO - Processing /opt/conda/lib/python3.8/site-packages/airflow/example_dags/example_time_delta_sensor_async.py took 0.221 seconds
[2023-12-27 17:06:42,521] {processor.py:153} INFO - Started process (PID=3576) to work on /opt/conda/lib/python3.8/site-packages/airflow/example_dags/example_time_delta_sensor_async.py
[2023-12-27 17:06:42,522] {processor.py:641} INFO - Processing file /opt/conda/lib/python3.8/site-packages/airflow/example_dags/example_time_delta_sensor_async.py for tasks to queue
[2023-12-27 17:06:42,522] {logging_mixin.py:115} INFO - [2023-12-27 17:06:42,522] {dagbag.py:508} INFO - Filling up the DagBag from /opt/conda/lib/python3.8/site-packages/airflow/example_dags/example_time_delta_sensor_async.py
[2023-12-27 17:06:42,528] {processor.py:651} INFO - DAG(s) dict_keys(['example_time_delta_sensor_async']) retrieved from /opt/conda/lib/python3.8/site-packages/airflow/example_dags/example_time_delta_sensor_async.py
[2023-12-27 17:06:42,573] {logging_mixin.py:115} INFO - [2023-12-27 17:06:42,573] {dag.py:2420} INFO - Sync 1 DAGs
[2023-12-27 17:06:42,599] {logging_mixin.py:115} INFO - [2023-12-27 17:06:42,599] {dag.py:2968} INFO - Setting next_dagrun for example_time_delta_sensor_async to None, run_after=None
[2023-12-27 17:06:42,640] {processor.py:161} INFO - Processing /opt/conda/lib/python3.8/site-packages/airflow/example_dags/example_time_delta_sensor_async.py took 0.122 seconds
[2023-12-27 17:07:46,295] {processor.py:153} INFO - Started process (PID=3703) to work on /opt/conda/lib/python3.8/site-packages/airflow/example_dags/example_time_delta_sensor_async.py
[2023-12-27 17:07:46,296] {processor.py:641} INFO - Processing file /opt/conda/lib/python3.8/site-packages/airflow/example_dags/example_time_delta_sensor_async.py for tasks to queue
[2023-12-27 17:07:46,296] {logging_mixin.py:115} INFO - [2023-12-27 17:07:46,296] {dagbag.py:508} INFO - Filling up the DagBag from /opt/conda/lib/python3.8/site-packages/airflow/example_dags/example_time_delta_sensor_async.py
[2023-12-27 17:07:46,302] {processor.py:651} INFO - DAG(s) dict_keys(['example_time_delta_sensor_async']) retrieved from /opt/conda/lib/python3.8/site-packages/airflow/example_dags/example_time_delta_sensor_async.py
[2023-12-27 17:07:46,349] {logging_mixin.py:115} INFO - [2023-12-27 17:07:46,349] {dag.py:2420} INFO - Sync 1 DAGs
[2023-12-27 17:07:46,378] {logging_mixin.py:115} INFO - [2023-12-27 17:07:46,378] {dag.py:2968} INFO - Setting next_dagrun for example_time_delta_sensor_async to None, run_after=None
[2023-12-27 17:07:46,421] {processor.py:161} INFO - Processing /opt/conda/lib/python3.8/site-packages/airflow/example_dags/example_time_delta_sensor_async.py took 0.129 seconds
[2023-12-27 17:08:50,990] {processor.py:153} INFO - Started process (PID=3822) to work on /opt/conda/lib/python3.8/site-packages/airflow/example_dags/example_time_delta_sensor_async.py
[2023-12-27 17:08:50,990] {processor.py:641} INFO - Processing file /opt/conda/lib/python3.8/site-packages/airflow/example_dags/example_time_delta_sensor_async.py for tasks to queue
[2023-12-27 17:08:50,991] {logging_mixin.py:115} INFO - [2023-12-27 17:08:50,991] {dagbag.py:508} INFO - Filling up the DagBag from /opt/conda/lib/python3.8/site-packages/airflow/example_dags/example_time_delta_sensor_async.py
[2023-12-27 17:08:50,996] {processor.py:651} INFO - DAG(s) dict_keys(['example_time_delta_sensor_async']) retrieved from /opt/conda/lib/python3.8/site-packages/airflow/example_dags/example_time_delta_sensor_async.py
[2023-12-27 17:08:51,041] {logging_mixin.py:115} INFO - [2023-12-27 17:08:51,041] {dag.py:2420} INFO - Sync 1 DAGs
[2023-12-27 17:08:51,067] {logging_mixin.py:115} INFO - [2023-12-27 17:08:51,067] {dag.py:2968} INFO - Setting next_dagrun for example_time_delta_sensor_async to None, run_after=None
[2023-12-27 17:08:51,108] {processor.py:161} INFO - Processing /opt/conda/lib/python3.8/site-packages/airflow/example_dags/example_time_delta_sensor_async.py took 0.121 seconds
[2023-12-27 17:09:56,249] {processor.py:153} INFO - Started process (PID=3936) to work on /opt/conda/lib/python3.8/site-packages/airflow/example_dags/example_time_delta_sensor_async.py
[2023-12-27 17:09:56,250] {processor.py:641} INFO - Processing file /opt/conda/lib/python3.8/site-packages/airflow/example_dags/example_time_delta_sensor_async.py for tasks to queue
[2023-12-27 17:09:56,250] {logging_mixin.py:115} INFO - [2023-12-27 17:09:56,250] {dagbag.py:508} INFO - Filling up the DagBag from /opt/conda/lib/python3.8/site-packages/airflow/example_dags/example_time_delta_sensor_async.py
[2023-12-27 17:09:56,255] {processor.py:651} INFO - DAG(s) dict_keys(['example_time_delta_sensor_async']) retrieved from /opt/conda/lib/python3.8/site-packages/airflow/example_dags/example_time_delta_sensor_async.py
[2023-12-27 17:09:56,303] {logging_mixin.py:115} INFO - [2023-12-27 17:09:56,303] {dag.py:2420} INFO - Sync 1 DAGs
[2023-12-27 17:09:56,329] {logging_mixin.py:115} INFO - [2023-12-27 17:09:56,329] {dag.py:2968} INFO - Setting next_dagrun for example_time_delta_sensor_async to None, run_after=None
[2023-12-27 17:09:56,372] {processor.py:161} INFO - Processing /opt/conda/lib/python3.8/site-packages/airflow/example_dags/example_time_delta_sensor_async.py took 0.125 seconds
[2023-12-27 17:10:58,136] {processor.py:153} INFO - Started process (PID=4049) to work on /opt/conda/lib/python3.8/site-packages/airflow/example_dags/example_time_delta_sensor_async.py
[2023-12-27 17:10:58,137] {processor.py:641} INFO - Processing file /opt/conda/lib/python3.8/site-packages/airflow/example_dags/example_time_delta_sensor_async.py for tasks to queue
[2023-12-27 17:10:58,137] {logging_mixin.py:115} INFO - [2023-12-27 17:10:58,137] {dagbag.py:508} INFO - Filling up the DagBag from /opt/conda/lib/python3.8/site-packages/airflow/example_dags/example_time_delta_sensor_async.py
[2023-12-27 17:10:58,144] {processor.py:651} INFO - DAG(s) dict_keys(['example_time_delta_sensor_async']) retrieved from /opt/conda/lib/python3.8/site-packages/airflow/example_dags/example_time_delta_sensor_async.py
[2023-12-27 17:10:58,193] {logging_mixin.py:115} INFO - [2023-12-27 17:10:58,192] {dag.py:2420} INFO - Sync 1 DAGs
[2023-12-27 17:10:58,220] {logging_mixin.py:115} INFO - [2023-12-27 17:10:58,219] {dag.py:2968} INFO - Setting next_dagrun for example_time_delta_sensor_async to None, run_after=None
[2023-12-27 17:10:58,260] {processor.py:161} INFO - Processing /opt/conda/lib/python3.8/site-packages/airflow/example_dags/example_time_delta_sensor_async.py took 0.127 seconds
[2023-12-27 17:12:05,647] {processor.py:153} INFO - Started process (PID=4173) to work on /opt/conda/lib/python3.8/site-packages/airflow/example_dags/example_time_delta_sensor_async.py
[2023-12-27 17:12:05,648] {processor.py:641} INFO - Processing file /opt/conda/lib/python3.8/site-packages/airflow/example_dags/example_time_delta_sensor_async.py for tasks to queue
[2023-12-27 17:12:05,648] {logging_mixin.py:115} INFO - [2023-12-27 17:12:05,648] {dagbag.py:508} INFO - Filling up the DagBag from /opt/conda/lib/python3.8/site-packages/airflow/example_dags/example_time_delta_sensor_async.py
[2023-12-27 17:12:05,654] {processor.py:651} INFO - DAG(s) dict_keys(['example_time_delta_sensor_async']) retrieved from /opt/conda/lib/python3.8/site-packages/airflow/example_dags/example_time_delta_sensor_async.py
[2023-12-27 17:12:05,702] {logging_mixin.py:115} INFO - [2023-12-27 17:12:05,702] {dag.py:2420} INFO - Sync 1 DAGs
[2023-12-27 17:12:05,729] {logging_mixin.py:115} INFO - [2023-12-27 17:12:05,729] {dag.py:2968} INFO - Setting next_dagrun for example_time_delta_sensor_async to None, run_after=None
[2023-12-27 17:12:05,769] {processor.py:161} INFO - Processing /opt/conda/lib/python3.8/site-packages/airflow/example_dags/example_time_delta_sensor_async.py took 0.125 seconds
[2023-12-27 17:15:40,943] {processor.py:153} INFO - Started process (PID=4416) to work on /opt/conda/lib/python3.8/site-packages/airflow/example_dags/example_time_delta_sensor_async.py
[2023-12-27 17:15:40,943] {processor.py:641} INFO - Processing file /opt/conda/lib/python3.8/site-packages/airflow/example_dags/example_time_delta_sensor_async.py for tasks to queue
[2023-12-27 17:15:40,944] {logging_mixin.py:115} INFO - [2023-12-27 17:15:40,944] {dagbag.py:508} INFO - Filling up the DagBag from /opt/conda/lib/python3.8/site-packages/airflow/example_dags/example_time_delta_sensor_async.py
[2023-12-27 17:15:41,049] {processor.py:651} INFO - DAG(s) dict_keys(['example_time_delta_sensor_async']) retrieved from /opt/conda/lib/python3.8/site-packages/airflow/example_dags/example_time_delta_sensor_async.py
[2023-12-27 17:15:41,086] {logging_mixin.py:115} INFO - [2023-12-27 17:15:41,086] {dag.py:2420} INFO - Sync 1 DAGs
[2023-12-27 17:15:41,108] {logging_mixin.py:115} INFO - [2023-12-27 17:15:41,108] {dag.py:2968} INFO - Setting next_dagrun for example_time_delta_sensor_async to None, run_after=None
[2023-12-27 17:15:41,152] {processor.py:161} INFO - Processing /opt/conda/lib/python3.8/site-packages/airflow/example_dags/example_time_delta_sensor_async.py took 0.212 seconds
[2023-12-27 17:17:14,157] {processor.py:153} INFO - Started process (PID=4647) to work on /opt/conda/lib/python3.8/site-packages/airflow/example_dags/example_time_delta_sensor_async.py
[2023-12-27 17:17:14,157] {processor.py:641} INFO - Processing file /opt/conda/lib/python3.8/site-packages/airflow/example_dags/example_time_delta_sensor_async.py for tasks to queue
[2023-12-27 17:17:14,158] {logging_mixin.py:115} INFO - [2023-12-27 17:17:14,158] {dagbag.py:508} INFO - Filling up the DagBag from /opt/conda/lib/python3.8/site-packages/airflow/example_dags/example_time_delta_sensor_async.py
[2023-12-27 17:17:14,278] {processor.py:651} INFO - DAG(s) dict_keys(['example_time_delta_sensor_async']) retrieved from /opt/conda/lib/python3.8/site-packages/airflow/example_dags/example_time_delta_sensor_async.py
[2023-12-27 17:17:14,313] {logging_mixin.py:115} INFO - [2023-12-27 17:17:14,313] {dag.py:2420} INFO - Sync 1 DAGs
[2023-12-27 17:17:14,336] {logging_mixin.py:115} INFO - [2023-12-27 17:17:14,336] {dag.py:2968} INFO - Setting next_dagrun for example_time_delta_sensor_async to None, run_after=None
[2023-12-27 17:17:14,374] {processor.py:161} INFO - Processing /opt/conda/lib/python3.8/site-packages/airflow/example_dags/example_time_delta_sensor_async.py took 0.220 seconds
[2023-12-27 17:18:50,538] {processor.py:153} INFO - Started process (PID=4892) to work on /opt/conda/lib/python3.8/site-packages/airflow/example_dags/example_time_delta_sensor_async.py
[2023-12-27 17:18:50,539] {processor.py:641} INFO - Processing file /opt/conda/lib/python3.8/site-packages/airflow/example_dags/example_time_delta_sensor_async.py for tasks to queue
[2023-12-27 17:18:50,539] {logging_mixin.py:115} INFO - [2023-12-27 17:18:50,539] {dagbag.py:508} INFO - Filling up the DagBag from /opt/conda/lib/python3.8/site-packages/airflow/example_dags/example_time_delta_sensor_async.py
[2023-12-27 17:18:50,646] {processor.py:651} INFO - DAG(s) dict_keys(['example_time_delta_sensor_async']) retrieved from /opt/conda/lib/python3.8/site-packages/airflow/example_dags/example_time_delta_sensor_async.py
[2023-12-27 17:18:50,689] {logging_mixin.py:115} INFO - [2023-12-27 17:18:50,689] {dag.py:2420} INFO - Sync 1 DAGs
[2023-12-27 17:18:50,733] {logging_mixin.py:115} INFO - [2023-12-27 17:18:50,733] {dag.py:2968} INFO - Setting next_dagrun for example_time_delta_sensor_async to None, run_after=None
[2023-12-27 17:18:50,846] {processor.py:161} INFO - Processing /opt/conda/lib/python3.8/site-packages/airflow/example_dags/example_time_delta_sensor_async.py took 0.310 seconds
[2023-12-27 17:20:02,475] {processor.py:153} INFO - Started process (PID=5019) to work on /opt/conda/lib/python3.8/site-packages/airflow/example_dags/example_time_delta_sensor_async.py
[2023-12-27 17:20:02,475] {processor.py:641} INFO - Processing file /opt/conda/lib/python3.8/site-packages/airflow/example_dags/example_time_delta_sensor_async.py for tasks to queue
[2023-12-27 17:20:02,476] {logging_mixin.py:115} INFO - [2023-12-27 17:20:02,476] {dagbag.py:508} INFO - Filling up the DagBag from /opt/conda/lib/python3.8/site-packages/airflow/example_dags/example_time_delta_sensor_async.py
[2023-12-27 17:20:02,481] {processor.py:651} INFO - DAG(s) dict_keys(['example_time_delta_sensor_async']) retrieved from /opt/conda/lib/python3.8/site-packages/airflow/example_dags/example_time_delta_sensor_async.py
[2023-12-27 17:20:02,529] {logging_mixin.py:115} INFO - [2023-12-27 17:20:02,529] {dag.py:2420} INFO - Sync 1 DAGs
[2023-12-27 17:20:02,557] {logging_mixin.py:115} INFO - [2023-12-27 17:20:02,557] {dag.py:2968} INFO - Setting next_dagrun for example_time_delta_sensor_async to None, run_after=None
[2023-12-27 17:20:02,601] {processor.py:161} INFO - Processing /opt/conda/lib/python3.8/site-packages/airflow/example_dags/example_time_delta_sensor_async.py took 0.129 seconds
[2023-12-27 17:21:09,328] {processor.py:153} INFO - Started process (PID=5157) to work on /opt/conda/lib/python3.8/site-packages/airflow/example_dags/example_time_delta_sensor_async.py
[2023-12-27 17:21:09,328] {processor.py:641} INFO - Processing file /opt/conda/lib/python3.8/site-packages/airflow/example_dags/example_time_delta_sensor_async.py for tasks to queue
[2023-12-27 17:21:09,329] {logging_mixin.py:115} INFO - [2023-12-27 17:21:09,329] {dagbag.py:508} INFO - Filling up the DagBag from /opt/conda/lib/python3.8/site-packages/airflow/example_dags/example_time_delta_sensor_async.py
[2023-12-27 17:21:09,334] {processor.py:651} INFO - DAG(s) dict_keys(['example_time_delta_sensor_async']) retrieved from /opt/conda/lib/python3.8/site-packages/airflow/example_dags/example_time_delta_sensor_async.py
[2023-12-27 17:21:09,383] {logging_mixin.py:115} INFO - [2023-12-27 17:21:09,383] {dag.py:2420} INFO - Sync 1 DAGs
[2023-12-27 17:21:09,412] {logging_mixin.py:115} INFO - [2023-12-27 17:21:09,412] {dag.py:2968} INFO - Setting next_dagrun for example_time_delta_sensor_async to None, run_after=None
[2023-12-27 17:21:09,455] {processor.py:161} INFO - Processing /opt/conda/lib/python3.8/site-packages/airflow/example_dags/example_time_delta_sensor_async.py took 0.130 seconds
