[2023-12-27 15:36:21,402] {processor.py:153} INFO - Started process (PID=1101) to work on /opt/conda/lib/python3.8/site-packages/airflow/example_dags/tutorial_etl_dag.py
[2023-12-27 15:36:21,402] {processor.py:641} INFO - Processing file /opt/conda/lib/python3.8/site-packages/airflow/example_dags/tutorial_etl_dag.py for tasks to queue
[2023-12-27 15:36:21,403] {logging_mixin.py:115} INFO - [2023-12-27 15:36:21,403] {dagbag.py:508} INFO - Filling up the DagBag from /opt/conda/lib/python3.8/site-packages/airflow/example_dags/tutorial_etl_dag.py
[2023-12-27 15:36:21,522] {processor.py:651} INFO - DAG(s) dict_keys(['tutorial_etl_dag']) retrieved from /opt/conda/lib/python3.8/site-packages/airflow/example_dags/tutorial_etl_dag.py
[2023-12-27 15:36:21,547] {logging_mixin.py:115} INFO - [2023-12-27 15:36:21,547] {dag.py:2420} INFO - Sync 1 DAGs
[2023-12-27 15:36:21,570] {logging_mixin.py:115} INFO - [2023-12-27 15:36:21,570] {dag.py:2968} INFO - Setting next_dagrun for tutorial_etl_dag to None, run_after=None
[2023-12-27 15:36:21,611] {processor.py:161} INFO - Processing /opt/conda/lib/python3.8/site-packages/airflow/example_dags/tutorial_etl_dag.py took 0.213 seconds
[2023-12-27 15:37:18,344] {processor.py:153} INFO - Started process (PID=1219) to work on /opt/conda/lib/python3.8/site-packages/airflow/example_dags/tutorial_etl_dag.py
[2023-12-27 15:37:18,344] {processor.py:641} INFO - Processing file /opt/conda/lib/python3.8/site-packages/airflow/example_dags/tutorial_etl_dag.py for tasks to queue
[2023-12-27 15:37:18,345] {logging_mixin.py:115} INFO - [2023-12-27 15:37:18,344] {dagbag.py:508} INFO - Filling up the DagBag from /opt/conda/lib/python3.8/site-packages/airflow/example_dags/tutorial_etl_dag.py
[2023-12-27 15:37:18,466] {processor.py:651} INFO - DAG(s) dict_keys(['tutorial_etl_dag']) retrieved from /opt/conda/lib/python3.8/site-packages/airflow/example_dags/tutorial_etl_dag.py
[2023-12-27 15:37:18,489] {logging_mixin.py:115} INFO - [2023-12-27 15:37:18,489] {dag.py:2420} INFO - Sync 1 DAGs
[2023-12-27 15:37:18,512] {logging_mixin.py:115} INFO - [2023-12-27 15:37:18,512] {dag.py:2968} INFO - Setting next_dagrun for tutorial_etl_dag to None, run_after=None
[2023-12-27 15:37:18,554] {processor.py:161} INFO - Processing /opt/conda/lib/python3.8/site-packages/airflow/example_dags/tutorial_etl_dag.py took 0.214 seconds
[2023-12-27 15:38:16,231] {processor.py:153} INFO - Started process (PID=1311) to work on /opt/conda/lib/python3.8/site-packages/airflow/example_dags/tutorial_etl_dag.py
[2023-12-27 15:38:16,231] {processor.py:641} INFO - Processing file /opt/conda/lib/python3.8/site-packages/airflow/example_dags/tutorial_etl_dag.py for tasks to queue
[2023-12-27 15:38:16,232] {logging_mixin.py:115} INFO - [2023-12-27 15:38:16,232] {dagbag.py:508} INFO - Filling up the DagBag from /opt/conda/lib/python3.8/site-packages/airflow/example_dags/tutorial_etl_dag.py
[2023-12-27 15:38:16,350] {processor.py:651} INFO - DAG(s) dict_keys(['tutorial_etl_dag']) retrieved from /opt/conda/lib/python3.8/site-packages/airflow/example_dags/tutorial_etl_dag.py
[2023-12-27 15:38:16,371] {logging_mixin.py:115} INFO - [2023-12-27 15:38:16,371] {dag.py:2420} INFO - Sync 1 DAGs
[2023-12-27 15:38:16,391] {logging_mixin.py:115} INFO - [2023-12-27 15:38:16,391] {dag.py:2968} INFO - Setting next_dagrun for tutorial_etl_dag to None, run_after=None
[2023-12-27 15:38:16,430] {processor.py:161} INFO - Processing /opt/conda/lib/python3.8/site-packages/airflow/example_dags/tutorial_etl_dag.py took 0.202 seconds
[2023-12-27 15:39:39,509] {processor.py:153} INFO - Started process (PID=1439) to work on /opt/conda/lib/python3.8/site-packages/airflow/example_dags/tutorial_etl_dag.py
[2023-12-27 15:39:39,510] {processor.py:641} INFO - Processing file /opt/conda/lib/python3.8/site-packages/airflow/example_dags/tutorial_etl_dag.py for tasks to queue
[2023-12-27 15:39:39,510] {logging_mixin.py:115} INFO - [2023-12-27 15:39:39,510] {dagbag.py:508} INFO - Filling up the DagBag from /opt/conda/lib/python3.8/site-packages/airflow/example_dags/tutorial_etl_dag.py
[2023-12-27 15:39:39,629] {processor.py:651} INFO - DAG(s) dict_keys(['tutorial_etl_dag']) retrieved from /opt/conda/lib/python3.8/site-packages/airflow/example_dags/tutorial_etl_dag.py
[2023-12-27 15:39:39,651] {logging_mixin.py:115} INFO - [2023-12-27 15:39:39,651] {dag.py:2420} INFO - Sync 1 DAGs
[2023-12-27 15:39:39,673] {logging_mixin.py:115} INFO - [2023-12-27 15:39:39,673] {dag.py:2968} INFO - Setting next_dagrun for tutorial_etl_dag to None, run_after=None
[2023-12-27 15:39:39,715] {processor.py:161} INFO - Processing /opt/conda/lib/python3.8/site-packages/airflow/example_dags/tutorial_etl_dag.py took 0.209 seconds
[2023-12-27 15:40:59,372] {processor.py:153} INFO - Started process (PID=1656) to work on /opt/conda/lib/python3.8/site-packages/airflow/example_dags/tutorial_etl_dag.py
[2023-12-27 15:40:59,373] {processor.py:641} INFO - Processing file /opt/conda/lib/python3.8/site-packages/airflow/example_dags/tutorial_etl_dag.py for tasks to queue
[2023-12-27 15:40:59,373] {logging_mixin.py:115} INFO - [2023-12-27 15:40:59,373] {dagbag.py:508} INFO - Filling up the DagBag from /opt/conda/lib/python3.8/site-packages/airflow/example_dags/tutorial_etl_dag.py
[2023-12-27 15:40:59,381] {processor.py:651} INFO - DAG(s) dict_keys(['tutorial_etl_dag']) retrieved from /opt/conda/lib/python3.8/site-packages/airflow/example_dags/tutorial_etl_dag.py
[2023-12-27 15:40:59,413] {logging_mixin.py:115} INFO - [2023-12-27 15:40:59,413] {dag.py:2420} INFO - Sync 1 DAGs
[2023-12-27 15:40:59,436] {logging_mixin.py:115} INFO - [2023-12-27 15:40:59,436] {dag.py:2968} INFO - Setting next_dagrun for tutorial_etl_dag to None, run_after=None
[2023-12-27 15:40:59,476] {processor.py:161} INFO - Processing /opt/conda/lib/python3.8/site-packages/airflow/example_dags/tutorial_etl_dag.py took 0.107 seconds
[2023-12-27 15:42:11,212] {processor.py:153} INFO - Started process (PID=1775) to work on /opt/conda/lib/python3.8/site-packages/airflow/example_dags/tutorial_etl_dag.py
[2023-12-27 15:42:11,212] {processor.py:641} INFO - Processing file /opt/conda/lib/python3.8/site-packages/airflow/example_dags/tutorial_etl_dag.py for tasks to queue
[2023-12-27 15:42:11,213] {logging_mixin.py:115} INFO - [2023-12-27 15:42:11,213] {dagbag.py:508} INFO - Filling up the DagBag from /opt/conda/lib/python3.8/site-packages/airflow/example_dags/tutorial_etl_dag.py
[2023-12-27 15:42:11,221] {processor.py:651} INFO - DAG(s) dict_keys(['tutorial_etl_dag']) retrieved from /opt/conda/lib/python3.8/site-packages/airflow/example_dags/tutorial_etl_dag.py
[2023-12-27 15:42:11,253] {logging_mixin.py:115} INFO - [2023-12-27 15:42:11,252] {dag.py:2420} INFO - Sync 1 DAGs
[2023-12-27 15:42:11,281] {logging_mixin.py:115} INFO - [2023-12-27 15:42:11,281] {dag.py:2968} INFO - Setting next_dagrun for tutorial_etl_dag to None, run_after=None
[2023-12-27 15:42:11,325] {processor.py:161} INFO - Processing /opt/conda/lib/python3.8/site-packages/airflow/example_dags/tutorial_etl_dag.py took 0.116 seconds
[2023-12-27 15:43:22,840] {processor.py:153} INFO - Started process (PID=1864) to work on /opt/conda/lib/python3.8/site-packages/airflow/example_dags/tutorial_etl_dag.py
[2023-12-27 15:43:22,840] {processor.py:641} INFO - Processing file /opt/conda/lib/python3.8/site-packages/airflow/example_dags/tutorial_etl_dag.py for tasks to queue
[2023-12-27 15:43:22,841] {logging_mixin.py:115} INFO - [2023-12-27 15:43:22,841] {dagbag.py:508} INFO - Filling up the DagBag from /opt/conda/lib/python3.8/site-packages/airflow/example_dags/tutorial_etl_dag.py
[2023-12-27 15:43:22,848] {processor.py:651} INFO - DAG(s) dict_keys(['tutorial_etl_dag']) retrieved from /opt/conda/lib/python3.8/site-packages/airflow/example_dags/tutorial_etl_dag.py
[2023-12-27 15:43:22,880] {logging_mixin.py:115} INFO - [2023-12-27 15:43:22,880] {dag.py:2420} INFO - Sync 1 DAGs
[2023-12-27 15:43:22,908] {logging_mixin.py:115} INFO - [2023-12-27 15:43:22,908] {dag.py:2968} INFO - Setting next_dagrun for tutorial_etl_dag to None, run_after=None
[2023-12-27 15:43:22,952] {processor.py:161} INFO - Processing /opt/conda/lib/python3.8/site-packages/airflow/example_dags/tutorial_etl_dag.py took 0.115 seconds
[2023-12-27 15:44:35,622] {processor.py:153} INFO - Started process (PID=1984) to work on /opt/conda/lib/python3.8/site-packages/airflow/example_dags/tutorial_etl_dag.py
[2023-12-27 15:44:35,622] {processor.py:641} INFO - Processing file /opt/conda/lib/python3.8/site-packages/airflow/example_dags/tutorial_etl_dag.py for tasks to queue
[2023-12-27 15:44:35,623] {logging_mixin.py:115} INFO - [2023-12-27 15:44:35,623] {dagbag.py:508} INFO - Filling up the DagBag from /opt/conda/lib/python3.8/site-packages/airflow/example_dags/tutorial_etl_dag.py
[2023-12-27 15:44:35,630] {processor.py:651} INFO - DAG(s) dict_keys(['tutorial_etl_dag']) retrieved from /opt/conda/lib/python3.8/site-packages/airflow/example_dags/tutorial_etl_dag.py
[2023-12-27 15:44:35,662] {logging_mixin.py:115} INFO - [2023-12-27 15:44:35,662] {dag.py:2420} INFO - Sync 1 DAGs
[2023-12-27 15:44:35,690] {logging_mixin.py:115} INFO - [2023-12-27 15:44:35,690] {dag.py:2968} INFO - Setting next_dagrun for tutorial_etl_dag to None, run_after=None
[2023-12-27 15:44:35,733] {processor.py:161} INFO - Processing /opt/conda/lib/python3.8/site-packages/airflow/example_dags/tutorial_etl_dag.py took 0.114 seconds
[2023-12-27 15:45:49,475] {processor.py:153} INFO - Started process (PID=2074) to work on /opt/conda/lib/python3.8/site-packages/airflow/example_dags/tutorial_etl_dag.py
[2023-12-27 15:45:49,475] {processor.py:641} INFO - Processing file /opt/conda/lib/python3.8/site-packages/airflow/example_dags/tutorial_etl_dag.py for tasks to queue
[2023-12-27 15:45:49,476] {logging_mixin.py:115} INFO - [2023-12-27 15:45:49,476] {dagbag.py:508} INFO - Filling up the DagBag from /opt/conda/lib/python3.8/site-packages/airflow/example_dags/tutorial_etl_dag.py
[2023-12-27 15:45:49,484] {processor.py:651} INFO - DAG(s) dict_keys(['tutorial_etl_dag']) retrieved from /opt/conda/lib/python3.8/site-packages/airflow/example_dags/tutorial_etl_dag.py
[2023-12-27 15:45:49,514] {logging_mixin.py:115} INFO - [2023-12-27 15:45:49,513] {dag.py:2420} INFO - Sync 1 DAGs
[2023-12-27 15:45:49,538] {logging_mixin.py:115} INFO - [2023-12-27 15:45:49,538] {dag.py:2968} INFO - Setting next_dagrun for tutorial_etl_dag to None, run_after=None
[2023-12-27 15:45:49,578] {processor.py:161} INFO - Processing /opt/conda/lib/python3.8/site-packages/airflow/example_dags/tutorial_etl_dag.py took 0.106 seconds
[2023-12-27 15:46:57,781] {processor.py:153} INFO - Started process (PID=2191) to work on /opt/conda/lib/python3.8/site-packages/airflow/example_dags/tutorial_etl_dag.py
[2023-12-27 15:46:57,781] {processor.py:641} INFO - Processing file /opt/conda/lib/python3.8/site-packages/airflow/example_dags/tutorial_etl_dag.py for tasks to queue
[2023-12-27 15:46:57,782] {logging_mixin.py:115} INFO - [2023-12-27 15:46:57,781] {dagbag.py:508} INFO - Filling up the DagBag from /opt/conda/lib/python3.8/site-packages/airflow/example_dags/tutorial_etl_dag.py
[2023-12-27 15:46:57,789] {processor.py:651} INFO - DAG(s) dict_keys(['tutorial_etl_dag']) retrieved from /opt/conda/lib/python3.8/site-packages/airflow/example_dags/tutorial_etl_dag.py
[2023-12-27 15:46:57,820] {logging_mixin.py:115} INFO - [2023-12-27 15:46:57,820] {dag.py:2420} INFO - Sync 1 DAGs
[2023-12-27 15:46:57,846] {logging_mixin.py:115} INFO - [2023-12-27 15:46:57,846] {dag.py:2968} INFO - Setting next_dagrun for tutorial_etl_dag to None, run_after=None
[2023-12-27 15:46:57,884] {processor.py:161} INFO - Processing /opt/conda/lib/python3.8/site-packages/airflow/example_dags/tutorial_etl_dag.py took 0.107 seconds
[2023-12-27 15:48:08,647] {processor.py:153} INFO - Started process (PID=2280) to work on /opt/conda/lib/python3.8/site-packages/airflow/example_dags/tutorial_etl_dag.py
[2023-12-27 15:48:08,647] {processor.py:641} INFO - Processing file /opt/conda/lib/python3.8/site-packages/airflow/example_dags/tutorial_etl_dag.py for tasks to queue
[2023-12-27 15:48:08,648] {logging_mixin.py:115} INFO - [2023-12-27 15:48:08,648] {dagbag.py:508} INFO - Filling up the DagBag from /opt/conda/lib/python3.8/site-packages/airflow/example_dags/tutorial_etl_dag.py
[2023-12-27 15:48:08,655] {processor.py:651} INFO - DAG(s) dict_keys(['tutorial_etl_dag']) retrieved from /opt/conda/lib/python3.8/site-packages/airflow/example_dags/tutorial_etl_dag.py
[2023-12-27 15:48:08,686] {logging_mixin.py:115} INFO - [2023-12-27 15:48:08,686] {dag.py:2420} INFO - Sync 1 DAGs
[2023-12-27 15:48:08,713] {logging_mixin.py:115} INFO - [2023-12-27 15:48:08,713] {dag.py:2968} INFO - Setting next_dagrun for tutorial_etl_dag to None, run_after=None
[2023-12-27 15:48:08,755] {processor.py:161} INFO - Processing /opt/conda/lib/python3.8/site-packages/airflow/example_dags/tutorial_etl_dag.py took 0.112 seconds
[2023-12-27 17:02:04,003] {processor.py:153} INFO - Started process (PID=2963) to work on /opt/conda/lib/python3.8/site-packages/airflow/example_dags/tutorial_etl_dag.py
[2023-12-27 17:02:04,003] {processor.py:641} INFO - Processing file /opt/conda/lib/python3.8/site-packages/airflow/example_dags/tutorial_etl_dag.py for tasks to queue
[2023-12-27 17:02:04,004] {logging_mixin.py:115} INFO - [2023-12-27 17:02:04,003] {dagbag.py:508} INFO - Filling up the DagBag from /opt/conda/lib/python3.8/site-packages/airflow/example_dags/tutorial_etl_dag.py
[2023-12-27 17:02:04,116] {processor.py:651} INFO - DAG(s) dict_keys(['tutorial_etl_dag']) retrieved from /opt/conda/lib/python3.8/site-packages/airflow/example_dags/tutorial_etl_dag.py
[2023-12-27 17:02:04,138] {logging_mixin.py:115} INFO - [2023-12-27 17:02:04,138] {dag.py:2420} INFO - Sync 1 DAGs
[2023-12-27 17:02:04,160] {logging_mixin.py:115} INFO - [2023-12-27 17:02:04,160] {dag.py:2968} INFO - Setting next_dagrun for tutorial_etl_dag to None, run_after=None
[2023-12-27 17:02:04,199] {processor.py:161} INFO - Processing /opt/conda/lib/python3.8/site-packages/airflow/example_dags/tutorial_etl_dag.py took 0.200 seconds
[2023-12-27 17:04:23,090] {processor.py:153} INFO - Started process (PID=3309) to work on /opt/conda/lib/python3.8/site-packages/airflow/example_dags/tutorial_etl_dag.py
[2023-12-27 17:04:23,090] {processor.py:641} INFO - Processing file /opt/conda/lib/python3.8/site-packages/airflow/example_dags/tutorial_etl_dag.py for tasks to queue
[2023-12-27 17:04:23,091] {logging_mixin.py:115} INFO - [2023-12-27 17:04:23,091] {dagbag.py:508} INFO - Filling up the DagBag from /opt/conda/lib/python3.8/site-packages/airflow/example_dags/tutorial_etl_dag.py
[2023-12-27 17:04:23,204] {processor.py:651} INFO - DAG(s) dict_keys(['tutorial_etl_dag']) retrieved from /opt/conda/lib/python3.8/site-packages/airflow/example_dags/tutorial_etl_dag.py
[2023-12-27 17:04:23,224] {logging_mixin.py:115} INFO - [2023-12-27 17:04:23,224] {dag.py:2420} INFO - Sync 1 DAGs
[2023-12-27 17:04:23,244] {logging_mixin.py:115} INFO - [2023-12-27 17:04:23,244] {dag.py:2968} INFO - Setting next_dagrun for tutorial_etl_dag to None, run_after=None
[2023-12-27 17:04:23,284] {processor.py:161} INFO - Processing /opt/conda/lib/python3.8/site-packages/airflow/example_dags/tutorial_etl_dag.py took 0.197 seconds
[2023-12-27 17:05:39,716] {processor.py:153} INFO - Started process (PID=3450) to work on /opt/conda/lib/python3.8/site-packages/airflow/example_dags/tutorial_etl_dag.py
[2023-12-27 17:05:39,716] {processor.py:641} INFO - Processing file /opt/conda/lib/python3.8/site-packages/airflow/example_dags/tutorial_etl_dag.py for tasks to queue
[2023-12-27 17:05:39,717] {logging_mixin.py:115} INFO - [2023-12-27 17:05:39,717] {dagbag.py:508} INFO - Filling up the DagBag from /opt/conda/lib/python3.8/site-packages/airflow/example_dags/tutorial_etl_dag.py
[2023-12-27 17:05:39,834] {processor.py:651} INFO - DAG(s) dict_keys(['tutorial_etl_dag']) retrieved from /opt/conda/lib/python3.8/site-packages/airflow/example_dags/tutorial_etl_dag.py
[2023-12-27 17:05:39,856] {logging_mixin.py:115} INFO - [2023-12-27 17:05:39,856] {dag.py:2420} INFO - Sync 1 DAGs
[2023-12-27 17:05:39,878] {logging_mixin.py:115} INFO - [2023-12-27 17:05:39,878] {dag.py:2968} INFO - Setting next_dagrun for tutorial_etl_dag to None, run_after=None
[2023-12-27 17:05:39,917] {processor.py:161} INFO - Processing /opt/conda/lib/python3.8/site-packages/airflow/example_dags/tutorial_etl_dag.py took 0.205 seconds
[2023-12-27 17:06:48,686] {processor.py:153} INFO - Started process (PID=3582) to work on /opt/conda/lib/python3.8/site-packages/airflow/example_dags/tutorial_etl_dag.py
[2023-12-27 17:06:48,687] {processor.py:641} INFO - Processing file /opt/conda/lib/python3.8/site-packages/airflow/example_dags/tutorial_etl_dag.py for tasks to queue
[2023-12-27 17:06:48,687] {logging_mixin.py:115} INFO - [2023-12-27 17:06:48,687] {dagbag.py:508} INFO - Filling up the DagBag from /opt/conda/lib/python3.8/site-packages/airflow/example_dags/tutorial_etl_dag.py
[2023-12-27 17:06:48,695] {processor.py:651} INFO - DAG(s) dict_keys(['tutorial_etl_dag']) retrieved from /opt/conda/lib/python3.8/site-packages/airflow/example_dags/tutorial_etl_dag.py
[2023-12-27 17:06:48,723] {logging_mixin.py:115} INFO - [2023-12-27 17:06:48,723] {dag.py:2420} INFO - Sync 1 DAGs
[2023-12-27 17:06:48,750] {logging_mixin.py:115} INFO - [2023-12-27 17:06:48,750] {dag.py:2968} INFO - Setting next_dagrun for tutorial_etl_dag to None, run_after=None
[2023-12-27 17:06:48,791] {processor.py:161} INFO - Processing /opt/conda/lib/python3.8/site-packages/airflow/example_dags/tutorial_etl_dag.py took 0.108 seconds
[2023-12-27 17:07:53,004] {processor.py:153} INFO - Started process (PID=3709) to work on /opt/conda/lib/python3.8/site-packages/airflow/example_dags/tutorial_etl_dag.py
[2023-12-27 17:07:53,005] {processor.py:641} INFO - Processing file /opt/conda/lib/python3.8/site-packages/airflow/example_dags/tutorial_etl_dag.py for tasks to queue
[2023-12-27 17:07:53,005] {logging_mixin.py:115} INFO - [2023-12-27 17:07:53,005] {dagbag.py:508} INFO - Filling up the DagBag from /opt/conda/lib/python3.8/site-packages/airflow/example_dags/tutorial_etl_dag.py
[2023-12-27 17:07:53,013] {processor.py:651} INFO - DAG(s) dict_keys(['tutorial_etl_dag']) retrieved from /opt/conda/lib/python3.8/site-packages/airflow/example_dags/tutorial_etl_dag.py
[2023-12-27 17:07:53,041] {logging_mixin.py:115} INFO - [2023-12-27 17:07:53,041] {dag.py:2420} INFO - Sync 1 DAGs
[2023-12-27 17:07:53,068] {logging_mixin.py:115} INFO - [2023-12-27 17:07:53,068] {dag.py:2968} INFO - Setting next_dagrun for tutorial_etl_dag to None, run_after=None
[2023-12-27 17:07:53,108] {processor.py:161} INFO - Processing /opt/conda/lib/python3.8/site-packages/airflow/example_dags/tutorial_etl_dag.py took 0.107 seconds
[2023-12-27 17:08:58,722] {processor.py:153} INFO - Started process (PID=3828) to work on /opt/conda/lib/python3.8/site-packages/airflow/example_dags/tutorial_etl_dag.py
[2023-12-27 17:08:58,723] {processor.py:641} INFO - Processing file /opt/conda/lib/python3.8/site-packages/airflow/example_dags/tutorial_etl_dag.py for tasks to queue
[2023-12-27 17:08:58,723] {logging_mixin.py:115} INFO - [2023-12-27 17:08:58,723] {dagbag.py:508} INFO - Filling up the DagBag from /opt/conda/lib/python3.8/site-packages/airflow/example_dags/tutorial_etl_dag.py
[2023-12-27 17:08:58,731] {processor.py:651} INFO - DAG(s) dict_keys(['tutorial_etl_dag']) retrieved from /opt/conda/lib/python3.8/site-packages/airflow/example_dags/tutorial_etl_dag.py
[2023-12-27 17:08:58,758] {logging_mixin.py:115} INFO - [2023-12-27 17:08:58,758] {dag.py:2420} INFO - Sync 1 DAGs
[2023-12-27 17:08:58,782] {logging_mixin.py:115} INFO - [2023-12-27 17:08:58,782] {dag.py:2968} INFO - Setting next_dagrun for tutorial_etl_dag to None, run_after=None
[2023-12-27 17:08:58,821] {processor.py:161} INFO - Processing /opt/conda/lib/python3.8/site-packages/airflow/example_dags/tutorial_etl_dag.py took 0.102 seconds
[2023-12-27 17:10:02,951] {processor.py:153} INFO - Started process (PID=3942) to work on /opt/conda/lib/python3.8/site-packages/airflow/example_dags/tutorial_etl_dag.py
[2023-12-27 17:10:02,951] {processor.py:641} INFO - Processing file /opt/conda/lib/python3.8/site-packages/airflow/example_dags/tutorial_etl_dag.py for tasks to queue
[2023-12-27 17:10:02,952] {logging_mixin.py:115} INFO - [2023-12-27 17:10:02,952] {dagbag.py:508} INFO - Filling up the DagBag from /opt/conda/lib/python3.8/site-packages/airflow/example_dags/tutorial_etl_dag.py
[2023-12-27 17:10:02,959] {processor.py:651} INFO - DAG(s) dict_keys(['tutorial_etl_dag']) retrieved from /opt/conda/lib/python3.8/site-packages/airflow/example_dags/tutorial_etl_dag.py
[2023-12-27 17:10:02,985] {logging_mixin.py:115} INFO - [2023-12-27 17:10:02,985] {dag.py:2420} INFO - Sync 1 DAGs
[2023-12-27 17:10:03,009] {logging_mixin.py:115} INFO - [2023-12-27 17:10:03,009] {dag.py:2968} INFO - Setting next_dagrun for tutorial_etl_dag to None, run_after=None
[2023-12-27 17:10:03,051] {processor.py:161} INFO - Processing /opt/conda/lib/python3.8/site-packages/airflow/example_dags/tutorial_etl_dag.py took 0.103 seconds
[2023-12-27 17:11:04,865] {processor.py:153} INFO - Started process (PID=4055) to work on /opt/conda/lib/python3.8/site-packages/airflow/example_dags/tutorial_etl_dag.py
[2023-12-27 17:11:04,866] {processor.py:641} INFO - Processing file /opt/conda/lib/python3.8/site-packages/airflow/example_dags/tutorial_etl_dag.py for tasks to queue
[2023-12-27 17:11:04,866] {logging_mixin.py:115} INFO - [2023-12-27 17:11:04,866] {dagbag.py:508} INFO - Filling up the DagBag from /opt/conda/lib/python3.8/site-packages/airflow/example_dags/tutorial_etl_dag.py
[2023-12-27 17:11:04,875] {processor.py:651} INFO - DAG(s) dict_keys(['tutorial_etl_dag']) retrieved from /opt/conda/lib/python3.8/site-packages/airflow/example_dags/tutorial_etl_dag.py
[2023-12-27 17:11:04,904] {logging_mixin.py:115} INFO - [2023-12-27 17:11:04,904] {dag.py:2420} INFO - Sync 1 DAGs
[2023-12-27 17:11:04,932] {logging_mixin.py:115} INFO - [2023-12-27 17:11:04,932] {dag.py:2968} INFO - Setting next_dagrun for tutorial_etl_dag to None, run_after=None
[2023-12-27 17:11:04,971] {processor.py:161} INFO - Processing /opt/conda/lib/python3.8/site-packages/airflow/example_dags/tutorial_etl_dag.py took 0.110 seconds
[2023-12-27 17:12:12,303] {processor.py:153} INFO - Started process (PID=4179) to work on /opt/conda/lib/python3.8/site-packages/airflow/example_dags/tutorial_etl_dag.py
[2023-12-27 17:12:12,303] {processor.py:641} INFO - Processing file /opt/conda/lib/python3.8/site-packages/airflow/example_dags/tutorial_etl_dag.py for tasks to queue
[2023-12-27 17:12:12,304] {logging_mixin.py:115} INFO - [2023-12-27 17:12:12,304] {dagbag.py:508} INFO - Filling up the DagBag from /opt/conda/lib/python3.8/site-packages/airflow/example_dags/tutorial_etl_dag.py
[2023-12-27 17:12:12,312] {processor.py:651} INFO - DAG(s) dict_keys(['tutorial_etl_dag']) retrieved from /opt/conda/lib/python3.8/site-packages/airflow/example_dags/tutorial_etl_dag.py
[2023-12-27 17:12:12,341] {logging_mixin.py:115} INFO - [2023-12-27 17:12:12,341] {dag.py:2420} INFO - Sync 1 DAGs
[2023-12-27 17:12:12,369] {logging_mixin.py:115} INFO - [2023-12-27 17:12:12,369] {dag.py:2968} INFO - Setting next_dagrun for tutorial_etl_dag to None, run_after=None
[2023-12-27 17:12:12,410] {processor.py:161} INFO - Processing /opt/conda/lib/python3.8/site-packages/airflow/example_dags/tutorial_etl_dag.py took 0.111 seconds
[2023-12-27 17:15:52,054] {processor.py:153} INFO - Started process (PID=4456) to work on /opt/conda/lib/python3.8/site-packages/airflow/example_dags/tutorial_etl_dag.py
[2023-12-27 17:15:52,055] {processor.py:641} INFO - Processing file /opt/conda/lib/python3.8/site-packages/airflow/example_dags/tutorial_etl_dag.py for tasks to queue
[2023-12-27 17:15:52,055] {logging_mixin.py:115} INFO - [2023-12-27 17:15:52,055] {dagbag.py:508} INFO - Filling up the DagBag from /opt/conda/lib/python3.8/site-packages/airflow/example_dags/tutorial_etl_dag.py
[2023-12-27 17:15:52,184] {processor.py:651} INFO - DAG(s) dict_keys(['tutorial_etl_dag']) retrieved from /opt/conda/lib/python3.8/site-packages/airflow/example_dags/tutorial_etl_dag.py
[2023-12-27 17:15:52,206] {logging_mixin.py:115} INFO - [2023-12-27 17:15:52,206] {dag.py:2420} INFO - Sync 1 DAGs
[2023-12-27 17:15:52,228] {logging_mixin.py:115} INFO - [2023-12-27 17:15:52,228] {dag.py:2968} INFO - Setting next_dagrun for tutorial_etl_dag to None, run_after=None
[2023-12-27 17:15:52,271] {processor.py:161} INFO - Processing /opt/conda/lib/python3.8/site-packages/airflow/example_dags/tutorial_etl_dag.py took 0.220 seconds
[2023-12-27 17:17:55,851] {processor.py:153} INFO - Started process (PID=4754) to work on /opt/conda/lib/python3.8/site-packages/airflow/example_dags/tutorial_etl_dag.py
[2023-12-27 17:17:55,852] {processor.py:641} INFO - Processing file /opt/conda/lib/python3.8/site-packages/airflow/example_dags/tutorial_etl_dag.py for tasks to queue
[2023-12-27 17:17:55,852] {logging_mixin.py:115} INFO - [2023-12-27 17:17:55,852] {dagbag.py:508} INFO - Filling up the DagBag from /opt/conda/lib/python3.8/site-packages/airflow/example_dags/tutorial_etl_dag.py
[2023-12-27 17:17:55,958] {processor.py:651} INFO - DAG(s) dict_keys(['tutorial_etl_dag']) retrieved from /opt/conda/lib/python3.8/site-packages/airflow/example_dags/tutorial_etl_dag.py
[2023-12-27 17:17:55,980] {logging_mixin.py:115} INFO - [2023-12-27 17:17:55,980] {dag.py:2420} INFO - Sync 1 DAGs
[2023-12-27 17:17:56,002] {logging_mixin.py:115} INFO - [2023-12-27 17:17:56,002] {dag.py:2968} INFO - Setting next_dagrun for tutorial_etl_dag to None, run_after=None
[2023-12-27 17:17:56,041] {processor.py:161} INFO - Processing /opt/conda/lib/python3.8/site-packages/airflow/example_dags/tutorial_etl_dag.py took 0.193 seconds
[2023-12-27 17:19:28,330] {processor.py:153} INFO - Started process (PID=4981) to work on /opt/conda/lib/python3.8/site-packages/airflow/example_dags/tutorial_etl_dag.py
[2023-12-27 17:19:28,331] {processor.py:641} INFO - Processing file /opt/conda/lib/python3.8/site-packages/airflow/example_dags/tutorial_etl_dag.py for tasks to queue
[2023-12-27 17:19:28,331] {logging_mixin.py:115} INFO - [2023-12-27 17:19:28,331] {dagbag.py:508} INFO - Filling up the DagBag from /opt/conda/lib/python3.8/site-packages/airflow/example_dags/tutorial_etl_dag.py
[2023-12-27 17:19:28,447] {processor.py:651} INFO - DAG(s) dict_keys(['tutorial_etl_dag']) retrieved from /opt/conda/lib/python3.8/site-packages/airflow/example_dags/tutorial_etl_dag.py
[2023-12-27 17:19:28,469] {logging_mixin.py:115} INFO - [2023-12-27 17:19:28,468] {dag.py:2420} INFO - Sync 1 DAGs
[2023-12-27 17:19:28,491] {logging_mixin.py:115} INFO - [2023-12-27 17:19:28,491] {dag.py:2968} INFO - Setting next_dagrun for tutorial_etl_dag to None, run_after=None
[2023-12-27 17:19:28,529] {processor.py:161} INFO - Processing /opt/conda/lib/python3.8/site-packages/airflow/example_dags/tutorial_etl_dag.py took 0.202 seconds
[2023-12-27 17:20:37,980] {processor.py:153} INFO - Started process (PID=5109) to work on /opt/conda/lib/python3.8/site-packages/airflow/example_dags/tutorial_etl_dag.py
[2023-12-27 17:20:37,980] {processor.py:641} INFO - Processing file /opt/conda/lib/python3.8/site-packages/airflow/example_dags/tutorial_etl_dag.py for tasks to queue
[2023-12-27 17:20:37,981] {logging_mixin.py:115} INFO - [2023-12-27 17:20:37,981] {dagbag.py:508} INFO - Filling up the DagBag from /opt/conda/lib/python3.8/site-packages/airflow/example_dags/tutorial_etl_dag.py
[2023-12-27 17:20:37,989] {processor.py:651} INFO - DAG(s) dict_keys(['tutorial_etl_dag']) retrieved from /opt/conda/lib/python3.8/site-packages/airflow/example_dags/tutorial_etl_dag.py
[2023-12-27 17:20:38,020] {logging_mixin.py:115} INFO - [2023-12-27 17:20:38,020] {dag.py:2420} INFO - Sync 1 DAGs
[2023-12-27 17:20:38,048] {logging_mixin.py:115} INFO - [2023-12-27 17:20:38,048] {dag.py:2968} INFO - Setting next_dagrun for tutorial_etl_dag to None, run_after=None
[2023-12-27 17:20:38,091] {processor.py:161} INFO - Processing /opt/conda/lib/python3.8/site-packages/airflow/example_dags/tutorial_etl_dag.py took 0.115 seconds
[2023-12-27 17:21:46,319] {processor.py:153} INFO - Started process (PID=5246) to work on /opt/conda/lib/python3.8/site-packages/airflow/example_dags/tutorial_etl_dag.py
[2023-12-27 17:21:46,320] {processor.py:641} INFO - Processing file /opt/conda/lib/python3.8/site-packages/airflow/example_dags/tutorial_etl_dag.py for tasks to queue
[2023-12-27 17:21:46,320] {logging_mixin.py:115} INFO - [2023-12-27 17:21:46,320] {dagbag.py:508} INFO - Filling up the DagBag from /opt/conda/lib/python3.8/site-packages/airflow/example_dags/tutorial_etl_dag.py
[2023-12-27 17:21:46,328] {processor.py:651} INFO - DAG(s) dict_keys(['tutorial_etl_dag']) retrieved from /opt/conda/lib/python3.8/site-packages/airflow/example_dags/tutorial_etl_dag.py
[2023-12-27 17:21:46,358] {logging_mixin.py:115} INFO - [2023-12-27 17:21:46,358] {dag.py:2420} INFO - Sync 1 DAGs
[2023-12-27 17:21:46,389] {logging_mixin.py:115} INFO - [2023-12-27 17:21:46,389] {dag.py:2968} INFO - Setting next_dagrun for tutorial_etl_dag to None, run_after=None
[2023-12-27 17:21:46,432] {processor.py:161} INFO - Processing /opt/conda/lib/python3.8/site-packages/airflow/example_dags/tutorial_etl_dag.py took 0.116 seconds
