[2023-12-27 15:36:22,839] {processor.py:153} INFO - Started process (PID=1102) to work on /opt/conda/lib/python3.8/site-packages/airflow/example_dags/tutorial_taskflow_api_etl.py
[2023-12-27 15:36:22,839] {processor.py:641} INFO - Processing file /opt/conda/lib/python3.8/site-packages/airflow/example_dags/tutorial_taskflow_api_etl.py for tasks to queue
[2023-12-27 15:36:22,840] {logging_mixin.py:115} INFO - [2023-12-27 15:36:22,840] {dagbag.py:508} INFO - Filling up the DagBag from /opt/conda/lib/python3.8/site-packages/airflow/example_dags/tutorial_taskflow_api_etl.py
[2023-12-27 15:36:22,967] {processor.py:651} INFO - DAG(s) dict_keys(['tutorial_taskflow_api_etl']) retrieved from /opt/conda/lib/python3.8/site-packages/airflow/example_dags/tutorial_taskflow_api_etl.py
[2023-12-27 15:36:23,025] {logging_mixin.py:115} INFO - [2023-12-27 15:36:23,025] {dag.py:2420} INFO - Sync 1 DAGs
[2023-12-27 15:36:23,047] {logging_mixin.py:115} INFO - [2023-12-27 15:36:23,047] {dag.py:2968} INFO - Setting next_dagrun for tutorial_taskflow_api_etl to None, run_after=None
[2023-12-27 15:36:23,093] {processor.py:161} INFO - Processing /opt/conda/lib/python3.8/site-packages/airflow/example_dags/tutorial_taskflow_api_etl.py took 0.257 seconds
[2023-12-27 15:37:19,774] {processor.py:153} INFO - Started process (PID=1220) to work on /opt/conda/lib/python3.8/site-packages/airflow/example_dags/tutorial_taskflow_api_etl.py
[2023-12-27 15:37:19,774] {processor.py:641} INFO - Processing file /opt/conda/lib/python3.8/site-packages/airflow/example_dags/tutorial_taskflow_api_etl.py for tasks to queue
[2023-12-27 15:37:19,775] {logging_mixin.py:115} INFO - [2023-12-27 15:37:19,775] {dagbag.py:508} INFO - Filling up the DagBag from /opt/conda/lib/python3.8/site-packages/airflow/example_dags/tutorial_taskflow_api_etl.py
[2023-12-27 15:37:19,901] {processor.py:651} INFO - DAG(s) dict_keys(['tutorial_taskflow_api_etl']) retrieved from /opt/conda/lib/python3.8/site-packages/airflow/example_dags/tutorial_taskflow_api_etl.py
[2023-12-27 15:37:19,924] {logging_mixin.py:115} INFO - [2023-12-27 15:37:19,923] {dag.py:2420} INFO - Sync 1 DAGs
[2023-12-27 15:37:19,945] {logging_mixin.py:115} INFO - [2023-12-27 15:37:19,945] {dag.py:2968} INFO - Setting next_dagrun for tutorial_taskflow_api_etl to None, run_after=None
[2023-12-27 15:37:19,983] {processor.py:161} INFO - Processing /opt/conda/lib/python3.8/site-packages/airflow/example_dags/tutorial_taskflow_api_etl.py took 0.213 seconds
[2023-12-27 15:38:42,601] {processor.py:153} INFO - Started process (PID=1360) to work on /opt/conda/lib/python3.8/site-packages/airflow/example_dags/tutorial_taskflow_api_etl.py
[2023-12-27 15:38:42,601] {processor.py:641} INFO - Processing file /opt/conda/lib/python3.8/site-packages/airflow/example_dags/tutorial_taskflow_api_etl.py for tasks to queue
[2023-12-27 15:38:42,602] {logging_mixin.py:115} INFO - [2023-12-27 15:38:42,601] {dagbag.py:508} INFO - Filling up the DagBag from /opt/conda/lib/python3.8/site-packages/airflow/example_dags/tutorial_taskflow_api_etl.py
[2023-12-27 15:38:42,727] {processor.py:651} INFO - DAG(s) dict_keys(['tutorial_taskflow_api_etl']) retrieved from /opt/conda/lib/python3.8/site-packages/airflow/example_dags/tutorial_taskflow_api_etl.py
[2023-12-27 15:38:42,750] {logging_mixin.py:115} INFO - [2023-12-27 15:38:42,750] {dag.py:2420} INFO - Sync 1 DAGs
[2023-12-27 15:38:42,771] {logging_mixin.py:115} INFO - [2023-12-27 15:38:42,771] {dag.py:2968} INFO - Setting next_dagrun for tutorial_taskflow_api_etl to None, run_after=None
[2023-12-27 15:38:42,810] {processor.py:161} INFO - Processing /opt/conda/lib/python3.8/site-packages/airflow/example_dags/tutorial_taskflow_api_etl.py took 0.212 seconds
[2023-12-27 15:39:40,619] {processor.py:153} INFO - Started process (PID=1440) to work on /opt/conda/lib/python3.8/site-packages/airflow/example_dags/tutorial_taskflow_api_etl.py
[2023-12-27 15:39:40,620] {processor.py:641} INFO - Processing file /opt/conda/lib/python3.8/site-packages/airflow/example_dags/tutorial_taskflow_api_etl.py for tasks to queue
[2023-12-27 15:39:40,620] {logging_mixin.py:115} INFO - [2023-12-27 15:39:40,620] {dagbag.py:508} INFO - Filling up the DagBag from /opt/conda/lib/python3.8/site-packages/airflow/example_dags/tutorial_taskflow_api_etl.py
[2023-12-27 15:39:40,754] {processor.py:651} INFO - DAG(s) dict_keys(['tutorial_taskflow_api_etl']) retrieved from /opt/conda/lib/python3.8/site-packages/airflow/example_dags/tutorial_taskflow_api_etl.py
[2023-12-27 15:39:40,777] {logging_mixin.py:115} INFO - [2023-12-27 15:39:40,777] {dag.py:2420} INFO - Sync 1 DAGs
[2023-12-27 15:39:40,800] {logging_mixin.py:115} INFO - [2023-12-27 15:39:40,799] {dag.py:2968} INFO - Setting next_dagrun for tutorial_taskflow_api_etl to None, run_after=None
[2023-12-27 15:39:40,840] {processor.py:161} INFO - Processing /opt/conda/lib/python3.8/site-packages/airflow/example_dags/tutorial_taskflow_api_etl.py took 0.224 seconds
[2023-12-27 15:41:46,173] {processor.py:153} INFO - Started process (PID=1725) to work on /opt/conda/lib/python3.8/site-packages/airflow/example_dags/tutorial_taskflow_api_etl.py
[2023-12-27 15:41:46,173] {processor.py:641} INFO - Processing file /opt/conda/lib/python3.8/site-packages/airflow/example_dags/tutorial_taskflow_api_etl.py for tasks to queue
[2023-12-27 15:41:46,174] {logging_mixin.py:115} INFO - [2023-12-27 15:41:46,174] {dagbag.py:508} INFO - Filling up the DagBag from /opt/conda/lib/python3.8/site-packages/airflow/example_dags/tutorial_taskflow_api_etl.py
[2023-12-27 15:41:46,191] {processor.py:651} INFO - DAG(s) dict_keys(['tutorial_taskflow_api_etl']) retrieved from /opt/conda/lib/python3.8/site-packages/airflow/example_dags/tutorial_taskflow_api_etl.py
[2023-12-27 15:41:46,260] {logging_mixin.py:115} INFO - [2023-12-27 15:41:46,260] {dag.py:2420} INFO - Sync 1 DAGs
[2023-12-27 15:41:46,286] {logging_mixin.py:115} INFO - [2023-12-27 15:41:46,286] {dag.py:2968} INFO - Setting next_dagrun for tutorial_taskflow_api_etl to None, run_after=None
[2023-12-27 15:41:46,329] {processor.py:161} INFO - Processing /opt/conda/lib/python3.8/site-packages/airflow/example_dags/tutorial_taskflow_api_etl.py took 0.159 seconds
[2023-12-27 15:42:57,059] {processor.py:153} INFO - Started process (PID=1843) to work on /opt/conda/lib/python3.8/site-packages/airflow/example_dags/tutorial_taskflow_api_etl.py
[2023-12-27 15:42:57,060] {processor.py:641} INFO - Processing file /opt/conda/lib/python3.8/site-packages/airflow/example_dags/tutorial_taskflow_api_etl.py for tasks to queue
[2023-12-27 15:42:57,060] {logging_mixin.py:115} INFO - [2023-12-27 15:42:57,060] {dagbag.py:508} INFO - Filling up the DagBag from /opt/conda/lib/python3.8/site-packages/airflow/example_dags/tutorial_taskflow_api_etl.py
[2023-12-27 15:42:57,077] {processor.py:651} INFO - DAG(s) dict_keys(['tutorial_taskflow_api_etl']) retrieved from /opt/conda/lib/python3.8/site-packages/airflow/example_dags/tutorial_taskflow_api_etl.py
[2023-12-27 15:42:57,143] {logging_mixin.py:115} INFO - [2023-12-27 15:42:57,143] {dag.py:2420} INFO - Sync 1 DAGs
[2023-12-27 15:42:57,165] {logging_mixin.py:115} INFO - [2023-12-27 15:42:57,165] {dag.py:2968} INFO - Setting next_dagrun for tutorial_taskflow_api_etl to None, run_after=None
[2023-12-27 15:42:57,206] {processor.py:161} INFO - Processing /opt/conda/lib/python3.8/site-packages/airflow/example_dags/tutorial_taskflow_api_etl.py took 0.150 seconds
[2023-12-27 15:44:09,908] {processor.py:153} INFO - Started process (PID=1933) to work on /opt/conda/lib/python3.8/site-packages/airflow/example_dags/tutorial_taskflow_api_etl.py
[2023-12-27 15:44:09,908] {processor.py:641} INFO - Processing file /opt/conda/lib/python3.8/site-packages/airflow/example_dags/tutorial_taskflow_api_etl.py for tasks to queue
[2023-12-27 15:44:09,909] {logging_mixin.py:115} INFO - [2023-12-27 15:44:09,908] {dagbag.py:508} INFO - Filling up the DagBag from /opt/conda/lib/python3.8/site-packages/airflow/example_dags/tutorial_taskflow_api_etl.py
[2023-12-27 15:44:09,926] {processor.py:651} INFO - DAG(s) dict_keys(['tutorial_taskflow_api_etl']) retrieved from /opt/conda/lib/python3.8/site-packages/airflow/example_dags/tutorial_taskflow_api_etl.py
[2023-12-27 15:44:09,955] {logging_mixin.py:115} INFO - [2023-12-27 15:44:09,954] {dag.py:2420} INFO - Sync 1 DAGs
[2023-12-27 15:44:09,981] {logging_mixin.py:115} INFO - [2023-12-27 15:44:09,981] {dag.py:2968} INFO - Setting next_dagrun for tutorial_taskflow_api_etl to None, run_after=None
[2023-12-27 15:44:10,024] {processor.py:161} INFO - Processing /opt/conda/lib/python3.8/site-packages/airflow/example_dags/tutorial_taskflow_api_etl.py took 0.119 seconds
[2023-12-27 15:45:23,116] {processor.py:153} INFO - Started process (PID=2052) to work on /opt/conda/lib/python3.8/site-packages/airflow/example_dags/tutorial_taskflow_api_etl.py
[2023-12-27 15:45:23,116] {processor.py:641} INFO - Processing file /opt/conda/lib/python3.8/site-packages/airflow/example_dags/tutorial_taskflow_api_etl.py for tasks to queue
[2023-12-27 15:45:23,117] {logging_mixin.py:115} INFO - [2023-12-27 15:45:23,117] {dagbag.py:508} INFO - Filling up the DagBag from /opt/conda/lib/python3.8/site-packages/airflow/example_dags/tutorial_taskflow_api_etl.py
[2023-12-27 15:45:23,134] {processor.py:651} INFO - DAG(s) dict_keys(['tutorial_taskflow_api_etl']) retrieved from /opt/conda/lib/python3.8/site-packages/airflow/example_dags/tutorial_taskflow_api_etl.py
[2023-12-27 15:45:23,161] {logging_mixin.py:115} INFO - [2023-12-27 15:45:23,160] {dag.py:2420} INFO - Sync 1 DAGs
[2023-12-27 15:45:23,186] {logging_mixin.py:115} INFO - [2023-12-27 15:45:23,186] {dag.py:2968} INFO - Setting next_dagrun for tutorial_taskflow_api_etl to None, run_after=None
[2023-12-27 15:45:23,226] {processor.py:161} INFO - Processing /opt/conda/lib/python3.8/site-packages/airflow/example_dags/tutorial_taskflow_api_etl.py took 0.113 seconds
[2023-12-27 15:46:32,939] {processor.py:153} INFO - Started process (PID=2141) to work on /opt/conda/lib/python3.8/site-packages/airflow/example_dags/tutorial_taskflow_api_etl.py
[2023-12-27 15:46:32,940] {processor.py:641} INFO - Processing file /opt/conda/lib/python3.8/site-packages/airflow/example_dags/tutorial_taskflow_api_etl.py for tasks to queue
[2023-12-27 15:46:32,940] {logging_mixin.py:115} INFO - [2023-12-27 15:46:32,940] {dagbag.py:508} INFO - Filling up the DagBag from /opt/conda/lib/python3.8/site-packages/airflow/example_dags/tutorial_taskflow_api_etl.py
[2023-12-27 15:46:32,958] {processor.py:651} INFO - DAG(s) dict_keys(['tutorial_taskflow_api_etl']) retrieved from /opt/conda/lib/python3.8/site-packages/airflow/example_dags/tutorial_taskflow_api_etl.py
[2023-12-27 15:46:33,025] {logging_mixin.py:115} INFO - [2023-12-27 15:46:33,025] {dag.py:2420} INFO - Sync 1 DAGs
[2023-12-27 15:46:33,050] {logging_mixin.py:115} INFO - [2023-12-27 15:46:33,050] {dag.py:2968} INFO - Setting next_dagrun for tutorial_taskflow_api_etl to None, run_after=None
[2023-12-27 15:46:33,092] {processor.py:161} INFO - Processing /opt/conda/lib/python3.8/site-packages/airflow/example_dags/tutorial_taskflow_api_etl.py took 0.156 seconds
[2023-12-27 15:47:43,303] {processor.py:153} INFO - Started process (PID=2259) to work on /opt/conda/lib/python3.8/site-packages/airflow/example_dags/tutorial_taskflow_api_etl.py
[2023-12-27 15:47:43,303] {processor.py:641} INFO - Processing file /opt/conda/lib/python3.8/site-packages/airflow/example_dags/tutorial_taskflow_api_etl.py for tasks to queue
[2023-12-27 15:47:43,304] {logging_mixin.py:115} INFO - [2023-12-27 15:47:43,304] {dagbag.py:508} INFO - Filling up the DagBag from /opt/conda/lib/python3.8/site-packages/airflow/example_dags/tutorial_taskflow_api_etl.py
[2023-12-27 15:47:43,321] {processor.py:651} INFO - DAG(s) dict_keys(['tutorial_taskflow_api_etl']) retrieved from /opt/conda/lib/python3.8/site-packages/airflow/example_dags/tutorial_taskflow_api_etl.py
[2023-12-27 15:47:43,391] {logging_mixin.py:115} INFO - [2023-12-27 15:47:43,391] {dag.py:2420} INFO - Sync 1 DAGs
[2023-12-27 15:47:43,415] {logging_mixin.py:115} INFO - [2023-12-27 15:47:43,415] {dag.py:2968} INFO - Setting next_dagrun for tutorial_taskflow_api_etl to None, run_after=None
[2023-12-27 15:47:43,459] {processor.py:161} INFO - Processing /opt/conda/lib/python3.8/site-packages/airflow/example_dags/tutorial_taskflow_api_etl.py took 0.160 seconds
[2023-12-27 17:02:05,416] {processor.py:153} INFO - Started process (PID=2964) to work on /opt/conda/lib/python3.8/site-packages/airflow/example_dags/tutorial_taskflow_api_etl.py
[2023-12-27 17:02:05,417] {processor.py:641} INFO - Processing file /opt/conda/lib/python3.8/site-packages/airflow/example_dags/tutorial_taskflow_api_etl.py for tasks to queue
[2023-12-27 17:02:05,417] {logging_mixin.py:115} INFO - [2023-12-27 17:02:05,417] {dagbag.py:508} INFO - Filling up the DagBag from /opt/conda/lib/python3.8/site-packages/airflow/example_dags/tutorial_taskflow_api_etl.py
[2023-12-27 17:02:05,538] {processor.py:651} INFO - DAG(s) dict_keys(['tutorial_taskflow_api_etl']) retrieved from /opt/conda/lib/python3.8/site-packages/airflow/example_dags/tutorial_taskflow_api_etl.py
[2023-12-27 17:02:05,593] {logging_mixin.py:115} INFO - [2023-12-27 17:02:05,593] {dag.py:2420} INFO - Sync 1 DAGs
[2023-12-27 17:02:05,614] {logging_mixin.py:115} INFO - [2023-12-27 17:02:05,614] {dag.py:2968} INFO - Setting next_dagrun for tutorial_taskflow_api_etl to None, run_after=None
[2023-12-27 17:02:05,657] {processor.py:161} INFO - Processing /opt/conda/lib/python3.8/site-packages/airflow/example_dags/tutorial_taskflow_api_etl.py took 0.244 seconds
[2023-12-27 17:04:24,604] {processor.py:153} INFO - Started process (PID=3310) to work on /opt/conda/lib/python3.8/site-packages/airflow/example_dags/tutorial_taskflow_api_etl.py
[2023-12-27 17:04:24,604] {processor.py:641} INFO - Processing file /opt/conda/lib/python3.8/site-packages/airflow/example_dags/tutorial_taskflow_api_etl.py for tasks to queue
[2023-12-27 17:04:24,605] {logging_mixin.py:115} INFO - [2023-12-27 17:04:24,604] {dagbag.py:508} INFO - Filling up the DagBag from /opt/conda/lib/python3.8/site-packages/airflow/example_dags/tutorial_taskflow_api_etl.py
[2023-12-27 17:04:24,724] {processor.py:651} INFO - DAG(s) dict_keys(['tutorial_taskflow_api_etl']) retrieved from /opt/conda/lib/python3.8/site-packages/airflow/example_dags/tutorial_taskflow_api_etl.py
[2023-12-27 17:04:24,775] {logging_mixin.py:115} INFO - [2023-12-27 17:04:24,775] {dag.py:2420} INFO - Sync 1 DAGs
[2023-12-27 17:04:24,795] {logging_mixin.py:115} INFO - [2023-12-27 17:04:24,795] {dag.py:2968} INFO - Setting next_dagrun for tutorial_taskflow_api_etl to None, run_after=None
[2023-12-27 17:04:24,835] {processor.py:161} INFO - Processing /opt/conda/lib/python3.8/site-packages/airflow/example_dags/tutorial_taskflow_api_etl.py took 0.235 seconds
[2023-12-27 17:05:41,117] {processor.py:153} INFO - Started process (PID=3451) to work on /opt/conda/lib/python3.8/site-packages/airflow/example_dags/tutorial_taskflow_api_etl.py
[2023-12-27 17:05:41,118] {processor.py:641} INFO - Processing file /opt/conda/lib/python3.8/site-packages/airflow/example_dags/tutorial_taskflow_api_etl.py for tasks to queue
[2023-12-27 17:05:41,118] {logging_mixin.py:115} INFO - [2023-12-27 17:05:41,118] {dagbag.py:508} INFO - Filling up the DagBag from /opt/conda/lib/python3.8/site-packages/airflow/example_dags/tutorial_taskflow_api_etl.py
[2023-12-27 17:05:41,239] {processor.py:651} INFO - DAG(s) dict_keys(['tutorial_taskflow_api_etl']) retrieved from /opt/conda/lib/python3.8/site-packages/airflow/example_dags/tutorial_taskflow_api_etl.py
[2023-12-27 17:05:41,261] {logging_mixin.py:115} INFO - [2023-12-27 17:05:41,261] {dag.py:2420} INFO - Sync 1 DAGs
[2023-12-27 17:05:41,283] {logging_mixin.py:115} INFO - [2023-12-27 17:05:41,283] {dag.py:2968} INFO - Setting next_dagrun for tutorial_taskflow_api_etl to None, run_after=None
[2023-12-27 17:05:41,322] {processor.py:161} INFO - Processing /opt/conda/lib/python3.8/site-packages/airflow/example_dags/tutorial_taskflow_api_etl.py took 0.207 seconds
[2023-12-27 17:06:50,055] {processor.py:153} INFO - Started process (PID=3583) to work on /opt/conda/lib/python3.8/site-packages/airflow/example_dags/tutorial_taskflow_api_etl.py
[2023-12-27 17:06:50,055] {processor.py:641} INFO - Processing file /opt/conda/lib/python3.8/site-packages/airflow/example_dags/tutorial_taskflow_api_etl.py for tasks to queue
[2023-12-27 17:06:50,056] {logging_mixin.py:115} INFO - [2023-12-27 17:06:50,056] {dagbag.py:508} INFO - Filling up the DagBag from /opt/conda/lib/python3.8/site-packages/airflow/example_dags/tutorial_taskflow_api_etl.py
[2023-12-27 17:06:50,073] {processor.py:651} INFO - DAG(s) dict_keys(['tutorial_taskflow_api_etl']) retrieved from /opt/conda/lib/python3.8/site-packages/airflow/example_dags/tutorial_taskflow_api_etl.py
[2023-12-27 17:06:50,135] {logging_mixin.py:115} INFO - [2023-12-27 17:06:50,135] {dag.py:2420} INFO - Sync 1 DAGs
[2023-12-27 17:06:50,160] {logging_mixin.py:115} INFO - [2023-12-27 17:06:50,160] {dag.py:2968} INFO - Setting next_dagrun for tutorial_taskflow_api_etl to None, run_after=None
[2023-12-27 17:06:50,194] {processor.py:161} INFO - Processing /opt/conda/lib/python3.8/site-packages/airflow/example_dags/tutorial_taskflow_api_etl.py took 0.142 seconds
[2023-12-27 17:07:54,389] {processor.py:153} INFO - Started process (PID=3710) to work on /opt/conda/lib/python3.8/site-packages/airflow/example_dags/tutorial_taskflow_api_etl.py
[2023-12-27 17:07:54,390] {processor.py:641} INFO - Processing file /opt/conda/lib/python3.8/site-packages/airflow/example_dags/tutorial_taskflow_api_etl.py for tasks to queue
[2023-12-27 17:07:54,390] {logging_mixin.py:115} INFO - [2023-12-27 17:07:54,390] {dagbag.py:508} INFO - Filling up the DagBag from /opt/conda/lib/python3.8/site-packages/airflow/example_dags/tutorial_taskflow_api_etl.py
[2023-12-27 17:07:54,406] {processor.py:651} INFO - DAG(s) dict_keys(['tutorial_taskflow_api_etl']) retrieved from /opt/conda/lib/python3.8/site-packages/airflow/example_dags/tutorial_taskflow_api_etl.py
[2023-12-27 17:07:54,473] {logging_mixin.py:115} INFO - [2023-12-27 17:07:54,473] {dag.py:2420} INFO - Sync 1 DAGs
[2023-12-27 17:07:54,497] {logging_mixin.py:115} INFO - [2023-12-27 17:07:54,497] {dag.py:2968} INFO - Setting next_dagrun for tutorial_taskflow_api_etl to None, run_after=None
[2023-12-27 17:07:54,539] {processor.py:161} INFO - Processing /opt/conda/lib/python3.8/site-packages/airflow/example_dags/tutorial_taskflow_api_etl.py took 0.152 seconds
[2023-12-27 17:09:00,023] {processor.py:153} INFO - Started process (PID=3829) to work on /opt/conda/lib/python3.8/site-packages/airflow/example_dags/tutorial_taskflow_api_etl.py
[2023-12-27 17:09:00,023] {processor.py:641} INFO - Processing file /opt/conda/lib/python3.8/site-packages/airflow/example_dags/tutorial_taskflow_api_etl.py for tasks to queue
[2023-12-27 17:09:00,024] {logging_mixin.py:115} INFO - [2023-12-27 17:09:00,024] {dagbag.py:508} INFO - Filling up the DagBag from /opt/conda/lib/python3.8/site-packages/airflow/example_dags/tutorial_taskflow_api_etl.py
[2023-12-27 17:09:00,042] {processor.py:651} INFO - DAG(s) dict_keys(['tutorial_taskflow_api_etl']) retrieved from /opt/conda/lib/python3.8/site-packages/airflow/example_dags/tutorial_taskflow_api_etl.py
[2023-12-27 17:09:00,076] {logging_mixin.py:115} INFO - [2023-12-27 17:09:00,076] {dag.py:2420} INFO - Sync 1 DAGs
[2023-12-27 17:09:00,103] {logging_mixin.py:115} INFO - [2023-12-27 17:09:00,103] {dag.py:2968} INFO - Setting next_dagrun for tutorial_taskflow_api_etl to None, run_after=None
[2023-12-27 17:09:00,145] {processor.py:161} INFO - Processing /opt/conda/lib/python3.8/site-packages/airflow/example_dags/tutorial_taskflow_api_etl.py took 0.125 seconds
[2023-12-27 17:10:03,938] {processor.py:153} INFO - Started process (PID=3943) to work on /opt/conda/lib/python3.8/site-packages/airflow/example_dags/tutorial_taskflow_api_etl.py
[2023-12-27 17:10:03,939] {processor.py:641} INFO - Processing file /opt/conda/lib/python3.8/site-packages/airflow/example_dags/tutorial_taskflow_api_etl.py for tasks to queue
[2023-12-27 17:10:03,939] {logging_mixin.py:115} INFO - [2023-12-27 17:10:03,939] {dagbag.py:508} INFO - Filling up the DagBag from /opt/conda/lib/python3.8/site-packages/airflow/example_dags/tutorial_taskflow_api_etl.py
[2023-12-27 17:10:03,956] {processor.py:651} INFO - DAG(s) dict_keys(['tutorial_taskflow_api_etl']) retrieved from /opt/conda/lib/python3.8/site-packages/airflow/example_dags/tutorial_taskflow_api_etl.py
[2023-12-27 17:10:03,981] {logging_mixin.py:115} INFO - [2023-12-27 17:10:03,981] {dag.py:2420} INFO - Sync 1 DAGs
[2023-12-27 17:10:04,006] {logging_mixin.py:115} INFO - [2023-12-27 17:10:04,006] {dag.py:2968} INFO - Setting next_dagrun for tutorial_taskflow_api_etl to None, run_after=None
[2023-12-27 17:10:04,044] {processor.py:161} INFO - Processing /opt/conda/lib/python3.8/site-packages/airflow/example_dags/tutorial_taskflow_api_etl.py took 0.109 seconds
[2023-12-27 17:11:05,833] {processor.py:153} INFO - Started process (PID=4056) to work on /opt/conda/lib/python3.8/site-packages/airflow/example_dags/tutorial_taskflow_api_etl.py
[2023-12-27 17:11:05,833] {processor.py:641} INFO - Processing file /opt/conda/lib/python3.8/site-packages/airflow/example_dags/tutorial_taskflow_api_etl.py for tasks to queue
[2023-12-27 17:11:05,834] {logging_mixin.py:115} INFO - [2023-12-27 17:11:05,834] {dagbag.py:508} INFO - Filling up the DagBag from /opt/conda/lib/python3.8/site-packages/airflow/example_dags/tutorial_taskflow_api_etl.py
[2023-12-27 17:11:05,853] {processor.py:651} INFO - DAG(s) dict_keys(['tutorial_taskflow_api_etl']) retrieved from /opt/conda/lib/python3.8/site-packages/airflow/example_dags/tutorial_taskflow_api_etl.py
[2023-12-27 17:11:05,921] {logging_mixin.py:115} INFO - [2023-12-27 17:11:05,920] {dag.py:2420} INFO - Sync 1 DAGs
[2023-12-27 17:11:05,945] {logging_mixin.py:115} INFO - [2023-12-27 17:11:05,945] {dag.py:2968} INFO - Setting next_dagrun for tutorial_taskflow_api_etl to None, run_after=None
[2023-12-27 17:11:05,986] {processor.py:161} INFO - Processing /opt/conda/lib/python3.8/site-packages/airflow/example_dags/tutorial_taskflow_api_etl.py took 0.157 seconds
[2023-12-27 17:12:13,604] {processor.py:153} INFO - Started process (PID=4180) to work on /opt/conda/lib/python3.8/site-packages/airflow/example_dags/tutorial_taskflow_api_etl.py
[2023-12-27 17:12:13,605] {processor.py:641} INFO - Processing file /opt/conda/lib/python3.8/site-packages/airflow/example_dags/tutorial_taskflow_api_etl.py for tasks to queue
[2023-12-27 17:12:13,605] {logging_mixin.py:115} INFO - [2023-12-27 17:12:13,605] {dagbag.py:508} INFO - Filling up the DagBag from /opt/conda/lib/python3.8/site-packages/airflow/example_dags/tutorial_taskflow_api_etl.py
[2023-12-27 17:12:13,623] {processor.py:651} INFO - DAG(s) dict_keys(['tutorial_taskflow_api_etl']) retrieved from /opt/conda/lib/python3.8/site-packages/airflow/example_dags/tutorial_taskflow_api_etl.py
[2023-12-27 17:12:13,688] {logging_mixin.py:115} INFO - [2023-12-27 17:12:13,688] {dag.py:2420} INFO - Sync 1 DAGs
[2023-12-27 17:12:13,713] {logging_mixin.py:115} INFO - [2023-12-27 17:12:13,713] {dag.py:2968} INFO - Setting next_dagrun for tutorial_taskflow_api_etl to None, run_after=None
[2023-12-27 17:12:13,753] {processor.py:161} INFO - Processing /opt/conda/lib/python3.8/site-packages/airflow/example_dags/tutorial_taskflow_api_etl.py took 0.153 seconds
[2023-12-27 17:15:58,421] {processor.py:153} INFO - Started process (PID=4474) to work on /opt/conda/lib/python3.8/site-packages/airflow/example_dags/tutorial_taskflow_api_etl.py
[2023-12-27 17:15:58,421] {processor.py:641} INFO - Processing file /opt/conda/lib/python3.8/site-packages/airflow/example_dags/tutorial_taskflow_api_etl.py for tasks to queue
[2023-12-27 17:15:58,421] {logging_mixin.py:115} INFO - [2023-12-27 17:15:58,421] {dagbag.py:508} INFO - Filling up the DagBag from /opt/conda/lib/python3.8/site-packages/airflow/example_dags/tutorial_taskflow_api_etl.py
[2023-12-27 17:15:58,553] {processor.py:651} INFO - DAG(s) dict_keys(['tutorial_taskflow_api_etl']) retrieved from /opt/conda/lib/python3.8/site-packages/airflow/example_dags/tutorial_taskflow_api_etl.py
[2023-12-27 17:15:58,608] {logging_mixin.py:115} INFO - [2023-12-27 17:15:58,608] {dag.py:2420} INFO - Sync 1 DAGs
[2023-12-27 17:15:58,631] {logging_mixin.py:115} INFO - [2023-12-27 17:15:58,631] {dag.py:2968} INFO - Setting next_dagrun for tutorial_taskflow_api_etl to None, run_after=None
[2023-12-27 17:15:58,674] {processor.py:161} INFO - Processing /opt/conda/lib/python3.8/site-packages/airflow/example_dags/tutorial_taskflow_api_etl.py took 0.256 seconds
[2023-12-27 17:17:59,424] {processor.py:153} INFO - Started process (PID=4772) to work on /opt/conda/lib/python3.8/site-packages/airflow/example_dags/tutorial_taskflow_api_etl.py
[2023-12-27 17:17:59,424] {processor.py:641} INFO - Processing file /opt/conda/lib/python3.8/site-packages/airflow/example_dags/tutorial_taskflow_api_etl.py for tasks to queue
[2023-12-27 17:17:59,424] {logging_mixin.py:115} INFO - [2023-12-27 17:17:59,424] {dagbag.py:508} INFO - Filling up the DagBag from /opt/conda/lib/python3.8/site-packages/airflow/example_dags/tutorial_taskflow_api_etl.py
[2023-12-27 17:17:59,538] {processor.py:651} INFO - DAG(s) dict_keys(['tutorial_taskflow_api_etl']) retrieved from /opt/conda/lib/python3.8/site-packages/airflow/example_dags/tutorial_taskflow_api_etl.py
[2023-12-27 17:17:59,595] {logging_mixin.py:115} INFO - [2023-12-27 17:17:59,594] {dag.py:2420} INFO - Sync 1 DAGs
[2023-12-27 17:17:59,617] {logging_mixin.py:115} INFO - [2023-12-27 17:17:59,617] {dag.py:2968} INFO - Setting next_dagrun for tutorial_taskflow_api_etl to None, run_after=None
[2023-12-27 17:17:59,658] {processor.py:161} INFO - Processing /opt/conda/lib/python3.8/site-packages/airflow/example_dags/tutorial_taskflow_api_etl.py took 0.237 seconds
[2023-12-27 17:19:29,788] {processor.py:153} INFO - Started process (PID=4982) to work on /opt/conda/lib/python3.8/site-packages/airflow/example_dags/tutorial_taskflow_api_etl.py
[2023-12-27 17:19:29,789] {processor.py:641} INFO - Processing file /opt/conda/lib/python3.8/site-packages/airflow/example_dags/tutorial_taskflow_api_etl.py for tasks to queue
[2023-12-27 17:19:29,789] {logging_mixin.py:115} INFO - [2023-12-27 17:19:29,789] {dagbag.py:508} INFO - Filling up the DagBag from /opt/conda/lib/python3.8/site-packages/airflow/example_dags/tutorial_taskflow_api_etl.py
[2023-12-27 17:19:29,924] {processor.py:651} INFO - DAG(s) dict_keys(['tutorial_taskflow_api_etl']) retrieved from /opt/conda/lib/python3.8/site-packages/airflow/example_dags/tutorial_taskflow_api_etl.py
[2023-12-27 17:19:29,944] {logging_mixin.py:115} INFO - [2023-12-27 17:19:29,944] {dag.py:2420} INFO - Sync 1 DAGs
[2023-12-27 17:19:29,964] {logging_mixin.py:115} INFO - [2023-12-27 17:19:29,964] {dag.py:2968} INFO - Setting next_dagrun for tutorial_taskflow_api_etl to None, run_after=None
[2023-12-27 17:19:30,001] {processor.py:161} INFO - Processing /opt/conda/lib/python3.8/site-packages/airflow/example_dags/tutorial_taskflow_api_etl.py took 0.216 seconds
[2023-12-27 17:20:39,304] {processor.py:153} INFO - Started process (PID=5110) to work on /opt/conda/lib/python3.8/site-packages/airflow/example_dags/tutorial_taskflow_api_etl.py
[2023-12-27 17:20:39,304] {processor.py:641} INFO - Processing file /opt/conda/lib/python3.8/site-packages/airflow/example_dags/tutorial_taskflow_api_etl.py for tasks to queue
[2023-12-27 17:20:39,305] {logging_mixin.py:115} INFO - [2023-12-27 17:20:39,305] {dagbag.py:508} INFO - Filling up the DagBag from /opt/conda/lib/python3.8/site-packages/airflow/example_dags/tutorial_taskflow_api_etl.py
[2023-12-27 17:20:39,323] {processor.py:651} INFO - DAG(s) dict_keys(['tutorial_taskflow_api_etl']) retrieved from /opt/conda/lib/python3.8/site-packages/airflow/example_dags/tutorial_taskflow_api_etl.py
[2023-12-27 17:20:39,399] {logging_mixin.py:115} INFO - [2023-12-27 17:20:39,399] {dag.py:2420} INFO - Sync 1 DAGs
[2023-12-27 17:20:39,423] {logging_mixin.py:115} INFO - [2023-12-27 17:20:39,422] {dag.py:2968} INFO - Setting next_dagrun for tutorial_taskflow_api_etl to None, run_after=None
[2023-12-27 17:20:39,462] {processor.py:161} INFO - Processing /opt/conda/lib/python3.8/site-packages/airflow/example_dags/tutorial_taskflow_api_etl.py took 0.162 seconds
[2023-12-27 17:21:47,646] {processor.py:153} INFO - Started process (PID=5247) to work on /opt/conda/lib/python3.8/site-packages/airflow/example_dags/tutorial_taskflow_api_etl.py
[2023-12-27 17:21:47,646] {processor.py:641} INFO - Processing file /opt/conda/lib/python3.8/site-packages/airflow/example_dags/tutorial_taskflow_api_etl.py for tasks to queue
[2023-12-27 17:21:47,647] {logging_mixin.py:115} INFO - [2023-12-27 17:21:47,647] {dagbag.py:508} INFO - Filling up the DagBag from /opt/conda/lib/python3.8/site-packages/airflow/example_dags/tutorial_taskflow_api_etl.py
[2023-12-27 17:21:47,663] {processor.py:651} INFO - DAG(s) dict_keys(['tutorial_taskflow_api_etl']) retrieved from /opt/conda/lib/python3.8/site-packages/airflow/example_dags/tutorial_taskflow_api_etl.py
[2023-12-27 17:21:47,727] {logging_mixin.py:115} INFO - [2023-12-27 17:21:47,727] {dag.py:2420} INFO - Sync 1 DAGs
[2023-12-27 17:21:47,749] {logging_mixin.py:115} INFO - [2023-12-27 17:21:47,749] {dag.py:2968} INFO - Setting next_dagrun for tutorial_taskflow_api_etl to None, run_after=None
[2023-12-27 17:21:47,791] {processor.py:161} INFO - Processing /opt/conda/lib/python3.8/site-packages/airflow/example_dags/tutorial_taskflow_api_etl.py took 0.148 seconds
