[2023-12-27 07:10:57,844] {processor.py:153} INFO - Started process (PID=1099) to work on /home/airflow/dags/Lead_scoring_training_pipeline/.ipynb_checkpoints/constants-checkpoint.py
[2023-12-27 07:10:57,844] {processor.py:641} INFO - Processing file /home/airflow/dags/Lead_scoring_training_pipeline/.ipynb_checkpoints/constants-checkpoint.py for tasks to queue
[2023-12-27 07:10:57,845] {logging_mixin.py:115} INFO - [2023-12-27 07:10:57,844] {dagbag.py:508} INFO - Filling up the DagBag from /home/airflow/dags/Lead_scoring_training_pipeline/.ipynb_checkpoints/constants-checkpoint.py
[2023-12-27 07:10:57,853] {processor.py:653} WARNING - No viable dags retrieved from /home/airflow/dags/Lead_scoring_training_pipeline/.ipynb_checkpoints/constants-checkpoint.py
[2023-12-27 07:10:57,990] {processor.py:161} INFO - Processing /home/airflow/dags/Lead_scoring_training_pipeline/.ipynb_checkpoints/constants-checkpoint.py took 0.149 seconds
[2023-12-27 07:12:36,476] {processor.py:153} INFO - Started process (PID=1323) to work on /home/airflow/dags/Lead_scoring_training_pipeline/.ipynb_checkpoints/constants-checkpoint.py
[2023-12-27 07:12:36,476] {processor.py:641} INFO - Processing file /home/airflow/dags/Lead_scoring_training_pipeline/.ipynb_checkpoints/constants-checkpoint.py for tasks to queue
[2023-12-27 07:12:36,477] {logging_mixin.py:115} INFO - [2023-12-27 07:12:36,477] {dagbag.py:508} INFO - Filling up the DagBag from /home/airflow/dags/Lead_scoring_training_pipeline/.ipynb_checkpoints/constants-checkpoint.py
[2023-12-27 07:12:36,479] {processor.py:653} WARNING - No viable dags retrieved from /home/airflow/dags/Lead_scoring_training_pipeline/.ipynb_checkpoints/constants-checkpoint.py
[2023-12-27 07:12:36,601] {processor.py:161} INFO - Processing /home/airflow/dags/Lead_scoring_training_pipeline/.ipynb_checkpoints/constants-checkpoint.py took 0.128 seconds
[2023-12-27 15:35:39,181] {processor.py:153} INFO - Started process (PID=1051) to work on /home/airflow/dags/Lead_scoring_training_pipeline/.ipynb_checkpoints/constants-checkpoint.py
[2023-12-27 15:35:39,181] {processor.py:641} INFO - Processing file /home/airflow/dags/Lead_scoring_training_pipeline/.ipynb_checkpoints/constants-checkpoint.py for tasks to queue
[2023-12-27 15:35:39,182] {logging_mixin.py:115} INFO - [2023-12-27 15:35:39,181] {dagbag.py:508} INFO - Filling up the DagBag from /home/airflow/dags/Lead_scoring_training_pipeline/.ipynb_checkpoints/constants-checkpoint.py
[2023-12-27 15:35:39,183] {processor.py:653} WARNING - No viable dags retrieved from /home/airflow/dags/Lead_scoring_training_pipeline/.ipynb_checkpoints/constants-checkpoint.py
[2023-12-27 15:35:39,322] {processor.py:161} INFO - Processing /home/airflow/dags/Lead_scoring_training_pipeline/.ipynb_checkpoints/constants-checkpoint.py took 0.144 seconds
[2023-12-27 15:36:33,784] {processor.py:153} INFO - Started process (PID=1125) to work on /home/airflow/dags/Lead_scoring_training_pipeline/.ipynb_checkpoints/constants-checkpoint.py
[2023-12-27 15:36:33,785] {processor.py:641} INFO - Processing file /home/airflow/dags/Lead_scoring_training_pipeline/.ipynb_checkpoints/constants-checkpoint.py for tasks to queue
[2023-12-27 15:36:33,785] {logging_mixin.py:115} INFO - [2023-12-27 15:36:33,785] {dagbag.py:508} INFO - Filling up the DagBag from /home/airflow/dags/Lead_scoring_training_pipeline/.ipynb_checkpoints/constants-checkpoint.py
[2023-12-27 15:36:33,788] {processor.py:653} WARNING - No viable dags retrieved from /home/airflow/dags/Lead_scoring_training_pipeline/.ipynb_checkpoints/constants-checkpoint.py
[2023-12-27 15:36:33,926] {processor.py:161} INFO - Processing /home/airflow/dags/Lead_scoring_training_pipeline/.ipynb_checkpoints/constants-checkpoint.py took 0.145 seconds
[2023-12-27 15:37:29,519] {processor.py:153} INFO - Started process (PID=1257) to work on /home/airflow/dags/Lead_scoring_training_pipeline/.ipynb_checkpoints/constants-checkpoint.py
[2023-12-27 15:37:29,519] {processor.py:641} INFO - Processing file /home/airflow/dags/Lead_scoring_training_pipeline/.ipynb_checkpoints/constants-checkpoint.py for tasks to queue
[2023-12-27 15:37:29,520] {logging_mixin.py:115} INFO - [2023-12-27 15:37:29,520] {dagbag.py:508} INFO - Filling up the DagBag from /home/airflow/dags/Lead_scoring_training_pipeline/.ipynb_checkpoints/constants-checkpoint.py
[2023-12-27 15:37:29,522] {processor.py:653} WARNING - No viable dags retrieved from /home/airflow/dags/Lead_scoring_training_pipeline/.ipynb_checkpoints/constants-checkpoint.py
[2023-12-27 15:37:29,658] {processor.py:161} INFO - Processing /home/airflow/dags/Lead_scoring_training_pipeline/.ipynb_checkpoints/constants-checkpoint.py took 0.143 seconds
[2023-12-27 15:38:25,003] {processor.py:153} INFO - Started process (PID=1331) to work on /home/airflow/dags/Lead_scoring_training_pipeline/.ipynb_checkpoints/constants-checkpoint.py
[2023-12-27 15:38:25,004] {processor.py:641} INFO - Processing file /home/airflow/dags/Lead_scoring_training_pipeline/.ipynb_checkpoints/constants-checkpoint.py for tasks to queue
[2023-12-27 15:38:25,004] {logging_mixin.py:115} INFO - [2023-12-27 15:38:25,004] {dagbag.py:508} INFO - Filling up the DagBag from /home/airflow/dags/Lead_scoring_training_pipeline/.ipynb_checkpoints/constants-checkpoint.py
[2023-12-27 15:38:25,006] {processor.py:653} WARNING - No viable dags retrieved from /home/airflow/dags/Lead_scoring_training_pipeline/.ipynb_checkpoints/constants-checkpoint.py
[2023-12-27 15:38:25,143] {processor.py:161} INFO - Processing /home/airflow/dags/Lead_scoring_training_pipeline/.ipynb_checkpoints/constants-checkpoint.py took 0.143 seconds
[2023-12-27 15:39:20,887] {processor.py:153} INFO - Started process (PID=1410) to work on /home/airflow/dags/Lead_scoring_training_pipeline/.ipynb_checkpoints/constants-checkpoint.py
[2023-12-27 15:39:20,887] {processor.py:641} INFO - Processing file /home/airflow/dags/Lead_scoring_training_pipeline/.ipynb_checkpoints/constants-checkpoint.py for tasks to queue
[2023-12-27 15:39:20,888] {logging_mixin.py:115} INFO - [2023-12-27 15:39:20,888] {dagbag.py:508} INFO - Filling up the DagBag from /home/airflow/dags/Lead_scoring_training_pipeline/.ipynb_checkpoints/constants-checkpoint.py
[2023-12-27 15:39:20,889] {processor.py:653} WARNING - No viable dags retrieved from /home/airflow/dags/Lead_scoring_training_pipeline/.ipynb_checkpoints/constants-checkpoint.py
[2023-12-27 15:39:21,031] {processor.py:161} INFO - Processing /home/airflow/dags/Lead_scoring_training_pipeline/.ipynb_checkpoints/constants-checkpoint.py took 0.148 seconds
[2023-12-27 15:40:17,942] {processor.py:153} INFO - Started process (PID=1563) to work on /home/airflow/dags/Lead_scoring_training_pipeline/.ipynb_checkpoints/constants-checkpoint.py
[2023-12-27 15:40:17,943] {processor.py:641} INFO - Processing file /home/airflow/dags/Lead_scoring_training_pipeline/.ipynb_checkpoints/constants-checkpoint.py for tasks to queue
[2023-12-27 15:40:17,943] {logging_mixin.py:115} INFO - [2023-12-27 15:40:17,943] {dagbag.py:508} INFO - Filling up the DagBag from /home/airflow/dags/Lead_scoring_training_pipeline/.ipynb_checkpoints/constants-checkpoint.py
[2023-12-27 15:40:17,945] {processor.py:653} WARNING - No viable dags retrieved from /home/airflow/dags/Lead_scoring_training_pipeline/.ipynb_checkpoints/constants-checkpoint.py
[2023-12-27 15:40:18,087] {processor.py:161} INFO - Processing /home/airflow/dags/Lead_scoring_training_pipeline/.ipynb_checkpoints/constants-checkpoint.py took 0.148 seconds
[2023-12-27 15:41:07,987] {processor.py:153} INFO - Started process (PID=1677) to work on /home/airflow/dags/Lead_scoring_training_pipeline/.ipynb_checkpoints/constants-checkpoint.py
[2023-12-27 15:41:07,987] {processor.py:641} INFO - Processing file /home/airflow/dags/Lead_scoring_training_pipeline/.ipynb_checkpoints/constants-checkpoint.py for tasks to queue
[2023-12-27 15:41:07,988] {logging_mixin.py:115} INFO - [2023-12-27 15:41:07,988] {dagbag.py:508} INFO - Filling up the DagBag from /home/airflow/dags/Lead_scoring_training_pipeline/.ipynb_checkpoints/constants-checkpoint.py
[2023-12-27 15:41:07,990] {processor.py:653} WARNING - No viable dags retrieved from /home/airflow/dags/Lead_scoring_training_pipeline/.ipynb_checkpoints/constants-checkpoint.py
[2023-12-27 15:41:08,018] {processor.py:161} INFO - Processing /home/airflow/dags/Lead_scoring_training_pipeline/.ipynb_checkpoints/constants-checkpoint.py took 0.034 seconds
[2023-12-27 15:41:57,175] {processor.py:153} INFO - Started process (PID=1747) to work on /home/airflow/dags/Lead_scoring_training_pipeline/.ipynb_checkpoints/constants-checkpoint.py
[2023-12-27 15:41:57,176] {processor.py:641} INFO - Processing file /home/airflow/dags/Lead_scoring_training_pipeline/.ipynb_checkpoints/constants-checkpoint.py for tasks to queue
[2023-12-27 15:41:57,176] {logging_mixin.py:115} INFO - [2023-12-27 15:41:57,176] {dagbag.py:508} INFO - Filling up the DagBag from /home/airflow/dags/Lead_scoring_training_pipeline/.ipynb_checkpoints/constants-checkpoint.py
[2023-12-27 15:41:57,178] {processor.py:653} WARNING - No viable dags retrieved from /home/airflow/dags/Lead_scoring_training_pipeline/.ipynb_checkpoints/constants-checkpoint.py
[2023-12-27 15:41:57,208] {processor.py:161} INFO - Processing /home/airflow/dags/Lead_scoring_training_pipeline/.ipynb_checkpoints/constants-checkpoint.py took 0.036 seconds
[2023-12-27 15:42:43,962] {processor.py:153} INFO - Started process (PID=1816) to work on /home/airflow/dags/Lead_scoring_training_pipeline/.ipynb_checkpoints/constants-checkpoint.py
[2023-12-27 15:42:43,963] {processor.py:641} INFO - Processing file /home/airflow/dags/Lead_scoring_training_pipeline/.ipynb_checkpoints/constants-checkpoint.py for tasks to queue
[2023-12-27 15:42:43,963] {logging_mixin.py:115} INFO - [2023-12-27 15:42:43,963] {dagbag.py:508} INFO - Filling up the DagBag from /home/airflow/dags/Lead_scoring_training_pipeline/.ipynb_checkpoints/constants-checkpoint.py
[2023-12-27 15:42:43,965] {processor.py:653} WARNING - No viable dags retrieved from /home/airflow/dags/Lead_scoring_training_pipeline/.ipynb_checkpoints/constants-checkpoint.py
[2023-12-27 15:42:43,992] {processor.py:161} INFO - Processing /home/airflow/dags/Lead_scoring_training_pipeline/.ipynb_checkpoints/constants-checkpoint.py took 0.033 seconds
[2023-12-27 15:43:31,699] {processor.py:153} INFO - Started process (PID=1885) to work on /home/airflow/dags/Lead_scoring_training_pipeline/.ipynb_checkpoints/constants-checkpoint.py
[2023-12-27 15:43:31,700] {processor.py:641} INFO - Processing file /home/airflow/dags/Lead_scoring_training_pipeline/.ipynb_checkpoints/constants-checkpoint.py for tasks to queue
[2023-12-27 15:43:31,700] {logging_mixin.py:115} INFO - [2023-12-27 15:43:31,700] {dagbag.py:508} INFO - Filling up the DagBag from /home/airflow/dags/Lead_scoring_training_pipeline/.ipynb_checkpoints/constants-checkpoint.py
[2023-12-27 15:43:31,702] {processor.py:653} WARNING - No viable dags retrieved from /home/airflow/dags/Lead_scoring_training_pipeline/.ipynb_checkpoints/constants-checkpoint.py
[2023-12-27 15:43:31,733] {processor.py:161} INFO - Processing /home/airflow/dags/Lead_scoring_training_pipeline/.ipynb_checkpoints/constants-checkpoint.py took 0.037 seconds
[2023-12-27 15:44:20,460] {processor.py:153} INFO - Started process (PID=1955) to work on /home/airflow/dags/Lead_scoring_training_pipeline/.ipynb_checkpoints/constants-checkpoint.py
[2023-12-27 15:44:20,460] {processor.py:641} INFO - Processing file /home/airflow/dags/Lead_scoring_training_pipeline/.ipynb_checkpoints/constants-checkpoint.py for tasks to queue
[2023-12-27 15:44:20,461] {logging_mixin.py:115} INFO - [2023-12-27 15:44:20,461] {dagbag.py:508} INFO - Filling up the DagBag from /home/airflow/dags/Lead_scoring_training_pipeline/.ipynb_checkpoints/constants-checkpoint.py
[2023-12-27 15:44:20,463] {processor.py:653} WARNING - No viable dags retrieved from /home/airflow/dags/Lead_scoring_training_pipeline/.ipynb_checkpoints/constants-checkpoint.py
[2023-12-27 15:44:20,492] {processor.py:161} INFO - Processing /home/airflow/dags/Lead_scoring_training_pipeline/.ipynb_checkpoints/constants-checkpoint.py took 0.035 seconds
[2023-12-27 15:45:09,364] {processor.py:153} INFO - Started process (PID=2025) to work on /home/airflow/dags/Lead_scoring_training_pipeline/.ipynb_checkpoints/constants-checkpoint.py
[2023-12-27 15:45:09,364] {processor.py:641} INFO - Processing file /home/airflow/dags/Lead_scoring_training_pipeline/.ipynb_checkpoints/constants-checkpoint.py for tasks to queue
[2023-12-27 15:45:09,364] {logging_mixin.py:115} INFO - [2023-12-27 15:45:09,364] {dagbag.py:508} INFO - Filling up the DagBag from /home/airflow/dags/Lead_scoring_training_pipeline/.ipynb_checkpoints/constants-checkpoint.py
[2023-12-27 15:45:09,366] {processor.py:653} WARNING - No viable dags retrieved from /home/airflow/dags/Lead_scoring_training_pipeline/.ipynb_checkpoints/constants-checkpoint.py
[2023-12-27 15:45:09,391] {processor.py:161} INFO - Processing /home/airflow/dags/Lead_scoring_training_pipeline/.ipynb_checkpoints/constants-checkpoint.py took 0.031 seconds
[2023-12-27 15:45:58,136] {processor.py:153} INFO - Started process (PID=2095) to work on /home/airflow/dags/Lead_scoring_training_pipeline/.ipynb_checkpoints/constants-checkpoint.py
[2023-12-27 15:45:58,137] {processor.py:641} INFO - Processing file /home/airflow/dags/Lead_scoring_training_pipeline/.ipynb_checkpoints/constants-checkpoint.py for tasks to queue
[2023-12-27 15:45:58,137] {logging_mixin.py:115} INFO - [2023-12-27 15:45:58,137] {dagbag.py:508} INFO - Filling up the DagBag from /home/airflow/dags/Lead_scoring_training_pipeline/.ipynb_checkpoints/constants-checkpoint.py
[2023-12-27 15:45:58,139] {processor.py:653} WARNING - No viable dags retrieved from /home/airflow/dags/Lead_scoring_training_pipeline/.ipynb_checkpoints/constants-checkpoint.py
[2023-12-27 15:45:58,167] {processor.py:161} INFO - Processing /home/airflow/dags/Lead_scoring_training_pipeline/.ipynb_checkpoints/constants-checkpoint.py took 0.034 seconds
[2023-12-27 15:46:42,576] {processor.py:153} INFO - Started process (PID=2163) to work on /home/airflow/dags/Lead_scoring_training_pipeline/.ipynb_checkpoints/constants-checkpoint.py
[2023-12-27 15:46:42,576] {processor.py:641} INFO - Processing file /home/airflow/dags/Lead_scoring_training_pipeline/.ipynb_checkpoints/constants-checkpoint.py for tasks to queue
[2023-12-27 15:46:42,577] {logging_mixin.py:115} INFO - [2023-12-27 15:46:42,577] {dagbag.py:508} INFO - Filling up the DagBag from /home/airflow/dags/Lead_scoring_training_pipeline/.ipynb_checkpoints/constants-checkpoint.py
[2023-12-27 15:46:42,578] {processor.py:653} WARNING - No viable dags retrieved from /home/airflow/dags/Lead_scoring_training_pipeline/.ipynb_checkpoints/constants-checkpoint.py
[2023-12-27 15:46:42,608] {processor.py:161} INFO - Processing /home/airflow/dags/Lead_scoring_training_pipeline/.ipynb_checkpoints/constants-checkpoint.py took 0.036 seconds
[2023-12-27 15:47:30,007] {processor.py:153} INFO - Started process (PID=2232) to work on /home/airflow/dags/Lead_scoring_training_pipeline/.ipynb_checkpoints/constants-checkpoint.py
[2023-12-27 15:47:30,007] {processor.py:641} INFO - Processing file /home/airflow/dags/Lead_scoring_training_pipeline/.ipynb_checkpoints/constants-checkpoint.py for tasks to queue
[2023-12-27 15:47:30,007] {logging_mixin.py:115} INFO - [2023-12-27 15:47:30,007] {dagbag.py:508} INFO - Filling up the DagBag from /home/airflow/dags/Lead_scoring_training_pipeline/.ipynb_checkpoints/constants-checkpoint.py
[2023-12-27 15:47:30,009] {processor.py:653} WARNING - No viable dags retrieved from /home/airflow/dags/Lead_scoring_training_pipeline/.ipynb_checkpoints/constants-checkpoint.py
[2023-12-27 15:47:30,039] {processor.py:161} INFO - Processing /home/airflow/dags/Lead_scoring_training_pipeline/.ipynb_checkpoints/constants-checkpoint.py took 0.036 seconds
[2023-12-27 15:48:16,903] {processor.py:153} INFO - Started process (PID=2301) to work on /home/airflow/dags/Lead_scoring_training_pipeline/.ipynb_checkpoints/constants-checkpoint.py
[2023-12-27 15:48:16,904] {processor.py:641} INFO - Processing file /home/airflow/dags/Lead_scoring_training_pipeline/.ipynb_checkpoints/constants-checkpoint.py for tasks to queue
[2023-12-27 15:48:16,904] {logging_mixin.py:115} INFO - [2023-12-27 15:48:16,904] {dagbag.py:508} INFO - Filling up the DagBag from /home/airflow/dags/Lead_scoring_training_pipeline/.ipynb_checkpoints/constants-checkpoint.py
[2023-12-27 15:48:16,906] {processor.py:653} WARNING - No viable dags retrieved from /home/airflow/dags/Lead_scoring_training_pipeline/.ipynb_checkpoints/constants-checkpoint.py
[2023-12-27 15:48:16,935] {processor.py:161} INFO - Processing /home/airflow/dags/Lead_scoring_training_pipeline/.ipynb_checkpoints/constants-checkpoint.py took 0.035 seconds
[2023-12-27 17:01:19,844] {processor.py:153} INFO - Started process (PID=2913) to work on /home/airflow/dags/Lead_scoring_training_pipeline/.ipynb_checkpoints/constants-checkpoint.py
[2023-12-27 17:01:19,844] {processor.py:641} INFO - Processing file /home/airflow/dags/Lead_scoring_training_pipeline/.ipynb_checkpoints/constants-checkpoint.py for tasks to queue
[2023-12-27 17:01:19,845] {logging_mixin.py:115} INFO - [2023-12-27 17:01:19,845] {dagbag.py:508} INFO - Filling up the DagBag from /home/airflow/dags/Lead_scoring_training_pipeline/.ipynb_checkpoints/constants-checkpoint.py
[2023-12-27 17:01:19,847] {processor.py:653} WARNING - No viable dags retrieved from /home/airflow/dags/Lead_scoring_training_pipeline/.ipynb_checkpoints/constants-checkpoint.py
[2023-12-27 17:01:19,978] {processor.py:161} INFO - Processing /home/airflow/dags/Lead_scoring_training_pipeline/.ipynb_checkpoints/constants-checkpoint.py took 0.137 seconds
[2023-12-27 17:02:26,519] {processor.py:153} INFO - Started process (PID=3025) to work on /home/airflow/dags/Lead_scoring_training_pipeline/.ipynb_checkpoints/constants-checkpoint.py
[2023-12-27 17:02:26,519] {processor.py:641} INFO - Processing file /home/airflow/dags/Lead_scoring_training_pipeline/.ipynb_checkpoints/constants-checkpoint.py for tasks to queue
[2023-12-27 17:02:26,520] {logging_mixin.py:115} INFO - [2023-12-27 17:02:26,520] {dagbag.py:508} INFO - Filling up the DagBag from /home/airflow/dags/Lead_scoring_training_pipeline/.ipynb_checkpoints/constants-checkpoint.py
[2023-12-27 17:02:26,521] {processor.py:653} WARNING - No viable dags retrieved from /home/airflow/dags/Lead_scoring_training_pipeline/.ipynb_checkpoints/constants-checkpoint.py
[2023-12-27 17:02:26,653] {processor.py:161} INFO - Processing /home/airflow/dags/Lead_scoring_training_pipeline/.ipynb_checkpoints/constants-checkpoint.py took 0.137 seconds
[2023-12-27 17:03:42,079] {processor.py:153} INFO - Started process (PID=3261) to work on /home/airflow/dags/Lead_scoring_training_pipeline/.ipynb_checkpoints/constants-checkpoint.py
[2023-12-27 17:03:42,080] {processor.py:641} INFO - Processing file /home/airflow/dags/Lead_scoring_training_pipeline/.ipynb_checkpoints/constants-checkpoint.py for tasks to queue
[2023-12-27 17:03:42,080] {logging_mixin.py:115} INFO - [2023-12-27 17:03:42,080] {dagbag.py:508} INFO - Filling up the DagBag from /home/airflow/dags/Lead_scoring_training_pipeline/.ipynb_checkpoints/constants-checkpoint.py
[2023-12-27 17:03:42,083] {processor.py:653} WARNING - No viable dags retrieved from /home/airflow/dags/Lead_scoring_training_pipeline/.ipynb_checkpoints/constants-checkpoint.py
[2023-12-27 17:03:42,215] {processor.py:161} INFO - Processing /home/airflow/dags/Lead_scoring_training_pipeline/.ipynb_checkpoints/constants-checkpoint.py took 0.139 seconds
[2023-12-27 17:04:47,183] {processor.py:153} INFO - Started process (PID=3371) to work on /home/airflow/dags/Lead_scoring_training_pipeline/.ipynb_checkpoints/constants-checkpoint.py
[2023-12-27 17:04:47,184] {processor.py:641} INFO - Processing file /home/airflow/dags/Lead_scoring_training_pipeline/.ipynb_checkpoints/constants-checkpoint.py for tasks to queue
[2023-12-27 17:04:47,184] {logging_mixin.py:115} INFO - [2023-12-27 17:04:47,184] {dagbag.py:508} INFO - Filling up the DagBag from /home/airflow/dags/Lead_scoring_training_pipeline/.ipynb_checkpoints/constants-checkpoint.py
[2023-12-27 17:04:47,186] {processor.py:653} WARNING - No viable dags retrieved from /home/airflow/dags/Lead_scoring_training_pipeline/.ipynb_checkpoints/constants-checkpoint.py
[2023-12-27 17:04:47,320] {processor.py:161} INFO - Processing /home/airflow/dags/Lead_scoring_training_pipeline/.ipynb_checkpoints/constants-checkpoint.py took 0.140 seconds
[2023-12-27 17:06:03,419] {processor.py:153} INFO - Started process (PID=3512) to work on /home/airflow/dags/Lead_scoring_training_pipeline/.ipynb_checkpoints/constants-checkpoint.py
[2023-12-27 17:06:03,420] {processor.py:641} INFO - Processing file /home/airflow/dags/Lead_scoring_training_pipeline/.ipynb_checkpoints/constants-checkpoint.py for tasks to queue
[2023-12-27 17:06:03,420] {logging_mixin.py:115} INFO - [2023-12-27 17:06:03,420] {dagbag.py:508} INFO - Filling up the DagBag from /home/airflow/dags/Lead_scoring_training_pipeline/.ipynb_checkpoints/constants-checkpoint.py
[2023-12-27 17:06:03,422] {processor.py:653} WARNING - No viable dags retrieved from /home/airflow/dags/Lead_scoring_training_pipeline/.ipynb_checkpoints/constants-checkpoint.py
[2023-12-27 17:06:03,449] {processor.py:161} INFO - Processing /home/airflow/dags/Lead_scoring_training_pipeline/.ipynb_checkpoints/constants-checkpoint.py took 0.033 seconds
[2023-12-27 17:07:07,643] {processor.py:153} INFO - Started process (PID=3627) to work on /home/airflow/dags/Lead_scoring_training_pipeline/.ipynb_checkpoints/constants-checkpoint.py
[2023-12-27 17:07:07,644] {processor.py:641} INFO - Processing file /home/airflow/dags/Lead_scoring_training_pipeline/.ipynb_checkpoints/constants-checkpoint.py for tasks to queue
[2023-12-27 17:07:07,644] {logging_mixin.py:115} INFO - [2023-12-27 17:07:07,644] {dagbag.py:508} INFO - Filling up the DagBag from /home/airflow/dags/Lead_scoring_training_pipeline/.ipynb_checkpoints/constants-checkpoint.py
[2023-12-27 17:07:07,646] {processor.py:653} WARNING - No viable dags retrieved from /home/airflow/dags/Lead_scoring_training_pipeline/.ipynb_checkpoints/constants-checkpoint.py
[2023-12-27 17:07:07,677] {processor.py:161} INFO - Processing /home/airflow/dags/Lead_scoring_training_pipeline/.ipynb_checkpoints/constants-checkpoint.py took 0.037 seconds
[2023-12-27 17:08:11,520] {processor.py:153} INFO - Started process (PID=3754) to work on /home/airflow/dags/Lead_scoring_training_pipeline/.ipynb_checkpoints/constants-checkpoint.py
[2023-12-27 17:08:11,520] {processor.py:641} INFO - Processing file /home/airflow/dags/Lead_scoring_training_pipeline/.ipynb_checkpoints/constants-checkpoint.py for tasks to queue
[2023-12-27 17:08:11,521] {logging_mixin.py:115} INFO - [2023-12-27 17:08:11,521] {dagbag.py:508} INFO - Filling up the DagBag from /home/airflow/dags/Lead_scoring_training_pipeline/.ipynb_checkpoints/constants-checkpoint.py
[2023-12-27 17:08:11,522] {processor.py:653} WARNING - No viable dags retrieved from /home/airflow/dags/Lead_scoring_training_pipeline/.ipynb_checkpoints/constants-checkpoint.py
[2023-12-27 17:08:11,550] {processor.py:161} INFO - Processing /home/airflow/dags/Lead_scoring_training_pipeline/.ipynb_checkpoints/constants-checkpoint.py took 0.034 seconds
[2023-12-27 17:09:20,383] {processor.py:153} INFO - Started process (PID=3881) to work on /home/airflow/dags/Lead_scoring_training_pipeline/.ipynb_checkpoints/constants-checkpoint.py
[2023-12-27 17:09:20,383] {processor.py:641} INFO - Processing file /home/airflow/dags/Lead_scoring_training_pipeline/.ipynb_checkpoints/constants-checkpoint.py for tasks to queue
[2023-12-27 17:09:20,384] {logging_mixin.py:115} INFO - [2023-12-27 17:09:20,384] {dagbag.py:508} INFO - Filling up the DagBag from /home/airflow/dags/Lead_scoring_training_pipeline/.ipynb_checkpoints/constants-checkpoint.py
[2023-12-27 17:09:20,386] {processor.py:653} WARNING - No viable dags retrieved from /home/airflow/dags/Lead_scoring_training_pipeline/.ipynb_checkpoints/constants-checkpoint.py
[2023-12-27 17:09:20,412] {processor.py:161} INFO - Processing /home/airflow/dags/Lead_scoring_training_pipeline/.ipynb_checkpoints/constants-checkpoint.py took 0.032 seconds
[2023-12-27 17:10:22,662] {processor.py:153} INFO - Started process (PID=3994) to work on /home/airflow/dags/Lead_scoring_training_pipeline/.ipynb_checkpoints/constants-checkpoint.py
[2023-12-27 17:10:22,662] {processor.py:641} INFO - Processing file /home/airflow/dags/Lead_scoring_training_pipeline/.ipynb_checkpoints/constants-checkpoint.py for tasks to queue
[2023-12-27 17:10:22,663] {logging_mixin.py:115} INFO - [2023-12-27 17:10:22,663] {dagbag.py:508} INFO - Filling up the DagBag from /home/airflow/dags/Lead_scoring_training_pipeline/.ipynb_checkpoints/constants-checkpoint.py
[2023-12-27 17:10:22,665] {processor.py:653} WARNING - No viable dags retrieved from /home/airflow/dags/Lead_scoring_training_pipeline/.ipynb_checkpoints/constants-checkpoint.py
[2023-12-27 17:10:22,690] {processor.py:161} INFO - Processing /home/airflow/dags/Lead_scoring_training_pipeline/.ipynb_checkpoints/constants-checkpoint.py took 0.032 seconds
[2023-12-27 17:11:26,752] {processor.py:153} INFO - Started process (PID=4109) to work on /home/airflow/dags/Lead_scoring_training_pipeline/.ipynb_checkpoints/constants-checkpoint.py
[2023-12-27 17:11:26,752] {processor.py:641} INFO - Processing file /home/airflow/dags/Lead_scoring_training_pipeline/.ipynb_checkpoints/constants-checkpoint.py for tasks to queue
[2023-12-27 17:11:26,753] {logging_mixin.py:115} INFO - [2023-12-27 17:11:26,753] {dagbag.py:508} INFO - Filling up the DagBag from /home/airflow/dags/Lead_scoring_training_pipeline/.ipynb_checkpoints/constants-checkpoint.py
[2023-12-27 17:11:26,755] {processor.py:653} WARNING - No viable dags retrieved from /home/airflow/dags/Lead_scoring_training_pipeline/.ipynb_checkpoints/constants-checkpoint.py
[2023-12-27 17:11:26,781] {processor.py:161} INFO - Processing /home/airflow/dags/Lead_scoring_training_pipeline/.ipynb_checkpoints/constants-checkpoint.py took 0.033 seconds
[2023-12-27 17:15:06,992] {processor.py:153} INFO - Started process (PID=4374) to work on /home/airflow/dags/Lead_scoring_training_pipeline/.ipynb_checkpoints/constants-checkpoint.py
[2023-12-27 17:15:06,992] {processor.py:641} INFO - Processing file /home/airflow/dags/Lead_scoring_training_pipeline/.ipynb_checkpoints/constants-checkpoint.py for tasks to queue
[2023-12-27 17:15:06,993] {logging_mixin.py:115} INFO - [2023-12-27 17:15:06,993] {dagbag.py:508} INFO - Filling up the DagBag from /home/airflow/dags/Lead_scoring_training_pipeline/.ipynb_checkpoints/constants-checkpoint.py
[2023-12-27 17:15:06,994] {processor.py:653} WARNING - No viable dags retrieved from /home/airflow/dags/Lead_scoring_training_pipeline/.ipynb_checkpoints/constants-checkpoint.py
[2023-12-27 17:15:07,126] {processor.py:161} INFO - Processing /home/airflow/dags/Lead_scoring_training_pipeline/.ipynb_checkpoints/constants-checkpoint.py took 0.137 seconds
[2023-12-27 17:16:40,468] {processor.py:153} INFO - Started process (PID=4605) to work on /home/airflow/dags/Lead_scoring_training_pipeline/.ipynb_checkpoints/constants-checkpoint.py
[2023-12-27 17:16:40,469] {processor.py:641} INFO - Processing file /home/airflow/dags/Lead_scoring_training_pipeline/.ipynb_checkpoints/constants-checkpoint.py for tasks to queue
[2023-12-27 17:16:40,469] {logging_mixin.py:115} INFO - [2023-12-27 17:16:40,469] {dagbag.py:508} INFO - Filling up the DagBag from /home/airflow/dags/Lead_scoring_training_pipeline/.ipynb_checkpoints/constants-checkpoint.py
[2023-12-27 17:16:40,472] {processor.py:653} WARNING - No viable dags retrieved from /home/airflow/dags/Lead_scoring_training_pipeline/.ipynb_checkpoints/constants-checkpoint.py
[2023-12-27 17:16:40,621] {processor.py:161} INFO - Processing /home/airflow/dags/Lead_scoring_training_pipeline/.ipynb_checkpoints/constants-checkpoint.py took 0.156 seconds
[2023-12-27 17:17:41,169] {processor.py:153} INFO - Started process (PID=4712) to work on /home/airflow/dags/Lead_scoring_training_pipeline/.ipynb_checkpoints/constants-checkpoint.py
[2023-12-27 17:17:41,170] {processor.py:641} INFO - Processing file /home/airflow/dags/Lead_scoring_training_pipeline/.ipynb_checkpoints/constants-checkpoint.py for tasks to queue
[2023-12-27 17:17:41,170] {logging_mixin.py:115} INFO - [2023-12-27 17:17:41,170] {dagbag.py:508} INFO - Filling up the DagBag from /home/airflow/dags/Lead_scoring_training_pipeline/.ipynb_checkpoints/constants-checkpoint.py
[2023-12-27 17:17:41,173] {processor.py:653} WARNING - No viable dags retrieved from /home/airflow/dags/Lead_scoring_training_pipeline/.ipynb_checkpoints/constants-checkpoint.py
[2023-12-27 17:17:41,370] {processor.py:161} INFO - Processing /home/airflow/dags/Lead_scoring_training_pipeline/.ipynb_checkpoints/constants-checkpoint.py took 0.204 seconds
[2023-12-27 17:19:16,104] {processor.py:153} INFO - Started process (PID=4956) to work on /home/airflow/dags/Lead_scoring_training_pipeline/.ipynb_checkpoints/constants-checkpoint.py
[2023-12-27 17:19:16,105] {processor.py:641} INFO - Processing file /home/airflow/dags/Lead_scoring_training_pipeline/.ipynb_checkpoints/constants-checkpoint.py for tasks to queue
[2023-12-27 17:19:16,105] {logging_mixin.py:115} INFO - [2023-12-27 17:19:16,105] {dagbag.py:508} INFO - Filling up the DagBag from /home/airflow/dags/Lead_scoring_training_pipeline/.ipynb_checkpoints/constants-checkpoint.py
[2023-12-27 17:19:16,107] {processor.py:653} WARNING - No viable dags retrieved from /home/airflow/dags/Lead_scoring_training_pipeline/.ipynb_checkpoints/constants-checkpoint.py
[2023-12-27 17:19:16,252] {processor.py:161} INFO - Processing /home/airflow/dags/Lead_scoring_training_pipeline/.ipynb_checkpoints/constants-checkpoint.py took 0.151 seconds
[2023-12-27 17:20:27,236] {processor.py:153} INFO - Started process (PID=5083) to work on /home/airflow/dags/Lead_scoring_training_pipeline/.ipynb_checkpoints/constants-checkpoint.py
[2023-12-27 17:20:27,236] {processor.py:641} INFO - Processing file /home/airflow/dags/Lead_scoring_training_pipeline/.ipynb_checkpoints/constants-checkpoint.py for tasks to queue
[2023-12-27 17:20:27,237] {logging_mixin.py:115} INFO - [2023-12-27 17:20:27,236] {dagbag.py:508} INFO - Filling up the DagBag from /home/airflow/dags/Lead_scoring_training_pipeline/.ipynb_checkpoints/constants-checkpoint.py
[2023-12-27 17:20:27,238] {processor.py:653} WARNING - No viable dags retrieved from /home/airflow/dags/Lead_scoring_training_pipeline/.ipynb_checkpoints/constants-checkpoint.py
[2023-12-27 17:20:27,270] {processor.py:161} INFO - Processing /home/airflow/dags/Lead_scoring_training_pipeline/.ipynb_checkpoints/constants-checkpoint.py took 0.038 seconds
[2023-12-27 17:21:34,699] {processor.py:153} INFO - Started process (PID=5221) to work on /home/airflow/dags/Lead_scoring_training_pipeline/.ipynb_checkpoints/constants-checkpoint.py
[2023-12-27 17:21:34,700] {processor.py:641} INFO - Processing file /home/airflow/dags/Lead_scoring_training_pipeline/.ipynb_checkpoints/constants-checkpoint.py for tasks to queue
[2023-12-27 17:21:34,700] {logging_mixin.py:115} INFO - [2023-12-27 17:21:34,700] {dagbag.py:508} INFO - Filling up the DagBag from /home/airflow/dags/Lead_scoring_training_pipeline/.ipynb_checkpoints/constants-checkpoint.py
[2023-12-27 17:21:34,702] {processor.py:653} WARNING - No viable dags retrieved from /home/airflow/dags/Lead_scoring_training_pipeline/.ipynb_checkpoints/constants-checkpoint.py
[2023-12-27 17:21:34,736] {processor.py:161} INFO - Processing /home/airflow/dags/Lead_scoring_training_pipeline/.ipynb_checkpoints/constants-checkpoint.py took 0.040 seconds
