[2023-12-27 07:11:11,815] {processor.py:153} INFO - Started process (PID=1143) to work on /home/airflow/dags/Lead_scoring_training_pipeline/.ipynb_checkpoints/lead_scoring_training_pipeline-checkpoint.py
[2023-12-27 07:11:11,816] {processor.py:641} INFO - Processing file /home/airflow/dags/Lead_scoring_training_pipeline/.ipynb_checkpoints/lead_scoring_training_pipeline-checkpoint.py for tasks to queue
[2023-12-27 07:11:11,816] {logging_mixin.py:115} INFO - [2023-12-27 07:11:11,816] {dagbag.py:508} INFO - Filling up the DagBag from /home/airflow/dags/Lead_scoring_training_pipeline/.ipynb_checkpoints/lead_scoring_training_pipeline-checkpoint.py
[2023-12-27 07:11:12,129] {logging_mixin.py:115} INFO - [2023-12-27 07:11:12,129] {utils.py:145} INFO - Note: NumExpr detected 64 cores but "NUMEXPR_MAX_THREADS" not set, so enforcing safe limit of 8.
[2023-12-27 07:11:12,130] {logging_mixin.py:115} INFO - [2023-12-27 07:11:12,129] {utils.py:157} INFO - NumExpr defaulting to 8 threads.
[2023-12-27 07:11:13,540] {logging_mixin.py:115} INFO - [2023-12-27 07:11:13,539] {dagbag.py:321} ERROR - Failed to import: /home/airflow/dags/Lead_scoring_training_pipeline/.ipynb_checkpoints/lead_scoring_training_pipeline-checkpoint.py
Traceback (most recent call last):
  File "/opt/conda/lib/python3.8/site-packages/airflow/models/dagbag.py", line 318, in parse
    loader.exec_module(new_module)
  File "<frozen importlib._bootstrap_external>", line 843, in exec_module
  File "<frozen importlib._bootstrap>", line 219, in _call_with_frames_removed
  File "/home/airflow/dags/Lead_scoring_training_pipeline/.ipynb_checkpoints/lead_scoring_training_pipeline-checkpoint.py", line 9, in <module>
    import Lead_scoring_training_pipeline.utils
  File "/home/airflow/dags/Lead_scoring_training_pipeline/utils.py", line 38, in <module>
    from constants import *
ModuleNotFoundError: No module named 'constants'
[2023-12-27 07:11:13,541] {processor.py:653} WARNING - No viable dags retrieved from /home/airflow/dags/Lead_scoring_training_pipeline/.ipynb_checkpoints/lead_scoring_training_pipeline-checkpoint.py
[2023-12-27 07:11:13,577] {processor.py:161} INFO - Processing /home/airflow/dags/Lead_scoring_training_pipeline/.ipynb_checkpoints/lead_scoring_training_pipeline-checkpoint.py took 1.765 seconds
[2023-12-27 07:12:40,571] {processor.py:153} INFO - Started process (PID=1333) to work on /home/airflow/dags/Lead_scoring_training_pipeline/.ipynb_checkpoints/lead_scoring_training_pipeline-checkpoint.py
[2023-12-27 07:12:40,571] {processor.py:641} INFO - Processing file /home/airflow/dags/Lead_scoring_training_pipeline/.ipynb_checkpoints/lead_scoring_training_pipeline-checkpoint.py for tasks to queue
[2023-12-27 07:12:40,572] {logging_mixin.py:115} INFO - [2023-12-27 07:12:40,572] {dagbag.py:508} INFO - Filling up the DagBag from /home/airflow/dags/Lead_scoring_training_pipeline/.ipynb_checkpoints/lead_scoring_training_pipeline-checkpoint.py
[2023-12-27 07:12:40,852] {logging_mixin.py:115} INFO - [2023-12-27 07:12:40,852] {utils.py:145} INFO - Note: NumExpr detected 64 cores but "NUMEXPR_MAX_THREADS" not set, so enforcing safe limit of 8.
[2023-12-27 07:12:40,852] {logging_mixin.py:115} INFO - [2023-12-27 07:12:40,852] {utils.py:157} INFO - NumExpr defaulting to 8 threads.
[2023-12-27 07:12:42,302] {logging_mixin.py:115} INFO - [2023-12-27 07:12:42,301] {dagbag.py:321} ERROR - Failed to import: /home/airflow/dags/Lead_scoring_training_pipeline/.ipynb_checkpoints/lead_scoring_training_pipeline-checkpoint.py
Traceback (most recent call last):
  File "/opt/conda/lib/python3.8/site-packages/airflow/models/dagbag.py", line 318, in parse
    loader.exec_module(new_module)
  File "<frozen importlib._bootstrap_external>", line 843, in exec_module
  File "<frozen importlib._bootstrap>", line 219, in _call_with_frames_removed
  File "/home/airflow/dags/Lead_scoring_training_pipeline/.ipynb_checkpoints/lead_scoring_training_pipeline-checkpoint.py", line 34, in <module>
    python_callable = encode_features,
NameError: name 'encode_features' is not defined
[2023-12-27 07:12:42,303] {processor.py:653} WARNING - No viable dags retrieved from /home/airflow/dags/Lead_scoring_training_pipeline/.ipynb_checkpoints/lead_scoring_training_pipeline-checkpoint.py
[2023-12-27 07:12:42,338] {processor.py:161} INFO - Processing /home/airflow/dags/Lead_scoring_training_pipeline/.ipynb_checkpoints/lead_scoring_training_pipeline-checkpoint.py took 1.770 seconds
[2023-12-27 15:35:34,921] {processor.py:153} INFO - Started process (PID=1041) to work on /home/airflow/dags/Lead_scoring_training_pipeline/.ipynb_checkpoints/lead_scoring_training_pipeline-checkpoint.py
[2023-12-27 15:35:34,921] {processor.py:641} INFO - Processing file /home/airflow/dags/Lead_scoring_training_pipeline/.ipynb_checkpoints/lead_scoring_training_pipeline-checkpoint.py for tasks to queue
[2023-12-27 15:35:34,922] {logging_mixin.py:115} INFO - [2023-12-27 15:35:34,922] {dagbag.py:508} INFO - Filling up the DagBag from /home/airflow/dags/Lead_scoring_training_pipeline/.ipynb_checkpoints/lead_scoring_training_pipeline-checkpoint.py
[2023-12-27 15:35:35,192] {logging_mixin.py:115} INFO - [2023-12-27 15:35:35,192] {utils.py:145} INFO - Note: NumExpr detected 64 cores but "NUMEXPR_MAX_THREADS" not set, so enforcing safe limit of 8.
[2023-12-27 15:35:35,192] {logging_mixin.py:115} INFO - [2023-12-27 15:35:35,192] {utils.py:157} INFO - NumExpr defaulting to 8 threads.
[2023-12-27 15:35:36,594] {processor.py:651} INFO - DAG(s) dict_keys(['Lead_scoring_training_pipeline']) retrieved from /home/airflow/dags/Lead_scoring_training_pipeline/.ipynb_checkpoints/lead_scoring_training_pipeline-checkpoint.py
[2023-12-27 15:35:36,610] {logging_mixin.py:115} INFO - [2023-12-27 15:35:36,610] {dag.py:2420} INFO - Sync 1 DAGs
[2023-12-27 15:35:36,634] {logging_mixin.py:115} INFO - [2023-12-27 15:35:36,634] {dag.py:2968} INFO - Setting next_dagrun for Lead_scoring_training_pipeline to 2024-01-01T00:00:00+00:00, run_after=2024-02-01T00:00:00+00:00
[2023-12-27 15:35:36,684] {processor.py:161} INFO - Processing /home/airflow/dags/Lead_scoring_training_pipeline/.ipynb_checkpoints/lead_scoring_training_pipeline-checkpoint.py took 1.767 seconds
[2023-12-27 15:36:29,727] {processor.py:153} INFO - Started process (PID=1115) to work on /home/airflow/dags/Lead_scoring_training_pipeline/.ipynb_checkpoints/lead_scoring_training_pipeline-checkpoint.py
[2023-12-27 15:36:29,728] {processor.py:641} INFO - Processing file /home/airflow/dags/Lead_scoring_training_pipeline/.ipynb_checkpoints/lead_scoring_training_pipeline-checkpoint.py for tasks to queue
[2023-12-27 15:36:29,728] {logging_mixin.py:115} INFO - [2023-12-27 15:36:29,728] {dagbag.py:508} INFO - Filling up the DagBag from /home/airflow/dags/Lead_scoring_training_pipeline/.ipynb_checkpoints/lead_scoring_training_pipeline-checkpoint.py
[2023-12-27 15:36:29,996] {logging_mixin.py:115} INFO - [2023-12-27 15:36:29,996] {utils.py:145} INFO - Note: NumExpr detected 64 cores but "NUMEXPR_MAX_THREADS" not set, so enforcing safe limit of 8.
[2023-12-27 15:36:29,996] {logging_mixin.py:115} INFO - [2023-12-27 15:36:29,996] {utils.py:157} INFO - NumExpr defaulting to 8 threads.
[2023-12-27 15:36:31,397] {processor.py:651} INFO - DAG(s) dict_keys(['Lead_scoring_training_pipeline']) retrieved from /home/airflow/dags/Lead_scoring_training_pipeline/.ipynb_checkpoints/lead_scoring_training_pipeline-checkpoint.py
[2023-12-27 15:36:31,453] {logging_mixin.py:115} INFO - [2023-12-27 15:36:31,453] {dag.py:2420} INFO - Sync 1 DAGs
[2023-12-27 15:36:31,477] {logging_mixin.py:115} INFO - [2023-12-27 15:36:31,477] {dag.py:2968} INFO - Setting next_dagrun for Lead_scoring_training_pipeline to 2024-01-01T00:00:00+00:00, run_after=2024-02-01T00:00:00+00:00
[2023-12-27 15:36:31,521] {processor.py:161} INFO - Processing /home/airflow/dags/Lead_scoring_training_pipeline/.ipynb_checkpoints/lead_scoring_training_pipeline-checkpoint.py took 1.797 seconds
[2023-12-27 15:37:25,231] {processor.py:153} INFO - Started process (PID=1247) to work on /home/airflow/dags/Lead_scoring_training_pipeline/.ipynb_checkpoints/lead_scoring_training_pipeline-checkpoint.py
[2023-12-27 15:37:25,231] {processor.py:641} INFO - Processing file /home/airflow/dags/Lead_scoring_training_pipeline/.ipynb_checkpoints/lead_scoring_training_pipeline-checkpoint.py for tasks to queue
[2023-12-27 15:37:25,232] {logging_mixin.py:115} INFO - [2023-12-27 15:37:25,232] {dagbag.py:508} INFO - Filling up the DagBag from /home/airflow/dags/Lead_scoring_training_pipeline/.ipynb_checkpoints/lead_scoring_training_pipeline-checkpoint.py
[2023-12-27 15:37:25,498] {logging_mixin.py:115} INFO - [2023-12-27 15:37:25,498] {utils.py:145} INFO - Note: NumExpr detected 64 cores but "NUMEXPR_MAX_THREADS" not set, so enforcing safe limit of 8.
[2023-12-27 15:37:25,498] {logging_mixin.py:115} INFO - [2023-12-27 15:37:25,498] {utils.py:157} INFO - NumExpr defaulting to 8 threads.
[2023-12-27 15:37:26,907] {processor.py:651} INFO - DAG(s) dict_keys(['Lead_scoring_training_pipeline']) retrieved from /home/airflow/dags/Lead_scoring_training_pipeline/.ipynb_checkpoints/lead_scoring_training_pipeline-checkpoint.py
[2023-12-27 15:37:26,922] {logging_mixin.py:115} INFO - [2023-12-27 15:37:26,922] {dag.py:2420} INFO - Sync 1 DAGs
[2023-12-27 15:37:26,944] {logging_mixin.py:115} INFO - [2023-12-27 15:37:26,944] {dag.py:2968} INFO - Setting next_dagrun for Lead_scoring_training_pipeline to 2024-01-01T00:00:00+00:00, run_after=2024-02-01T00:00:00+00:00
[2023-12-27 15:37:26,983] {processor.py:161} INFO - Processing /home/airflow/dags/Lead_scoring_training_pipeline/.ipynb_checkpoints/lead_scoring_training_pipeline-checkpoint.py took 1.755 seconds
[2023-12-27 15:38:20,639] {processor.py:153} INFO - Started process (PID=1321) to work on /home/airflow/dags/Lead_scoring_training_pipeline/.ipynb_checkpoints/lead_scoring_training_pipeline-checkpoint.py
[2023-12-27 15:38:20,640] {processor.py:641} INFO - Processing file /home/airflow/dags/Lead_scoring_training_pipeline/.ipynb_checkpoints/lead_scoring_training_pipeline-checkpoint.py for tasks to queue
[2023-12-27 15:38:20,640] {logging_mixin.py:115} INFO - [2023-12-27 15:38:20,640] {dagbag.py:508} INFO - Filling up the DagBag from /home/airflow/dags/Lead_scoring_training_pipeline/.ipynb_checkpoints/lead_scoring_training_pipeline-checkpoint.py
[2023-12-27 15:38:20,927] {logging_mixin.py:115} INFO - [2023-12-27 15:38:20,927] {utils.py:145} INFO - Note: NumExpr detected 64 cores but "NUMEXPR_MAX_THREADS" not set, so enforcing safe limit of 8.
[2023-12-27 15:38:20,927] {logging_mixin.py:115} INFO - [2023-12-27 15:38:20,927] {utils.py:157} INFO - NumExpr defaulting to 8 threads.
[2023-12-27 15:38:22,326] {processor.py:651} INFO - DAG(s) dict_keys(['Lead_scoring_training_pipeline']) retrieved from /home/airflow/dags/Lead_scoring_training_pipeline/.ipynb_checkpoints/lead_scoring_training_pipeline-checkpoint.py
[2023-12-27 15:38:22,381] {logging_mixin.py:115} INFO - [2023-12-27 15:38:22,381] {dag.py:2420} INFO - Sync 1 DAGs
[2023-12-27 15:38:22,404] {logging_mixin.py:115} INFO - [2023-12-27 15:38:22,404] {dag.py:2968} INFO - Setting next_dagrun for Lead_scoring_training_pipeline to 2024-01-01T00:00:00+00:00, run_after=2024-02-01T00:00:00+00:00
[2023-12-27 15:38:22,445] {processor.py:161} INFO - Processing /home/airflow/dags/Lead_scoring_training_pipeline/.ipynb_checkpoints/lead_scoring_training_pipeline-checkpoint.py took 1.809 seconds
[2023-12-27 15:39:17,144] {processor.py:153} INFO - Started process (PID=1400) to work on /home/airflow/dags/Lead_scoring_training_pipeline/.ipynb_checkpoints/lead_scoring_training_pipeline-checkpoint.py
[2023-12-27 15:39:17,145] {processor.py:641} INFO - Processing file /home/airflow/dags/Lead_scoring_training_pipeline/.ipynb_checkpoints/lead_scoring_training_pipeline-checkpoint.py for tasks to queue
[2023-12-27 15:39:17,145] {logging_mixin.py:115} INFO - [2023-12-27 15:39:17,145] {dagbag.py:508} INFO - Filling up the DagBag from /home/airflow/dags/Lead_scoring_training_pipeline/.ipynb_checkpoints/lead_scoring_training_pipeline-checkpoint.py
[2023-12-27 15:39:17,412] {logging_mixin.py:115} INFO - [2023-12-27 15:39:17,412] {utils.py:145} INFO - Note: NumExpr detected 64 cores but "NUMEXPR_MAX_THREADS" not set, so enforcing safe limit of 8.
[2023-12-27 15:39:17,412] {logging_mixin.py:115} INFO - [2023-12-27 15:39:17,412] {utils.py:157} INFO - NumExpr defaulting to 8 threads.
[2023-12-27 15:39:18,814] {processor.py:651} INFO - DAG(s) dict_keys(['Lead_scoring_training_pipeline']) retrieved from /home/airflow/dags/Lead_scoring_training_pipeline/.ipynb_checkpoints/lead_scoring_training_pipeline-checkpoint.py
[2023-12-27 15:39:18,831] {logging_mixin.py:115} INFO - [2023-12-27 15:39:18,831] {dag.py:2420} INFO - Sync 1 DAGs
[2023-12-27 15:39:18,855] {logging_mixin.py:115} INFO - [2023-12-27 15:39:18,855] {dag.py:2968} INFO - Setting next_dagrun for Lead_scoring_training_pipeline to 2024-01-01T00:00:00+00:00, run_after=2024-02-01T00:00:00+00:00
[2023-12-27 15:39:18,895] {processor.py:161} INFO - Processing /home/airflow/dags/Lead_scoring_training_pipeline/.ipynb_checkpoints/lead_scoring_training_pipeline-checkpoint.py took 1.754 seconds
[2023-12-27 15:40:13,531] {processor.py:153} INFO - Started process (PID=1553) to work on /home/airflow/dags/Lead_scoring_training_pipeline/.ipynb_checkpoints/lead_scoring_training_pipeline-checkpoint.py
[2023-12-27 15:40:13,531] {processor.py:641} INFO - Processing file /home/airflow/dags/Lead_scoring_training_pipeline/.ipynb_checkpoints/lead_scoring_training_pipeline-checkpoint.py for tasks to queue
[2023-12-27 15:40:13,532] {logging_mixin.py:115} INFO - [2023-12-27 15:40:13,532] {dagbag.py:508} INFO - Filling up the DagBag from /home/airflow/dags/Lead_scoring_training_pipeline/.ipynb_checkpoints/lead_scoring_training_pipeline-checkpoint.py
[2023-12-27 15:40:13,819] {logging_mixin.py:115} INFO - [2023-12-27 15:40:13,819] {utils.py:145} INFO - Note: NumExpr detected 64 cores but "NUMEXPR_MAX_THREADS" not set, so enforcing safe limit of 8.
[2023-12-27 15:40:13,819] {logging_mixin.py:115} INFO - [2023-12-27 15:40:13,819] {utils.py:157} INFO - NumExpr defaulting to 8 threads.
[2023-12-27 15:40:15,239] {processor.py:651} INFO - DAG(s) dict_keys(['Lead_scoring_training_pipeline']) retrieved from /home/airflow/dags/Lead_scoring_training_pipeline/.ipynb_checkpoints/lead_scoring_training_pipeline-checkpoint.py
[2023-12-27 15:40:15,298] {logging_mixin.py:115} INFO - [2023-12-27 15:40:15,298] {dag.py:2420} INFO - Sync 1 DAGs
[2023-12-27 15:40:15,321] {logging_mixin.py:115} INFO - [2023-12-27 15:40:15,321] {dag.py:2968} INFO - Setting next_dagrun for Lead_scoring_training_pipeline to 2024-01-01T00:00:00+00:00, run_after=2024-02-01T00:00:00+00:00
[2023-12-27 15:40:15,365] {processor.py:161} INFO - Processing /home/airflow/dags/Lead_scoring_training_pipeline/.ipynb_checkpoints/lead_scoring_training_pipeline-checkpoint.py took 1.837 seconds
[2023-12-27 15:41:04,812] {processor.py:153} INFO - Started process (PID=1667) to work on /home/airflow/dags/Lead_scoring_training_pipeline/.ipynb_checkpoints/lead_scoring_training_pipeline-checkpoint.py
[2023-12-27 15:41:04,813] {processor.py:641} INFO - Processing file /home/airflow/dags/Lead_scoring_training_pipeline/.ipynb_checkpoints/lead_scoring_training_pipeline-checkpoint.py for tasks to queue
[2023-12-27 15:41:04,813] {logging_mixin.py:115} INFO - [2023-12-27 15:41:04,813] {dagbag.py:508} INFO - Filling up the DagBag from /home/airflow/dags/Lead_scoring_training_pipeline/.ipynb_checkpoints/lead_scoring_training_pipeline-checkpoint.py
[2023-12-27 15:41:04,978] {logging_mixin.py:115} INFO - [2023-12-27 15:41:04,978] {utils.py:145} INFO - Note: NumExpr detected 64 cores but "NUMEXPR_MAX_THREADS" not set, so enforcing safe limit of 8.
[2023-12-27 15:41:04,978] {logging_mixin.py:115} INFO - [2023-12-27 15:41:04,978] {utils.py:157} INFO - NumExpr defaulting to 8 threads.
[2023-12-27 15:41:06,399] {processor.py:651} INFO - DAG(s) dict_keys(['Lead_scoring_training_pipeline']) retrieved from /home/airflow/dags/Lead_scoring_training_pipeline/.ipynb_checkpoints/lead_scoring_training_pipeline-checkpoint.py
[2023-12-27 15:41:06,414] {logging_mixin.py:115} INFO - [2023-12-27 15:41:06,414] {dag.py:2420} INFO - Sync 1 DAGs
[2023-12-27 15:41:06,438] {logging_mixin.py:115} INFO - [2023-12-27 15:41:06,438] {dag.py:2968} INFO - Setting next_dagrun for Lead_scoring_training_pipeline to 2024-01-01T00:00:00+00:00, run_after=2024-02-01T00:00:00+00:00
[2023-12-27 15:41:06,479] {processor.py:161} INFO - Processing /home/airflow/dags/Lead_scoring_training_pipeline/.ipynb_checkpoints/lead_scoring_training_pipeline-checkpoint.py took 1.670 seconds
[2023-12-27 15:41:53,175] {processor.py:153} INFO - Started process (PID=1737) to work on /home/airflow/dags/Lead_scoring_training_pipeline/.ipynb_checkpoints/lead_scoring_training_pipeline-checkpoint.py
[2023-12-27 15:41:53,176] {processor.py:641} INFO - Processing file /home/airflow/dags/Lead_scoring_training_pipeline/.ipynb_checkpoints/lead_scoring_training_pipeline-checkpoint.py for tasks to queue
[2023-12-27 15:41:53,176] {logging_mixin.py:115} INFO - [2023-12-27 15:41:53,176] {dagbag.py:508} INFO - Filling up the DagBag from /home/airflow/dags/Lead_scoring_training_pipeline/.ipynb_checkpoints/lead_scoring_training_pipeline-checkpoint.py
[2023-12-27 15:41:53,341] {logging_mixin.py:115} INFO - [2023-12-27 15:41:53,341] {utils.py:145} INFO - Note: NumExpr detected 64 cores but "NUMEXPR_MAX_THREADS" not set, so enforcing safe limit of 8.
[2023-12-27 15:41:53,342] {logging_mixin.py:115} INFO - [2023-12-27 15:41:53,342] {utils.py:157} INFO - NumExpr defaulting to 8 threads.
[2023-12-27 15:41:54,764] {processor.py:651} INFO - DAG(s) dict_keys(['Lead_scoring_training_pipeline']) retrieved from /home/airflow/dags/Lead_scoring_training_pipeline/.ipynb_checkpoints/lead_scoring_training_pipeline-checkpoint.py
[2023-12-27 15:41:54,825] {logging_mixin.py:115} INFO - [2023-12-27 15:41:54,825] {dag.py:2420} INFO - Sync 1 DAGs
[2023-12-27 15:41:54,848] {logging_mixin.py:115} INFO - [2023-12-27 15:41:54,848] {dag.py:2968} INFO - Setting next_dagrun for Lead_scoring_training_pipeline to 2024-01-01T00:00:00+00:00, run_after=2024-02-01T00:00:00+00:00
[2023-12-27 15:41:54,891] {processor.py:161} INFO - Processing /home/airflow/dags/Lead_scoring_training_pipeline/.ipynb_checkpoints/lead_scoring_training_pipeline-checkpoint.py took 1.719 seconds
[2023-12-27 15:42:39,807] {processor.py:153} INFO - Started process (PID=1806) to work on /home/airflow/dags/Lead_scoring_training_pipeline/.ipynb_checkpoints/lead_scoring_training_pipeline-checkpoint.py
[2023-12-27 15:42:39,807] {processor.py:641} INFO - Processing file /home/airflow/dags/Lead_scoring_training_pipeline/.ipynb_checkpoints/lead_scoring_training_pipeline-checkpoint.py for tasks to queue
[2023-12-27 15:42:39,808] {logging_mixin.py:115} INFO - [2023-12-27 15:42:39,808] {dagbag.py:508} INFO - Filling up the DagBag from /home/airflow/dags/Lead_scoring_training_pipeline/.ipynb_checkpoints/lead_scoring_training_pipeline-checkpoint.py
[2023-12-27 15:42:39,971] {logging_mixin.py:115} INFO - [2023-12-27 15:42:39,971] {utils.py:145} INFO - Note: NumExpr detected 64 cores but "NUMEXPR_MAX_THREADS" not set, so enforcing safe limit of 8.
[2023-12-27 15:42:39,971] {logging_mixin.py:115} INFO - [2023-12-27 15:42:39,971] {utils.py:157} INFO - NumExpr defaulting to 8 threads.
[2023-12-27 15:42:41,396] {processor.py:651} INFO - DAG(s) dict_keys(['Lead_scoring_training_pipeline']) retrieved from /home/airflow/dags/Lead_scoring_training_pipeline/.ipynb_checkpoints/lead_scoring_training_pipeline-checkpoint.py
[2023-12-27 15:42:41,412] {logging_mixin.py:115} INFO - [2023-12-27 15:42:41,412] {dag.py:2420} INFO - Sync 1 DAGs
[2023-12-27 15:42:41,436] {logging_mixin.py:115} INFO - [2023-12-27 15:42:41,436] {dag.py:2968} INFO - Setting next_dagrun for Lead_scoring_training_pipeline to 2024-01-01T00:00:00+00:00, run_after=2024-02-01T00:00:00+00:00
[2023-12-27 15:42:41,476] {processor.py:161} INFO - Processing /home/airflow/dags/Lead_scoring_training_pipeline/.ipynb_checkpoints/lead_scoring_training_pipeline-checkpoint.py took 1.672 seconds
[2023-12-27 15:43:28,247] {processor.py:153} INFO - Started process (PID=1875) to work on /home/airflow/dags/Lead_scoring_training_pipeline/.ipynb_checkpoints/lead_scoring_training_pipeline-checkpoint.py
[2023-12-27 15:43:28,248] {processor.py:641} INFO - Processing file /home/airflow/dags/Lead_scoring_training_pipeline/.ipynb_checkpoints/lead_scoring_training_pipeline-checkpoint.py for tasks to queue
[2023-12-27 15:43:28,248] {logging_mixin.py:115} INFO - [2023-12-27 15:43:28,248] {dagbag.py:508} INFO - Filling up the DagBag from /home/airflow/dags/Lead_scoring_training_pipeline/.ipynb_checkpoints/lead_scoring_training_pipeline-checkpoint.py
[2023-12-27 15:43:28,438] {logging_mixin.py:115} INFO - [2023-12-27 15:43:28,438] {utils.py:145} INFO - Note: NumExpr detected 64 cores but "NUMEXPR_MAX_THREADS" not set, so enforcing safe limit of 8.
[2023-12-27 15:43:28,439] {logging_mixin.py:115} INFO - [2023-12-27 15:43:28,439] {utils.py:157} INFO - NumExpr defaulting to 8 threads.
[2023-12-27 15:43:29,860] {processor.py:651} INFO - DAG(s) dict_keys(['Lead_scoring_training_pipeline']) retrieved from /home/airflow/dags/Lead_scoring_training_pipeline/.ipynb_checkpoints/lead_scoring_training_pipeline-checkpoint.py
[2023-12-27 15:43:29,915] {logging_mixin.py:115} INFO - [2023-12-27 15:43:29,915] {dag.py:2420} INFO - Sync 1 DAGs
[2023-12-27 15:43:29,938] {logging_mixin.py:115} INFO - [2023-12-27 15:43:29,938] {dag.py:2968} INFO - Setting next_dagrun for Lead_scoring_training_pipeline to 2024-01-01T00:00:00+00:00, run_after=2024-02-01T00:00:00+00:00
[2023-12-27 15:43:29,980] {processor.py:161} INFO - Processing /home/airflow/dags/Lead_scoring_training_pipeline/.ipynb_checkpoints/lead_scoring_training_pipeline-checkpoint.py took 1.736 seconds
[2023-12-27 15:44:16,319] {processor.py:153} INFO - Started process (PID=1945) to work on /home/airflow/dags/Lead_scoring_training_pipeline/.ipynb_checkpoints/lead_scoring_training_pipeline-checkpoint.py
[2023-12-27 15:44:16,320] {processor.py:641} INFO - Processing file /home/airflow/dags/Lead_scoring_training_pipeline/.ipynb_checkpoints/lead_scoring_training_pipeline-checkpoint.py for tasks to queue
[2023-12-27 15:44:16,320] {logging_mixin.py:115} INFO - [2023-12-27 15:44:16,320] {dagbag.py:508} INFO - Filling up the DagBag from /home/airflow/dags/Lead_scoring_training_pipeline/.ipynb_checkpoints/lead_scoring_training_pipeline-checkpoint.py
[2023-12-27 15:44:16,487] {logging_mixin.py:115} INFO - [2023-12-27 15:44:16,487] {utils.py:145} INFO - Note: NumExpr detected 64 cores but "NUMEXPR_MAX_THREADS" not set, so enforcing safe limit of 8.
[2023-12-27 15:44:16,487] {logging_mixin.py:115} INFO - [2023-12-27 15:44:16,487] {utils.py:157} INFO - NumExpr defaulting to 8 threads.
[2023-12-27 15:44:17,908] {processor.py:651} INFO - DAG(s) dict_keys(['Lead_scoring_training_pipeline']) retrieved from /home/airflow/dags/Lead_scoring_training_pipeline/.ipynb_checkpoints/lead_scoring_training_pipeline-checkpoint.py
[2023-12-27 15:44:17,923] {logging_mixin.py:115} INFO - [2023-12-27 15:44:17,923] {dag.py:2420} INFO - Sync 1 DAGs
[2023-12-27 15:44:17,947] {logging_mixin.py:115} INFO - [2023-12-27 15:44:17,947] {dag.py:2968} INFO - Setting next_dagrun for Lead_scoring_training_pipeline to 2024-01-01T00:00:00+00:00, run_after=2024-02-01T00:00:00+00:00
[2023-12-27 15:44:17,988] {processor.py:161} INFO - Processing /home/airflow/dags/Lead_scoring_training_pipeline/.ipynb_checkpoints/lead_scoring_training_pipeline-checkpoint.py took 1.672 seconds
[2023-12-27 15:45:05,172] {processor.py:153} INFO - Started process (PID=2015) to work on /home/airflow/dags/Lead_scoring_training_pipeline/.ipynb_checkpoints/lead_scoring_training_pipeline-checkpoint.py
[2023-12-27 15:45:05,172] {processor.py:641} INFO - Processing file /home/airflow/dags/Lead_scoring_training_pipeline/.ipynb_checkpoints/lead_scoring_training_pipeline-checkpoint.py for tasks to queue
[2023-12-27 15:45:05,173] {logging_mixin.py:115} INFO - [2023-12-27 15:45:05,173] {dagbag.py:508} INFO - Filling up the DagBag from /home/airflow/dags/Lead_scoring_training_pipeline/.ipynb_checkpoints/lead_scoring_training_pipeline-checkpoint.py
[2023-12-27 15:45:05,336] {logging_mixin.py:115} INFO - [2023-12-27 15:45:05,336] {utils.py:145} INFO - Note: NumExpr detected 64 cores but "NUMEXPR_MAX_THREADS" not set, so enforcing safe limit of 8.
[2023-12-27 15:45:05,336] {logging_mixin.py:115} INFO - [2023-12-27 15:45:05,336] {utils.py:157} INFO - NumExpr defaulting to 8 threads.
[2023-12-27 15:45:06,758] {processor.py:651} INFO - DAG(s) dict_keys(['Lead_scoring_training_pipeline']) retrieved from /home/airflow/dags/Lead_scoring_training_pipeline/.ipynb_checkpoints/lead_scoring_training_pipeline-checkpoint.py
[2023-12-27 15:45:06,817] {logging_mixin.py:115} INFO - [2023-12-27 15:45:06,816] {dag.py:2420} INFO - Sync 1 DAGs
[2023-12-27 15:45:06,840] {logging_mixin.py:115} INFO - [2023-12-27 15:45:06,839] {dag.py:2968} INFO - Setting next_dagrun for Lead_scoring_training_pipeline to 2024-01-01T00:00:00+00:00, run_after=2024-02-01T00:00:00+00:00
[2023-12-27 15:45:06,883] {processor.py:161} INFO - Processing /home/airflow/dags/Lead_scoring_training_pipeline/.ipynb_checkpoints/lead_scoring_training_pipeline-checkpoint.py took 1.715 seconds
[2023-12-27 15:45:54,059] {processor.py:153} INFO - Started process (PID=2085) to work on /home/airflow/dags/Lead_scoring_training_pipeline/.ipynb_checkpoints/lead_scoring_training_pipeline-checkpoint.py
[2023-12-27 15:45:54,060] {processor.py:641} INFO - Processing file /home/airflow/dags/Lead_scoring_training_pipeline/.ipynb_checkpoints/lead_scoring_training_pipeline-checkpoint.py for tasks to queue
[2023-12-27 15:45:54,060] {logging_mixin.py:115} INFO - [2023-12-27 15:45:54,060] {dagbag.py:508} INFO - Filling up the DagBag from /home/airflow/dags/Lead_scoring_training_pipeline/.ipynb_checkpoints/lead_scoring_training_pipeline-checkpoint.py
[2023-12-27 15:45:54,225] {logging_mixin.py:115} INFO - [2023-12-27 15:45:54,224] {utils.py:145} INFO - Note: NumExpr detected 64 cores but "NUMEXPR_MAX_THREADS" not set, so enforcing safe limit of 8.
[2023-12-27 15:45:54,225] {logging_mixin.py:115} INFO - [2023-12-27 15:45:54,225] {utils.py:157} INFO - NumExpr defaulting to 8 threads.
[2023-12-27 15:45:55,645] {processor.py:651} INFO - DAG(s) dict_keys(['Lead_scoring_training_pipeline']) retrieved from /home/airflow/dags/Lead_scoring_training_pipeline/.ipynb_checkpoints/lead_scoring_training_pipeline-checkpoint.py
[2023-12-27 15:45:55,662] {logging_mixin.py:115} INFO - [2023-12-27 15:45:55,661] {dag.py:2420} INFO - Sync 1 DAGs
[2023-12-27 15:45:55,685] {logging_mixin.py:115} INFO - [2023-12-27 15:45:55,685] {dag.py:2968} INFO - Setting next_dagrun for Lead_scoring_training_pipeline to 2024-01-01T00:00:00+00:00, run_after=2024-02-01T00:00:00+00:00
[2023-12-27 15:45:55,724] {processor.py:161} INFO - Processing /home/airflow/dags/Lead_scoring_training_pipeline/.ipynb_checkpoints/lead_scoring_training_pipeline-checkpoint.py took 1.668 seconds
[2023-12-27 15:46:38,335] {processor.py:153} INFO - Started process (PID=2153) to work on /home/airflow/dags/Lead_scoring_training_pipeline/.ipynb_checkpoints/lead_scoring_training_pipeline-checkpoint.py
[2023-12-27 15:46:38,336] {processor.py:641} INFO - Processing file /home/airflow/dags/Lead_scoring_training_pipeline/.ipynb_checkpoints/lead_scoring_training_pipeline-checkpoint.py for tasks to queue
[2023-12-27 15:46:38,336] {logging_mixin.py:115} INFO - [2023-12-27 15:46:38,336] {dagbag.py:508} INFO - Filling up the DagBag from /home/airflow/dags/Lead_scoring_training_pipeline/.ipynb_checkpoints/lead_scoring_training_pipeline-checkpoint.py
[2023-12-27 15:46:38,501] {logging_mixin.py:115} INFO - [2023-12-27 15:46:38,500] {utils.py:145} INFO - Note: NumExpr detected 64 cores but "NUMEXPR_MAX_THREADS" not set, so enforcing safe limit of 8.
[2023-12-27 15:46:38,501] {logging_mixin.py:115} INFO - [2023-12-27 15:46:38,501] {utils.py:157} INFO - NumExpr defaulting to 8 threads.
[2023-12-27 15:46:39,921] {processor.py:651} INFO - DAG(s) dict_keys(['Lead_scoring_training_pipeline']) retrieved from /home/airflow/dags/Lead_scoring_training_pipeline/.ipynb_checkpoints/lead_scoring_training_pipeline-checkpoint.py
[2023-12-27 15:46:39,979] {logging_mixin.py:115} INFO - [2023-12-27 15:46:39,979] {dag.py:2420} INFO - Sync 1 DAGs
[2023-12-27 15:46:40,001] {logging_mixin.py:115} INFO - [2023-12-27 15:46:40,001] {dag.py:2968} INFO - Setting next_dagrun for Lead_scoring_training_pipeline to 2024-01-01T00:00:00+00:00, run_after=2024-02-01T00:00:00+00:00
[2023-12-27 15:46:40,044] {processor.py:161} INFO - Processing /home/airflow/dags/Lead_scoring_training_pipeline/.ipynb_checkpoints/lead_scoring_training_pipeline-checkpoint.py took 1.712 seconds
[2023-12-27 15:47:26,008] {processor.py:153} INFO - Started process (PID=2222) to work on /home/airflow/dags/Lead_scoring_training_pipeline/.ipynb_checkpoints/lead_scoring_training_pipeline-checkpoint.py
[2023-12-27 15:47:26,008] {processor.py:641} INFO - Processing file /home/airflow/dags/Lead_scoring_training_pipeline/.ipynb_checkpoints/lead_scoring_training_pipeline-checkpoint.py for tasks to queue
[2023-12-27 15:47:26,009] {logging_mixin.py:115} INFO - [2023-12-27 15:47:26,009] {dagbag.py:508} INFO - Filling up the DagBag from /home/airflow/dags/Lead_scoring_training_pipeline/.ipynb_checkpoints/lead_scoring_training_pipeline-checkpoint.py
[2023-12-27 15:47:26,174] {logging_mixin.py:115} INFO - [2023-12-27 15:47:26,174] {utils.py:145} INFO - Note: NumExpr detected 64 cores but "NUMEXPR_MAX_THREADS" not set, so enforcing safe limit of 8.
[2023-12-27 15:47:26,174] {logging_mixin.py:115} INFO - [2023-12-27 15:47:26,174] {utils.py:157} INFO - NumExpr defaulting to 8 threads.
[2023-12-27 15:47:27,597] {processor.py:651} INFO - DAG(s) dict_keys(['Lead_scoring_training_pipeline']) retrieved from /home/airflow/dags/Lead_scoring_training_pipeline/.ipynb_checkpoints/lead_scoring_training_pipeline-checkpoint.py
[2023-12-27 15:47:27,614] {logging_mixin.py:115} INFO - [2023-12-27 15:47:27,613] {dag.py:2420} INFO - Sync 1 DAGs
[2023-12-27 15:47:27,637] {logging_mixin.py:115} INFO - [2023-12-27 15:47:27,637] {dag.py:2968} INFO - Setting next_dagrun for Lead_scoring_training_pipeline to 2024-01-01T00:00:00+00:00, run_after=2024-02-01T00:00:00+00:00
[2023-12-27 15:47:27,675] {processor.py:161} INFO - Processing /home/airflow/dags/Lead_scoring_training_pipeline/.ipynb_checkpoints/lead_scoring_training_pipeline-checkpoint.py took 1.671 seconds
[2023-12-27 15:48:12,648] {processor.py:153} INFO - Started process (PID=2291) to work on /home/airflow/dags/Lead_scoring_training_pipeline/.ipynb_checkpoints/lead_scoring_training_pipeline-checkpoint.py
[2023-12-27 15:48:12,649] {processor.py:641} INFO - Processing file /home/airflow/dags/Lead_scoring_training_pipeline/.ipynb_checkpoints/lead_scoring_training_pipeline-checkpoint.py for tasks to queue
[2023-12-27 15:48:12,649] {logging_mixin.py:115} INFO - [2023-12-27 15:48:12,649] {dagbag.py:508} INFO - Filling up the DagBag from /home/airflow/dags/Lead_scoring_training_pipeline/.ipynb_checkpoints/lead_scoring_training_pipeline-checkpoint.py
[2023-12-27 15:48:12,812] {logging_mixin.py:115} INFO - [2023-12-27 15:48:12,812] {utils.py:145} INFO - Note: NumExpr detected 64 cores but "NUMEXPR_MAX_THREADS" not set, so enforcing safe limit of 8.
[2023-12-27 15:48:12,812] {logging_mixin.py:115} INFO - [2023-12-27 15:48:12,812] {utils.py:157} INFO - NumExpr defaulting to 8 threads.
[2023-12-27 15:48:14,236] {processor.py:651} INFO - DAG(s) dict_keys(['Lead_scoring_training_pipeline']) retrieved from /home/airflow/dags/Lead_scoring_training_pipeline/.ipynb_checkpoints/lead_scoring_training_pipeline-checkpoint.py
[2023-12-27 15:48:14,293] {logging_mixin.py:115} INFO - [2023-12-27 15:48:14,293] {dag.py:2420} INFO - Sync 1 DAGs
[2023-12-27 15:48:14,317] {logging_mixin.py:115} INFO - [2023-12-27 15:48:14,317] {dag.py:2968} INFO - Setting next_dagrun for Lead_scoring_training_pipeline to 2024-01-01T00:00:00+00:00, run_after=2024-02-01T00:00:00+00:00
[2023-12-27 15:48:14,359] {processor.py:161} INFO - Processing /home/airflow/dags/Lead_scoring_training_pipeline/.ipynb_checkpoints/lead_scoring_training_pipeline-checkpoint.py took 1.715 seconds
[2023-12-27 17:01:15,844] {processor.py:153} INFO - Started process (PID=2903) to work on /home/airflow/dags/Lead_scoring_training_pipeline/.ipynb_checkpoints/lead_scoring_training_pipeline-checkpoint.py
[2023-12-27 17:01:15,844] {processor.py:641} INFO - Processing file /home/airflow/dags/Lead_scoring_training_pipeline/.ipynb_checkpoints/lead_scoring_training_pipeline-checkpoint.py for tasks to queue
[2023-12-27 17:01:15,845] {logging_mixin.py:115} INFO - [2023-12-27 17:01:15,845] {dagbag.py:508} INFO - Filling up the DagBag from /home/airflow/dags/Lead_scoring_training_pipeline/.ipynb_checkpoints/lead_scoring_training_pipeline-checkpoint.py
[2023-12-27 17:01:16,102] {logging_mixin.py:115} INFO - [2023-12-27 17:01:16,102] {utils.py:145} INFO - Note: NumExpr detected 64 cores but "NUMEXPR_MAX_THREADS" not set, so enforcing safe limit of 8.
[2023-12-27 17:01:16,102] {logging_mixin.py:115} INFO - [2023-12-27 17:01:16,102] {utils.py:157} INFO - NumExpr defaulting to 8 threads.
[2023-12-27 17:01:17,554] {processor.py:651} INFO - DAG(s) dict_keys(['Lead_scoring_training_pipeline']) retrieved from /home/airflow/dags/Lead_scoring_training_pipeline/.ipynb_checkpoints/lead_scoring_training_pipeline-checkpoint.py
[2023-12-27 17:01:17,568] {logging_mixin.py:115} INFO - [2023-12-27 17:01:17,568] {dag.py:2420} INFO - Sync 1 DAGs
[2023-12-27 17:01:17,590] {logging_mixin.py:115} INFO - [2023-12-27 17:01:17,590] {dag.py:2968} INFO - Setting next_dagrun for Lead_scoring_training_pipeline to 2024-01-01T00:00:00+00:00, run_after=2024-02-01T00:00:00+00:00
[2023-12-27 17:01:17,636] {processor.py:161} INFO - Processing /home/airflow/dags/Lead_scoring_training_pipeline/.ipynb_checkpoints/lead_scoring_training_pipeline-checkpoint.py took 1.796 seconds
[2023-12-27 17:02:23,172] {processor.py:153} INFO - Started process (PID=3015) to work on /home/airflow/dags/Lead_scoring_training_pipeline/.ipynb_checkpoints/lead_scoring_training_pipeline-checkpoint.py
[2023-12-27 17:02:23,173] {processor.py:641} INFO - Processing file /home/airflow/dags/Lead_scoring_training_pipeline/.ipynb_checkpoints/lead_scoring_training_pipeline-checkpoint.py for tasks to queue
[2023-12-27 17:02:23,173] {logging_mixin.py:115} INFO - [2023-12-27 17:02:23,173] {dagbag.py:508} INFO - Filling up the DagBag from /home/airflow/dags/Lead_scoring_training_pipeline/.ipynb_checkpoints/lead_scoring_training_pipeline-checkpoint.py
[2023-12-27 17:02:23,436] {logging_mixin.py:115} INFO - [2023-12-27 17:02:23,436] {utils.py:145} INFO - Note: NumExpr detected 64 cores but "NUMEXPR_MAX_THREADS" not set, so enforcing safe limit of 8.
[2023-12-27 17:02:23,436] {logging_mixin.py:115} INFO - [2023-12-27 17:02:23,436] {utils.py:157} INFO - NumExpr defaulting to 8 threads.
[2023-12-27 17:02:24,829] {processor.py:651} INFO - DAG(s) dict_keys(['Lead_scoring_training_pipeline']) retrieved from /home/airflow/dags/Lead_scoring_training_pipeline/.ipynb_checkpoints/lead_scoring_training_pipeline-checkpoint.py
[2023-12-27 17:02:24,886] {logging_mixin.py:115} INFO - [2023-12-27 17:02:24,886] {dag.py:2420} INFO - Sync 1 DAGs
[2023-12-27 17:02:24,910] {logging_mixin.py:115} INFO - [2023-12-27 17:02:24,910] {dag.py:2968} INFO - Setting next_dagrun for Lead_scoring_training_pipeline to 2024-01-01T00:00:00+00:00, run_after=2024-02-01T00:00:00+00:00
[2023-12-27 17:02:24,953] {processor.py:161} INFO - Processing /home/airflow/dags/Lead_scoring_training_pipeline/.ipynb_checkpoints/lead_scoring_training_pipeline-checkpoint.py took 1.784 seconds
[2023-12-27 17:03:37,669] {processor.py:153} INFO - Started process (PID=3251) to work on /home/airflow/dags/Lead_scoring_training_pipeline/.ipynb_checkpoints/lead_scoring_training_pipeline-checkpoint.py
[2023-12-27 17:03:37,670] {processor.py:641} INFO - Processing file /home/airflow/dags/Lead_scoring_training_pipeline/.ipynb_checkpoints/lead_scoring_training_pipeline-checkpoint.py for tasks to queue
[2023-12-27 17:03:37,671] {logging_mixin.py:115} INFO - [2023-12-27 17:03:37,670] {dagbag.py:508} INFO - Filling up the DagBag from /home/airflow/dags/Lead_scoring_training_pipeline/.ipynb_checkpoints/lead_scoring_training_pipeline-checkpoint.py
[2023-12-27 17:03:37,964] {logging_mixin.py:115} INFO - [2023-12-27 17:03:37,964] {utils.py:145} INFO - Note: NumExpr detected 64 cores but "NUMEXPR_MAX_THREADS" not set, so enforcing safe limit of 8.
[2023-12-27 17:03:37,965] {logging_mixin.py:115} INFO - [2023-12-27 17:03:37,964] {utils.py:157} INFO - NumExpr defaulting to 8 threads.
[2023-12-27 17:03:39,462] {processor.py:651} INFO - DAG(s) dict_keys(['Lead_scoring_training_pipeline']) retrieved from /home/airflow/dags/Lead_scoring_training_pipeline/.ipynb_checkpoints/lead_scoring_training_pipeline-checkpoint.py
[2023-12-27 17:03:39,479] {logging_mixin.py:115} INFO - [2023-12-27 17:03:39,479] {dag.py:2420} INFO - Sync 1 DAGs
[2023-12-27 17:03:39,503] {logging_mixin.py:115} INFO - [2023-12-27 17:03:39,503] {dag.py:2968} INFO - Setting next_dagrun for Lead_scoring_training_pipeline to 2024-01-01T00:00:00+00:00, run_after=2024-02-01T00:00:00+00:00
[2023-12-27 17:03:39,538] {processor.py:161} INFO - Processing /home/airflow/dags/Lead_scoring_training_pipeline/.ipynb_checkpoints/lead_scoring_training_pipeline-checkpoint.py took 1.873 seconds
[2023-12-27 17:04:43,200] {processor.py:153} INFO - Started process (PID=3361) to work on /home/airflow/dags/Lead_scoring_training_pipeline/.ipynb_checkpoints/lead_scoring_training_pipeline-checkpoint.py
[2023-12-27 17:04:43,200] {processor.py:641} INFO - Processing file /home/airflow/dags/Lead_scoring_training_pipeline/.ipynb_checkpoints/lead_scoring_training_pipeline-checkpoint.py for tasks to queue
[2023-12-27 17:04:43,201] {logging_mixin.py:115} INFO - [2023-12-27 17:04:43,200] {dagbag.py:508} INFO - Filling up the DagBag from /home/airflow/dags/Lead_scoring_training_pipeline/.ipynb_checkpoints/lead_scoring_training_pipeline-checkpoint.py
[2023-12-27 17:04:43,462] {logging_mixin.py:115} INFO - [2023-12-27 17:04:43,462] {utils.py:145} INFO - Note: NumExpr detected 64 cores but "NUMEXPR_MAX_THREADS" not set, so enforcing safe limit of 8.
[2023-12-27 17:04:43,462] {logging_mixin.py:115} INFO - [2023-12-27 17:04:43,462] {utils.py:157} INFO - NumExpr defaulting to 8 threads.
[2023-12-27 17:04:44,864] {processor.py:651} INFO - DAG(s) dict_keys(['Lead_scoring_training_pipeline']) retrieved from /home/airflow/dags/Lead_scoring_training_pipeline/.ipynb_checkpoints/lead_scoring_training_pipeline-checkpoint.py
[2023-12-27 17:04:44,921] {logging_mixin.py:115} INFO - [2023-12-27 17:04:44,921] {dag.py:2420} INFO - Sync 1 DAGs
[2023-12-27 17:04:44,944] {logging_mixin.py:115} INFO - [2023-12-27 17:04:44,944] {dag.py:2968} INFO - Setting next_dagrun for Lead_scoring_training_pipeline to 2024-01-01T00:00:00+00:00, run_after=2024-02-01T00:00:00+00:00
[2023-12-27 17:04:44,986] {processor.py:161} INFO - Processing /home/airflow/dags/Lead_scoring_training_pipeline/.ipynb_checkpoints/lead_scoring_training_pipeline-checkpoint.py took 1.790 seconds
[2023-12-27 17:05:59,027] {processor.py:153} INFO - Started process (PID=3502) to work on /home/airflow/dags/Lead_scoring_training_pipeline/.ipynb_checkpoints/lead_scoring_training_pipeline-checkpoint.py
[2023-12-27 17:05:59,027] {processor.py:641} INFO - Processing file /home/airflow/dags/Lead_scoring_training_pipeline/.ipynb_checkpoints/lead_scoring_training_pipeline-checkpoint.py for tasks to queue
[2023-12-27 17:05:59,028] {logging_mixin.py:115} INFO - [2023-12-27 17:05:59,028] {dagbag.py:508} INFO - Filling up the DagBag from /home/airflow/dags/Lead_scoring_training_pipeline/.ipynb_checkpoints/lead_scoring_training_pipeline-checkpoint.py
[2023-12-27 17:05:59,316] {logging_mixin.py:115} INFO - [2023-12-27 17:05:59,316] {utils.py:145} INFO - Note: NumExpr detected 64 cores but "NUMEXPR_MAX_THREADS" not set, so enforcing safe limit of 8.
[2023-12-27 17:05:59,316] {logging_mixin.py:115} INFO - [2023-12-27 17:05:59,316] {utils.py:157} INFO - NumExpr defaulting to 8 threads.
[2023-12-27 17:06:00,723] {processor.py:651} INFO - DAG(s) dict_keys(['Lead_scoring_training_pipeline']) retrieved from /home/airflow/dags/Lead_scoring_training_pipeline/.ipynb_checkpoints/lead_scoring_training_pipeline-checkpoint.py
[2023-12-27 17:06:00,739] {logging_mixin.py:115} INFO - [2023-12-27 17:06:00,738] {dag.py:2420} INFO - Sync 1 DAGs
[2023-12-27 17:06:00,762] {logging_mixin.py:115} INFO - [2023-12-27 17:06:00,762] {dag.py:2968} INFO - Setting next_dagrun for Lead_scoring_training_pipeline to 2024-01-01T00:00:00+00:00, run_after=2024-02-01T00:00:00+00:00
[2023-12-27 17:06:00,800] {processor.py:161} INFO - Processing /home/airflow/dags/Lead_scoring_training_pipeline/.ipynb_checkpoints/lead_scoring_training_pipeline-checkpoint.py took 1.777 seconds
[2023-12-27 17:07:03,615] {processor.py:153} INFO - Started process (PID=3616) to work on /home/airflow/dags/Lead_scoring_training_pipeline/.ipynb_checkpoints/lead_scoring_training_pipeline-checkpoint.py
[2023-12-27 17:07:03,616] {processor.py:641} INFO - Processing file /home/airflow/dags/Lead_scoring_training_pipeline/.ipynb_checkpoints/lead_scoring_training_pipeline-checkpoint.py for tasks to queue
[2023-12-27 17:07:03,616] {logging_mixin.py:115} INFO - [2023-12-27 17:07:03,616] {dagbag.py:508} INFO - Filling up the DagBag from /home/airflow/dags/Lead_scoring_training_pipeline/.ipynb_checkpoints/lead_scoring_training_pipeline-checkpoint.py
[2023-12-27 17:07:03,818] {logging_mixin.py:115} INFO - [2023-12-27 17:07:03,818] {utils.py:145} INFO - Note: NumExpr detected 64 cores but "NUMEXPR_MAX_THREADS" not set, so enforcing safe limit of 8.
[2023-12-27 17:07:03,818] {logging_mixin.py:115} INFO - [2023-12-27 17:07:03,818] {utils.py:157} INFO - NumExpr defaulting to 8 threads.
[2023-12-27 17:07:05,245] {processor.py:651} INFO - DAG(s) dict_keys(['Lead_scoring_training_pipeline']) retrieved from /home/airflow/dags/Lead_scoring_training_pipeline/.ipynb_checkpoints/lead_scoring_training_pipeline-checkpoint.py
[2023-12-27 17:07:05,301] {logging_mixin.py:115} INFO - [2023-12-27 17:07:05,301] {dag.py:2420} INFO - Sync 1 DAGs
[2023-12-27 17:07:05,323] {logging_mixin.py:115} INFO - [2023-12-27 17:07:05,323] {dag.py:2968} INFO - Setting next_dagrun for Lead_scoring_training_pipeline to 2024-01-01T00:00:00+00:00, run_after=2024-02-01T00:00:00+00:00
[2023-12-27 17:07:05,364] {processor.py:161} INFO - Processing /home/airflow/dags/Lead_scoring_training_pipeline/.ipynb_checkpoints/lead_scoring_training_pipeline-checkpoint.py took 1.752 seconds
[2023-12-27 17:08:08,144] {processor.py:153} INFO - Started process (PID=3743) to work on /home/airflow/dags/Lead_scoring_training_pipeline/.ipynb_checkpoints/lead_scoring_training_pipeline-checkpoint.py
[2023-12-27 17:08:08,145] {processor.py:641} INFO - Processing file /home/airflow/dags/Lead_scoring_training_pipeline/.ipynb_checkpoints/lead_scoring_training_pipeline-checkpoint.py for tasks to queue
[2023-12-27 17:08:08,145] {logging_mixin.py:115} INFO - [2023-12-27 17:08:08,145] {dagbag.py:508} INFO - Filling up the DagBag from /home/airflow/dags/Lead_scoring_training_pipeline/.ipynb_checkpoints/lead_scoring_training_pipeline-checkpoint.py
[2023-12-27 17:08:08,310] {logging_mixin.py:115} INFO - [2023-12-27 17:08:08,310] {utils.py:145} INFO - Note: NumExpr detected 64 cores but "NUMEXPR_MAX_THREADS" not set, so enforcing safe limit of 8.
[2023-12-27 17:08:08,310] {logging_mixin.py:115} INFO - [2023-12-27 17:08:08,310] {utils.py:157} INFO - NumExpr defaulting to 8 threads.
[2023-12-27 17:08:09,744] {processor.py:651} INFO - DAG(s) dict_keys(['Lead_scoring_training_pipeline']) retrieved from /home/airflow/dags/Lead_scoring_training_pipeline/.ipynb_checkpoints/lead_scoring_training_pipeline-checkpoint.py
[2023-12-27 17:08:09,759] {logging_mixin.py:115} INFO - [2023-12-27 17:08:09,759] {dag.py:2420} INFO - Sync 1 DAGs
[2023-12-27 17:08:09,782] {logging_mixin.py:115} INFO - [2023-12-27 17:08:09,782] {dag.py:2968} INFO - Setting next_dagrun for Lead_scoring_training_pipeline to 2024-01-01T00:00:00+00:00, run_after=2024-02-01T00:00:00+00:00
[2023-12-27 17:08:09,823] {processor.py:161} INFO - Processing /home/airflow/dags/Lead_scoring_training_pipeline/.ipynb_checkpoints/lead_scoring_training_pipeline-checkpoint.py took 1.682 seconds
[2023-12-27 17:09:16,383] {processor.py:153} INFO - Started process (PID=3871) to work on /home/airflow/dags/Lead_scoring_training_pipeline/.ipynb_checkpoints/lead_scoring_training_pipeline-checkpoint.py
[2023-12-27 17:09:16,384] {processor.py:641} INFO - Processing file /home/airflow/dags/Lead_scoring_training_pipeline/.ipynb_checkpoints/lead_scoring_training_pipeline-checkpoint.py for tasks to queue
[2023-12-27 17:09:16,384] {logging_mixin.py:115} INFO - [2023-12-27 17:09:16,384] {dagbag.py:508} INFO - Filling up the DagBag from /home/airflow/dags/Lead_scoring_training_pipeline/.ipynb_checkpoints/lead_scoring_training_pipeline-checkpoint.py
[2023-12-27 17:09:16,550] {logging_mixin.py:115} INFO - [2023-12-27 17:09:16,550] {utils.py:145} INFO - Note: NumExpr detected 64 cores but "NUMEXPR_MAX_THREADS" not set, so enforcing safe limit of 8.
[2023-12-27 17:09:16,550] {logging_mixin.py:115} INFO - [2023-12-27 17:09:16,550] {utils.py:157} INFO - NumExpr defaulting to 8 threads.
[2023-12-27 17:09:17,969] {processor.py:651} INFO - DAG(s) dict_keys(['Lead_scoring_training_pipeline']) retrieved from /home/airflow/dags/Lead_scoring_training_pipeline/.ipynb_checkpoints/lead_scoring_training_pipeline-checkpoint.py
[2023-12-27 17:09:18,024] {logging_mixin.py:115} INFO - [2023-12-27 17:09:18,024] {dag.py:2420} INFO - Sync 1 DAGs
[2023-12-27 17:09:18,047] {logging_mixin.py:115} INFO - [2023-12-27 17:09:18,046] {dag.py:2968} INFO - Setting next_dagrun for Lead_scoring_training_pipeline to 2024-01-01T00:00:00+00:00, run_after=2024-02-01T00:00:00+00:00
[2023-12-27 17:09:18,089] {processor.py:161} INFO - Processing /home/airflow/dags/Lead_scoring_training_pipeline/.ipynb_checkpoints/lead_scoring_training_pipeline-checkpoint.py took 1.708 seconds
[2023-12-27 17:10:18,572] {processor.py:153} INFO - Started process (PID=3984) to work on /home/airflow/dags/Lead_scoring_training_pipeline/.ipynb_checkpoints/lead_scoring_training_pipeline-checkpoint.py
[2023-12-27 17:10:18,573] {processor.py:641} INFO - Processing file /home/airflow/dags/Lead_scoring_training_pipeline/.ipynb_checkpoints/lead_scoring_training_pipeline-checkpoint.py for tasks to queue
[2023-12-27 17:10:18,573] {logging_mixin.py:115} INFO - [2023-12-27 17:10:18,573] {dagbag.py:508} INFO - Filling up the DagBag from /home/airflow/dags/Lead_scoring_training_pipeline/.ipynb_checkpoints/lead_scoring_training_pipeline-checkpoint.py
[2023-12-27 17:10:18,737] {logging_mixin.py:115} INFO - [2023-12-27 17:10:18,737] {utils.py:145} INFO - Note: NumExpr detected 64 cores but "NUMEXPR_MAX_THREADS" not set, so enforcing safe limit of 8.
[2023-12-27 17:10:18,737] {logging_mixin.py:115} INFO - [2023-12-27 17:10:18,737] {utils.py:157} INFO - NumExpr defaulting to 8 threads.
[2023-12-27 17:10:20,157] {processor.py:651} INFO - DAG(s) dict_keys(['Lead_scoring_training_pipeline']) retrieved from /home/airflow/dags/Lead_scoring_training_pipeline/.ipynb_checkpoints/lead_scoring_training_pipeline-checkpoint.py
[2023-12-27 17:10:20,172] {logging_mixin.py:115} INFO - [2023-12-27 17:10:20,172] {dag.py:2420} INFO - Sync 1 DAGs
[2023-12-27 17:10:20,196] {logging_mixin.py:115} INFO - [2023-12-27 17:10:20,196] {dag.py:2968} INFO - Setting next_dagrun for Lead_scoring_training_pipeline to 2024-01-01T00:00:00+00:00, run_after=2024-02-01T00:00:00+00:00
[2023-12-27 17:10:20,234] {processor.py:161} INFO - Processing /home/airflow/dags/Lead_scoring_training_pipeline/.ipynb_checkpoints/lead_scoring_training_pipeline-checkpoint.py took 1.665 seconds
[2023-12-27 17:11:22,801] {processor.py:153} INFO - Started process (PID=4099) to work on /home/airflow/dags/Lead_scoring_training_pipeline/.ipynb_checkpoints/lead_scoring_training_pipeline-checkpoint.py
[2023-12-27 17:11:22,801] {processor.py:641} INFO - Processing file /home/airflow/dags/Lead_scoring_training_pipeline/.ipynb_checkpoints/lead_scoring_training_pipeline-checkpoint.py for tasks to queue
[2023-12-27 17:11:22,802] {logging_mixin.py:115} INFO - [2023-12-27 17:11:22,802] {dagbag.py:508} INFO - Filling up the DagBag from /home/airflow/dags/Lead_scoring_training_pipeline/.ipynb_checkpoints/lead_scoring_training_pipeline-checkpoint.py
[2023-12-27 17:11:22,972] {logging_mixin.py:115} INFO - [2023-12-27 17:11:22,972] {utils.py:145} INFO - Note: NumExpr detected 64 cores but "NUMEXPR_MAX_THREADS" not set, so enforcing safe limit of 8.
[2023-12-27 17:11:22,972] {logging_mixin.py:115} INFO - [2023-12-27 17:11:22,972] {utils.py:157} INFO - NumExpr defaulting to 8 threads.
[2023-12-27 17:11:24,459] {processor.py:651} INFO - DAG(s) dict_keys(['Lead_scoring_training_pipeline']) retrieved from /home/airflow/dags/Lead_scoring_training_pipeline/.ipynb_checkpoints/lead_scoring_training_pipeline-checkpoint.py
[2023-12-27 17:11:24,516] {logging_mixin.py:115} INFO - [2023-12-27 17:11:24,516] {dag.py:2420} INFO - Sync 1 DAGs
[2023-12-27 17:11:24,538] {logging_mixin.py:115} INFO - [2023-12-27 17:11:24,538] {dag.py:2968} INFO - Setting next_dagrun for Lead_scoring_training_pipeline to 2024-01-01T00:00:00+00:00, run_after=2024-02-01T00:00:00+00:00
[2023-12-27 17:11:24,579] {processor.py:161} INFO - Processing /home/airflow/dags/Lead_scoring_training_pipeline/.ipynb_checkpoints/lead_scoring_training_pipeline-checkpoint.py took 1.782 seconds
[2023-12-27 17:12:28,441] {processor.py:153} INFO - Started process (PID=4215) to work on /home/airflow/dags/Lead_scoring_training_pipeline/.ipynb_checkpoints/lead_scoring_training_pipeline-checkpoint.py
[2023-12-27 17:12:28,442] {processor.py:641} INFO - Processing file /home/airflow/dags/Lead_scoring_training_pipeline/.ipynb_checkpoints/lead_scoring_training_pipeline-checkpoint.py for tasks to queue
[2023-12-27 17:12:28,442] {logging_mixin.py:115} INFO - [2023-12-27 17:12:28,442] {dagbag.py:508} INFO - Filling up the DagBag from /home/airflow/dags/Lead_scoring_training_pipeline/.ipynb_checkpoints/lead_scoring_training_pipeline-checkpoint.py
[2023-12-27 17:12:28,619] {logging_mixin.py:115} INFO - [2023-12-27 17:12:28,619] {utils.py:145} INFO - Note: NumExpr detected 64 cores but "NUMEXPR_MAX_THREADS" not set, so enforcing safe limit of 8.
[2023-12-27 17:12:28,619] {logging_mixin.py:115} INFO - [2023-12-27 17:12:28,619] {utils.py:157} INFO - NumExpr defaulting to 8 threads.
[2023-12-27 17:12:30,103] {processor.py:651} INFO - DAG(s) dict_keys(['Lead_scoring_training_pipeline']) retrieved from /home/airflow/dags/Lead_scoring_training_pipeline/.ipynb_checkpoints/lead_scoring_training_pipeline-checkpoint.py
[2023-12-27 17:12:30,119] {logging_mixin.py:115} INFO - [2023-12-27 17:12:30,119] {dag.py:2420} INFO - Sync 1 DAGs
[2023-12-27 17:12:30,144] {logging_mixin.py:115} INFO - [2023-12-27 17:12:30,144] {dag.py:2968} INFO - Setting next_dagrun for Lead_scoring_training_pipeline to 2024-01-01T00:00:00+00:00, run_after=2024-02-01T00:00:00+00:00
[2023-12-27 17:12:30,181] {processor.py:161} INFO - Processing /home/airflow/dags/Lead_scoring_training_pipeline/.ipynb_checkpoints/lead_scoring_training_pipeline-checkpoint.py took 1.743 seconds
[2023-12-27 17:15:02,791] {processor.py:153} INFO - Started process (PID=4364) to work on /home/airflow/dags/Lead_scoring_training_pipeline/.ipynb_checkpoints/lead_scoring_training_pipeline-checkpoint.py
[2023-12-27 17:15:02,792] {processor.py:641} INFO - Processing file /home/airflow/dags/Lead_scoring_training_pipeline/.ipynb_checkpoints/lead_scoring_training_pipeline-checkpoint.py for tasks to queue
[2023-12-27 17:15:02,792] {logging_mixin.py:115} INFO - [2023-12-27 17:15:02,792] {dagbag.py:508} INFO - Filling up the DagBag from /home/airflow/dags/Lead_scoring_training_pipeline/.ipynb_checkpoints/lead_scoring_training_pipeline-checkpoint.py
[2023-12-27 17:15:03,050] {logging_mixin.py:115} INFO - [2023-12-27 17:15:03,050] {utils.py:145} INFO - Note: NumExpr detected 64 cores but "NUMEXPR_MAX_THREADS" not set, so enforcing safe limit of 8.
[2023-12-27 17:15:03,050] {logging_mixin.py:115} INFO - [2023-12-27 17:15:03,050] {utils.py:157} INFO - NumExpr defaulting to 8 threads.
[2023-12-27 17:15:04,452] {processor.py:651} INFO - DAG(s) dict_keys(['Lead_scoring_training_pipeline']) retrieved from /home/airflow/dags/Lead_scoring_training_pipeline/.ipynb_checkpoints/lead_scoring_training_pipeline-checkpoint.py
[2023-12-27 17:15:04,509] {logging_mixin.py:115} INFO - [2023-12-27 17:15:04,509] {dag.py:2420} INFO - Sync 1 DAGs
[2023-12-27 17:15:04,534] {logging_mixin.py:115} INFO - [2023-12-27 17:15:04,534] {dag.py:2968} INFO - Setting next_dagrun for Lead_scoring_training_pipeline to 2024-01-01T00:00:00+00:00, run_after=2024-02-01T00:00:00+00:00
[2023-12-27 17:15:04,577] {processor.py:161} INFO - Processing /home/airflow/dags/Lead_scoring_training_pipeline/.ipynb_checkpoints/lead_scoring_training_pipeline-checkpoint.py took 1.788 seconds
[2023-12-27 17:16:37,193] {processor.py:153} INFO - Started process (PID=4595) to work on /home/airflow/dags/Lead_scoring_training_pipeline/.ipynb_checkpoints/lead_scoring_training_pipeline-checkpoint.py
[2023-12-27 17:16:37,193] {processor.py:641} INFO - Processing file /home/airflow/dags/Lead_scoring_training_pipeline/.ipynb_checkpoints/lead_scoring_training_pipeline-checkpoint.py for tasks to queue
[2023-12-27 17:16:37,194] {logging_mixin.py:115} INFO - [2023-12-27 17:16:37,193] {dagbag.py:508} INFO - Filling up the DagBag from /home/airflow/dags/Lead_scoring_training_pipeline/.ipynb_checkpoints/lead_scoring_training_pipeline-checkpoint.py
[2023-12-27 17:16:37,463] {logging_mixin.py:115} INFO - [2023-12-27 17:16:37,463] {utils.py:145} INFO - Note: NumExpr detected 64 cores but "NUMEXPR_MAX_THREADS" not set, so enforcing safe limit of 8.
[2023-12-27 17:16:37,464] {logging_mixin.py:115} INFO - [2023-12-27 17:16:37,464] {utils.py:157} INFO - NumExpr defaulting to 8 threads.
[2023-12-27 17:16:38,861] {processor.py:651} INFO - DAG(s) dict_keys(['Lead_scoring_training_pipeline']) retrieved from /home/airflow/dags/Lead_scoring_training_pipeline/.ipynb_checkpoints/lead_scoring_training_pipeline-checkpoint.py
[2023-12-27 17:16:38,878] {logging_mixin.py:115} INFO - [2023-12-27 17:16:38,878] {dag.py:2420} INFO - Sync 1 DAGs
[2023-12-27 17:16:38,903] {logging_mixin.py:115} INFO - [2023-12-27 17:16:38,902] {dag.py:2968} INFO - Setting next_dagrun for Lead_scoring_training_pipeline to 2024-01-01T00:00:00+00:00, run_after=2024-02-01T00:00:00+00:00
[2023-12-27 17:16:38,943] {processor.py:161} INFO - Processing /home/airflow/dags/Lead_scoring_training_pipeline/.ipynb_checkpoints/lead_scoring_training_pipeline-checkpoint.py took 1.753 seconds
[2023-12-27 17:17:36,934] {processor.py:153} INFO - Started process (PID=4702) to work on /home/airflow/dags/Lead_scoring_training_pipeline/.ipynb_checkpoints/lead_scoring_training_pipeline-checkpoint.py
[2023-12-27 17:17:36,934] {processor.py:641} INFO - Processing file /home/airflow/dags/Lead_scoring_training_pipeline/.ipynb_checkpoints/lead_scoring_training_pipeline-checkpoint.py for tasks to queue
[2023-12-27 17:17:36,935] {logging_mixin.py:115} INFO - [2023-12-27 17:17:36,935] {dagbag.py:508} INFO - Filling up the DagBag from /home/airflow/dags/Lead_scoring_training_pipeline/.ipynb_checkpoints/lead_scoring_training_pipeline-checkpoint.py
[2023-12-27 17:17:37,188] {logging_mixin.py:115} INFO - [2023-12-27 17:17:37,188] {utils.py:145} INFO - Note: NumExpr detected 64 cores but "NUMEXPR_MAX_THREADS" not set, so enforcing safe limit of 8.
[2023-12-27 17:17:37,188] {logging_mixin.py:115} INFO - [2023-12-27 17:17:37,188] {utils.py:157} INFO - NumExpr defaulting to 8 threads.
[2023-12-27 17:17:38,576] {processor.py:651} INFO - DAG(s) dict_keys(['Lead_scoring_training_pipeline']) retrieved from /home/airflow/dags/Lead_scoring_training_pipeline/.ipynb_checkpoints/lead_scoring_training_pipeline-checkpoint.py
[2023-12-27 17:17:38,633] {logging_mixin.py:115} INFO - [2023-12-27 17:17:38,633] {dag.py:2420} INFO - Sync 1 DAGs
[2023-12-27 17:17:38,657] {logging_mixin.py:115} INFO - [2023-12-27 17:17:38,657] {dag.py:2968} INFO - Setting next_dagrun for Lead_scoring_training_pipeline to 2024-01-01T00:00:00+00:00, run_after=2024-02-01T00:00:00+00:00
[2023-12-27 17:17:38,700] {processor.py:161} INFO - Processing /home/airflow/dags/Lead_scoring_training_pipeline/.ipynb_checkpoints/lead_scoring_training_pipeline-checkpoint.py took 1.769 seconds
[2023-12-27 17:18:25,747] {processor.py:153} INFO - Started process (PID=4865) to work on /home/airflow/dags/Lead_scoring_training_pipeline/.ipynb_checkpoints/lead_scoring_training_pipeline-checkpoint.py
[2023-12-27 17:18:25,748] {processor.py:641} INFO - Processing file /home/airflow/dags/Lead_scoring_training_pipeline/.ipynb_checkpoints/lead_scoring_training_pipeline-checkpoint.py for tasks to queue
[2023-12-27 17:18:25,748] {logging_mixin.py:115} INFO - [2023-12-27 17:18:25,748] {dagbag.py:508} INFO - Filling up the DagBag from /home/airflow/dags/Lead_scoring_training_pipeline/.ipynb_checkpoints/lead_scoring_training_pipeline-checkpoint.py
[2023-12-27 17:18:26,007] {logging_mixin.py:115} INFO - [2023-12-27 17:18:26,007] {utils.py:145} INFO - Note: NumExpr detected 64 cores but "NUMEXPR_MAX_THREADS" not set, so enforcing safe limit of 8.
[2023-12-27 17:18:26,007] {logging_mixin.py:115} INFO - [2023-12-27 17:18:26,007] {utils.py:157} INFO - NumExpr defaulting to 8 threads.
[2023-12-27 17:18:27,402] {processor.py:651} INFO - DAG(s) dict_keys(['Lead_scoring_training_pipeline']) retrieved from /home/airflow/dags/Lead_scoring_training_pipeline/.ipynb_checkpoints/lead_scoring_training_pipeline-checkpoint.py
[2023-12-27 17:18:27,418] {logging_mixin.py:115} INFO - [2023-12-27 17:18:27,418] {dag.py:2420} INFO - Sync 1 DAGs
[2023-12-27 17:18:27,442] {logging_mixin.py:115} INFO - [2023-12-27 17:18:27,442] {dag.py:2968} INFO - Setting next_dagrun for Lead_scoring_training_pipeline to 2024-01-01T00:00:00+00:00, run_after=2024-02-01T00:00:00+00:00
[2023-12-27 17:18:27,483] {processor.py:161} INFO - Processing /home/airflow/dags/Lead_scoring_training_pipeline/.ipynb_checkpoints/lead_scoring_training_pipeline-checkpoint.py took 1.739 seconds
[2023-12-27 17:19:13,180] {processor.py:153} INFO - Started process (PID=4947) to work on /home/airflow/dags/Lead_scoring_training_pipeline/.ipynb_checkpoints/lead_scoring_training_pipeline-checkpoint.py
[2023-12-27 17:19:13,180] {processor.py:641} INFO - Processing file /home/airflow/dags/Lead_scoring_training_pipeline/.ipynb_checkpoints/lead_scoring_training_pipeline-checkpoint.py for tasks to queue
[2023-12-27 17:19:13,181] {logging_mixin.py:115} INFO - [2023-12-27 17:19:13,181] {dagbag.py:508} INFO - Filling up the DagBag from /home/airflow/dags/Lead_scoring_training_pipeline/.ipynb_checkpoints/lead_scoring_training_pipeline-checkpoint.py
[2023-12-27 17:19:13,440] {logging_mixin.py:115} INFO - [2023-12-27 17:19:13,440] {utils.py:145} INFO - Note: NumExpr detected 64 cores but "NUMEXPR_MAX_THREADS" not set, so enforcing safe limit of 8.
[2023-12-27 17:19:13,440] {logging_mixin.py:115} INFO - [2023-12-27 17:19:13,440] {utils.py:157} INFO - NumExpr defaulting to 8 threads.
[2023-12-27 17:19:14,832] {processor.py:651} INFO - DAG(s) dict_keys(['Lead_scoring_training_pipeline']) retrieved from /home/airflow/dags/Lead_scoring_training_pipeline/.ipynb_checkpoints/lead_scoring_training_pipeline-checkpoint.py
[2023-12-27 17:19:14,889] {logging_mixin.py:115} INFO - [2023-12-27 17:19:14,889] {dag.py:2420} INFO - Sync 1 DAGs
[2023-12-27 17:19:14,913] {logging_mixin.py:115} INFO - [2023-12-27 17:19:14,912] {dag.py:2968} INFO - Setting next_dagrun for Lead_scoring_training_pipeline to 2024-01-01T00:00:00+00:00, run_after=2024-02-01T00:00:00+00:00
[2023-12-27 17:19:14,956] {processor.py:161} INFO - Processing /home/airflow/dags/Lead_scoring_training_pipeline/.ipynb_checkpoints/lead_scoring_training_pipeline-checkpoint.py took 1.779 seconds
[2023-12-27 17:20:24,307] {processor.py:153} INFO - Started process (PID=5074) to work on /home/airflow/dags/Lead_scoring_training_pipeline/.ipynb_checkpoints/lead_scoring_training_pipeline-checkpoint.py
[2023-12-27 17:20:24,308] {processor.py:641} INFO - Processing file /home/airflow/dags/Lead_scoring_training_pipeline/.ipynb_checkpoints/lead_scoring_training_pipeline-checkpoint.py for tasks to queue
[2023-12-27 17:20:24,308] {logging_mixin.py:115} INFO - [2023-12-27 17:20:24,308] {dagbag.py:508} INFO - Filling up the DagBag from /home/airflow/dags/Lead_scoring_training_pipeline/.ipynb_checkpoints/lead_scoring_training_pipeline-checkpoint.py
[2023-12-27 17:20:24,513] {logging_mixin.py:115} INFO - [2023-12-27 17:20:24,513] {utils.py:145} INFO - Note: NumExpr detected 64 cores but "NUMEXPR_MAX_THREADS" not set, so enforcing safe limit of 8.
[2023-12-27 17:20:24,514] {logging_mixin.py:115} INFO - [2023-12-27 17:20:24,514] {utils.py:157} INFO - NumExpr defaulting to 8 threads.
[2023-12-27 17:20:25,958] {processor.py:651} INFO - DAG(s) dict_keys(['Lead_scoring_training_pipeline']) retrieved from /home/airflow/dags/Lead_scoring_training_pipeline/.ipynb_checkpoints/lead_scoring_training_pipeline-checkpoint.py
[2023-12-27 17:20:25,976] {logging_mixin.py:115} INFO - [2023-12-27 17:20:25,976] {dag.py:2420} INFO - Sync 1 DAGs
[2023-12-27 17:20:26,000] {logging_mixin.py:115} INFO - [2023-12-27 17:20:25,999] {dag.py:2968} INFO - Setting next_dagrun for Lead_scoring_training_pipeline to 2024-01-01T00:00:00+00:00, run_after=2024-02-01T00:00:00+00:00
[2023-12-27 17:20:26,041] {processor.py:161} INFO - Processing /home/airflow/dags/Lead_scoring_training_pipeline/.ipynb_checkpoints/lead_scoring_training_pipeline-checkpoint.py took 1.737 seconds
[2023-12-27 17:21:31,692] {processor.py:153} INFO - Started process (PID=5212) to work on /home/airflow/dags/Lead_scoring_training_pipeline/.ipynb_checkpoints/lead_scoring_training_pipeline-checkpoint.py
[2023-12-27 17:21:31,693] {processor.py:641} INFO - Processing file /home/airflow/dags/Lead_scoring_training_pipeline/.ipynb_checkpoints/lead_scoring_training_pipeline-checkpoint.py for tasks to queue
[2023-12-27 17:21:31,693] {logging_mixin.py:115} INFO - [2023-12-27 17:21:31,693] {dagbag.py:508} INFO - Filling up the DagBag from /home/airflow/dags/Lead_scoring_training_pipeline/.ipynb_checkpoints/lead_scoring_training_pipeline-checkpoint.py
[2023-12-27 17:21:31,865] {logging_mixin.py:115} INFO - [2023-12-27 17:21:31,865] {utils.py:145} INFO - Note: NumExpr detected 64 cores but "NUMEXPR_MAX_THREADS" not set, so enforcing safe limit of 8.
[2023-12-27 17:21:31,865] {logging_mixin.py:115} INFO - [2023-12-27 17:21:31,865] {utils.py:157} INFO - NumExpr defaulting to 8 threads.
[2023-12-27 17:21:33,289] {processor.py:651} INFO - DAG(s) dict_keys(['Lead_scoring_training_pipeline']) retrieved from /home/airflow/dags/Lead_scoring_training_pipeline/.ipynb_checkpoints/lead_scoring_training_pipeline-checkpoint.py
[2023-12-27 17:21:33,349] {logging_mixin.py:115} INFO - [2023-12-27 17:21:33,348] {dag.py:2420} INFO - Sync 1 DAGs
[2023-12-27 17:21:33,372] {logging_mixin.py:115} INFO - [2023-12-27 17:21:33,371] {dag.py:2968} INFO - Setting next_dagrun for Lead_scoring_training_pipeline to 2024-01-01T00:00:00+00:00, run_after=2024-02-01T00:00:00+00:00
[2023-12-27 17:21:33,416] {processor.py:161} INFO - Processing /home/airflow/dags/Lead_scoring_training_pipeline/.ipynb_checkpoints/lead_scoring_training_pipeline-checkpoint.py took 1.727 seconds
