[2023-12-27 07:11:15,169] {taskinstance.py:1179} INFO - Dependencies all met for <TaskInstance: Lead_Scoring_Data_Engineering_Pipeline.mapping_city_tier scheduled__2023-12-26T00:00:00+00:00 [queued]>
[2023-12-27 07:11:15,188] {taskinstance.py:1179} INFO - Dependencies all met for <TaskInstance: Lead_Scoring_Data_Engineering_Pipeline.mapping_city_tier scheduled__2023-12-26T00:00:00+00:00 [queued]>
[2023-12-27 07:11:15,188] {taskinstance.py:1376} INFO - 
--------------------------------------------------------------------------------
[2023-12-27 07:11:15,188] {taskinstance.py:1377} INFO - Starting attempt 1 of 2
[2023-12-27 07:11:15,188] {taskinstance.py:1378} INFO - 
--------------------------------------------------------------------------------
[2023-12-27 07:11:15,215] {taskinstance.py:1397} INFO - Executing <Task(PythonOperator): mapping_city_tier> on 2023-12-26 00:00:00+00:00
[2023-12-27 07:11:15,219] {standard_task_runner.py:52} INFO - Started process 1168 to run task
[2023-12-27 07:11:15,221] {standard_task_runner.py:79} INFO - Running: ['airflow', 'tasks', 'run', 'Lead_Scoring_Data_Engineering_Pipeline', 'mapping_city_tier', 'scheduled__2023-12-26T00:00:00+00:00', '--job-id', '15', '--raw', '--subdir', 'DAGS_FOLDER/Lead_scoring_data_pipeline/.ipynb_checkpoints/lead_scoring_data_pipeline-checkpoint.py', '--cfg-path', '/tmp/tmpl43p44ly', '--error-file', '/tmp/tmp6y_p55gn']
[2023-12-27 07:11:15,221] {standard_task_runner.py:80} INFO - Job 15: Subtask mapping_city_tier
[2023-12-27 07:11:15,313] {task_command.py:371} INFO - Running <TaskInstance: Lead_Scoring_Data_Engineering_Pipeline.mapping_city_tier scheduled__2023-12-26T00:00:00+00:00 [running]> on host ce59f542c9dd
[2023-12-27 07:11:15,420] {taskinstance.py:1589} INFO - Exporting the following env vars:
AIRFLOW_CTX_DAG_OWNER=airflow
AIRFLOW_CTX_DAG_ID=Lead_Scoring_Data_Engineering_Pipeline
AIRFLOW_CTX_TASK_ID=mapping_city_tier
AIRFLOW_CTX_EXECUTION_DATE=2023-12-26T00:00:00+00:00
AIRFLOW_CTX_TRY_NUMBER=1
AIRFLOW_CTX_DAG_RUN_ID=scheduled__2023-12-26T00:00:00+00:00
[2023-12-27 07:11:26,602] {logging_mixin.py:115} INFO - Mapped cities into tiers
[2023-12-27 07:11:26,648] {python.py:173} INFO - Done. Returned value was: None
[2023-12-27 07:11:26,663] {taskinstance.py:1415} INFO - Marking task as SUCCESS. dag_id=Lead_Scoring_Data_Engineering_Pipeline, task_id=mapping_city_tier, execution_date=20231226T000000, start_date=20231227T071115, end_date=20231227T071126
[2023-12-27 07:11:26,723] {local_task_job.py:156} INFO - Task exited with return code 0
[2023-12-27 07:11:26,787] {local_task_job.py:273} INFO - 1 downstream tasks scheduled from follow-on schedule check
