[2023-12-27 17:15:47,891] {taskinstance.py:1179} INFO - Dependencies all met for <TaskInstance: Lead_Scoring_Data_Engineering_Pipeline.building_db manual__2023-12-27T17:15:45.041885+00:00 [queued]>
[2023-12-27 17:15:47,911] {taskinstance.py:1179} INFO - Dependencies all met for <TaskInstance: Lead_Scoring_Data_Engineering_Pipeline.building_db manual__2023-12-27T17:15:45.041885+00:00 [queued]>
[2023-12-27 17:15:47,911] {taskinstance.py:1376} INFO - 
--------------------------------------------------------------------------------
[2023-12-27 17:15:47,911] {taskinstance.py:1377} INFO - Starting attempt 1 of 2
[2023-12-27 17:15:47,911] {taskinstance.py:1378} INFO - 
--------------------------------------------------------------------------------
[2023-12-27 17:15:47,942] {taskinstance.py:1397} INFO - Executing <Task(PythonOperator): building_db> on 2023-12-27 17:15:45.041885+00:00
[2023-12-27 17:15:47,945] {standard_task_runner.py:52} INFO - Started process 4437 to run task
[2023-12-27 17:15:47,947] {standard_task_runner.py:79} INFO - Running: ['airflow', 'tasks', 'run', 'Lead_Scoring_Data_Engineering_Pipeline', 'building_db', 'manual__2023-12-27T17:15:45.041885+00:00', '--job-id', '35', '--raw', '--subdir', 'DAGS_FOLDER/Lead_scoring_data_pipeline/.ipynb_checkpoints/lead_scoring_data_pipeline-checkpoint.py', '--cfg-path', '/tmp/tmp1ow0vvau', '--error-file', '/tmp/tmprcj21he6']
[2023-12-27 17:15:47,948] {standard_task_runner.py:80} INFO - Job 35: Subtask building_db
[2023-12-27 17:15:48,046] {task_command.py:371} INFO - Running <TaskInstance: Lead_Scoring_Data_Engineering_Pipeline.building_db manual__2023-12-27T17:15:45.041885+00:00 [running]> on host 94ab74f1de1f
[2023-12-27 17:15:48,163] {taskinstance.py:1589} INFO - Exporting the following env vars:
AIRFLOW_CTX_DAG_OWNER=airflow
AIRFLOW_CTX_DAG_ID=Lead_Scoring_Data_Engineering_Pipeline
AIRFLOW_CTX_TASK_ID=building_db
AIRFLOW_CTX_EXECUTION_DATE=2023-12-27T17:15:45.041885+00:00
AIRFLOW_CTX_TRY_NUMBER=1
AIRFLOW_CTX_DAG_RUN_ID=manual__2023-12-27T17:15:45.041885+00:00
[2023-12-27 17:15:48,164] {logging_mixin.py:115} INFO - DB Already Exists
[2023-12-27 17:15:48,164] {python.py:173} INFO - Done. Returned value was: DB Exists
[2023-12-27 17:15:48,211] {taskinstance.py:1415} INFO - Marking task as SUCCESS. dag_id=Lead_Scoring_Data_Engineering_Pipeline, task_id=building_db, execution_date=20231227T171545, start_date=20231227T171547, end_date=20231227T171548
[2023-12-27 17:15:48,280] {local_task_job.py:156} INFO - Task exited with return code 0
[2023-12-27 17:15:48,353] {local_task_job.py:273} INFO - 1 downstream tasks scheduled from follow-on schedule check
