[2023-12-27 17:03:24,298] {taskinstance.py:1179} INFO - Dependencies all met for <TaskInstance: Lead_scoring_inference_pipeline.checking_model_prediction_ratio manual__2023-12-27T17:02:42.692715+00:00 [queued]>
[2023-12-27 17:03:24,316] {taskinstance.py:1179} INFO - Dependencies all met for <TaskInstance: Lead_scoring_inference_pipeline.checking_model_prediction_ratio manual__2023-12-27T17:02:42.692715+00:00 [queued]>
[2023-12-27 17:03:24,316] {taskinstance.py:1376} INFO - 
--------------------------------------------------------------------------------
[2023-12-27 17:03:24,317] {taskinstance.py:1377} INFO - Starting attempt 1 of 2
[2023-12-27 17:03:24,317] {taskinstance.py:1378} INFO - 
--------------------------------------------------------------------------------
[2023-12-27 17:03:24,343] {taskinstance.py:1397} INFO - Executing <Task(PythonOperator): checking_model_prediction_ratio> on 2023-12-27 17:02:42.692715+00:00
[2023-12-27 17:03:24,348] {standard_task_runner.py:52} INFO - Started process 3204 to run task
[2023-12-27 17:03:24,351] {standard_task_runner.py:79} INFO - Running: ['airflow', 'tasks', 'run', 'Lead_scoring_inference_pipeline', 'checking_model_prediction_ratio', 'manual__2023-12-27T17:02:42.692715+00:00', '--job-id', '33', '--raw', '--subdir', 'DAGS_FOLDER/Lead_scoring_inference_pipeline/.ipynb_checkpoints/lead_scoring_inference_pipeline-checkpoint.py', '--cfg-path', '/tmp/tmpxrlj1bn4', '--error-file', '/tmp/tmp_vmbk8iw']
[2023-12-27 17:03:24,352] {standard_task_runner.py:80} INFO - Job 33: Subtask checking_model_prediction_ratio
[2023-12-27 17:03:24,442] {task_command.py:371} INFO - Running <TaskInstance: Lead_scoring_inference_pipeline.checking_model_prediction_ratio manual__2023-12-27T17:02:42.692715+00:00 [running]> on host 94ab74f1de1f
[2023-12-27 17:03:24,648] {taskinstance.py:1589} INFO - Exporting the following env vars:
AIRFLOW_CTX_DAG_OWNER=airflow
AIRFLOW_CTX_DAG_ID=Lead_scoring_inference_pipeline
AIRFLOW_CTX_TASK_ID=checking_model_prediction_ratio
AIRFLOW_CTX_EXECUTION_DATE=2023-12-27T17:02:42.692715+00:00
AIRFLOW_CTX_TRY_NUMBER=1
AIRFLOW_CTX_DAG_RUN_ID=manual__2023-12-27T17:02:42.692715+00:00
[2023-12-27 17:03:25,764] {python.py:173} INFO - Done. Returned value was: None
[2023-12-27 17:03:25,779] {taskinstance.py:1415} INFO - Marking task as SUCCESS. dag_id=Lead_scoring_inference_pipeline, task_id=checking_model_prediction_ratio, execution_date=20231227T170242, start_date=20231227T170324, end_date=20231227T170325
[2023-12-27 17:03:25,848] {local_task_job.py:156} INFO - Task exited with return code 0
[2023-12-27 17:03:25,898] {local_task_job.py:273} INFO - 0 downstream tasks scheduled from follow-on schedule check
