[2023-12-27 07:10:59,523] {taskinstance.py:1179} INFO - Dependencies all met for <TaskInstance: Lead_Scoring_Data_Engineering_Pipeline.checking_raw_data_schema scheduled__2023-12-26T00:00:00+00:00 [queued]>
[2023-12-27 07:10:59,541] {taskinstance.py:1179} INFO - Dependencies all met for <TaskInstance: Lead_Scoring_Data_Engineering_Pipeline.checking_raw_data_schema scheduled__2023-12-26T00:00:00+00:00 [queued]>
[2023-12-27 07:10:59,541] {taskinstance.py:1376} INFO - 
--------------------------------------------------------------------------------
[2023-12-27 07:10:59,542] {taskinstance.py:1377} INFO - Starting attempt 1 of 2
[2023-12-27 07:10:59,542] {taskinstance.py:1378} INFO - 
--------------------------------------------------------------------------------
[2023-12-27 07:10:59,574] {taskinstance.py:1397} INFO - Executing <Task(PythonOperator): checking_raw_data_schema> on 2023-12-26 00:00:00+00:00
[2023-12-27 07:10:59,577] {standard_task_runner.py:52} INFO - Started process 1116 to run task
[2023-12-27 07:10:59,580] {standard_task_runner.py:79} INFO - Running: ['airflow', 'tasks', 'run', 'Lead_Scoring_Data_Engineering_Pipeline', 'checking_raw_data_schema', 'scheduled__2023-12-26T00:00:00+00:00', '--job-id', '13', '--raw', '--subdir', 'DAGS_FOLDER/Lead_scoring_data_pipeline/.ipynb_checkpoints/lead_scoring_data_pipeline-checkpoint.py', '--cfg-path', '/tmp/tmpb7h2hryq', '--error-file', '/tmp/tmp_66yoqt4']
[2023-12-27 07:10:59,580] {standard_task_runner.py:80} INFO - Job 13: Subtask checking_raw_data_schema
[2023-12-27 07:10:59,668] {task_command.py:371} INFO - Running <TaskInstance: Lead_Scoring_Data_Engineering_Pipeline.checking_raw_data_schema scheduled__2023-12-26T00:00:00+00:00 [running]> on host ce59f542c9dd
[2023-12-27 07:10:59,783] {taskinstance.py:1589} INFO - Exporting the following env vars:
AIRFLOW_CTX_DAG_OWNER=airflow
AIRFLOW_CTX_DAG_ID=Lead_Scoring_Data_Engineering_Pipeline
AIRFLOW_CTX_TASK_ID=checking_raw_data_schema
AIRFLOW_CTX_EXECUTION_DATE=2023-12-26T00:00:00+00:00
AIRFLOW_CTX_TRY_NUMBER=1
AIRFLOW_CTX_DAG_RUN_ID=scheduled__2023-12-26T00:00:00+00:00
[2023-12-27 07:11:00,379] {logging_mixin.py:115} INFO - Raw datas schema is in line with the schema present in schema.py
[2023-12-27 07:11:00,387] {python.py:173} INFO - Done. Returned value was: None
[2023-12-27 07:11:00,404] {taskinstance.py:1415} INFO - Marking task as SUCCESS. dag_id=Lead_Scoring_Data_Engineering_Pipeline, task_id=checking_raw_data_schema, execution_date=20231226T000000, start_date=20231227T071059, end_date=20231227T071100
[2023-12-27 07:11:00,475] {local_task_job.py:156} INFO - Task exited with return code 0
[2023-12-27 07:11:00,545] {local_task_job.py:273} INFO - 1 downstream tasks scheduled from follow-on schedule check
