[2023-12-27 15:40:34,210] {taskinstance.py:1179} INFO - Dependencies all met for <TaskInstance: Lead_scoring_training_pipeline.encoding_categorical_variables manual__2023-12-27T15:40:30.432550+00:00 [queued]>
[2023-12-27 15:40:34,228] {taskinstance.py:1179} INFO - Dependencies all met for <TaskInstance: Lead_scoring_training_pipeline.encoding_categorical_variables manual__2023-12-27T15:40:30.432550+00:00 [queued]>
[2023-12-27 15:40:34,228] {taskinstance.py:1376} INFO - 
--------------------------------------------------------------------------------
[2023-12-27 15:40:34,228] {taskinstance.py:1377} INFO - Starting attempt 1 of 2
[2023-12-27 15:40:34,228] {taskinstance.py:1378} INFO - 
--------------------------------------------------------------------------------
[2023-12-27 15:40:34,256] {taskinstance.py:1397} INFO - Executing <Task(PythonOperator): encoding_categorical_variables> on 2023-12-27 15:40:30.432550+00:00
[2023-12-27 15:40:34,264] {standard_task_runner.py:52} INFO - Started process 1606 to run task
[2023-12-27 15:40:34,269] {standard_task_runner.py:79} INFO - Running: ['airflow', 'tasks', 'run', 'Lead_scoring_training_pipeline', 'encoding_categorical_variables', 'manual__2023-12-27T15:40:30.432550+00:00', '--job-id', '23', '--raw', '--subdir', 'DAGS_FOLDER/Lead_scoring_training_pipeline/.ipynb_checkpoints/lead_scoring_training_pipeline-checkpoint.py', '--cfg-path', '/tmp/tmplug377lc', '--error-file', '/tmp/tmpql_a2bsp']
[2023-12-27 15:40:34,270] {standard_task_runner.py:80} INFO - Job 23: Subtask encoding_categorical_variables
[2023-12-27 15:40:34,382] {task_command.py:371} INFO - Running <TaskInstance: Lead_scoring_training_pipeline.encoding_categorical_variables manual__2023-12-27T15:40:30.432550+00:00 [running]> on host 94ab74f1de1f
[2023-12-27 15:40:34,503] {taskinstance.py:1589} INFO - Exporting the following env vars:
AIRFLOW_CTX_DAG_OWNER=airflow
AIRFLOW_CTX_DAG_ID=Lead_scoring_training_pipeline
AIRFLOW_CTX_TASK_ID=encoding_categorical_variables
AIRFLOW_CTX_EXECUTION_DATE=2023-12-27T15:40:30.432550+00:00
AIRFLOW_CTX_TRY_NUMBER=1
AIRFLOW_CTX_DAG_RUN_ID=manual__2023-12-27T15:40:30.432550+00:00
[2023-12-27 15:40:34,505] {logging_mixin.py:115} INFO - Loading model_input
[2023-12-27 15:40:36,543] {logging_mixin.py:115} INFO - One hot encoding features
[2023-12-27 15:40:36,788] {logging_mixin.py:115} INFO - Storing 'target' table
[2023-12-27 15:40:37,031] {logging_mixin.py:115} INFO - Storing feature table
[2023-12-27 15:40:37,643] {python.py:173} INFO - Done. Returned value was: None
[2023-12-27 15:40:37,662] {taskinstance.py:1415} INFO - Marking task as SUCCESS. dag_id=Lead_scoring_training_pipeline, task_id=encoding_categorical_variables, execution_date=20231227T154030, start_date=20231227T154034, end_date=20231227T154037
[2023-12-27 15:40:37,732] {local_task_job.py:156} INFO - Task exited with return code 0
[2023-12-27 15:40:37,817] {local_task_job.py:273} INFO - 1 downstream tasks scheduled from follow-on schedule check
