[2023-12-27 17:17:54,452] {taskinstance.py:1179} INFO - Dependencies all met for <TaskInstance: Lead_scoring_inference_pipeline.encoding_categorical_variables manual__2023-12-27T17:17:50.647163+00:00 [queued]>
[2023-12-27 17:17:54,478] {taskinstance.py:1179} INFO - Dependencies all met for <TaskInstance: Lead_scoring_inference_pipeline.encoding_categorical_variables manual__2023-12-27T17:17:50.647163+00:00 [queued]>
[2023-12-27 17:17:54,478] {taskinstance.py:1376} INFO - 
--------------------------------------------------------------------------------
[2023-12-27 17:17:54,478] {taskinstance.py:1377} INFO - Starting attempt 1 of 2
[2023-12-27 17:17:54,478] {taskinstance.py:1378} INFO - 
--------------------------------------------------------------------------------
[2023-12-27 17:17:54,515] {taskinstance.py:1397} INFO - Executing <Task(PythonOperator): encoding_categorical_variables> on 2023-12-27 17:17:50.647163+00:00
[2023-12-27 17:17:54,520] {standard_task_runner.py:52} INFO - Started process 4753 to run task
[2023-12-27 17:17:54,522] {standard_task_runner.py:79} INFO - Running: ['airflow', 'tasks', 'run', 'Lead_scoring_inference_pipeline', 'encoding_categorical_variables', 'manual__2023-12-27T17:17:50.647163+00:00', '--job-id', '42', '--raw', '--subdir', 'DAGS_FOLDER/Lead_scoring_inference_pipeline/.ipynb_checkpoints/lead_scoring_inference_pipeline-checkpoint.py', '--cfg-path', '/tmp/tmpm9n83x25', '--error-file', '/tmp/tmpe3ara1hd']
[2023-12-27 17:17:54,523] {standard_task_runner.py:80} INFO - Job 42: Subtask encoding_categorical_variables
[2023-12-27 17:17:54,635] {task_command.py:371} INFO - Running <TaskInstance: Lead_scoring_inference_pipeline.encoding_categorical_variables manual__2023-12-27T17:17:50.647163+00:00 [running]> on host 94ab74f1de1f
[2023-12-27 17:17:54,853] {taskinstance.py:1589} INFO - Exporting the following env vars:
AIRFLOW_CTX_DAG_OWNER=airflow
AIRFLOW_CTX_DAG_ID=Lead_scoring_inference_pipeline
AIRFLOW_CTX_TASK_ID=encoding_categorical_variables
AIRFLOW_CTX_EXECUTION_DATE=2023-12-27T17:17:50.647163+00:00
AIRFLOW_CTX_TRY_NUMBER=1
AIRFLOW_CTX_DAG_RUN_ID=manual__2023-12-27T17:17:50.647163+00:00
[2023-12-27 17:17:54,855] {logging_mixin.py:115} INFO - Loading model_input
[2023-12-27 17:17:54,911] {logging_mixin.py:115} INFO - One hot encoding features
[2023-12-27 17:17:55,127] {logging_mixin.py:115} INFO - features created/replaced
[2023-12-27 17:17:55,130] {python.py:173} INFO - Done. Returned value was: None
[2023-12-27 17:17:55,148] {taskinstance.py:1415} INFO - Marking task as SUCCESS. dag_id=Lead_scoring_inference_pipeline, task_id=encoding_categorical_variables, execution_date=20231227T171750, start_date=20231227T171754, end_date=20231227T171755
[2023-12-27 17:17:55,217] {local_task_job.py:156} INFO - Task exited with return code 0
[2023-12-27 17:17:55,303] {local_task_job.py:273} INFO - 1 downstream tasks scheduled from follow-on schedule check
