[2023-12-27 17:18:06,546] {taskinstance.py:1179} INFO - Dependencies all met for <TaskInstance: Lead_scoring_inference_pipeline.checking_model_prediction_ratio manual__2023-12-27T17:17:50.647163+00:00 [queued]>
[2023-12-27 17:18:06,564] {taskinstance.py:1179} INFO - Dependencies all met for <TaskInstance: Lead_scoring_inference_pipeline.checking_model_prediction_ratio manual__2023-12-27T17:17:50.647163+00:00 [queued]>
[2023-12-27 17:18:06,564] {taskinstance.py:1376} INFO - 
--------------------------------------------------------------------------------
[2023-12-27 17:18:06,564] {taskinstance.py:1377} INFO - Starting attempt 1 of 2
[2023-12-27 17:18:06,564] {taskinstance.py:1378} INFO - 
--------------------------------------------------------------------------------
[2023-12-27 17:18:06,593] {taskinstance.py:1397} INFO - Executing <Task(PythonOperator): checking_model_prediction_ratio> on 2023-12-27 17:17:50.647163+00:00
[2023-12-27 17:18:06,597] {standard_task_runner.py:52} INFO - Started process 4813 to run task
[2023-12-27 17:18:06,599] {standard_task_runner.py:79} INFO - Running: ['airflow', 'tasks', 'run', 'Lead_scoring_inference_pipeline', 'checking_model_prediction_ratio', 'manual__2023-12-27T17:17:50.647163+00:00', '--job-id', '45', '--raw', '--subdir', 'DAGS_FOLDER/Lead_scoring_inference_pipeline/.ipynb_checkpoints/lead_scoring_inference_pipeline-checkpoint.py', '--cfg-path', '/tmp/tmpkh_lg88_', '--error-file', '/tmp/tmpafh0_0ou']
[2023-12-27 17:18:06,599] {standard_task_runner.py:80} INFO - Job 45: Subtask checking_model_prediction_ratio
[2023-12-27 17:18:06,699] {task_command.py:371} INFO - Running <TaskInstance: Lead_scoring_inference_pipeline.checking_model_prediction_ratio manual__2023-12-27T17:17:50.647163+00:00 [running]> on host 94ab74f1de1f
[2023-12-27 17:18:06,906] {taskinstance.py:1589} INFO - Exporting the following env vars:
AIRFLOW_CTX_DAG_OWNER=airflow
AIRFLOW_CTX_DAG_ID=Lead_scoring_inference_pipeline
AIRFLOW_CTX_TASK_ID=checking_model_prediction_ratio
AIRFLOW_CTX_EXECUTION_DATE=2023-12-27T17:17:50.647163+00:00
AIRFLOW_CTX_TRY_NUMBER=1
AIRFLOW_CTX_DAG_RUN_ID=manual__2023-12-27T17:17:50.647163+00:00
[2023-12-27 17:18:07,124] {python.py:173} INFO - Done. Returned value was: None
[2023-12-27 17:18:07,142] {taskinstance.py:1415} INFO - Marking task as SUCCESS. dag_id=Lead_scoring_inference_pipeline, task_id=checking_model_prediction_ratio, execution_date=20231227T171750, start_date=20231227T171806, end_date=20231227T171807
[2023-12-27 17:18:07,212] {local_task_job.py:156} INFO - Task exited with return code 0
[2023-12-27 17:18:07,263] {local_task_job.py:273} INFO - 0 downstream tasks scheduled from follow-on schedule check
