[2023-12-27 17:16:19,888] {taskinstance.py:1179} INFO - Dependencies all met for <TaskInstance: Lead_Scoring_Data_Engineering_Pipeline.checking_model_inputs_schema manual__2023-12-27T17:15:45.041885+00:00 [queued]>
[2023-12-27 17:16:19,907] {taskinstance.py:1179} INFO - Dependencies all met for <TaskInstance: Lead_Scoring_Data_Engineering_Pipeline.checking_model_inputs_schema manual__2023-12-27T17:15:45.041885+00:00 [queued]>
[2023-12-27 17:16:19,907] {taskinstance.py:1376} INFO - 
--------------------------------------------------------------------------------
[2023-12-27 17:16:19,907] {taskinstance.py:1377} INFO - Starting attempt 1 of 2
[2023-12-27 17:16:19,907] {taskinstance.py:1378} INFO - 
--------------------------------------------------------------------------------
[2023-12-27 17:16:19,936] {taskinstance.py:1397} INFO - Executing <Task(PythonOperator): checking_model_inputs_schema> on 2023-12-27 17:15:45.041885+00:00
[2023-12-27 17:16:19,940] {standard_task_runner.py:52} INFO - Started process 4545 to run task
[2023-12-27 17:16:19,942] {standard_task_runner.py:79} INFO - Running: ['airflow', 'tasks', 'run', 'Lead_Scoring_Data_Engineering_Pipeline', 'checking_model_inputs_schema', 'manual__2023-12-27T17:15:45.041885+00:00', '--job-id', '41', '--raw', '--subdir', 'DAGS_FOLDER/Lead_scoring_data_pipeline/.ipynb_checkpoints/lead_scoring_data_pipeline-checkpoint.py', '--cfg-path', '/tmp/tmp_1s0wrt0', '--error-file', '/tmp/tmpjl5e86a0']
[2023-12-27 17:16:19,943] {standard_task_runner.py:80} INFO - Job 41: Subtask checking_model_inputs_schema
[2023-12-27 17:16:20,041] {task_command.py:371} INFO - Running <TaskInstance: Lead_Scoring_Data_Engineering_Pipeline.checking_model_inputs_schema manual__2023-12-27T17:15:45.041885+00:00 [running]> on host 94ab74f1de1f
[2023-12-27 17:16:20,161] {taskinstance.py:1589} INFO - Exporting the following env vars:
AIRFLOW_CTX_DAG_OWNER=airflow
AIRFLOW_CTX_DAG_ID=Lead_Scoring_Data_Engineering_Pipeline
AIRFLOW_CTX_TASK_ID=checking_model_inputs_schema
AIRFLOW_CTX_EXECUTION_DATE=2023-12-27T17:15:45.041885+00:00
AIRFLOW_CTX_TRY_NUMBER=1
AIRFLOW_CTX_DAG_RUN_ID=manual__2023-12-27T17:15:45.041885+00:00
[2023-12-27 17:16:20,226] {logging_mixin.py:115} INFO - Models input schema is NOT in line with the schema present in schema.py
[2023-12-27 17:16:20,227] {python.py:173} INFO - Done. Returned value was: None
[2023-12-27 17:16:20,246] {taskinstance.py:1415} INFO - Marking task as SUCCESS. dag_id=Lead_Scoring_Data_Engineering_Pipeline, task_id=checking_model_inputs_schema, execution_date=20231227T171545, start_date=20231227T171619, end_date=20231227T171620
[2023-12-27 17:16:20,315] {local_task_job.py:156} INFO - Task exited with return code 0
[2023-12-27 17:16:20,372] {local_task_job.py:273} INFO - 0 downstream tasks scheduled from follow-on schedule check
