[2023-12-27 17:02:45,261] {taskinstance.py:1179} INFO - Dependencies all met for <TaskInstance: Lead_scoring_inference_pipeline.encoding_categorical_variables scheduled__2023-12-27T16:00:00+00:00 [queued]>
[2023-12-27 17:02:45,279] {taskinstance.py:1179} INFO - Dependencies all met for <TaskInstance: Lead_scoring_inference_pipeline.encoding_categorical_variables scheduled__2023-12-27T16:00:00+00:00 [queued]>
[2023-12-27 17:02:45,279] {taskinstance.py:1376} INFO - 
--------------------------------------------------------------------------------
[2023-12-27 17:02:45,279] {taskinstance.py:1377} INFO - Starting attempt 1 of 2
[2023-12-27 17:02:45,279] {taskinstance.py:1378} INFO - 
--------------------------------------------------------------------------------
[2023-12-27 17:02:45,309] {taskinstance.py:1397} INFO - Executing <Task(PythonOperator): encoding_categorical_variables> on 2023-12-27 16:00:00+00:00
[2023-12-27 17:02:45,313] {standard_task_runner.py:52} INFO - Started process 3070 to run task
[2023-12-27 17:02:45,315] {standard_task_runner.py:79} INFO - Running: ['airflow', 'tasks', 'run', 'Lead_scoring_inference_pipeline', 'encoding_categorical_variables', 'scheduled__2023-12-27T16:00:00+00:00', '--job-id', '26', '--raw', '--subdir', 'DAGS_FOLDER/Lead_scoring_inference_pipeline/.ipynb_checkpoints/lead_scoring_inference_pipeline-checkpoint.py', '--cfg-path', '/tmp/tmpnxp034fs', '--error-file', '/tmp/tmpe0ih098q']
[2023-12-27 17:02:45,316] {standard_task_runner.py:80} INFO - Job 26: Subtask encoding_categorical_variables
[2023-12-27 17:02:45,412] {task_command.py:371} INFO - Running <TaskInstance: Lead_scoring_inference_pipeline.encoding_categorical_variables scheduled__2023-12-27T16:00:00+00:00 [running]> on host 94ab74f1de1f
[2023-12-27 17:02:45,611] {taskinstance.py:1589} INFO - Exporting the following env vars:
AIRFLOW_CTX_DAG_OWNER=airflow
AIRFLOW_CTX_DAG_ID=Lead_scoring_inference_pipeline
AIRFLOW_CTX_TASK_ID=encoding_categorical_variables
AIRFLOW_CTX_EXECUTION_DATE=2023-12-27T16:00:00+00:00
AIRFLOW_CTX_TRY_NUMBER=1
AIRFLOW_CTX_DAG_RUN_ID=scheduled__2023-12-27T16:00:00+00:00
[2023-12-27 17:02:45,612] {logging_mixin.py:115} INFO - Loading model_input
[2023-12-27 17:02:47,100] {logging_mixin.py:115} INFO - One hot encoding features
[2023-12-27 17:02:47,899] {logging_mixin.py:115} INFO - features created/replaced
[2023-12-27 17:02:47,921] {python.py:173} INFO - Done. Returned value was: None
[2023-12-27 17:02:47,939] {taskinstance.py:1415} INFO - Marking task as SUCCESS. dag_id=Lead_scoring_inference_pipeline, task_id=encoding_categorical_variables, execution_date=20231227T160000, start_date=20231227T170245, end_date=20231227T170247
[2023-12-27 17:02:47,978] {local_task_job.py:156} INFO - Task exited with return code 0
[2023-12-27 17:02:48,063] {local_task_job.py:273} INFO - 1 downstream tasks scheduled from follow-on schedule check
