[2023-12-27 07:12:47,266] {processor.py:153} INFO - Started process (PID=1361) to work on /home/airflow/dags/Lead_scoring_data_pipeline/.ipynb_checkpoints/constants-checkpoint.py
[2023-12-27 07:12:47,266] {processor.py:641} INFO - Processing file /home/airflow/dags/Lead_scoring_data_pipeline/.ipynb_checkpoints/constants-checkpoint.py for tasks to queue
[2023-12-27 07:12:47,267] {logging_mixin.py:115} INFO - [2023-12-27 07:12:47,267] {dagbag.py:508} INFO - Filling up the DagBag from /home/airflow/dags/Lead_scoring_data_pipeline/.ipynb_checkpoints/constants-checkpoint.py
[2023-12-27 07:12:47,268] {processor.py:653} WARNING - No viable dags retrieved from /home/airflow/dags/Lead_scoring_data_pipeline/.ipynb_checkpoints/constants-checkpoint.py
[2023-12-27 07:12:47,397] {processor.py:161} INFO - Processing /home/airflow/dags/Lead_scoring_data_pipeline/.ipynb_checkpoints/constants-checkpoint.py took 0.135 seconds
[2023-12-27 15:35:44,509] {processor.py:153} INFO - Started process (PID=1071) to work on /home/airflow/dags/Lead_scoring_data_pipeline/.ipynb_checkpoints/constants-checkpoint.py
[2023-12-27 15:35:44,510] {processor.py:641} INFO - Processing file /home/airflow/dags/Lead_scoring_data_pipeline/.ipynb_checkpoints/constants-checkpoint.py for tasks to queue
[2023-12-27 15:35:44,510] {logging_mixin.py:115} INFO - [2023-12-27 15:35:44,510] {dagbag.py:508} INFO - Filling up the DagBag from /home/airflow/dags/Lead_scoring_data_pipeline/.ipynb_checkpoints/constants-checkpoint.py
[2023-12-27 15:35:44,512] {processor.py:653} WARNING - No viable dags retrieved from /home/airflow/dags/Lead_scoring_data_pipeline/.ipynb_checkpoints/constants-checkpoint.py
[2023-12-27 15:35:44,664] {processor.py:161} INFO - Processing /home/airflow/dags/Lead_scoring_data_pipeline/.ipynb_checkpoints/constants-checkpoint.py took 0.158 seconds
[2023-12-27 15:36:39,827] {processor.py:153} INFO - Started process (PID=1145) to work on /home/airflow/dags/Lead_scoring_data_pipeline/.ipynb_checkpoints/constants-checkpoint.py
[2023-12-27 15:36:39,828] {processor.py:641} INFO - Processing file /home/airflow/dags/Lead_scoring_data_pipeline/.ipynb_checkpoints/constants-checkpoint.py for tasks to queue
[2023-12-27 15:36:39,828] {logging_mixin.py:115} INFO - [2023-12-27 15:36:39,828] {dagbag.py:508} INFO - Filling up the DagBag from /home/airflow/dags/Lead_scoring_data_pipeline/.ipynb_checkpoints/constants-checkpoint.py
[2023-12-27 15:36:39,830] {processor.py:653} WARNING - No viable dags retrieved from /home/airflow/dags/Lead_scoring_data_pipeline/.ipynb_checkpoints/constants-checkpoint.py
[2023-12-27 15:36:39,968] {processor.py:161} INFO - Processing /home/airflow/dags/Lead_scoring_data_pipeline/.ipynb_checkpoints/constants-checkpoint.py took 0.144 seconds
[2023-12-27 15:37:35,128] {processor.py:153} INFO - Started process (PID=1277) to work on /home/airflow/dags/Lead_scoring_data_pipeline/.ipynb_checkpoints/constants-checkpoint.py
[2023-12-27 15:37:35,129] {processor.py:641} INFO - Processing file /home/airflow/dags/Lead_scoring_data_pipeline/.ipynb_checkpoints/constants-checkpoint.py for tasks to queue
[2023-12-27 15:37:35,129] {logging_mixin.py:115} INFO - [2023-12-27 15:37:35,129] {dagbag.py:508} INFO - Filling up the DagBag from /home/airflow/dags/Lead_scoring_data_pipeline/.ipynb_checkpoints/constants-checkpoint.py
[2023-12-27 15:37:35,131] {processor.py:653} WARNING - No viable dags retrieved from /home/airflow/dags/Lead_scoring_data_pipeline/.ipynb_checkpoints/constants-checkpoint.py
[2023-12-27 15:37:35,272] {processor.py:161} INFO - Processing /home/airflow/dags/Lead_scoring_data_pipeline/.ipynb_checkpoints/constants-checkpoint.py took 0.146 seconds
[2023-12-27 15:38:30,776] {processor.py:153} INFO - Started process (PID=1351) to work on /home/airflow/dags/Lead_scoring_data_pipeline/.ipynb_checkpoints/constants-checkpoint.py
[2023-12-27 15:38:30,776] {processor.py:641} INFO - Processing file /home/airflow/dags/Lead_scoring_data_pipeline/.ipynb_checkpoints/constants-checkpoint.py for tasks to queue
[2023-12-27 15:38:30,777] {logging_mixin.py:115} INFO - [2023-12-27 15:38:30,777] {dagbag.py:508} INFO - Filling up the DagBag from /home/airflow/dags/Lead_scoring_data_pipeline/.ipynb_checkpoints/constants-checkpoint.py
[2023-12-27 15:38:30,778] {processor.py:653} WARNING - No viable dags retrieved from /home/airflow/dags/Lead_scoring_data_pipeline/.ipynb_checkpoints/constants-checkpoint.py
[2023-12-27 15:38:30,915] {processor.py:161} INFO - Processing /home/airflow/dags/Lead_scoring_data_pipeline/.ipynb_checkpoints/constants-checkpoint.py took 0.142 seconds
[2023-12-27 15:39:26,956] {processor.py:153} INFO - Started process (PID=1430) to work on /home/airflow/dags/Lead_scoring_data_pipeline/.ipynb_checkpoints/constants-checkpoint.py
[2023-12-27 15:39:26,956] {processor.py:641} INFO - Processing file /home/airflow/dags/Lead_scoring_data_pipeline/.ipynb_checkpoints/constants-checkpoint.py for tasks to queue
[2023-12-27 15:39:26,957] {logging_mixin.py:115} INFO - [2023-12-27 15:39:26,957] {dagbag.py:508} INFO - Filling up the DagBag from /home/airflow/dags/Lead_scoring_data_pipeline/.ipynb_checkpoints/constants-checkpoint.py
[2023-12-27 15:39:26,958] {processor.py:653} WARNING - No viable dags retrieved from /home/airflow/dags/Lead_scoring_data_pipeline/.ipynb_checkpoints/constants-checkpoint.py
[2023-12-27 15:39:27,095] {processor.py:161} INFO - Processing /home/airflow/dags/Lead_scoring_data_pipeline/.ipynb_checkpoints/constants-checkpoint.py took 0.143 seconds
[2023-12-27 15:40:22,784] {processor.py:153} INFO - Started process (PID=1583) to work on /home/airflow/dags/Lead_scoring_data_pipeline/.ipynb_checkpoints/constants-checkpoint.py
[2023-12-27 15:40:22,785] {processor.py:641} INFO - Processing file /home/airflow/dags/Lead_scoring_data_pipeline/.ipynb_checkpoints/constants-checkpoint.py for tasks to queue
[2023-12-27 15:40:22,785] {logging_mixin.py:115} INFO - [2023-12-27 15:40:22,785] {dagbag.py:508} INFO - Filling up the DagBag from /home/airflow/dags/Lead_scoring_data_pipeline/.ipynb_checkpoints/constants-checkpoint.py
[2023-12-27 15:40:22,787] {processor.py:653} WARNING - No viable dags retrieved from /home/airflow/dags/Lead_scoring_data_pipeline/.ipynb_checkpoints/constants-checkpoint.py
[2023-12-27 15:40:22,923] {processor.py:161} INFO - Processing /home/airflow/dags/Lead_scoring_data_pipeline/.ipynb_checkpoints/constants-checkpoint.py took 0.142 seconds
[2023-12-27 15:41:13,003] {processor.py:153} INFO - Started process (PID=1697) to work on /home/airflow/dags/Lead_scoring_data_pipeline/.ipynb_checkpoints/constants-checkpoint.py
[2023-12-27 15:41:13,004] {processor.py:641} INFO - Processing file /home/airflow/dags/Lead_scoring_data_pipeline/.ipynb_checkpoints/constants-checkpoint.py for tasks to queue
[2023-12-27 15:41:13,004] {logging_mixin.py:115} INFO - [2023-12-27 15:41:13,004] {dagbag.py:508} INFO - Filling up the DagBag from /home/airflow/dags/Lead_scoring_data_pipeline/.ipynb_checkpoints/constants-checkpoint.py
[2023-12-27 15:41:13,006] {processor.py:653} WARNING - No viable dags retrieved from /home/airflow/dags/Lead_scoring_data_pipeline/.ipynb_checkpoints/constants-checkpoint.py
[2023-12-27 15:41:13,035] {processor.py:161} INFO - Processing /home/airflow/dags/Lead_scoring_data_pipeline/.ipynb_checkpoints/constants-checkpoint.py took 0.035 seconds
[2023-12-27 15:42:02,100] {processor.py:153} INFO - Started process (PID=1767) to work on /home/airflow/dags/Lead_scoring_data_pipeline/.ipynb_checkpoints/constants-checkpoint.py
[2023-12-27 15:42:02,101] {processor.py:641} INFO - Processing file /home/airflow/dags/Lead_scoring_data_pipeline/.ipynb_checkpoints/constants-checkpoint.py for tasks to queue
[2023-12-27 15:42:02,101] {logging_mixin.py:115} INFO - [2023-12-27 15:42:02,101] {dagbag.py:508} INFO - Filling up the DagBag from /home/airflow/dags/Lead_scoring_data_pipeline/.ipynb_checkpoints/constants-checkpoint.py
[2023-12-27 15:42:02,103] {processor.py:653} WARNING - No viable dags retrieved from /home/airflow/dags/Lead_scoring_data_pipeline/.ipynb_checkpoints/constants-checkpoint.py
[2023-12-27 15:42:02,132] {processor.py:161} INFO - Processing /home/airflow/dags/Lead_scoring_data_pipeline/.ipynb_checkpoints/constants-checkpoint.py took 0.035 seconds
[2023-12-27 15:42:47,981] {processor.py:153} INFO - Started process (PID=1836) to work on /home/airflow/dags/Lead_scoring_data_pipeline/.ipynb_checkpoints/constants-checkpoint.py
[2023-12-27 15:42:47,981] {processor.py:641} INFO - Processing file /home/airflow/dags/Lead_scoring_data_pipeline/.ipynb_checkpoints/constants-checkpoint.py for tasks to queue
[2023-12-27 15:42:47,981] {logging_mixin.py:115} INFO - [2023-12-27 15:42:47,981] {dagbag.py:508} INFO - Filling up the DagBag from /home/airflow/dags/Lead_scoring_data_pipeline/.ipynb_checkpoints/constants-checkpoint.py
[2023-12-27 15:42:47,983] {processor.py:653} WARNING - No viable dags retrieved from /home/airflow/dags/Lead_scoring_data_pipeline/.ipynb_checkpoints/constants-checkpoint.py
[2023-12-27 15:42:48,010] {processor.py:161} INFO - Processing /home/airflow/dags/Lead_scoring_data_pipeline/.ipynb_checkpoints/constants-checkpoint.py took 0.033 seconds
[2023-12-27 15:43:36,478] {processor.py:153} INFO - Started process (PID=1905) to work on /home/airflow/dags/Lead_scoring_data_pipeline/.ipynb_checkpoints/constants-checkpoint.py
[2023-12-27 15:43:36,479] {processor.py:641} INFO - Processing file /home/airflow/dags/Lead_scoring_data_pipeline/.ipynb_checkpoints/constants-checkpoint.py for tasks to queue
[2023-12-27 15:43:36,479] {logging_mixin.py:115} INFO - [2023-12-27 15:43:36,479] {dagbag.py:508} INFO - Filling up the DagBag from /home/airflow/dags/Lead_scoring_data_pipeline/.ipynb_checkpoints/constants-checkpoint.py
[2023-12-27 15:43:36,481] {processor.py:653} WARNING - No viable dags retrieved from /home/airflow/dags/Lead_scoring_data_pipeline/.ipynb_checkpoints/constants-checkpoint.py
[2023-12-27 15:43:36,510] {processor.py:161} INFO - Processing /home/airflow/dags/Lead_scoring_data_pipeline/.ipynb_checkpoints/constants-checkpoint.py took 0.034 seconds
[2023-12-27 15:44:25,641] {processor.py:153} INFO - Started process (PID=1975) to work on /home/airflow/dags/Lead_scoring_data_pipeline/.ipynb_checkpoints/constants-checkpoint.py
[2023-12-27 15:44:25,641] {processor.py:641} INFO - Processing file /home/airflow/dags/Lead_scoring_data_pipeline/.ipynb_checkpoints/constants-checkpoint.py for tasks to queue
[2023-12-27 15:44:25,642] {logging_mixin.py:115} INFO - [2023-12-27 15:44:25,642] {dagbag.py:508} INFO - Filling up the DagBag from /home/airflow/dags/Lead_scoring_data_pipeline/.ipynb_checkpoints/constants-checkpoint.py
[2023-12-27 15:44:25,644] {processor.py:653} WARNING - No viable dags retrieved from /home/airflow/dags/Lead_scoring_data_pipeline/.ipynb_checkpoints/constants-checkpoint.py
[2023-12-27 15:44:25,671] {processor.py:161} INFO - Processing /home/airflow/dags/Lead_scoring_data_pipeline/.ipynb_checkpoints/constants-checkpoint.py took 0.034 seconds
[2023-12-27 15:45:14,987] {processor.py:153} INFO - Started process (PID=2045) to work on /home/airflow/dags/Lead_scoring_data_pipeline/.ipynb_checkpoints/constants-checkpoint.py
[2023-12-27 15:45:14,987] {processor.py:641} INFO - Processing file /home/airflow/dags/Lead_scoring_data_pipeline/.ipynb_checkpoints/constants-checkpoint.py for tasks to queue
[2023-12-27 15:45:14,988] {logging_mixin.py:115} INFO - [2023-12-27 15:45:14,988] {dagbag.py:508} INFO - Filling up the DagBag from /home/airflow/dags/Lead_scoring_data_pipeline/.ipynb_checkpoints/constants-checkpoint.py
[2023-12-27 15:45:14,989] {processor.py:653} WARNING - No viable dags retrieved from /home/airflow/dags/Lead_scoring_data_pipeline/.ipynb_checkpoints/constants-checkpoint.py
[2023-12-27 15:45:15,017] {processor.py:161} INFO - Processing /home/airflow/dags/Lead_scoring_data_pipeline/.ipynb_checkpoints/constants-checkpoint.py took 0.033 seconds
[2023-12-27 15:46:02,235] {processor.py:153} INFO - Started process (PID=2115) to work on /home/airflow/dags/Lead_scoring_data_pipeline/.ipynb_checkpoints/constants-checkpoint.py
[2023-12-27 15:46:02,236] {processor.py:641} INFO - Processing file /home/airflow/dags/Lead_scoring_data_pipeline/.ipynb_checkpoints/constants-checkpoint.py for tasks to queue
[2023-12-27 15:46:02,236] {logging_mixin.py:115} INFO - [2023-12-27 15:46:02,236] {dagbag.py:508} INFO - Filling up the DagBag from /home/airflow/dags/Lead_scoring_data_pipeline/.ipynb_checkpoints/constants-checkpoint.py
[2023-12-27 15:46:02,238] {processor.py:653} WARNING - No viable dags retrieved from /home/airflow/dags/Lead_scoring_data_pipeline/.ipynb_checkpoints/constants-checkpoint.py
[2023-12-27 15:46:02,268] {processor.py:161} INFO - Processing /home/airflow/dags/Lead_scoring_data_pipeline/.ipynb_checkpoints/constants-checkpoint.py took 0.036 seconds
[2023-12-27 15:46:48,254] {processor.py:153} INFO - Started process (PID=2183) to work on /home/airflow/dags/Lead_scoring_data_pipeline/.ipynb_checkpoints/constants-checkpoint.py
[2023-12-27 15:46:48,255] {processor.py:641} INFO - Processing file /home/airflow/dags/Lead_scoring_data_pipeline/.ipynb_checkpoints/constants-checkpoint.py for tasks to queue
[2023-12-27 15:46:48,255] {logging_mixin.py:115} INFO - [2023-12-27 15:46:48,255] {dagbag.py:508} INFO - Filling up the DagBag from /home/airflow/dags/Lead_scoring_data_pipeline/.ipynb_checkpoints/constants-checkpoint.py
[2023-12-27 15:46:48,257] {processor.py:653} WARNING - No viable dags retrieved from /home/airflow/dags/Lead_scoring_data_pipeline/.ipynb_checkpoints/constants-checkpoint.py
[2023-12-27 15:46:48,289] {processor.py:161} INFO - Processing /home/airflow/dags/Lead_scoring_data_pipeline/.ipynb_checkpoints/constants-checkpoint.py took 0.038 seconds
[2023-12-27 15:47:35,308] {processor.py:153} INFO - Started process (PID=2252) to work on /home/airflow/dags/Lead_scoring_data_pipeline/.ipynb_checkpoints/constants-checkpoint.py
[2023-12-27 15:47:35,309] {processor.py:641} INFO - Processing file /home/airflow/dags/Lead_scoring_data_pipeline/.ipynb_checkpoints/constants-checkpoint.py for tasks to queue
[2023-12-27 15:47:35,309] {logging_mixin.py:115} INFO - [2023-12-27 15:47:35,309] {dagbag.py:508} INFO - Filling up the DagBag from /home/airflow/dags/Lead_scoring_data_pipeline/.ipynb_checkpoints/constants-checkpoint.py
[2023-12-27 15:47:35,311] {processor.py:653} WARNING - No viable dags retrieved from /home/airflow/dags/Lead_scoring_data_pipeline/.ipynb_checkpoints/constants-checkpoint.py
[2023-12-27 15:47:35,340] {processor.py:161} INFO - Processing /home/airflow/dags/Lead_scoring_data_pipeline/.ipynb_checkpoints/constants-checkpoint.py took 0.035 seconds
[2023-12-27 15:48:22,599] {processor.py:153} INFO - Started process (PID=2321) to work on /home/airflow/dags/Lead_scoring_data_pipeline/.ipynb_checkpoints/constants-checkpoint.py
[2023-12-27 15:48:22,599] {processor.py:641} INFO - Processing file /home/airflow/dags/Lead_scoring_data_pipeline/.ipynb_checkpoints/constants-checkpoint.py for tasks to queue
[2023-12-27 15:48:22,600] {logging_mixin.py:115} INFO - [2023-12-27 15:48:22,600] {dagbag.py:508} INFO - Filling up the DagBag from /home/airflow/dags/Lead_scoring_data_pipeline/.ipynb_checkpoints/constants-checkpoint.py
[2023-12-27 15:48:22,601] {processor.py:653} WARNING - No viable dags retrieved from /home/airflow/dags/Lead_scoring_data_pipeline/.ipynb_checkpoints/constants-checkpoint.py
[2023-12-27 15:48:22,630] {processor.py:161} INFO - Processing /home/airflow/dags/Lead_scoring_data_pipeline/.ipynb_checkpoints/constants-checkpoint.py took 0.034 seconds
[2023-12-27 17:01:25,199] {processor.py:153} INFO - Started process (PID=2933) to work on /home/airflow/dags/Lead_scoring_data_pipeline/.ipynb_checkpoints/constants-checkpoint.py
[2023-12-27 17:01:25,200] {processor.py:641} INFO - Processing file /home/airflow/dags/Lead_scoring_data_pipeline/.ipynb_checkpoints/constants-checkpoint.py for tasks to queue
[2023-12-27 17:01:25,200] {logging_mixin.py:115} INFO - [2023-12-27 17:01:25,200] {dagbag.py:508} INFO - Filling up the DagBag from /home/airflow/dags/Lead_scoring_data_pipeline/.ipynb_checkpoints/constants-checkpoint.py
[2023-12-27 17:01:25,202] {processor.py:653} WARNING - No viable dags retrieved from /home/airflow/dags/Lead_scoring_data_pipeline/.ipynb_checkpoints/constants-checkpoint.py
[2023-12-27 17:01:25,338] {processor.py:161} INFO - Processing /home/airflow/dags/Lead_scoring_data_pipeline/.ipynb_checkpoints/constants-checkpoint.py took 0.142 seconds
[2023-12-27 17:02:31,896] {processor.py:153} INFO - Started process (PID=3045) to work on /home/airflow/dags/Lead_scoring_data_pipeline/.ipynb_checkpoints/constants-checkpoint.py
[2023-12-27 17:02:31,896] {processor.py:641} INFO - Processing file /home/airflow/dags/Lead_scoring_data_pipeline/.ipynb_checkpoints/constants-checkpoint.py for tasks to queue
[2023-12-27 17:02:31,897] {logging_mixin.py:115} INFO - [2023-12-27 17:02:31,897] {dagbag.py:508} INFO - Filling up the DagBag from /home/airflow/dags/Lead_scoring_data_pipeline/.ipynb_checkpoints/constants-checkpoint.py
[2023-12-27 17:02:31,900] {processor.py:653} WARNING - No viable dags retrieved from /home/airflow/dags/Lead_scoring_data_pipeline/.ipynb_checkpoints/constants-checkpoint.py
[2023-12-27 17:02:32,031] {processor.py:161} INFO - Processing /home/airflow/dags/Lead_scoring_data_pipeline/.ipynb_checkpoints/constants-checkpoint.py took 0.139 seconds
[2023-12-27 17:03:47,727] {processor.py:153} INFO - Started process (PID=3281) to work on /home/airflow/dags/Lead_scoring_data_pipeline/.ipynb_checkpoints/constants-checkpoint.py
[2023-12-27 17:03:47,728] {processor.py:641} INFO - Processing file /home/airflow/dags/Lead_scoring_data_pipeline/.ipynb_checkpoints/constants-checkpoint.py for tasks to queue
[2023-12-27 17:03:47,728] {logging_mixin.py:115} INFO - [2023-12-27 17:03:47,728] {dagbag.py:508} INFO - Filling up the DagBag from /home/airflow/dags/Lead_scoring_data_pipeline/.ipynb_checkpoints/constants-checkpoint.py
[2023-12-27 17:03:47,730] {processor.py:653} WARNING - No viable dags retrieved from /home/airflow/dags/Lead_scoring_data_pipeline/.ipynb_checkpoints/constants-checkpoint.py
[2023-12-27 17:03:47,862] {processor.py:161} INFO - Processing /home/airflow/dags/Lead_scoring_data_pipeline/.ipynb_checkpoints/constants-checkpoint.py took 0.138 seconds
[2023-12-27 17:04:52,575] {processor.py:153} INFO - Started process (PID=3391) to work on /home/airflow/dags/Lead_scoring_data_pipeline/.ipynb_checkpoints/constants-checkpoint.py
[2023-12-27 17:04:52,576] {processor.py:641} INFO - Processing file /home/airflow/dags/Lead_scoring_data_pipeline/.ipynb_checkpoints/constants-checkpoint.py for tasks to queue
[2023-12-27 17:04:52,576] {logging_mixin.py:115} INFO - [2023-12-27 17:04:52,576] {dagbag.py:508} INFO - Filling up the DagBag from /home/airflow/dags/Lead_scoring_data_pipeline/.ipynb_checkpoints/constants-checkpoint.py
[2023-12-27 17:04:52,578] {processor.py:653} WARNING - No viable dags retrieved from /home/airflow/dags/Lead_scoring_data_pipeline/.ipynb_checkpoints/constants-checkpoint.py
[2023-12-27 17:04:52,711] {processor.py:161} INFO - Processing /home/airflow/dags/Lead_scoring_data_pipeline/.ipynb_checkpoints/constants-checkpoint.py took 0.139 seconds
[2023-12-27 17:06:08,060] {processor.py:153} INFO - Started process (PID=3532) to work on /home/airflow/dags/Lead_scoring_data_pipeline/.ipynb_checkpoints/constants-checkpoint.py
[2023-12-27 17:06:08,060] {processor.py:641} INFO - Processing file /home/airflow/dags/Lead_scoring_data_pipeline/.ipynb_checkpoints/constants-checkpoint.py for tasks to queue
[2023-12-27 17:06:08,060] {logging_mixin.py:115} INFO - [2023-12-27 17:06:08,060] {dagbag.py:508} INFO - Filling up the DagBag from /home/airflow/dags/Lead_scoring_data_pipeline/.ipynb_checkpoints/constants-checkpoint.py
[2023-12-27 17:06:08,062] {processor.py:653} WARNING - No viable dags retrieved from /home/airflow/dags/Lead_scoring_data_pipeline/.ipynb_checkpoints/constants-checkpoint.py
[2023-12-27 17:06:08,088] {processor.py:161} INFO - Processing /home/airflow/dags/Lead_scoring_data_pipeline/.ipynb_checkpoints/constants-checkpoint.py took 0.031 seconds
[2023-12-27 17:07:13,247] {processor.py:153} INFO - Started process (PID=3648) to work on /home/airflow/dags/Lead_scoring_data_pipeline/.ipynb_checkpoints/constants-checkpoint.py
[2023-12-27 17:07:13,247] {processor.py:641} INFO - Processing file /home/airflow/dags/Lead_scoring_data_pipeline/.ipynb_checkpoints/constants-checkpoint.py for tasks to queue
[2023-12-27 17:07:13,248] {logging_mixin.py:115} INFO - [2023-12-27 17:07:13,248] {dagbag.py:508} INFO - Filling up the DagBag from /home/airflow/dags/Lead_scoring_data_pipeline/.ipynb_checkpoints/constants-checkpoint.py
[2023-12-27 17:07:13,249] {processor.py:653} WARNING - No viable dags retrieved from /home/airflow/dags/Lead_scoring_data_pipeline/.ipynb_checkpoints/constants-checkpoint.py
[2023-12-27 17:07:13,276] {processor.py:161} INFO - Processing /home/airflow/dags/Lead_scoring_data_pipeline/.ipynb_checkpoints/constants-checkpoint.py took 0.032 seconds
[2023-12-27 17:08:16,304] {processor.py:153} INFO - Started process (PID=3774) to work on /home/airflow/dags/Lead_scoring_data_pipeline/.ipynb_checkpoints/constants-checkpoint.py
[2023-12-27 17:08:16,304] {processor.py:641} INFO - Processing file /home/airflow/dags/Lead_scoring_data_pipeline/.ipynb_checkpoints/constants-checkpoint.py for tasks to queue
[2023-12-27 17:08:16,305] {logging_mixin.py:115} INFO - [2023-12-27 17:08:16,304] {dagbag.py:508} INFO - Filling up the DagBag from /home/airflow/dags/Lead_scoring_data_pipeline/.ipynb_checkpoints/constants-checkpoint.py
[2023-12-27 17:08:16,306] {processor.py:653} WARNING - No viable dags retrieved from /home/airflow/dags/Lead_scoring_data_pipeline/.ipynb_checkpoints/constants-checkpoint.py
[2023-12-27 17:08:16,333] {processor.py:161} INFO - Processing /home/airflow/dags/Lead_scoring_data_pipeline/.ipynb_checkpoints/constants-checkpoint.py took 0.033 seconds
[2023-12-27 17:09:25,331] {processor.py:153} INFO - Started process (PID=3901) to work on /home/airflow/dags/Lead_scoring_data_pipeline/.ipynb_checkpoints/constants-checkpoint.py
[2023-12-27 17:09:25,331] {processor.py:641} INFO - Processing file /home/airflow/dags/Lead_scoring_data_pipeline/.ipynb_checkpoints/constants-checkpoint.py for tasks to queue
[2023-12-27 17:09:25,331] {logging_mixin.py:115} INFO - [2023-12-27 17:09:25,331] {dagbag.py:508} INFO - Filling up the DagBag from /home/airflow/dags/Lead_scoring_data_pipeline/.ipynb_checkpoints/constants-checkpoint.py
[2023-12-27 17:09:25,333] {processor.py:653} WARNING - No viable dags retrieved from /home/airflow/dags/Lead_scoring_data_pipeline/.ipynb_checkpoints/constants-checkpoint.py
[2023-12-27 17:09:25,361] {processor.py:161} INFO - Processing /home/airflow/dags/Lead_scoring_data_pipeline/.ipynb_checkpoints/constants-checkpoint.py took 0.033 seconds
[2023-12-27 17:10:26,717] {processor.py:153} INFO - Started process (PID=4014) to work on /home/airflow/dags/Lead_scoring_data_pipeline/.ipynb_checkpoints/constants-checkpoint.py
[2023-12-27 17:10:26,717] {processor.py:641} INFO - Processing file /home/airflow/dags/Lead_scoring_data_pipeline/.ipynb_checkpoints/constants-checkpoint.py for tasks to queue
[2023-12-27 17:10:26,718] {logging_mixin.py:115} INFO - [2023-12-27 17:10:26,718] {dagbag.py:508} INFO - Filling up the DagBag from /home/airflow/dags/Lead_scoring_data_pipeline/.ipynb_checkpoints/constants-checkpoint.py
[2023-12-27 17:10:26,720] {processor.py:653} WARNING - No viable dags retrieved from /home/airflow/dags/Lead_scoring_data_pipeline/.ipynb_checkpoints/constants-checkpoint.py
[2023-12-27 17:10:26,748] {processor.py:161} INFO - Processing /home/airflow/dags/Lead_scoring_data_pipeline/.ipynb_checkpoints/constants-checkpoint.py took 0.035 seconds
[2023-12-27 17:11:11,340] {processor.py:153} INFO - Started process (PID=4061) to work on /home/airflow/dags/Lead_scoring_data_pipeline/.ipynb_checkpoints/constants-checkpoint.py
[2023-12-27 17:11:11,340] {processor.py:641} INFO - Processing file /home/airflow/dags/Lead_scoring_data_pipeline/.ipynb_checkpoints/constants-checkpoint.py for tasks to queue
[2023-12-27 17:11:11,341] {logging_mixin.py:115} INFO - [2023-12-27 17:11:11,341] {dagbag.py:508} INFO - Filling up the DagBag from /home/airflow/dags/Lead_scoring_data_pipeline/.ipynb_checkpoints/constants-checkpoint.py
[2023-12-27 17:11:11,352] {processor.py:653} WARNING - No viable dags retrieved from /home/airflow/dags/Lead_scoring_data_pipeline/.ipynb_checkpoints/constants-checkpoint.py
[2023-12-27 17:11:11,380] {processor.py:161} INFO - Processing /home/airflow/dags/Lead_scoring_data_pipeline/.ipynb_checkpoints/constants-checkpoint.py took 0.044 seconds
[2023-12-27 17:11:46,047] {processor.py:153} INFO - Started process (PID=4140) to work on /home/airflow/dags/Lead_scoring_data_pipeline/.ipynb_checkpoints/constants-checkpoint.py
[2023-12-27 17:11:46,048] {processor.py:641} INFO - Processing file /home/airflow/dags/Lead_scoring_data_pipeline/.ipynb_checkpoints/constants-checkpoint.py for tasks to queue
[2023-12-27 17:11:46,048] {logging_mixin.py:115} INFO - [2023-12-27 17:11:46,048] {dagbag.py:508} INFO - Filling up the DagBag from /home/airflow/dags/Lead_scoring_data_pipeline/.ipynb_checkpoints/constants-checkpoint.py
[2023-12-27 17:11:46,059] {processor.py:653} WARNING - No viable dags retrieved from /home/airflow/dags/Lead_scoring_data_pipeline/.ipynb_checkpoints/constants-checkpoint.py
[2023-12-27 17:11:46,086] {processor.py:161} INFO - Processing /home/airflow/dags/Lead_scoring_data_pipeline/.ipynb_checkpoints/constants-checkpoint.py took 0.042 seconds
[2023-12-27 17:12:18,220] {processor.py:153} INFO - Started process (PID=4185) to work on /home/airflow/dags/Lead_scoring_data_pipeline/.ipynb_checkpoints/constants-checkpoint.py
[2023-12-27 17:12:18,221] {processor.py:641} INFO - Processing file /home/airflow/dags/Lead_scoring_data_pipeline/.ipynb_checkpoints/constants-checkpoint.py for tasks to queue
[2023-12-27 17:12:18,221] {logging_mixin.py:115} INFO - [2023-12-27 17:12:18,221] {dagbag.py:508} INFO - Filling up the DagBag from /home/airflow/dags/Lead_scoring_data_pipeline/.ipynb_checkpoints/constants-checkpoint.py
[2023-12-27 17:12:18,224] {processor.py:653} WARNING - No viable dags retrieved from /home/airflow/dags/Lead_scoring_data_pipeline/.ipynb_checkpoints/constants-checkpoint.py
[2023-12-27 17:12:18,252] {processor.py:161} INFO - Processing /home/airflow/dags/Lead_scoring_data_pipeline/.ipynb_checkpoints/constants-checkpoint.py took 0.035 seconds
[2023-12-27 17:14:47,956] {processor.py:153} INFO - Started process (PID=4316) to work on /home/airflow/dags/Lead_scoring_data_pipeline/.ipynb_checkpoints/constants-checkpoint.py
[2023-12-27 17:14:47,957] {processor.py:641} INFO - Processing file /home/airflow/dags/Lead_scoring_data_pipeline/.ipynb_checkpoints/constants-checkpoint.py for tasks to queue
[2023-12-27 17:14:47,957] {logging_mixin.py:115} INFO - [2023-12-27 17:14:47,957] {dagbag.py:508} INFO - Filling up the DagBag from /home/airflow/dags/Lead_scoring_data_pipeline/.ipynb_checkpoints/constants-checkpoint.py
[2023-12-27 17:14:47,967] {processor.py:653} WARNING - No viable dags retrieved from /home/airflow/dags/Lead_scoring_data_pipeline/.ipynb_checkpoints/constants-checkpoint.py
[2023-12-27 17:14:48,115] {processor.py:161} INFO - Processing /home/airflow/dags/Lead_scoring_data_pipeline/.ipynb_checkpoints/constants-checkpoint.py took 0.162 seconds
[2023-12-27 17:16:22,055] {processor.py:153} INFO - Started process (PID=4547) to work on /home/airflow/dags/Lead_scoring_data_pipeline/.ipynb_checkpoints/constants-checkpoint.py
[2023-12-27 17:16:22,055] {processor.py:641} INFO - Processing file /home/airflow/dags/Lead_scoring_data_pipeline/.ipynb_checkpoints/constants-checkpoint.py for tasks to queue
[2023-12-27 17:16:22,056] {logging_mixin.py:115} INFO - [2023-12-27 17:16:22,056] {dagbag.py:508} INFO - Filling up the DagBag from /home/airflow/dags/Lead_scoring_data_pipeline/.ipynb_checkpoints/constants-checkpoint.py
[2023-12-27 17:16:22,059] {processor.py:653} WARNING - No viable dags retrieved from /home/airflow/dags/Lead_scoring_data_pipeline/.ipynb_checkpoints/constants-checkpoint.py
[2023-12-27 17:16:22,190] {processor.py:161} INFO - Processing /home/airflow/dags/Lead_scoring_data_pipeline/.ipynb_checkpoints/constants-checkpoint.py took 0.139 seconds
[2023-12-27 17:17:22,937] {processor.py:153} INFO - Started process (PID=4654) to work on /home/airflow/dags/Lead_scoring_data_pipeline/.ipynb_checkpoints/constants-checkpoint.py
[2023-12-27 17:17:22,937] {processor.py:641} INFO - Processing file /home/airflow/dags/Lead_scoring_data_pipeline/.ipynb_checkpoints/constants-checkpoint.py for tasks to queue
[2023-12-27 17:17:22,938] {logging_mixin.py:115} INFO - [2023-12-27 17:17:22,937] {dagbag.py:508} INFO - Filling up the DagBag from /home/airflow/dags/Lead_scoring_data_pipeline/.ipynb_checkpoints/constants-checkpoint.py
[2023-12-27 17:17:22,941] {processor.py:653} WARNING - No viable dags retrieved from /home/airflow/dags/Lead_scoring_data_pipeline/.ipynb_checkpoints/constants-checkpoint.py
[2023-12-27 17:17:23,076] {processor.py:161} INFO - Processing /home/airflow/dags/Lead_scoring_data_pipeline/.ipynb_checkpoints/constants-checkpoint.py took 0.142 seconds
[2023-12-27 17:18:10,852] {processor.py:153} INFO - Started process (PID=4817) to work on /home/airflow/dags/Lead_scoring_data_pipeline/.ipynb_checkpoints/constants-checkpoint.py
[2023-12-27 17:18:10,852] {processor.py:641} INFO - Processing file /home/airflow/dags/Lead_scoring_data_pipeline/.ipynb_checkpoints/constants-checkpoint.py for tasks to queue
[2023-12-27 17:18:10,853] {logging_mixin.py:115} INFO - [2023-12-27 17:18:10,852] {dagbag.py:508} INFO - Filling up the DagBag from /home/airflow/dags/Lead_scoring_data_pipeline/.ipynb_checkpoints/constants-checkpoint.py
[2023-12-27 17:18:10,854] {processor.py:653} WARNING - No viable dags retrieved from /home/airflow/dags/Lead_scoring_data_pipeline/.ipynb_checkpoints/constants-checkpoint.py
[2023-12-27 17:18:10,986] {processor.py:161} INFO - Processing /home/airflow/dags/Lead_scoring_data_pipeline/.ipynb_checkpoints/constants-checkpoint.py took 0.137 seconds
[2023-12-27 17:18:58,603] {processor.py:153} INFO - Started process (PID=4899) to work on /home/airflow/dags/Lead_scoring_data_pipeline/.ipynb_checkpoints/constants-checkpoint.py
[2023-12-27 17:18:58,603] {processor.py:641} INFO - Processing file /home/airflow/dags/Lead_scoring_data_pipeline/.ipynb_checkpoints/constants-checkpoint.py for tasks to queue
[2023-12-27 17:18:58,604] {logging_mixin.py:115} INFO - [2023-12-27 17:18:58,604] {dagbag.py:508} INFO - Filling up the DagBag from /home/airflow/dags/Lead_scoring_data_pipeline/.ipynb_checkpoints/constants-checkpoint.py
[2023-12-27 17:18:58,605] {processor.py:653} WARNING - No viable dags retrieved from /home/airflow/dags/Lead_scoring_data_pipeline/.ipynb_checkpoints/constants-checkpoint.py
[2023-12-27 17:18:58,727] {processor.py:161} INFO - Processing /home/airflow/dags/Lead_scoring_data_pipeline/.ipynb_checkpoints/constants-checkpoint.py took 0.127 seconds
[2023-12-27 17:19:35,147] {processor.py:153} INFO - Started process (PID=4987) to work on /home/airflow/dags/Lead_scoring_data_pipeline/.ipynb_checkpoints/constants-checkpoint.py
[2023-12-27 17:19:35,147] {processor.py:641} INFO - Processing file /home/airflow/dags/Lead_scoring_data_pipeline/.ipynb_checkpoints/constants-checkpoint.py for tasks to queue
[2023-12-27 17:19:35,148] {logging_mixin.py:115} INFO - [2023-12-27 17:19:35,148] {dagbag.py:508} INFO - Filling up the DagBag from /home/airflow/dags/Lead_scoring_data_pipeline/.ipynb_checkpoints/constants-checkpoint.py
[2023-12-27 17:19:35,149] {processor.py:653} WARNING - No viable dags retrieved from /home/airflow/dags/Lead_scoring_data_pipeline/.ipynb_checkpoints/constants-checkpoint.py
[2023-12-27 17:19:35,282] {processor.py:161} INFO - Processing /home/airflow/dags/Lead_scoring_data_pipeline/.ipynb_checkpoints/constants-checkpoint.py took 0.138 seconds
[2023-12-27 17:20:11,474] {processor.py:153} INFO - Started process (PID=5026) to work on /home/airflow/dags/Lead_scoring_data_pipeline/.ipynb_checkpoints/constants-checkpoint.py
[2023-12-27 17:20:11,475] {processor.py:641} INFO - Processing file /home/airflow/dags/Lead_scoring_data_pipeline/.ipynb_checkpoints/constants-checkpoint.py for tasks to queue
[2023-12-27 17:20:11,475] {logging_mixin.py:115} INFO - [2023-12-27 17:20:11,475] {dagbag.py:508} INFO - Filling up the DagBag from /home/airflow/dags/Lead_scoring_data_pipeline/.ipynb_checkpoints/constants-checkpoint.py
[2023-12-27 17:20:11,477] {processor.py:653} WARNING - No viable dags retrieved from /home/airflow/dags/Lead_scoring_data_pipeline/.ipynb_checkpoints/constants-checkpoint.py
[2023-12-27 17:20:11,509] {processor.py:161} INFO - Processing /home/airflow/dags/Lead_scoring_data_pipeline/.ipynb_checkpoints/constants-checkpoint.py took 0.038 seconds
[2023-12-27 17:20:44,667] {processor.py:153} INFO - Started process (PID=5115) to work on /home/airflow/dags/Lead_scoring_data_pipeline/.ipynb_checkpoints/constants-checkpoint.py
[2023-12-27 17:20:44,667] {processor.py:641} INFO - Processing file /home/airflow/dags/Lead_scoring_data_pipeline/.ipynb_checkpoints/constants-checkpoint.py for tasks to queue
[2023-12-27 17:20:44,668] {logging_mixin.py:115} INFO - [2023-12-27 17:20:44,668] {dagbag.py:508} INFO - Filling up the DagBag from /home/airflow/dags/Lead_scoring_data_pipeline/.ipynb_checkpoints/constants-checkpoint.py
[2023-12-27 17:20:44,669] {processor.py:653} WARNING - No viable dags retrieved from /home/airflow/dags/Lead_scoring_data_pipeline/.ipynb_checkpoints/constants-checkpoint.py
[2023-12-27 17:20:44,702] {processor.py:161} INFO - Processing /home/airflow/dags/Lead_scoring_data_pipeline/.ipynb_checkpoints/constants-checkpoint.py took 0.038 seconds
[2023-12-27 17:21:17,398] {processor.py:153} INFO - Started process (PID=5164) to work on /home/airflow/dags/Lead_scoring_data_pipeline/.ipynb_checkpoints/constants-checkpoint.py
[2023-12-27 17:21:17,399] {processor.py:641} INFO - Processing file /home/airflow/dags/Lead_scoring_data_pipeline/.ipynb_checkpoints/constants-checkpoint.py for tasks to queue
[2023-12-27 17:21:17,399] {logging_mixin.py:115} INFO - [2023-12-27 17:21:17,399] {dagbag.py:508} INFO - Filling up the DagBag from /home/airflow/dags/Lead_scoring_data_pipeline/.ipynb_checkpoints/constants-checkpoint.py
[2023-12-27 17:21:17,401] {processor.py:653} WARNING - No viable dags retrieved from /home/airflow/dags/Lead_scoring_data_pipeline/.ipynb_checkpoints/constants-checkpoint.py
[2023-12-27 17:21:17,429] {processor.py:161} INFO - Processing /home/airflow/dags/Lead_scoring_data_pipeline/.ipynb_checkpoints/constants-checkpoint.py took 0.034 seconds
[2023-12-27 17:21:53,103] {processor.py:153} INFO - Started process (PID=5252) to work on /home/airflow/dags/Lead_scoring_data_pipeline/.ipynb_checkpoints/constants-checkpoint.py
[2023-12-27 17:21:53,103] {processor.py:641} INFO - Processing file /home/airflow/dags/Lead_scoring_data_pipeline/.ipynb_checkpoints/constants-checkpoint.py for tasks to queue
[2023-12-27 17:21:53,104] {logging_mixin.py:115} INFO - [2023-12-27 17:21:53,104] {dagbag.py:508} INFO - Filling up the DagBag from /home/airflow/dags/Lead_scoring_data_pipeline/.ipynb_checkpoints/constants-checkpoint.py
[2023-12-27 17:21:53,105] {processor.py:653} WARNING - No viable dags retrieved from /home/airflow/dags/Lead_scoring_data_pipeline/.ipynb_checkpoints/constants-checkpoint.py
[2023-12-27 17:21:53,133] {processor.py:161} INFO - Processing /home/airflow/dags/Lead_scoring_data_pipeline/.ipynb_checkpoints/constants-checkpoint.py took 0.033 seconds
