[2023-12-27 07:11:41,667] {processor.py:153} INFO - Started process (PID=1195) to work on /home/airflow/dags/Lead_scoring_data_pipeline/.ipynb_checkpoints/lead_scoring_data_pipeline-checkpoint.py
[2023-12-27 07:11:41,667] {processor.py:641} INFO - Processing file /home/airflow/dags/Lead_scoring_data_pipeline/.ipynb_checkpoints/lead_scoring_data_pipeline-checkpoint.py for tasks to queue
[2023-12-27 07:11:41,668] {logging_mixin.py:115} INFO - [2023-12-27 07:11:41,668] {dagbag.py:508} INFO - Filling up the DagBag from /home/airflow/dags/Lead_scoring_data_pipeline/.ipynb_checkpoints/lead_scoring_data_pipeline-checkpoint.py
[2023-12-27 07:11:41,930] {logging_mixin.py:115} INFO - [2023-12-27 07:11:41,930] {utils.py:145} INFO - Note: NumExpr detected 64 cores but "NUMEXPR_MAX_THREADS" not set, so enforcing safe limit of 8.
[2023-12-27 07:11:41,930] {logging_mixin.py:115} INFO - [2023-12-27 07:11:41,930] {utils.py:157} INFO - NumExpr defaulting to 8 threads.
[2023-12-27 07:11:42,059] {processor.py:651} INFO - DAG(s) dict_keys(['Lead_Scoring_Data_Engineering_Pipeline']) retrieved from /home/airflow/dags/Lead_scoring_data_pipeline/.ipynb_checkpoints/lead_scoring_data_pipeline-checkpoint.py
[2023-12-27 07:11:42,070] {logging_mixin.py:115} INFO - [2023-12-27 07:11:42,070] {dag.py:2420} INFO - Sync 1 DAGs
[2023-12-27 07:11:42,094] {logging_mixin.py:115} INFO - [2023-12-27 07:11:42,094] {dag.py:2968} INFO - Setting next_dagrun for Lead_Scoring_Data_Engineering_Pipeline to 2023-12-27T00:00:00+00:00, run_after=2023-12-28T00:00:00+00:00
[2023-12-27 07:11:42,132] {processor.py:161} INFO - Processing /home/airflow/dags/Lead_scoring_data_pipeline/.ipynb_checkpoints/lead_scoring_data_pipeline-checkpoint.py took 0.469 seconds
[2023-12-27 07:12:44,245] {processor.py:153} INFO - Started process (PID=1351) to work on /home/airflow/dags/Lead_scoring_data_pipeline/.ipynb_checkpoints/lead_scoring_data_pipeline-checkpoint.py
[2023-12-27 07:12:44,245] {processor.py:641} INFO - Processing file /home/airflow/dags/Lead_scoring_data_pipeline/.ipynb_checkpoints/lead_scoring_data_pipeline-checkpoint.py for tasks to queue
[2023-12-27 07:12:44,246] {logging_mixin.py:115} INFO - [2023-12-27 07:12:44,245] {dagbag.py:508} INFO - Filling up the DagBag from /home/airflow/dags/Lead_scoring_data_pipeline/.ipynb_checkpoints/lead_scoring_data_pipeline-checkpoint.py
[2023-12-27 07:12:44,509] {logging_mixin.py:115} INFO - [2023-12-27 07:12:44,509] {utils.py:145} INFO - Note: NumExpr detected 64 cores but "NUMEXPR_MAX_THREADS" not set, so enforcing safe limit of 8.
[2023-12-27 07:12:44,509] {logging_mixin.py:115} INFO - [2023-12-27 07:12:44,509] {utils.py:157} INFO - NumExpr defaulting to 8 threads.
[2023-12-27 07:12:44,635] {processor.py:651} INFO - DAG(s) dict_keys(['Lead_Scoring_Data_Engineering_Pipeline']) retrieved from /home/airflow/dags/Lead_scoring_data_pipeline/.ipynb_checkpoints/lead_scoring_data_pipeline-checkpoint.py
[2023-12-27 07:12:44,689] {logging_mixin.py:115} INFO - [2023-12-27 07:12:44,689] {dag.py:2420} INFO - Sync 1 DAGs
[2023-12-27 07:12:44,712] {logging_mixin.py:115} INFO - [2023-12-27 07:12:44,712] {dag.py:2968} INFO - Setting next_dagrun for Lead_Scoring_Data_Engineering_Pipeline to 2023-12-27T00:00:00+00:00, run_after=2023-12-28T00:00:00+00:00
[2023-12-27 07:12:44,753] {processor.py:161} INFO - Processing /home/airflow/dags/Lead_scoring_data_pipeline/.ipynb_checkpoints/lead_scoring_data_pipeline-checkpoint.py took 0.511 seconds
[2023-12-27 15:35:41,515] {processor.py:153} INFO - Started process (PID=1061) to work on /home/airflow/dags/Lead_scoring_data_pipeline/.ipynb_checkpoints/lead_scoring_data_pipeline-checkpoint.py
[2023-12-27 15:35:41,516] {processor.py:641} INFO - Processing file /home/airflow/dags/Lead_scoring_data_pipeline/.ipynb_checkpoints/lead_scoring_data_pipeline-checkpoint.py for tasks to queue
[2023-12-27 15:35:41,516] {logging_mixin.py:115} INFO - [2023-12-27 15:35:41,516] {dagbag.py:508} INFO - Filling up the DagBag from /home/airflow/dags/Lead_scoring_data_pipeline/.ipynb_checkpoints/lead_scoring_data_pipeline-checkpoint.py
[2023-12-27 15:35:41,783] {logging_mixin.py:115} INFO - [2023-12-27 15:35:41,783] {utils.py:145} INFO - Note: NumExpr detected 64 cores but "NUMEXPR_MAX_THREADS" not set, so enforcing safe limit of 8.
[2023-12-27 15:35:41,783] {logging_mixin.py:115} INFO - [2023-12-27 15:35:41,783] {utils.py:157} INFO - NumExpr defaulting to 8 threads.
[2023-12-27 15:35:41,908] {processor.py:651} INFO - DAG(s) dict_keys(['Lead_Scoring_Data_Engineering_Pipeline']) retrieved from /home/airflow/dags/Lead_scoring_data_pipeline/.ipynb_checkpoints/lead_scoring_data_pipeline-checkpoint.py
[2023-12-27 15:35:41,924] {logging_mixin.py:115} INFO - [2023-12-27 15:35:41,923] {dag.py:2420} INFO - Sync 1 DAGs
[2023-12-27 15:35:41,948] {logging_mixin.py:115} INFO - [2023-12-27 15:35:41,948] {dag.py:2968} INFO - Setting next_dagrun for Lead_Scoring_Data_Engineering_Pipeline to 2023-12-27T00:00:00+00:00, run_after=2023-12-28T00:00:00+00:00
[2023-12-27 15:35:41,988] {processor.py:161} INFO - Processing /home/airflow/dags/Lead_scoring_data_pipeline/.ipynb_checkpoints/lead_scoring_data_pipeline-checkpoint.py took 0.477 seconds
[2023-12-27 15:36:36,735] {processor.py:153} INFO - Started process (PID=1135) to work on /home/airflow/dags/Lead_scoring_data_pipeline/.ipynb_checkpoints/lead_scoring_data_pipeline-checkpoint.py
[2023-12-27 15:36:36,736] {processor.py:641} INFO - Processing file /home/airflow/dags/Lead_scoring_data_pipeline/.ipynb_checkpoints/lead_scoring_data_pipeline-checkpoint.py for tasks to queue
[2023-12-27 15:36:36,737] {logging_mixin.py:115} INFO - [2023-12-27 15:36:36,736] {dagbag.py:508} INFO - Filling up the DagBag from /home/airflow/dags/Lead_scoring_data_pipeline/.ipynb_checkpoints/lead_scoring_data_pipeline-checkpoint.py
[2023-12-27 15:36:37,007] {logging_mixin.py:115} INFO - [2023-12-27 15:36:37,007] {utils.py:145} INFO - Note: NumExpr detected 64 cores but "NUMEXPR_MAX_THREADS" not set, so enforcing safe limit of 8.
[2023-12-27 15:36:37,007] {logging_mixin.py:115} INFO - [2023-12-27 15:36:37,007] {utils.py:157} INFO - NumExpr defaulting to 8 threads.
[2023-12-27 15:36:37,131] {processor.py:651} INFO - DAG(s) dict_keys(['Lead_Scoring_Data_Engineering_Pipeline']) retrieved from /home/airflow/dags/Lead_scoring_data_pipeline/.ipynb_checkpoints/lead_scoring_data_pipeline-checkpoint.py
[2023-12-27 15:36:37,180] {logging_mixin.py:115} INFO - [2023-12-27 15:36:37,180] {dag.py:2420} INFO - Sync 1 DAGs
[2023-12-27 15:36:37,201] {logging_mixin.py:115} INFO - [2023-12-27 15:36:37,201] {dag.py:2968} INFO - Setting next_dagrun for Lead_Scoring_Data_Engineering_Pipeline to 2023-12-27T00:00:00+00:00, run_after=2023-12-28T00:00:00+00:00
[2023-12-27 15:36:37,242] {processor.py:161} INFO - Processing /home/airflow/dags/Lead_scoring_data_pipeline/.ipynb_checkpoints/lead_scoring_data_pipeline-checkpoint.py took 0.510 seconds
[2023-12-27 15:37:32,211] {processor.py:153} INFO - Started process (PID=1267) to work on /home/airflow/dags/Lead_scoring_data_pipeline/.ipynb_checkpoints/lead_scoring_data_pipeline-checkpoint.py
[2023-12-27 15:37:32,212] {processor.py:641} INFO - Processing file /home/airflow/dags/Lead_scoring_data_pipeline/.ipynb_checkpoints/lead_scoring_data_pipeline-checkpoint.py for tasks to queue
[2023-12-27 15:37:32,212] {logging_mixin.py:115} INFO - [2023-12-27 15:37:32,212] {dagbag.py:508} INFO - Filling up the DagBag from /home/airflow/dags/Lead_scoring_data_pipeline/.ipynb_checkpoints/lead_scoring_data_pipeline-checkpoint.py
[2023-12-27 15:37:32,479] {logging_mixin.py:115} INFO - [2023-12-27 15:37:32,479] {utils.py:145} INFO - Note: NumExpr detected 64 cores but "NUMEXPR_MAX_THREADS" not set, so enforcing safe limit of 8.
[2023-12-27 15:37:32,479] {logging_mixin.py:115} INFO - [2023-12-27 15:37:32,479] {utils.py:157} INFO - NumExpr defaulting to 8 threads.
[2023-12-27 15:37:32,604] {processor.py:651} INFO - DAG(s) dict_keys(['Lead_Scoring_Data_Engineering_Pipeline']) retrieved from /home/airflow/dags/Lead_scoring_data_pipeline/.ipynb_checkpoints/lead_scoring_data_pipeline-checkpoint.py
[2023-12-27 15:37:32,619] {logging_mixin.py:115} INFO - [2023-12-27 15:37:32,619] {dag.py:2420} INFO - Sync 1 DAGs
[2023-12-27 15:37:32,643] {logging_mixin.py:115} INFO - [2023-12-27 15:37:32,643] {dag.py:2968} INFO - Setting next_dagrun for Lead_Scoring_Data_Engineering_Pipeline to 2023-12-27T00:00:00+00:00, run_after=2023-12-28T00:00:00+00:00
[2023-12-27 15:37:32,686] {processor.py:161} INFO - Processing /home/airflow/dags/Lead_scoring_data_pipeline/.ipynb_checkpoints/lead_scoring_data_pipeline-checkpoint.py took 0.478 seconds
[2023-12-27 15:38:27,699] {processor.py:153} INFO - Started process (PID=1341) to work on /home/airflow/dags/Lead_scoring_data_pipeline/.ipynb_checkpoints/lead_scoring_data_pipeline-checkpoint.py
[2023-12-27 15:38:27,700] {processor.py:641} INFO - Processing file /home/airflow/dags/Lead_scoring_data_pipeline/.ipynb_checkpoints/lead_scoring_data_pipeline-checkpoint.py for tasks to queue
[2023-12-27 15:38:27,700] {logging_mixin.py:115} INFO - [2023-12-27 15:38:27,700] {dagbag.py:508} INFO - Filling up the DagBag from /home/airflow/dags/Lead_scoring_data_pipeline/.ipynb_checkpoints/lead_scoring_data_pipeline-checkpoint.py
[2023-12-27 15:38:27,966] {logging_mixin.py:115} INFO - [2023-12-27 15:38:27,966] {utils.py:145} INFO - Note: NumExpr detected 64 cores but "NUMEXPR_MAX_THREADS" not set, so enforcing safe limit of 8.
[2023-12-27 15:38:27,966] {logging_mixin.py:115} INFO - [2023-12-27 15:38:27,966] {utils.py:157} INFO - NumExpr defaulting to 8 threads.
[2023-12-27 15:38:28,091] {processor.py:651} INFO - DAG(s) dict_keys(['Lead_Scoring_Data_Engineering_Pipeline']) retrieved from /home/airflow/dags/Lead_scoring_data_pipeline/.ipynb_checkpoints/lead_scoring_data_pipeline-checkpoint.py
[2023-12-27 15:38:28,147] {logging_mixin.py:115} INFO - [2023-12-27 15:38:28,147] {dag.py:2420} INFO - Sync 1 DAGs
[2023-12-27 15:38:28,171] {logging_mixin.py:115} INFO - [2023-12-27 15:38:28,171] {dag.py:2968} INFO - Setting next_dagrun for Lead_Scoring_Data_Engineering_Pipeline to 2023-12-27T00:00:00+00:00, run_after=2023-12-28T00:00:00+00:00
[2023-12-27 15:38:28,214] {processor.py:161} INFO - Processing /home/airflow/dags/Lead_scoring_data_pipeline/.ipynb_checkpoints/lead_scoring_data_pipeline-checkpoint.py took 0.518 seconds
[2023-12-27 15:39:23,954] {processor.py:153} INFO - Started process (PID=1420) to work on /home/airflow/dags/Lead_scoring_data_pipeline/.ipynb_checkpoints/lead_scoring_data_pipeline-checkpoint.py
[2023-12-27 15:39:23,955] {processor.py:641} INFO - Processing file /home/airflow/dags/Lead_scoring_data_pipeline/.ipynb_checkpoints/lead_scoring_data_pipeline-checkpoint.py for tasks to queue
[2023-12-27 15:39:23,955] {logging_mixin.py:115} INFO - [2023-12-27 15:39:23,955] {dagbag.py:508} INFO - Filling up the DagBag from /home/airflow/dags/Lead_scoring_data_pipeline/.ipynb_checkpoints/lead_scoring_data_pipeline-checkpoint.py
[2023-12-27 15:39:24,219] {logging_mixin.py:115} INFO - [2023-12-27 15:39:24,219] {utils.py:145} INFO - Note: NumExpr detected 64 cores but "NUMEXPR_MAX_THREADS" not set, so enforcing safe limit of 8.
[2023-12-27 15:39:24,219] {logging_mixin.py:115} INFO - [2023-12-27 15:39:24,219] {utils.py:157} INFO - NumExpr defaulting to 8 threads.
[2023-12-27 15:39:24,344] {processor.py:651} INFO - DAG(s) dict_keys(['Lead_Scoring_Data_Engineering_Pipeline']) retrieved from /home/airflow/dags/Lead_scoring_data_pipeline/.ipynb_checkpoints/lead_scoring_data_pipeline-checkpoint.py
[2023-12-27 15:39:24,360] {logging_mixin.py:115} INFO - [2023-12-27 15:39:24,360] {dag.py:2420} INFO - Sync 1 DAGs
[2023-12-27 15:39:24,385] {logging_mixin.py:115} INFO - [2023-12-27 15:39:24,385] {dag.py:2968} INFO - Setting next_dagrun for Lead_Scoring_Data_Engineering_Pipeline to 2023-12-27T00:00:00+00:00, run_after=2023-12-28T00:00:00+00:00
[2023-12-27 15:39:24,427] {processor.py:161} INFO - Processing /home/airflow/dags/Lead_scoring_data_pipeline/.ipynb_checkpoints/lead_scoring_data_pipeline-checkpoint.py took 0.476 seconds
[2023-12-27 15:40:20,625] {processor.py:153} INFO - Started process (PID=1573) to work on /home/airflow/dags/Lead_scoring_data_pipeline/.ipynb_checkpoints/lead_scoring_data_pipeline-checkpoint.py
[2023-12-27 15:40:20,625] {processor.py:641} INFO - Processing file /home/airflow/dags/Lead_scoring_data_pipeline/.ipynb_checkpoints/lead_scoring_data_pipeline-checkpoint.py for tasks to queue
[2023-12-27 15:40:20,626] {logging_mixin.py:115} INFO - [2023-12-27 15:40:20,625] {dagbag.py:508} INFO - Filling up the DagBag from /home/airflow/dags/Lead_scoring_data_pipeline/.ipynb_checkpoints/lead_scoring_data_pipeline-checkpoint.py
[2023-12-27 15:40:20,888] {logging_mixin.py:115} INFO - [2023-12-27 15:40:20,888] {utils.py:145} INFO - Note: NumExpr detected 64 cores but "NUMEXPR_MAX_THREADS" not set, so enforcing safe limit of 8.
[2023-12-27 15:40:20,888] {logging_mixin.py:115} INFO - [2023-12-27 15:40:20,888] {utils.py:157} INFO - NumExpr defaulting to 8 threads.
[2023-12-27 15:40:21,012] {processor.py:651} INFO - DAG(s) dict_keys(['Lead_Scoring_Data_Engineering_Pipeline']) retrieved from /home/airflow/dags/Lead_scoring_data_pipeline/.ipynb_checkpoints/lead_scoring_data_pipeline-checkpoint.py
[2023-12-27 15:40:21,070] {logging_mixin.py:115} INFO - [2023-12-27 15:40:21,069] {dag.py:2420} INFO - Sync 1 DAGs
[2023-12-27 15:40:21,094] {logging_mixin.py:115} INFO - [2023-12-27 15:40:21,094] {dag.py:2968} INFO - Setting next_dagrun for Lead_Scoring_Data_Engineering_Pipeline to 2023-12-27T00:00:00+00:00, run_after=2023-12-28T00:00:00+00:00
[2023-12-27 15:40:21,138] {processor.py:161} INFO - Processing /home/airflow/dags/Lead_scoring_data_pipeline/.ipynb_checkpoints/lead_scoring_data_pipeline-checkpoint.py took 0.517 seconds
[2023-12-27 15:41:10,504] {processor.py:153} INFO - Started process (PID=1687) to work on /home/airflow/dags/Lead_scoring_data_pipeline/.ipynb_checkpoints/lead_scoring_data_pipeline-checkpoint.py
[2023-12-27 15:41:10,505] {processor.py:641} INFO - Processing file /home/airflow/dags/Lead_scoring_data_pipeline/.ipynb_checkpoints/lead_scoring_data_pipeline-checkpoint.py for tasks to queue
[2023-12-27 15:41:10,505] {logging_mixin.py:115} INFO - [2023-12-27 15:41:10,505] {dagbag.py:508} INFO - Filling up the DagBag from /home/airflow/dags/Lead_scoring_data_pipeline/.ipynb_checkpoints/lead_scoring_data_pipeline-checkpoint.py
[2023-12-27 15:41:10,672] {logging_mixin.py:115} INFO - [2023-12-27 15:41:10,672] {utils.py:145} INFO - Note: NumExpr detected 64 cores but "NUMEXPR_MAX_THREADS" not set, so enforcing safe limit of 8.
[2023-12-27 15:41:10,672] {logging_mixin.py:115} INFO - [2023-12-27 15:41:10,672] {utils.py:157} INFO - NumExpr defaulting to 8 threads.
[2023-12-27 15:41:10,799] {processor.py:651} INFO - DAG(s) dict_keys(['Lead_Scoring_Data_Engineering_Pipeline']) retrieved from /home/airflow/dags/Lead_scoring_data_pipeline/.ipynb_checkpoints/lead_scoring_data_pipeline-checkpoint.py
[2023-12-27 15:41:10,816] {logging_mixin.py:115} INFO - [2023-12-27 15:41:10,816] {dag.py:2420} INFO - Sync 1 DAGs
[2023-12-27 15:41:10,843] {logging_mixin.py:115} INFO - [2023-12-27 15:41:10,843] {dag.py:2968} INFO - Setting next_dagrun for Lead_Scoring_Data_Engineering_Pipeline to 2023-12-27T00:00:00+00:00, run_after=2023-12-28T00:00:00+00:00
[2023-12-27 15:41:10,885] {processor.py:161} INFO - Processing /home/airflow/dags/Lead_scoring_data_pipeline/.ipynb_checkpoints/lead_scoring_data_pipeline-checkpoint.py took 0.384 seconds
[2023-12-27 15:41:59,277] {processor.py:153} INFO - Started process (PID=1757) to work on /home/airflow/dags/Lead_scoring_data_pipeline/.ipynb_checkpoints/lead_scoring_data_pipeline-checkpoint.py
[2023-12-27 15:41:59,277] {processor.py:641} INFO - Processing file /home/airflow/dags/Lead_scoring_data_pipeline/.ipynb_checkpoints/lead_scoring_data_pipeline-checkpoint.py for tasks to queue
[2023-12-27 15:41:59,278] {logging_mixin.py:115} INFO - [2023-12-27 15:41:59,278] {dagbag.py:508} INFO - Filling up the DagBag from /home/airflow/dags/Lead_scoring_data_pipeline/.ipynb_checkpoints/lead_scoring_data_pipeline-checkpoint.py
[2023-12-27 15:41:59,445] {logging_mixin.py:115} INFO - [2023-12-27 15:41:59,445] {utils.py:145} INFO - Note: NumExpr detected 64 cores but "NUMEXPR_MAX_THREADS" not set, so enforcing safe limit of 8.
[2023-12-27 15:41:59,445] {logging_mixin.py:115} INFO - [2023-12-27 15:41:59,445] {utils.py:157} INFO - NumExpr defaulting to 8 threads.
[2023-12-27 15:41:59,572] {processor.py:651} INFO - DAG(s) dict_keys(['Lead_Scoring_Data_Engineering_Pipeline']) retrieved from /home/airflow/dags/Lead_scoring_data_pipeline/.ipynb_checkpoints/lead_scoring_data_pipeline-checkpoint.py
[2023-12-27 15:41:59,631] {logging_mixin.py:115} INFO - [2023-12-27 15:41:59,631] {dag.py:2420} INFO - Sync 1 DAGs
[2023-12-27 15:41:59,656] {logging_mixin.py:115} INFO - [2023-12-27 15:41:59,656] {dag.py:2968} INFO - Setting next_dagrun for Lead_Scoring_Data_Engineering_Pipeline to 2023-12-27T00:00:00+00:00, run_after=2023-12-28T00:00:00+00:00
[2023-12-27 15:41:59,700] {processor.py:161} INFO - Processing /home/airflow/dags/Lead_scoring_data_pipeline/.ipynb_checkpoints/lead_scoring_data_pipeline-checkpoint.py took 0.426 seconds
[2023-12-27 15:42:46,060] {processor.py:153} INFO - Started process (PID=1826) to work on /home/airflow/dags/Lead_scoring_data_pipeline/.ipynb_checkpoints/lead_scoring_data_pipeline-checkpoint.py
[2023-12-27 15:42:46,060] {processor.py:641} INFO - Processing file /home/airflow/dags/Lead_scoring_data_pipeline/.ipynb_checkpoints/lead_scoring_data_pipeline-checkpoint.py for tasks to queue
[2023-12-27 15:42:46,061] {logging_mixin.py:115} INFO - [2023-12-27 15:42:46,061] {dagbag.py:508} INFO - Filling up the DagBag from /home/airflow/dags/Lead_scoring_data_pipeline/.ipynb_checkpoints/lead_scoring_data_pipeline-checkpoint.py
[2023-12-27 15:42:46,223] {logging_mixin.py:115} INFO - [2023-12-27 15:42:46,223] {utils.py:145} INFO - Note: NumExpr detected 64 cores but "NUMEXPR_MAX_THREADS" not set, so enforcing safe limit of 8.
[2023-12-27 15:42:46,223] {logging_mixin.py:115} INFO - [2023-12-27 15:42:46,223] {utils.py:157} INFO - NumExpr defaulting to 8 threads.
[2023-12-27 15:42:46,349] {processor.py:651} INFO - DAG(s) dict_keys(['Lead_Scoring_Data_Engineering_Pipeline']) retrieved from /home/airflow/dags/Lead_scoring_data_pipeline/.ipynb_checkpoints/lead_scoring_data_pipeline-checkpoint.py
[2023-12-27 15:42:46,367] {logging_mixin.py:115} INFO - [2023-12-27 15:42:46,366] {dag.py:2420} INFO - Sync 1 DAGs
[2023-12-27 15:42:46,393] {logging_mixin.py:115} INFO - [2023-12-27 15:42:46,393] {dag.py:2968} INFO - Setting next_dagrun for Lead_Scoring_Data_Engineering_Pipeline to 2023-12-27T00:00:00+00:00, run_after=2023-12-28T00:00:00+00:00
[2023-12-27 15:42:46,432] {processor.py:161} INFO - Processing /home/airflow/dags/Lead_scoring_data_pipeline/.ipynb_checkpoints/lead_scoring_data_pipeline-checkpoint.py took 0.375 seconds
[2023-12-27 15:43:34,424] {processor.py:153} INFO - Started process (PID=1895) to work on /home/airflow/dags/Lead_scoring_data_pipeline/.ipynb_checkpoints/lead_scoring_data_pipeline-checkpoint.py
[2023-12-27 15:43:34,425] {processor.py:641} INFO - Processing file /home/airflow/dags/Lead_scoring_data_pipeline/.ipynb_checkpoints/lead_scoring_data_pipeline-checkpoint.py for tasks to queue
[2023-12-27 15:43:34,425] {logging_mixin.py:115} INFO - [2023-12-27 15:43:34,425] {dagbag.py:508} INFO - Filling up the DagBag from /home/airflow/dags/Lead_scoring_data_pipeline/.ipynb_checkpoints/lead_scoring_data_pipeline-checkpoint.py
[2023-12-27 15:43:34,592] {logging_mixin.py:115} INFO - [2023-12-27 15:43:34,592] {utils.py:145} INFO - Note: NumExpr detected 64 cores but "NUMEXPR_MAX_THREADS" not set, so enforcing safe limit of 8.
[2023-12-27 15:43:34,592] {logging_mixin.py:115} INFO - [2023-12-27 15:43:34,592] {utils.py:157} INFO - NumExpr defaulting to 8 threads.
[2023-12-27 15:43:34,719] {processor.py:651} INFO - DAG(s) dict_keys(['Lead_Scoring_Data_Engineering_Pipeline']) retrieved from /home/airflow/dags/Lead_scoring_data_pipeline/.ipynb_checkpoints/lead_scoring_data_pipeline-checkpoint.py
[2023-12-27 15:43:34,778] {logging_mixin.py:115} INFO - [2023-12-27 15:43:34,778] {dag.py:2420} INFO - Sync 1 DAGs
[2023-12-27 15:43:34,802] {logging_mixin.py:115} INFO - [2023-12-27 15:43:34,801] {dag.py:2968} INFO - Setting next_dagrun for Lead_Scoring_Data_Engineering_Pipeline to 2023-12-27T00:00:00+00:00, run_after=2023-12-28T00:00:00+00:00
[2023-12-27 15:43:34,845] {processor.py:161} INFO - Processing /home/airflow/dags/Lead_scoring_data_pipeline/.ipynb_checkpoints/lead_scoring_data_pipeline-checkpoint.py took 0.424 seconds
[2023-12-27 15:44:23,240] {processor.py:153} INFO - Started process (PID=1965) to work on /home/airflow/dags/Lead_scoring_data_pipeline/.ipynb_checkpoints/lead_scoring_data_pipeline-checkpoint.py
[2023-12-27 15:44:23,240] {processor.py:641} INFO - Processing file /home/airflow/dags/Lead_scoring_data_pipeline/.ipynb_checkpoints/lead_scoring_data_pipeline-checkpoint.py for tasks to queue
[2023-12-27 15:44:23,241] {logging_mixin.py:115} INFO - [2023-12-27 15:44:23,241] {dagbag.py:508} INFO - Filling up the DagBag from /home/airflow/dags/Lead_scoring_data_pipeline/.ipynb_checkpoints/lead_scoring_data_pipeline-checkpoint.py
[2023-12-27 15:44:23,402] {logging_mixin.py:115} INFO - [2023-12-27 15:44:23,402] {utils.py:145} INFO - Note: NumExpr detected 64 cores but "NUMEXPR_MAX_THREADS" not set, so enforcing safe limit of 8.
[2023-12-27 15:44:23,402] {logging_mixin.py:115} INFO - [2023-12-27 15:44:23,402] {utils.py:157} INFO - NumExpr defaulting to 8 threads.
[2023-12-27 15:44:23,529] {processor.py:651} INFO - DAG(s) dict_keys(['Lead_Scoring_Data_Engineering_Pipeline']) retrieved from /home/airflow/dags/Lead_scoring_data_pipeline/.ipynb_checkpoints/lead_scoring_data_pipeline-checkpoint.py
[2023-12-27 15:44:23,547] {logging_mixin.py:115} INFO - [2023-12-27 15:44:23,546] {dag.py:2420} INFO - Sync 1 DAGs
[2023-12-27 15:44:23,574] {logging_mixin.py:115} INFO - [2023-12-27 15:44:23,574] {dag.py:2968} INFO - Setting next_dagrun for Lead_Scoring_Data_Engineering_Pipeline to 2023-12-27T00:00:00+00:00, run_after=2023-12-28T00:00:00+00:00
[2023-12-27 15:44:23,616] {processor.py:161} INFO - Processing /home/airflow/dags/Lead_scoring_data_pipeline/.ipynb_checkpoints/lead_scoring_data_pipeline-checkpoint.py took 0.379 seconds
[2023-12-27 15:45:12,088] {processor.py:153} INFO - Started process (PID=2035) to work on /home/airflow/dags/Lead_scoring_data_pipeline/.ipynb_checkpoints/lead_scoring_data_pipeline-checkpoint.py
[2023-12-27 15:45:12,088] {processor.py:641} INFO - Processing file /home/airflow/dags/Lead_scoring_data_pipeline/.ipynb_checkpoints/lead_scoring_data_pipeline-checkpoint.py for tasks to queue
[2023-12-27 15:45:12,089] {logging_mixin.py:115} INFO - [2023-12-27 15:45:12,089] {dagbag.py:508} INFO - Filling up the DagBag from /home/airflow/dags/Lead_scoring_data_pipeline/.ipynb_checkpoints/lead_scoring_data_pipeline-checkpoint.py
[2023-12-27 15:45:12,252] {logging_mixin.py:115} INFO - [2023-12-27 15:45:12,252] {utils.py:145} INFO - Note: NumExpr detected 64 cores but "NUMEXPR_MAX_THREADS" not set, so enforcing safe limit of 8.
[2023-12-27 15:45:12,252] {logging_mixin.py:115} INFO - [2023-12-27 15:45:12,252] {utils.py:157} INFO - NumExpr defaulting to 8 threads.
[2023-12-27 15:45:12,379] {processor.py:651} INFO - DAG(s) dict_keys(['Lead_Scoring_Data_Engineering_Pipeline']) retrieved from /home/airflow/dags/Lead_scoring_data_pipeline/.ipynb_checkpoints/lead_scoring_data_pipeline-checkpoint.py
[2023-12-27 15:45:12,437] {logging_mixin.py:115} INFO - [2023-12-27 15:45:12,436] {dag.py:2420} INFO - Sync 1 DAGs
[2023-12-27 15:45:12,461] {logging_mixin.py:115} INFO - [2023-12-27 15:45:12,460] {dag.py:2968} INFO - Setting next_dagrun for Lead_Scoring_Data_Engineering_Pipeline to 2023-12-27T00:00:00+00:00, run_after=2023-12-28T00:00:00+00:00
[2023-12-27 15:45:12,502] {processor.py:161} INFO - Processing /home/airflow/dags/Lead_scoring_data_pipeline/.ipynb_checkpoints/lead_scoring_data_pipeline-checkpoint.py took 0.417 seconds
[2023-12-27 15:46:00,112] {processor.py:153} INFO - Started process (PID=2105) to work on /home/airflow/dags/Lead_scoring_data_pipeline/.ipynb_checkpoints/lead_scoring_data_pipeline-checkpoint.py
[2023-12-27 15:46:00,113] {processor.py:641} INFO - Processing file /home/airflow/dags/Lead_scoring_data_pipeline/.ipynb_checkpoints/lead_scoring_data_pipeline-checkpoint.py for tasks to queue
[2023-12-27 15:46:00,113] {logging_mixin.py:115} INFO - [2023-12-27 15:46:00,113] {dagbag.py:508} INFO - Filling up the DagBag from /home/airflow/dags/Lead_scoring_data_pipeline/.ipynb_checkpoints/lead_scoring_data_pipeline-checkpoint.py
[2023-12-27 15:46:00,277] {logging_mixin.py:115} INFO - [2023-12-27 15:46:00,277] {utils.py:145} INFO - Note: NumExpr detected 64 cores but "NUMEXPR_MAX_THREADS" not set, so enforcing safe limit of 8.
[2023-12-27 15:46:00,277] {logging_mixin.py:115} INFO - [2023-12-27 15:46:00,277] {utils.py:157} INFO - NumExpr defaulting to 8 threads.
[2023-12-27 15:46:00,405] {processor.py:651} INFO - DAG(s) dict_keys(['Lead_Scoring_Data_Engineering_Pipeline']) retrieved from /home/airflow/dags/Lead_scoring_data_pipeline/.ipynb_checkpoints/lead_scoring_data_pipeline-checkpoint.py
[2023-12-27 15:46:00,422] {logging_mixin.py:115} INFO - [2023-12-27 15:46:00,422] {dag.py:2420} INFO - Sync 1 DAGs
[2023-12-27 15:46:00,450] {logging_mixin.py:115} INFO - [2023-12-27 15:46:00,450] {dag.py:2968} INFO - Setting next_dagrun for Lead_Scoring_Data_Engineering_Pipeline to 2023-12-27T00:00:00+00:00, run_after=2023-12-28T00:00:00+00:00
[2023-12-27 15:46:00,490] {processor.py:161} INFO - Processing /home/airflow/dags/Lead_scoring_data_pipeline/.ipynb_checkpoints/lead_scoring_data_pipeline-checkpoint.py took 0.381 seconds
[2023-12-27 15:46:45,342] {processor.py:153} INFO - Started process (PID=2173) to work on /home/airflow/dags/Lead_scoring_data_pipeline/.ipynb_checkpoints/lead_scoring_data_pipeline-checkpoint.py
[2023-12-27 15:46:45,343] {processor.py:641} INFO - Processing file /home/airflow/dags/Lead_scoring_data_pipeline/.ipynb_checkpoints/lead_scoring_data_pipeline-checkpoint.py for tasks to queue
[2023-12-27 15:46:45,343] {logging_mixin.py:115} INFO - [2023-12-27 15:46:45,343] {dagbag.py:508} INFO - Filling up the DagBag from /home/airflow/dags/Lead_scoring_data_pipeline/.ipynb_checkpoints/lead_scoring_data_pipeline-checkpoint.py
[2023-12-27 15:46:45,507] {logging_mixin.py:115} INFO - [2023-12-27 15:46:45,507] {utils.py:145} INFO - Note: NumExpr detected 64 cores but "NUMEXPR_MAX_THREADS" not set, so enforcing safe limit of 8.
[2023-12-27 15:46:45,507] {logging_mixin.py:115} INFO - [2023-12-27 15:46:45,507] {utils.py:157} INFO - NumExpr defaulting to 8 threads.
[2023-12-27 15:46:45,635] {processor.py:651} INFO - DAG(s) dict_keys(['Lead_Scoring_Data_Engineering_Pipeline']) retrieved from /home/airflow/dags/Lead_scoring_data_pipeline/.ipynb_checkpoints/lead_scoring_data_pipeline-checkpoint.py
[2023-12-27 15:46:45,694] {logging_mixin.py:115} INFO - [2023-12-27 15:46:45,693] {dag.py:2420} INFO - Sync 1 DAGs
[2023-12-27 15:46:45,717] {logging_mixin.py:115} INFO - [2023-12-27 15:46:45,717] {dag.py:2968} INFO - Setting next_dagrun for Lead_Scoring_Data_Engineering_Pipeline to 2023-12-27T00:00:00+00:00, run_after=2023-12-28T00:00:00+00:00
[2023-12-27 15:46:45,762] {processor.py:161} INFO - Processing /home/airflow/dags/Lead_scoring_data_pipeline/.ipynb_checkpoints/lead_scoring_data_pipeline-checkpoint.py took 0.423 seconds
[2023-12-27 15:47:32,954] {processor.py:153} INFO - Started process (PID=2242) to work on /home/airflow/dags/Lead_scoring_data_pipeline/.ipynb_checkpoints/lead_scoring_data_pipeline-checkpoint.py
[2023-12-27 15:47:32,955] {processor.py:641} INFO - Processing file /home/airflow/dags/Lead_scoring_data_pipeline/.ipynb_checkpoints/lead_scoring_data_pipeline-checkpoint.py for tasks to queue
[2023-12-27 15:47:32,955] {logging_mixin.py:115} INFO - [2023-12-27 15:47:32,955] {dagbag.py:508} INFO - Filling up the DagBag from /home/airflow/dags/Lead_scoring_data_pipeline/.ipynb_checkpoints/lead_scoring_data_pipeline-checkpoint.py
[2023-12-27 15:47:33,119] {logging_mixin.py:115} INFO - [2023-12-27 15:47:33,119] {utils.py:145} INFO - Note: NumExpr detected 64 cores but "NUMEXPR_MAX_THREADS" not set, so enforcing safe limit of 8.
[2023-12-27 15:47:33,119] {logging_mixin.py:115} INFO - [2023-12-27 15:47:33,119] {utils.py:157} INFO - NumExpr defaulting to 8 threads.
[2023-12-27 15:47:33,247] {processor.py:651} INFO - DAG(s) dict_keys(['Lead_Scoring_Data_Engineering_Pipeline']) retrieved from /home/airflow/dags/Lead_scoring_data_pipeline/.ipynb_checkpoints/lead_scoring_data_pipeline-checkpoint.py
[2023-12-27 15:47:33,265] {logging_mixin.py:115} INFO - [2023-12-27 15:47:33,264] {dag.py:2420} INFO - Sync 1 DAGs
[2023-12-27 15:47:33,292] {logging_mixin.py:115} INFO - [2023-12-27 15:47:33,292] {dag.py:2968} INFO - Setting next_dagrun for Lead_Scoring_Data_Engineering_Pipeline to 2023-12-27T00:00:00+00:00, run_after=2023-12-28T00:00:00+00:00
[2023-12-27 15:47:33,335] {processor.py:161} INFO - Processing /home/airflow/dags/Lead_scoring_data_pipeline/.ipynb_checkpoints/lead_scoring_data_pipeline-checkpoint.py took 0.384 seconds
[2023-12-27 15:48:19,659] {processor.py:153} INFO - Started process (PID=2311) to work on /home/airflow/dags/Lead_scoring_data_pipeline/.ipynb_checkpoints/lead_scoring_data_pipeline-checkpoint.py
[2023-12-27 15:48:19,660] {processor.py:641} INFO - Processing file /home/airflow/dags/Lead_scoring_data_pipeline/.ipynb_checkpoints/lead_scoring_data_pipeline-checkpoint.py for tasks to queue
[2023-12-27 15:48:19,660] {logging_mixin.py:115} INFO - [2023-12-27 15:48:19,660] {dagbag.py:508} INFO - Filling up the DagBag from /home/airflow/dags/Lead_scoring_data_pipeline/.ipynb_checkpoints/lead_scoring_data_pipeline-checkpoint.py
[2023-12-27 15:48:19,826] {logging_mixin.py:115} INFO - [2023-12-27 15:48:19,826] {utils.py:145} INFO - Note: NumExpr detected 64 cores but "NUMEXPR_MAX_THREADS" not set, so enforcing safe limit of 8.
[2023-12-27 15:48:19,826] {logging_mixin.py:115} INFO - [2023-12-27 15:48:19,826] {utils.py:157} INFO - NumExpr defaulting to 8 threads.
[2023-12-27 15:48:19,954] {processor.py:651} INFO - DAG(s) dict_keys(['Lead_Scoring_Data_Engineering_Pipeline']) retrieved from /home/airflow/dags/Lead_scoring_data_pipeline/.ipynb_checkpoints/lead_scoring_data_pipeline-checkpoint.py
[2023-12-27 15:48:20,013] {logging_mixin.py:115} INFO - [2023-12-27 15:48:20,012] {dag.py:2420} INFO - Sync 1 DAGs
[2023-12-27 15:48:20,038] {logging_mixin.py:115} INFO - [2023-12-27 15:48:20,038] {dag.py:2968} INFO - Setting next_dagrun for Lead_Scoring_Data_Engineering_Pipeline to 2023-12-27T00:00:00+00:00, run_after=2023-12-28T00:00:00+00:00
[2023-12-27 15:48:20,083] {processor.py:161} INFO - Processing /home/airflow/dags/Lead_scoring_data_pipeline/.ipynb_checkpoints/lead_scoring_data_pipeline-checkpoint.py took 0.427 seconds
[2023-12-27 17:01:22,320] {processor.py:153} INFO - Started process (PID=2923) to work on /home/airflow/dags/Lead_scoring_data_pipeline/.ipynb_checkpoints/lead_scoring_data_pipeline-checkpoint.py
[2023-12-27 17:01:22,320] {processor.py:641} INFO - Processing file /home/airflow/dags/Lead_scoring_data_pipeline/.ipynb_checkpoints/lead_scoring_data_pipeline-checkpoint.py for tasks to queue
[2023-12-27 17:01:22,321] {logging_mixin.py:115} INFO - [2023-12-27 17:01:22,321] {dagbag.py:508} INFO - Filling up the DagBag from /home/airflow/dags/Lead_scoring_data_pipeline/.ipynb_checkpoints/lead_scoring_data_pipeline-checkpoint.py
[2023-12-27 17:01:22,576] {logging_mixin.py:115} INFO - [2023-12-27 17:01:22,576] {utils.py:145} INFO - Note: NumExpr detected 64 cores but "NUMEXPR_MAX_THREADS" not set, so enforcing safe limit of 8.
[2023-12-27 17:01:22,576] {logging_mixin.py:115} INFO - [2023-12-27 17:01:22,576] {utils.py:157} INFO - NumExpr defaulting to 8 threads.
[2023-12-27 17:01:22,701] {processor.py:651} INFO - DAG(s) dict_keys(['Lead_Scoring_Data_Engineering_Pipeline']) retrieved from /home/airflow/dags/Lead_scoring_data_pipeline/.ipynb_checkpoints/lead_scoring_data_pipeline-checkpoint.py
[2023-12-27 17:01:22,715] {logging_mixin.py:115} INFO - [2023-12-27 17:01:22,715] {dag.py:2420} INFO - Sync 1 DAGs
[2023-12-27 17:01:22,739] {logging_mixin.py:115} INFO - [2023-12-27 17:01:22,738] {dag.py:2968} INFO - Setting next_dagrun for Lead_Scoring_Data_Engineering_Pipeline to 2023-12-27T00:00:00+00:00, run_after=2023-12-28T00:00:00+00:00
[2023-12-27 17:01:22,777] {processor.py:161} INFO - Processing /home/airflow/dags/Lead_scoring_data_pipeline/.ipynb_checkpoints/lead_scoring_data_pipeline-checkpoint.py took 0.461 seconds
[2023-12-27 17:02:28,867] {processor.py:153} INFO - Started process (PID=3035) to work on /home/airflow/dags/Lead_scoring_data_pipeline/.ipynb_checkpoints/lead_scoring_data_pipeline-checkpoint.py
[2023-12-27 17:02:28,868] {processor.py:641} INFO - Processing file /home/airflow/dags/Lead_scoring_data_pipeline/.ipynb_checkpoints/lead_scoring_data_pipeline-checkpoint.py for tasks to queue
[2023-12-27 17:02:28,868] {logging_mixin.py:115} INFO - [2023-12-27 17:02:28,868] {dagbag.py:508} INFO - Filling up the DagBag from /home/airflow/dags/Lead_scoring_data_pipeline/.ipynb_checkpoints/lead_scoring_data_pipeline-checkpoint.py
[2023-12-27 17:02:29,129] {logging_mixin.py:115} INFO - [2023-12-27 17:02:29,129] {utils.py:145} INFO - Note: NumExpr detected 64 cores but "NUMEXPR_MAX_THREADS" not set, so enforcing safe limit of 8.
[2023-12-27 17:02:29,129] {logging_mixin.py:115} INFO - [2023-12-27 17:02:29,129] {utils.py:157} INFO - NumExpr defaulting to 8 threads.
[2023-12-27 17:02:29,254] {processor.py:651} INFO - DAG(s) dict_keys(['Lead_Scoring_Data_Engineering_Pipeline']) retrieved from /home/airflow/dags/Lead_scoring_data_pipeline/.ipynb_checkpoints/lead_scoring_data_pipeline-checkpoint.py
[2023-12-27 17:02:29,310] {logging_mixin.py:115} INFO - [2023-12-27 17:02:29,309] {dag.py:2420} INFO - Sync 1 DAGs
[2023-12-27 17:02:29,333] {logging_mixin.py:115} INFO - [2023-12-27 17:02:29,333] {dag.py:2968} INFO - Setting next_dagrun for Lead_Scoring_Data_Engineering_Pipeline to 2023-12-27T00:00:00+00:00, run_after=2023-12-28T00:00:00+00:00
[2023-12-27 17:02:29,378] {processor.py:161} INFO - Processing /home/airflow/dags/Lead_scoring_data_pipeline/.ipynb_checkpoints/lead_scoring_data_pipeline-checkpoint.py took 0.514 seconds
[2023-12-27 17:03:44,759] {processor.py:153} INFO - Started process (PID=3271) to work on /home/airflow/dags/Lead_scoring_data_pipeline/.ipynb_checkpoints/lead_scoring_data_pipeline-checkpoint.py
[2023-12-27 17:03:44,760] {processor.py:641} INFO - Processing file /home/airflow/dags/Lead_scoring_data_pipeline/.ipynb_checkpoints/lead_scoring_data_pipeline-checkpoint.py for tasks to queue
[2023-12-27 17:03:44,760] {logging_mixin.py:115} INFO - [2023-12-27 17:03:44,760] {dagbag.py:508} INFO - Filling up the DagBag from /home/airflow/dags/Lead_scoring_data_pipeline/.ipynb_checkpoints/lead_scoring_data_pipeline-checkpoint.py
[2023-12-27 17:03:45,024] {logging_mixin.py:115} INFO - [2023-12-27 17:03:45,024] {utils.py:145} INFO - Note: NumExpr detected 64 cores but "NUMEXPR_MAX_THREADS" not set, so enforcing safe limit of 8.
[2023-12-27 17:03:45,024] {logging_mixin.py:115} INFO - [2023-12-27 17:03:45,024] {utils.py:157} INFO - NumExpr defaulting to 8 threads.
[2023-12-27 17:03:45,150] {processor.py:651} INFO - DAG(s) dict_keys(['Lead_Scoring_Data_Engineering_Pipeline']) retrieved from /home/airflow/dags/Lead_scoring_data_pipeline/.ipynb_checkpoints/lead_scoring_data_pipeline-checkpoint.py
[2023-12-27 17:03:45,163] {logging_mixin.py:115} INFO - [2023-12-27 17:03:45,163] {dag.py:2420} INFO - Sync 1 DAGs
[2023-12-27 17:03:45,186] {logging_mixin.py:115} INFO - [2023-12-27 17:03:45,186] {dag.py:2968} INFO - Setting next_dagrun for Lead_Scoring_Data_Engineering_Pipeline to 2023-12-27T00:00:00+00:00, run_after=2023-12-28T00:00:00+00:00
[2023-12-27 17:03:45,224] {processor.py:161} INFO - Processing /home/airflow/dags/Lead_scoring_data_pipeline/.ipynb_checkpoints/lead_scoring_data_pipeline-checkpoint.py took 0.468 seconds
[2023-12-27 17:04:50,204] {processor.py:153} INFO - Started process (PID=3381) to work on /home/airflow/dags/Lead_scoring_data_pipeline/.ipynb_checkpoints/lead_scoring_data_pipeline-checkpoint.py
[2023-12-27 17:04:50,204] {processor.py:641} INFO - Processing file /home/airflow/dags/Lead_scoring_data_pipeline/.ipynb_checkpoints/lead_scoring_data_pipeline-checkpoint.py for tasks to queue
[2023-12-27 17:04:50,205] {logging_mixin.py:115} INFO - [2023-12-27 17:04:50,205] {dagbag.py:508} INFO - Filling up the DagBag from /home/airflow/dags/Lead_scoring_data_pipeline/.ipynb_checkpoints/lead_scoring_data_pipeline-checkpoint.py
[2023-12-27 17:04:50,468] {logging_mixin.py:115} INFO - [2023-12-27 17:04:50,468] {utils.py:145} INFO - Note: NumExpr detected 64 cores but "NUMEXPR_MAX_THREADS" not set, so enforcing safe limit of 8.
[2023-12-27 17:04:50,469] {logging_mixin.py:115} INFO - [2023-12-27 17:04:50,468] {utils.py:157} INFO - NumExpr defaulting to 8 threads.
[2023-12-27 17:04:50,594] {processor.py:651} INFO - DAG(s) dict_keys(['Lead_Scoring_Data_Engineering_Pipeline']) retrieved from /home/airflow/dags/Lead_scoring_data_pipeline/.ipynb_checkpoints/lead_scoring_data_pipeline-checkpoint.py
[2023-12-27 17:04:50,651] {logging_mixin.py:115} INFO - [2023-12-27 17:04:50,651] {dag.py:2420} INFO - Sync 1 DAGs
[2023-12-27 17:04:50,674] {logging_mixin.py:115} INFO - [2023-12-27 17:04:50,674] {dag.py:2968} INFO - Setting next_dagrun for Lead_Scoring_Data_Engineering_Pipeline to 2023-12-27T00:00:00+00:00, run_after=2023-12-28T00:00:00+00:00
[2023-12-27 17:04:50,719] {processor.py:161} INFO - Processing /home/airflow/dags/Lead_scoring_data_pipeline/.ipynb_checkpoints/lead_scoring_data_pipeline-checkpoint.py took 0.519 seconds
[2023-12-27 17:06:06,024] {processor.py:153} INFO - Started process (PID=3522) to work on /home/airflow/dags/Lead_scoring_data_pipeline/.ipynb_checkpoints/lead_scoring_data_pipeline-checkpoint.py
[2023-12-27 17:06:06,024] {processor.py:641} INFO - Processing file /home/airflow/dags/Lead_scoring_data_pipeline/.ipynb_checkpoints/lead_scoring_data_pipeline-checkpoint.py for tasks to queue
[2023-12-27 17:06:06,025] {logging_mixin.py:115} INFO - [2023-12-27 17:06:06,025] {dagbag.py:508} INFO - Filling up the DagBag from /home/airflow/dags/Lead_scoring_data_pipeline/.ipynb_checkpoints/lead_scoring_data_pipeline-checkpoint.py
[2023-12-27 17:06:06,188] {logging_mixin.py:115} INFO - [2023-12-27 17:06:06,188] {utils.py:145} INFO - Note: NumExpr detected 64 cores but "NUMEXPR_MAX_THREADS" not set, so enforcing safe limit of 8.
[2023-12-27 17:06:06,188] {logging_mixin.py:115} INFO - [2023-12-27 17:06:06,188] {utils.py:157} INFO - NumExpr defaulting to 8 threads.
[2023-12-27 17:06:06,315] {processor.py:651} INFO - DAG(s) dict_keys(['Lead_Scoring_Data_Engineering_Pipeline']) retrieved from /home/airflow/dags/Lead_scoring_data_pipeline/.ipynb_checkpoints/lead_scoring_data_pipeline-checkpoint.py
[2023-12-27 17:06:06,333] {logging_mixin.py:115} INFO - [2023-12-27 17:06:06,333] {dag.py:2420} INFO - Sync 1 DAGs
[2023-12-27 17:06:06,361] {logging_mixin.py:115} INFO - [2023-12-27 17:06:06,361] {dag.py:2968} INFO - Setting next_dagrun for Lead_Scoring_Data_Engineering_Pipeline to 2023-12-27T00:00:00+00:00, run_after=2023-12-28T00:00:00+00:00
[2023-12-27 17:06:06,403] {processor.py:161} INFO - Processing /home/airflow/dags/Lead_scoring_data_pipeline/.ipynb_checkpoints/lead_scoring_data_pipeline-checkpoint.py took 0.383 seconds
[2023-12-27 17:07:10,383] {processor.py:153} INFO - Started process (PID=3638) to work on /home/airflow/dags/Lead_scoring_data_pipeline/.ipynb_checkpoints/lead_scoring_data_pipeline-checkpoint.py
[2023-12-27 17:07:10,384] {processor.py:641} INFO - Processing file /home/airflow/dags/Lead_scoring_data_pipeline/.ipynb_checkpoints/lead_scoring_data_pipeline-checkpoint.py for tasks to queue
[2023-12-27 17:07:10,384] {logging_mixin.py:115} INFO - [2023-12-27 17:07:10,384] {dagbag.py:508} INFO - Filling up the DagBag from /home/airflow/dags/Lead_scoring_data_pipeline/.ipynb_checkpoints/lead_scoring_data_pipeline-checkpoint.py
[2023-12-27 17:07:10,548] {logging_mixin.py:115} INFO - [2023-12-27 17:07:10,548] {utils.py:145} INFO - Note: NumExpr detected 64 cores but "NUMEXPR_MAX_THREADS" not set, so enforcing safe limit of 8.
[2023-12-27 17:07:10,549] {logging_mixin.py:115} INFO - [2023-12-27 17:07:10,549] {utils.py:157} INFO - NumExpr defaulting to 8 threads.
[2023-12-27 17:07:10,677] {processor.py:651} INFO - DAG(s) dict_keys(['Lead_Scoring_Data_Engineering_Pipeline']) retrieved from /home/airflow/dags/Lead_scoring_data_pipeline/.ipynb_checkpoints/lead_scoring_data_pipeline-checkpoint.py
[2023-12-27 17:07:10,734] {logging_mixin.py:115} INFO - [2023-12-27 17:07:10,734] {dag.py:2420} INFO - Sync 1 DAGs
[2023-12-27 17:07:10,757] {logging_mixin.py:115} INFO - [2023-12-27 17:07:10,757] {dag.py:2968} INFO - Setting next_dagrun for Lead_Scoring_Data_Engineering_Pipeline to 2023-12-27T00:00:00+00:00, run_after=2023-12-28T00:00:00+00:00
[2023-12-27 17:07:10,799] {processor.py:161} INFO - Processing /home/airflow/dags/Lead_scoring_data_pipeline/.ipynb_checkpoints/lead_scoring_data_pipeline-checkpoint.py took 0.419 seconds
[2023-12-27 17:08:14,332] {processor.py:153} INFO - Started process (PID=3764) to work on /home/airflow/dags/Lead_scoring_data_pipeline/.ipynb_checkpoints/lead_scoring_data_pipeline-checkpoint.py
[2023-12-27 17:08:14,332] {processor.py:641} INFO - Processing file /home/airflow/dags/Lead_scoring_data_pipeline/.ipynb_checkpoints/lead_scoring_data_pipeline-checkpoint.py for tasks to queue
[2023-12-27 17:08:14,333] {logging_mixin.py:115} INFO - [2023-12-27 17:08:14,333] {dagbag.py:508} INFO - Filling up the DagBag from /home/airflow/dags/Lead_scoring_data_pipeline/.ipynb_checkpoints/lead_scoring_data_pipeline-checkpoint.py
[2023-12-27 17:08:14,502] {logging_mixin.py:115} INFO - [2023-12-27 17:08:14,502] {utils.py:145} INFO - Note: NumExpr detected 64 cores but "NUMEXPR_MAX_THREADS" not set, so enforcing safe limit of 8.
[2023-12-27 17:08:14,502] {logging_mixin.py:115} INFO - [2023-12-27 17:08:14,502] {utils.py:157} INFO - NumExpr defaulting to 8 threads.
[2023-12-27 17:08:14,631] {processor.py:651} INFO - DAG(s) dict_keys(['Lead_Scoring_Data_Engineering_Pipeline']) retrieved from /home/airflow/dags/Lead_scoring_data_pipeline/.ipynb_checkpoints/lead_scoring_data_pipeline-checkpoint.py
[2023-12-27 17:08:14,647] {logging_mixin.py:115} INFO - [2023-12-27 17:08:14,646] {dag.py:2420} INFO - Sync 1 DAGs
[2023-12-27 17:08:14,674] {logging_mixin.py:115} INFO - [2023-12-27 17:08:14,673] {dag.py:2968} INFO - Setting next_dagrun for Lead_Scoring_Data_Engineering_Pipeline to 2023-12-27T00:00:00+00:00, run_after=2023-12-28T00:00:00+00:00
[2023-12-27 17:08:14,712] {processor.py:161} INFO - Processing /home/airflow/dags/Lead_scoring_data_pipeline/.ipynb_checkpoints/lead_scoring_data_pipeline-checkpoint.py took 0.384 seconds
[2023-12-27 17:09:22,500] {processor.py:153} INFO - Started process (PID=3891) to work on /home/airflow/dags/Lead_scoring_data_pipeline/.ipynb_checkpoints/lead_scoring_data_pipeline-checkpoint.py
[2023-12-27 17:09:22,501] {processor.py:641} INFO - Processing file /home/airflow/dags/Lead_scoring_data_pipeline/.ipynb_checkpoints/lead_scoring_data_pipeline-checkpoint.py for tasks to queue
[2023-12-27 17:09:22,501] {logging_mixin.py:115} INFO - [2023-12-27 17:09:22,501] {dagbag.py:508} INFO - Filling up the DagBag from /home/airflow/dags/Lead_scoring_data_pipeline/.ipynb_checkpoints/lead_scoring_data_pipeline-checkpoint.py
[2023-12-27 17:09:22,665] {logging_mixin.py:115} INFO - [2023-12-27 17:09:22,665] {utils.py:145} INFO - Note: NumExpr detected 64 cores but "NUMEXPR_MAX_THREADS" not set, so enforcing safe limit of 8.
[2023-12-27 17:09:22,666] {logging_mixin.py:115} INFO - [2023-12-27 17:09:22,665] {utils.py:157} INFO - NumExpr defaulting to 8 threads.
[2023-12-27 17:09:22,794] {processor.py:651} INFO - DAG(s) dict_keys(['Lead_Scoring_Data_Engineering_Pipeline']) retrieved from /home/airflow/dags/Lead_scoring_data_pipeline/.ipynb_checkpoints/lead_scoring_data_pipeline-checkpoint.py
[2023-12-27 17:09:22,851] {logging_mixin.py:115} INFO - [2023-12-27 17:09:22,851] {dag.py:2420} INFO - Sync 1 DAGs
[2023-12-27 17:09:22,874] {logging_mixin.py:115} INFO - [2023-12-27 17:09:22,874] {dag.py:2968} INFO - Setting next_dagrun for Lead_Scoring_Data_Engineering_Pipeline to 2023-12-27T00:00:00+00:00, run_after=2023-12-28T00:00:00+00:00
[2023-12-27 17:09:22,917] {processor.py:161} INFO - Processing /home/airflow/dags/Lead_scoring_data_pipeline/.ipynb_checkpoints/lead_scoring_data_pipeline-checkpoint.py took 0.420 seconds
[2023-12-27 17:10:24,655] {processor.py:153} INFO - Started process (PID=4004) to work on /home/airflow/dags/Lead_scoring_data_pipeline/.ipynb_checkpoints/lead_scoring_data_pipeline-checkpoint.py
[2023-12-27 17:10:24,655] {processor.py:641} INFO - Processing file /home/airflow/dags/Lead_scoring_data_pipeline/.ipynb_checkpoints/lead_scoring_data_pipeline-checkpoint.py for tasks to queue
[2023-12-27 17:10:24,656] {logging_mixin.py:115} INFO - [2023-12-27 17:10:24,656] {dagbag.py:508} INFO - Filling up the DagBag from /home/airflow/dags/Lead_scoring_data_pipeline/.ipynb_checkpoints/lead_scoring_data_pipeline-checkpoint.py
[2023-12-27 17:10:24,817] {logging_mixin.py:115} INFO - [2023-12-27 17:10:24,817] {utils.py:145} INFO - Note: NumExpr detected 64 cores but "NUMEXPR_MAX_THREADS" not set, so enforcing safe limit of 8.
[2023-12-27 17:10:24,817] {logging_mixin.py:115} INFO - [2023-12-27 17:10:24,817] {utils.py:157} INFO - NumExpr defaulting to 8 threads.
[2023-12-27 17:10:24,945] {processor.py:651} INFO - DAG(s) dict_keys(['Lead_Scoring_Data_Engineering_Pipeline']) retrieved from /home/airflow/dags/Lead_scoring_data_pipeline/.ipynb_checkpoints/lead_scoring_data_pipeline-checkpoint.py
[2023-12-27 17:10:24,962] {logging_mixin.py:115} INFO - [2023-12-27 17:10:24,962] {dag.py:2420} INFO - Sync 1 DAGs
[2023-12-27 17:10:24,989] {logging_mixin.py:115} INFO - [2023-12-27 17:10:24,989] {dag.py:2968} INFO - Setting next_dagrun for Lead_Scoring_Data_Engineering_Pipeline to 2023-12-27T00:00:00+00:00, run_after=2023-12-28T00:00:00+00:00
[2023-12-27 17:10:25,030] {processor.py:161} INFO - Processing /home/airflow/dags/Lead_scoring_data_pipeline/.ipynb_checkpoints/lead_scoring_data_pipeline-checkpoint.py took 0.378 seconds
[2023-12-27 17:11:29,641] {processor.py:153} INFO - Started process (PID=4119) to work on /home/airflow/dags/Lead_scoring_data_pipeline/.ipynb_checkpoints/lead_scoring_data_pipeline-checkpoint.py
[2023-12-27 17:11:29,641] {processor.py:641} INFO - Processing file /home/airflow/dags/Lead_scoring_data_pipeline/.ipynb_checkpoints/lead_scoring_data_pipeline-checkpoint.py for tasks to queue
[2023-12-27 17:11:29,642] {logging_mixin.py:115} INFO - [2023-12-27 17:11:29,642] {dagbag.py:508} INFO - Filling up the DagBag from /home/airflow/dags/Lead_scoring_data_pipeline/.ipynb_checkpoints/lead_scoring_data_pipeline-checkpoint.py
[2023-12-27 17:11:29,812] {logging_mixin.py:115} INFO - [2023-12-27 17:11:29,812] {utils.py:145} INFO - Note: NumExpr detected 64 cores but "NUMEXPR_MAX_THREADS" not set, so enforcing safe limit of 8.
[2023-12-27 17:11:29,812] {logging_mixin.py:115} INFO - [2023-12-27 17:11:29,812] {utils.py:157} INFO - NumExpr defaulting to 8 threads.
[2023-12-27 17:11:29,946] {processor.py:651} INFO - DAG(s) dict_keys(['Lead_Scoring_Data_Engineering_Pipeline']) retrieved from /home/airflow/dags/Lead_scoring_data_pipeline/.ipynb_checkpoints/lead_scoring_data_pipeline-checkpoint.py
[2023-12-27 17:11:30,006] {logging_mixin.py:115} INFO - [2023-12-27 17:11:30,006] {dag.py:2420} INFO - Sync 1 DAGs
[2023-12-27 17:11:30,030] {logging_mixin.py:115} INFO - [2023-12-27 17:11:30,029] {dag.py:2968} INFO - Setting next_dagrun for Lead_Scoring_Data_Engineering_Pipeline to 2023-12-27T00:00:00+00:00, run_after=2023-12-28T00:00:00+00:00
[2023-12-27 17:11:30,072] {processor.py:161} INFO - Processing /home/airflow/dags/Lead_scoring_data_pipeline/.ipynb_checkpoints/lead_scoring_data_pipeline-checkpoint.py took 0.435 seconds
[2023-12-27 17:15:09,791] {processor.py:153} INFO - Started process (PID=4384) to work on /home/airflow/dags/Lead_scoring_data_pipeline/.ipynb_checkpoints/lead_scoring_data_pipeline-checkpoint.py
[2023-12-27 17:15:09,792] {processor.py:641} INFO - Processing file /home/airflow/dags/Lead_scoring_data_pipeline/.ipynb_checkpoints/lead_scoring_data_pipeline-checkpoint.py for tasks to queue
[2023-12-27 17:15:09,792] {logging_mixin.py:115} INFO - [2023-12-27 17:15:09,792] {dagbag.py:508} INFO - Filling up the DagBag from /home/airflow/dags/Lead_scoring_data_pipeline/.ipynb_checkpoints/lead_scoring_data_pipeline-checkpoint.py
[2023-12-27 17:15:10,054] {logging_mixin.py:115} INFO - [2023-12-27 17:15:10,054] {utils.py:145} INFO - Note: NumExpr detected 64 cores but "NUMEXPR_MAX_THREADS" not set, so enforcing safe limit of 8.
[2023-12-27 17:15:10,054] {logging_mixin.py:115} INFO - [2023-12-27 17:15:10,054] {utils.py:157} INFO - NumExpr defaulting to 8 threads.
[2023-12-27 17:15:10,182] {processor.py:651} INFO - DAG(s) dict_keys(['Lead_Scoring_Data_Engineering_Pipeline']) retrieved from /home/airflow/dags/Lead_scoring_data_pipeline/.ipynb_checkpoints/lead_scoring_data_pipeline-checkpoint.py
[2023-12-27 17:15:10,198] {logging_mixin.py:115} INFO - [2023-12-27 17:15:10,198] {dag.py:2420} INFO - Sync 1 DAGs
[2023-12-27 17:15:10,224] {logging_mixin.py:115} INFO - [2023-12-27 17:15:10,224] {dag.py:2968} INFO - Setting next_dagrun for Lead_Scoring_Data_Engineering_Pipeline to 2023-12-27T00:00:00+00:00, run_after=2023-12-28T00:00:00+00:00
[2023-12-27 17:15:10,269] {processor.py:161} INFO - Processing /home/airflow/dags/Lead_scoring_data_pipeline/.ipynb_checkpoints/lead_scoring_data_pipeline-checkpoint.py took 0.481 seconds
[2023-12-27 17:16:42,860] {processor.py:153} INFO - Started process (PID=4615) to work on /home/airflow/dags/Lead_scoring_data_pipeline/.ipynb_checkpoints/lead_scoring_data_pipeline-checkpoint.py
[2023-12-27 17:16:42,861] {processor.py:641} INFO - Processing file /home/airflow/dags/Lead_scoring_data_pipeline/.ipynb_checkpoints/lead_scoring_data_pipeline-checkpoint.py for tasks to queue
[2023-12-27 17:16:42,861] {logging_mixin.py:115} INFO - [2023-12-27 17:16:42,861] {dagbag.py:508} INFO - Filling up the DagBag from /home/airflow/dags/Lead_scoring_data_pipeline/.ipynb_checkpoints/lead_scoring_data_pipeline-checkpoint.py
[2023-12-27 17:16:43,134] {logging_mixin.py:115} INFO - [2023-12-27 17:16:43,134] {utils.py:145} INFO - Note: NumExpr detected 64 cores but "NUMEXPR_MAX_THREADS" not set, so enforcing safe limit of 8.
[2023-12-27 17:16:43,134] {logging_mixin.py:115} INFO - [2023-12-27 17:16:43,134] {utils.py:157} INFO - NumExpr defaulting to 8 threads.
[2023-12-27 17:16:43,259] {processor.py:651} INFO - DAG(s) dict_keys(['Lead_Scoring_Data_Engineering_Pipeline']) retrieved from /home/airflow/dags/Lead_scoring_data_pipeline/.ipynb_checkpoints/lead_scoring_data_pipeline-checkpoint.py
[2023-12-27 17:16:43,315] {logging_mixin.py:115} INFO - [2023-12-27 17:16:43,314] {dag.py:2420} INFO - Sync 1 DAGs
[2023-12-27 17:16:43,339] {logging_mixin.py:115} INFO - [2023-12-27 17:16:43,339] {dag.py:2968} INFO - Setting next_dagrun for Lead_Scoring_Data_Engineering_Pipeline to 2023-12-27T00:00:00+00:00, run_after=2023-12-28T00:00:00+00:00
[2023-12-27 17:16:43,385] {processor.py:161} INFO - Processing /home/airflow/dags/Lead_scoring_data_pipeline/.ipynb_checkpoints/lead_scoring_data_pipeline-checkpoint.py took 0.528 seconds
[2023-12-27 17:17:43,528] {processor.py:153} INFO - Started process (PID=4722) to work on /home/airflow/dags/Lead_scoring_data_pipeline/.ipynb_checkpoints/lead_scoring_data_pipeline-checkpoint.py
[2023-12-27 17:17:43,529] {processor.py:641} INFO - Processing file /home/airflow/dags/Lead_scoring_data_pipeline/.ipynb_checkpoints/lead_scoring_data_pipeline-checkpoint.py for tasks to queue
[2023-12-27 17:17:43,529] {logging_mixin.py:115} INFO - [2023-12-27 17:17:43,529] {dagbag.py:508} INFO - Filling up the DagBag from /home/airflow/dags/Lead_scoring_data_pipeline/.ipynb_checkpoints/lead_scoring_data_pipeline-checkpoint.py
[2023-12-27 17:17:43,816] {logging_mixin.py:115} INFO - [2023-12-27 17:17:43,816] {utils.py:145} INFO - Note: NumExpr detected 64 cores but "NUMEXPR_MAX_THREADS" not set, so enforcing safe limit of 8.
[2023-12-27 17:17:43,817] {logging_mixin.py:115} INFO - [2023-12-27 17:17:43,817] {utils.py:157} INFO - NumExpr defaulting to 8 threads.
[2023-12-27 17:17:43,942] {processor.py:651} INFO - DAG(s) dict_keys(['Lead_Scoring_Data_Engineering_Pipeline']) retrieved from /home/airflow/dags/Lead_scoring_data_pipeline/.ipynb_checkpoints/lead_scoring_data_pipeline-checkpoint.py
[2023-12-27 17:17:43,959] {logging_mixin.py:115} INFO - [2023-12-27 17:17:43,958] {dag.py:2420} INFO - Sync 1 DAGs
[2023-12-27 17:17:43,984] {logging_mixin.py:115} INFO - [2023-12-27 17:17:43,984] {dag.py:2968} INFO - Setting next_dagrun for Lead_Scoring_Data_Engineering_Pipeline to 2023-12-27T00:00:00+00:00, run_after=2023-12-28T00:00:00+00:00
[2023-12-27 17:17:44,026] {processor.py:161} INFO - Processing /home/airflow/dags/Lead_scoring_data_pipeline/.ipynb_checkpoints/lead_scoring_data_pipeline-checkpoint.py took 0.502 seconds
[2023-12-27 17:19:19,083] {processor.py:153} INFO - Started process (PID=4966) to work on /home/airflow/dags/Lead_scoring_data_pipeline/.ipynb_checkpoints/lead_scoring_data_pipeline-checkpoint.py
[2023-12-27 17:19:19,084] {processor.py:641} INFO - Processing file /home/airflow/dags/Lead_scoring_data_pipeline/.ipynb_checkpoints/lead_scoring_data_pipeline-checkpoint.py for tasks to queue
[2023-12-27 17:19:19,084] {logging_mixin.py:115} INFO - [2023-12-27 17:19:19,084] {dagbag.py:508} INFO - Filling up the DagBag from /home/airflow/dags/Lead_scoring_data_pipeline/.ipynb_checkpoints/lead_scoring_data_pipeline-checkpoint.py
[2023-12-27 17:19:19,350] {logging_mixin.py:115} INFO - [2023-12-27 17:19:19,350] {utils.py:145} INFO - Note: NumExpr detected 64 cores but "NUMEXPR_MAX_THREADS" not set, so enforcing safe limit of 8.
[2023-12-27 17:19:19,350] {logging_mixin.py:115} INFO - [2023-12-27 17:19:19,350] {utils.py:157} INFO - NumExpr defaulting to 8 threads.
[2023-12-27 17:19:19,476] {processor.py:651} INFO - DAG(s) dict_keys(['Lead_Scoring_Data_Engineering_Pipeline']) retrieved from /home/airflow/dags/Lead_scoring_data_pipeline/.ipynb_checkpoints/lead_scoring_data_pipeline-checkpoint.py
[2023-12-27 17:19:19,533] {logging_mixin.py:115} INFO - [2023-12-27 17:19:19,533] {dag.py:2420} INFO - Sync 1 DAGs
[2023-12-27 17:19:19,557] {logging_mixin.py:115} INFO - [2023-12-27 17:19:19,557] {dag.py:2968} INFO - Setting next_dagrun for Lead_Scoring_Data_Engineering_Pipeline to 2023-12-27T00:00:00+00:00, run_after=2023-12-28T00:00:00+00:00
[2023-12-27 17:19:19,602] {processor.py:161} INFO - Processing /home/airflow/dags/Lead_scoring_data_pipeline/.ipynb_checkpoints/lead_scoring_data_pipeline-checkpoint.py took 0.521 seconds
[2023-12-27 17:20:29,997] {processor.py:153} INFO - Started process (PID=5093) to work on /home/airflow/dags/Lead_scoring_data_pipeline/.ipynb_checkpoints/lead_scoring_data_pipeline-checkpoint.py
[2023-12-27 17:20:29,997] {processor.py:641} INFO - Processing file /home/airflow/dags/Lead_scoring_data_pipeline/.ipynb_checkpoints/lead_scoring_data_pipeline-checkpoint.py for tasks to queue
[2023-12-27 17:20:29,998] {logging_mixin.py:115} INFO - [2023-12-27 17:20:29,997] {dagbag.py:508} INFO - Filling up the DagBag from /home/airflow/dags/Lead_scoring_data_pipeline/.ipynb_checkpoints/lead_scoring_data_pipeline-checkpoint.py
[2023-12-27 17:20:30,161] {logging_mixin.py:115} INFO - [2023-12-27 17:20:30,160] {utils.py:145} INFO - Note: NumExpr detected 64 cores but "NUMEXPR_MAX_THREADS" not set, so enforcing safe limit of 8.
[2023-12-27 17:20:30,161] {logging_mixin.py:115} INFO - [2023-12-27 17:20:30,161] {utils.py:157} INFO - NumExpr defaulting to 8 threads.
[2023-12-27 17:20:30,287] {processor.py:651} INFO - DAG(s) dict_keys(['Lead_Scoring_Data_Engineering_Pipeline']) retrieved from /home/airflow/dags/Lead_scoring_data_pipeline/.ipynb_checkpoints/lead_scoring_data_pipeline-checkpoint.py
[2023-12-27 17:20:30,304] {logging_mixin.py:115} INFO - [2023-12-27 17:20:30,303] {dag.py:2420} INFO - Sync 1 DAGs
[2023-12-27 17:20:30,331] {logging_mixin.py:115} INFO - [2023-12-27 17:20:30,331] {dag.py:2968} INFO - Setting next_dagrun for Lead_Scoring_Data_Engineering_Pipeline to 2023-12-27T00:00:00+00:00, run_after=2023-12-28T00:00:00+00:00
[2023-12-27 17:20:30,372] {processor.py:161} INFO - Processing /home/airflow/dags/Lead_scoring_data_pipeline/.ipynb_checkpoints/lead_scoring_data_pipeline-checkpoint.py took 0.378 seconds
[2023-12-27 17:21:37,320] {processor.py:153} INFO - Started process (PID=5231) to work on /home/airflow/dags/Lead_scoring_data_pipeline/.ipynb_checkpoints/lead_scoring_data_pipeline-checkpoint.py
[2023-12-27 17:21:37,320] {processor.py:641} INFO - Processing file /home/airflow/dags/Lead_scoring_data_pipeline/.ipynb_checkpoints/lead_scoring_data_pipeline-checkpoint.py for tasks to queue
[2023-12-27 17:21:37,320] {logging_mixin.py:115} INFO - [2023-12-27 17:21:37,320] {dagbag.py:508} INFO - Filling up the DagBag from /home/airflow/dags/Lead_scoring_data_pipeline/.ipynb_checkpoints/lead_scoring_data_pipeline-checkpoint.py
[2023-12-27 17:21:37,484] {logging_mixin.py:115} INFO - [2023-12-27 17:21:37,483] {utils.py:145} INFO - Note: NumExpr detected 64 cores but "NUMEXPR_MAX_THREADS" not set, so enforcing safe limit of 8.
[2023-12-27 17:21:37,484] {logging_mixin.py:115} INFO - [2023-12-27 17:21:37,484] {utils.py:157} INFO - NumExpr defaulting to 8 threads.
[2023-12-27 17:21:37,610] {processor.py:651} INFO - DAG(s) dict_keys(['Lead_Scoring_Data_Engineering_Pipeline']) retrieved from /home/airflow/dags/Lead_scoring_data_pipeline/.ipynb_checkpoints/lead_scoring_data_pipeline-checkpoint.py
[2023-12-27 17:21:37,674] {logging_mixin.py:115} INFO - [2023-12-27 17:21:37,673] {dag.py:2420} INFO - Sync 1 DAGs
[2023-12-27 17:21:37,698] {logging_mixin.py:115} INFO - [2023-12-27 17:21:37,698] {dag.py:2968} INFO - Setting next_dagrun for Lead_Scoring_Data_Engineering_Pipeline to 2023-12-27T00:00:00+00:00, run_after=2023-12-28T00:00:00+00:00
[2023-12-27 17:21:37,740] {processor.py:161} INFO - Processing /home/airflow/dags/Lead_scoring_data_pipeline/.ipynb_checkpoints/lead_scoring_data_pipeline-checkpoint.py took 0.424 seconds
