[2023-12-27 17:03:00,760] {taskinstance.py:1179} INFO - Dependencies all met for <TaskInstance: Lead_scoring_inference_pipeline.checking_input_features manual__2023-12-27T17:02:42.692715+00:00 [queued]>
[2023-12-27 17:03:00,778] {taskinstance.py:1179} INFO - Dependencies all met for <TaskInstance: Lead_scoring_inference_pipeline.checking_input_features manual__2023-12-27T17:02:42.692715+00:00 [queued]>
[2023-12-27 17:03:00,778] {taskinstance.py:1376} INFO - 
--------------------------------------------------------------------------------
[2023-12-27 17:03:00,778] {taskinstance.py:1377} INFO - Starting attempt 1 of 2
[2023-12-27 17:03:00,778] {taskinstance.py:1378} INFO - 
--------------------------------------------------------------------------------
[2023-12-27 17:03:00,808] {taskinstance.py:1397} INFO - Executing <Task(PythonOperator): checking_input_features> on 2023-12-27 17:02:42.692715+00:00
[2023-12-27 17:03:00,812] {standard_task_runner.py:52} INFO - Started process 3122 to run task
[2023-12-27 17:03:00,814] {standard_task_runner.py:79} INFO - Running: ['airflow', 'tasks', 'run', 'Lead_scoring_inference_pipeline', 'checking_input_features', 'manual__2023-12-27T17:02:42.692715+00:00', '--job-id', '29', '--raw', '--subdir', 'DAGS_FOLDER/Lead_scoring_inference_pipeline/.ipynb_checkpoints/lead_scoring_inference_pipeline-checkpoint.py', '--cfg-path', '/tmp/tmp992yhaax', '--error-file', '/tmp/tmpszo71q7o']
[2023-12-27 17:03:00,815] {standard_task_runner.py:80} INFO - Job 29: Subtask checking_input_features
[2023-12-27 17:03:00,909] {task_command.py:371} INFO - Running <TaskInstance: Lead_scoring_inference_pipeline.checking_input_features manual__2023-12-27T17:02:42.692715+00:00 [running]> on host 94ab74f1de1f
[2023-12-27 17:03:01,118] {taskinstance.py:1589} INFO - Exporting the following env vars:
AIRFLOW_CTX_DAG_OWNER=airflow
AIRFLOW_CTX_DAG_ID=Lead_scoring_inference_pipeline
AIRFLOW_CTX_TASK_ID=checking_input_features
AIRFLOW_CTX_EXECUTION_DATE=2023-12-27T17:02:42.692715+00:00
AIRFLOW_CTX_TRY_NUMBER=1
AIRFLOW_CTX_DAG_RUN_ID=manual__2023-12-27T17:02:42.692715+00:00
[2023-12-27 17:03:02,143] {utils.py:214} INFO - All the models input are present
[2023-12-27 17:03:02,147] {python.py:173} INFO - Done. Returned value was: None
[2023-12-27 17:03:02,163] {taskinstance.py:1415} INFO - Marking task as SUCCESS. dag_id=Lead_scoring_inference_pipeline, task_id=checking_input_features, execution_date=20231227T170242, start_date=20231227T170300, end_date=20231227T170302
[2023-12-27 17:03:02,231] {local_task_job.py:156} INFO - Task exited with return code 0
[2023-12-27 17:03:02,328] {local_task_job.py:273} INFO - 1 downstream tasks scheduled from follow-on schedule check
