[2023-12-27 07:12:14,910] {processor.py:153} INFO - Started process (PID=1221) to work on /home/airflow/dags/Lead_scoring_data_pipeline/constants.py
[2023-12-27 07:12:14,911] {processor.py:641} INFO - Processing file /home/airflow/dags/Lead_scoring_data_pipeline/constants.py for tasks to queue
[2023-12-27 07:12:14,911] {logging_mixin.py:115} INFO - [2023-12-27 07:12:14,911] {dagbag.py:508} INFO - Filling up the DagBag from /home/airflow/dags/Lead_scoring_data_pipeline/constants.py
[2023-12-27 07:12:14,912] {processor.py:653} WARNING - No viable dags retrieved from /home/airflow/dags/Lead_scoring_data_pipeline/constants.py
[2023-12-27 07:12:15,062] {processor.py:161} INFO - Processing /home/airflow/dags/Lead_scoring_data_pipeline/constants.py took 0.155 seconds
[2023-12-27 07:12:45,995] {processor.py:153} INFO - Started process (PID=1360) to work on /home/airflow/dags/Lead_scoring_data_pipeline/constants.py
[2023-12-27 07:12:45,996] {processor.py:641} INFO - Processing file /home/airflow/dags/Lead_scoring_data_pipeline/constants.py for tasks to queue
[2023-12-27 07:12:45,996] {logging_mixin.py:115} INFO - [2023-12-27 07:12:45,996] {dagbag.py:508} INFO - Filling up the DagBag from /home/airflow/dags/Lead_scoring_data_pipeline/constants.py
[2023-12-27 07:12:45,998] {processor.py:653} WARNING - No viable dags retrieved from /home/airflow/dags/Lead_scoring_data_pipeline/constants.py
[2023-12-27 07:12:46,127] {processor.py:161} INFO - Processing /home/airflow/dags/Lead_scoring_data_pipeline/constants.py took 0.135 seconds
[2023-12-27 15:35:43,188] {processor.py:153} INFO - Started process (PID=1070) to work on /home/airflow/dags/Lead_scoring_data_pipeline/constants.py
[2023-12-27 15:35:43,188] {processor.py:641} INFO - Processing file /home/airflow/dags/Lead_scoring_data_pipeline/constants.py for tasks to queue
[2023-12-27 15:35:43,189] {logging_mixin.py:115} INFO - [2023-12-27 15:35:43,189] {dagbag.py:508} INFO - Filling up the DagBag from /home/airflow/dags/Lead_scoring_data_pipeline/constants.py
[2023-12-27 15:35:43,190] {processor.py:653} WARNING - No viable dags retrieved from /home/airflow/dags/Lead_scoring_data_pipeline/constants.py
[2023-12-27 15:35:43,328] {processor.py:161} INFO - Processing /home/airflow/dags/Lead_scoring_data_pipeline/constants.py took 0.144 seconds
[2023-12-27 15:36:38,512] {processor.py:153} INFO - Started process (PID=1144) to work on /home/airflow/dags/Lead_scoring_data_pipeline/constants.py
[2023-12-27 15:36:38,513] {processor.py:641} INFO - Processing file /home/airflow/dags/Lead_scoring_data_pipeline/constants.py for tasks to queue
[2023-12-27 15:36:38,513] {logging_mixin.py:115} INFO - [2023-12-27 15:36:38,513] {dagbag.py:508} INFO - Filling up the DagBag from /home/airflow/dags/Lead_scoring_data_pipeline/constants.py
[2023-12-27 15:36:38,515] {processor.py:653} WARNING - No viable dags retrieved from /home/airflow/dags/Lead_scoring_data_pipeline/constants.py
[2023-12-27 15:36:38,651] {processor.py:161} INFO - Processing /home/airflow/dags/Lead_scoring_data_pipeline/constants.py took 0.143 seconds
[2023-12-27 15:37:33,793] {processor.py:153} INFO - Started process (PID=1276) to work on /home/airflow/dags/Lead_scoring_data_pipeline/constants.py
[2023-12-27 15:37:33,794] {processor.py:641} INFO - Processing file /home/airflow/dags/Lead_scoring_data_pipeline/constants.py for tasks to queue
[2023-12-27 15:37:33,794] {logging_mixin.py:115} INFO - [2023-12-27 15:37:33,794] {dagbag.py:508} INFO - Filling up the DagBag from /home/airflow/dags/Lead_scoring_data_pipeline/constants.py
[2023-12-27 15:37:33,796] {processor.py:653} WARNING - No viable dags retrieved from /home/airflow/dags/Lead_scoring_data_pipeline/constants.py
[2023-12-27 15:37:33,947] {processor.py:161} INFO - Processing /home/airflow/dags/Lead_scoring_data_pipeline/constants.py took 0.157 seconds
[2023-12-27 15:38:29,460] {processor.py:153} INFO - Started process (PID=1350) to work on /home/airflow/dags/Lead_scoring_data_pipeline/constants.py
[2023-12-27 15:38:29,461] {processor.py:641} INFO - Processing file /home/airflow/dags/Lead_scoring_data_pipeline/constants.py for tasks to queue
[2023-12-27 15:38:29,461] {logging_mixin.py:115} INFO - [2023-12-27 15:38:29,461] {dagbag.py:508} INFO - Filling up the DagBag from /home/airflow/dags/Lead_scoring_data_pipeline/constants.py
[2023-12-27 15:38:29,463] {processor.py:653} WARNING - No viable dags retrieved from /home/airflow/dags/Lead_scoring_data_pipeline/constants.py
[2023-12-27 15:38:29,611] {processor.py:161} INFO - Processing /home/airflow/dags/Lead_scoring_data_pipeline/constants.py took 0.154 seconds
[2023-12-27 15:39:25,636] {processor.py:153} INFO - Started process (PID=1429) to work on /home/airflow/dags/Lead_scoring_data_pipeline/constants.py
[2023-12-27 15:39:25,636] {processor.py:641} INFO - Processing file /home/airflow/dags/Lead_scoring_data_pipeline/constants.py for tasks to queue
[2023-12-27 15:39:25,637] {logging_mixin.py:115} INFO - [2023-12-27 15:39:25,637] {dagbag.py:508} INFO - Filling up the DagBag from /home/airflow/dags/Lead_scoring_data_pipeline/constants.py
[2023-12-27 15:39:25,638] {processor.py:653} WARNING - No viable dags retrieved from /home/airflow/dags/Lead_scoring_data_pipeline/constants.py
[2023-12-27 15:39:25,779] {processor.py:161} INFO - Processing /home/airflow/dags/Lead_scoring_data_pipeline/constants.py took 0.146 seconds
[2023-12-27 15:40:22,427] {processor.py:153} INFO - Started process (PID=1582) to work on /home/airflow/dags/Lead_scoring_data_pipeline/constants.py
[2023-12-27 15:40:22,427] {processor.py:641} INFO - Processing file /home/airflow/dags/Lead_scoring_data_pipeline/constants.py for tasks to queue
[2023-12-27 15:40:22,428] {logging_mixin.py:115} INFO - [2023-12-27 15:40:22,428] {dagbag.py:508} INFO - Filling up the DagBag from /home/airflow/dags/Lead_scoring_data_pipeline/constants.py
[2023-12-27 15:40:22,429] {processor.py:653} WARNING - No viable dags retrieved from /home/airflow/dags/Lead_scoring_data_pipeline/constants.py
[2023-12-27 15:40:22,567] {processor.py:161} INFO - Processing /home/airflow/dags/Lead_scoring_data_pipeline/constants.py took 0.144 seconds
[2023-12-27 15:41:12,040] {processor.py:153} INFO - Started process (PID=1696) to work on /home/airflow/dags/Lead_scoring_data_pipeline/constants.py
[2023-12-27 15:41:12,040] {processor.py:641} INFO - Processing file /home/airflow/dags/Lead_scoring_data_pipeline/constants.py for tasks to queue
[2023-12-27 15:41:12,041] {logging_mixin.py:115} INFO - [2023-12-27 15:41:12,041] {dagbag.py:508} INFO - Filling up the DagBag from /home/airflow/dags/Lead_scoring_data_pipeline/constants.py
[2023-12-27 15:41:12,042] {processor.py:653} WARNING - No viable dags retrieved from /home/airflow/dags/Lead_scoring_data_pipeline/constants.py
[2023-12-27 15:41:12,071] {processor.py:161} INFO - Processing /home/airflow/dags/Lead_scoring_data_pipeline/constants.py took 0.034 seconds
[2023-12-27 15:42:00,896] {processor.py:153} INFO - Started process (PID=1766) to work on /home/airflow/dags/Lead_scoring_data_pipeline/constants.py
[2023-12-27 15:42:00,897] {processor.py:641} INFO - Processing file /home/airflow/dags/Lead_scoring_data_pipeline/constants.py for tasks to queue
[2023-12-27 15:42:00,897] {logging_mixin.py:115} INFO - [2023-12-27 15:42:00,897] {dagbag.py:508} INFO - Filling up the DagBag from /home/airflow/dags/Lead_scoring_data_pipeline/constants.py
[2023-12-27 15:42:00,899] {processor.py:653} WARNING - No viable dags retrieved from /home/airflow/dags/Lead_scoring_data_pipeline/constants.py
[2023-12-27 15:42:00,928] {processor.py:161} INFO - Processing /home/airflow/dags/Lead_scoring_data_pipeline/constants.py took 0.035 seconds
[2023-12-27 15:42:46,703] {processor.py:153} INFO - Started process (PID=1835) to work on /home/airflow/dags/Lead_scoring_data_pipeline/constants.py
[2023-12-27 15:42:46,704] {processor.py:641} INFO - Processing file /home/airflow/dags/Lead_scoring_data_pipeline/constants.py for tasks to queue
[2023-12-27 15:42:46,704] {logging_mixin.py:115} INFO - [2023-12-27 15:42:46,704] {dagbag.py:508} INFO - Filling up the DagBag from /home/airflow/dags/Lead_scoring_data_pipeline/constants.py
[2023-12-27 15:42:46,706] {processor.py:653} WARNING - No viable dags retrieved from /home/airflow/dags/Lead_scoring_data_pipeline/constants.py
[2023-12-27 15:42:46,732] {processor.py:161} INFO - Processing /home/airflow/dags/Lead_scoring_data_pipeline/constants.py took 0.032 seconds
[2023-12-27 15:43:35,216] {processor.py:153} INFO - Started process (PID=1904) to work on /home/airflow/dags/Lead_scoring_data_pipeline/constants.py
[2023-12-27 15:43:35,216] {processor.py:641} INFO - Processing file /home/airflow/dags/Lead_scoring_data_pipeline/constants.py for tasks to queue
[2023-12-27 15:43:35,217] {logging_mixin.py:115} INFO - [2023-12-27 15:43:35,217] {dagbag.py:508} INFO - Filling up the DagBag from /home/airflow/dags/Lead_scoring_data_pipeline/constants.py
[2023-12-27 15:43:35,218] {processor.py:653} WARNING - No viable dags retrieved from /home/airflow/dags/Lead_scoring_data_pipeline/constants.py
[2023-12-27 15:43:35,246] {processor.py:161} INFO - Processing /home/airflow/dags/Lead_scoring_data_pipeline/constants.py took 0.033 seconds
[2023-12-27 15:44:24,828] {processor.py:153} INFO - Started process (PID=1974) to work on /home/airflow/dags/Lead_scoring_data_pipeline/constants.py
[2023-12-27 15:44:24,829] {processor.py:641} INFO - Processing file /home/airflow/dags/Lead_scoring_data_pipeline/constants.py for tasks to queue
[2023-12-27 15:44:24,829] {logging_mixin.py:115} INFO - [2023-12-27 15:44:24,829] {dagbag.py:508} INFO - Filling up the DagBag from /home/airflow/dags/Lead_scoring_data_pipeline/constants.py
[2023-12-27 15:44:24,831] {processor.py:653} WARNING - No viable dags retrieved from /home/airflow/dags/Lead_scoring_data_pipeline/constants.py
[2023-12-27 15:44:24,859] {processor.py:161} INFO - Processing /home/airflow/dags/Lead_scoring_data_pipeline/constants.py took 0.034 seconds
[2023-12-27 15:45:13,769] {processor.py:153} INFO - Started process (PID=2044) to work on /home/airflow/dags/Lead_scoring_data_pipeline/constants.py
[2023-12-27 15:45:13,770] {processor.py:641} INFO - Processing file /home/airflow/dags/Lead_scoring_data_pipeline/constants.py for tasks to queue
[2023-12-27 15:45:13,770] {logging_mixin.py:115} INFO - [2023-12-27 15:45:13,770] {dagbag.py:508} INFO - Filling up the DagBag from /home/airflow/dags/Lead_scoring_data_pipeline/constants.py
[2023-12-27 15:45:13,772] {processor.py:653} WARNING - No viable dags retrieved from /home/airflow/dags/Lead_scoring_data_pipeline/constants.py
[2023-12-27 15:45:13,799] {processor.py:161} INFO - Processing /home/airflow/dags/Lead_scoring_data_pipeline/constants.py took 0.033 seconds
[2023-12-27 15:46:00,932] {processor.py:153} INFO - Started process (PID=2114) to work on /home/airflow/dags/Lead_scoring_data_pipeline/constants.py
[2023-12-27 15:46:00,933] {processor.py:641} INFO - Processing file /home/airflow/dags/Lead_scoring_data_pipeline/constants.py for tasks to queue
[2023-12-27 15:46:00,933] {logging_mixin.py:115} INFO - [2023-12-27 15:46:00,933] {dagbag.py:508} INFO - Filling up the DagBag from /home/airflow/dags/Lead_scoring_data_pipeline/constants.py
[2023-12-27 15:46:00,935] {processor.py:653} WARNING - No viable dags retrieved from /home/airflow/dags/Lead_scoring_data_pipeline/constants.py
[2023-12-27 15:46:00,965] {processor.py:161} INFO - Processing /home/airflow/dags/Lead_scoring_data_pipeline/constants.py took 0.036 seconds
[2023-12-27 15:46:47,027] {processor.py:153} INFO - Started process (PID=2182) to work on /home/airflow/dags/Lead_scoring_data_pipeline/constants.py
[2023-12-27 15:46:47,027] {processor.py:641} INFO - Processing file /home/airflow/dags/Lead_scoring_data_pipeline/constants.py for tasks to queue
[2023-12-27 15:46:47,028] {logging_mixin.py:115} INFO - [2023-12-27 15:46:47,028] {dagbag.py:508} INFO - Filling up the DagBag from /home/airflow/dags/Lead_scoring_data_pipeline/constants.py
[2023-12-27 15:46:47,029] {processor.py:653} WARNING - No viable dags retrieved from /home/airflow/dags/Lead_scoring_data_pipeline/constants.py
[2023-12-27 15:46:47,058] {processor.py:161} INFO - Processing /home/airflow/dags/Lead_scoring_data_pipeline/constants.py took 0.035 seconds
[2023-12-27 15:47:34,480] {processor.py:153} INFO - Started process (PID=2251) to work on /home/airflow/dags/Lead_scoring_data_pipeline/constants.py
[2023-12-27 15:47:34,481] {processor.py:641} INFO - Processing file /home/airflow/dags/Lead_scoring_data_pipeline/constants.py for tasks to queue
[2023-12-27 15:47:34,481] {logging_mixin.py:115} INFO - [2023-12-27 15:47:34,481] {dagbag.py:508} INFO - Filling up the DagBag from /home/airflow/dags/Lead_scoring_data_pipeline/constants.py
[2023-12-27 15:47:34,483] {processor.py:653} WARNING - No viable dags retrieved from /home/airflow/dags/Lead_scoring_data_pipeline/constants.py
[2023-12-27 15:47:34,513] {processor.py:161} INFO - Processing /home/airflow/dags/Lead_scoring_data_pipeline/constants.py took 0.036 seconds
[2023-12-27 15:48:21,355] {processor.py:153} INFO - Started process (PID=2320) to work on /home/airflow/dags/Lead_scoring_data_pipeline/constants.py
[2023-12-27 15:48:21,356] {processor.py:641} INFO - Processing file /home/airflow/dags/Lead_scoring_data_pipeline/constants.py for tasks to queue
[2023-12-27 15:48:21,356] {logging_mixin.py:115} INFO - [2023-12-27 15:48:21,356] {dagbag.py:508} INFO - Filling up the DagBag from /home/airflow/dags/Lead_scoring_data_pipeline/constants.py
[2023-12-27 15:48:21,358] {processor.py:653} WARNING - No viable dags retrieved from /home/airflow/dags/Lead_scoring_data_pipeline/constants.py
[2023-12-27 15:48:21,387] {processor.py:161} INFO - Processing /home/airflow/dags/Lead_scoring_data_pipeline/constants.py took 0.035 seconds
[2023-12-27 17:01:23,939] {processor.py:153} INFO - Started process (PID=2932) to work on /home/airflow/dags/Lead_scoring_data_pipeline/constants.py
[2023-12-27 17:01:23,940] {processor.py:641} INFO - Processing file /home/airflow/dags/Lead_scoring_data_pipeline/constants.py for tasks to queue
[2023-12-27 17:01:23,940] {logging_mixin.py:115} INFO - [2023-12-27 17:01:23,940] {dagbag.py:508} INFO - Filling up the DagBag from /home/airflow/dags/Lead_scoring_data_pipeline/constants.py
[2023-12-27 17:01:23,942] {processor.py:653} WARNING - No viable dags retrieved from /home/airflow/dags/Lead_scoring_data_pipeline/constants.py
[2023-12-27 17:01:24,073] {processor.py:161} INFO - Processing /home/airflow/dags/Lead_scoring_data_pipeline/constants.py took 0.137 seconds
[2023-12-27 17:02:30,584] {processor.py:153} INFO - Started process (PID=3044) to work on /home/airflow/dags/Lead_scoring_data_pipeline/constants.py
[2023-12-27 17:02:30,584] {processor.py:641} INFO - Processing file /home/airflow/dags/Lead_scoring_data_pipeline/constants.py for tasks to queue
[2023-12-27 17:02:30,585] {logging_mixin.py:115} INFO - [2023-12-27 17:02:30,585] {dagbag.py:508} INFO - Filling up the DagBag from /home/airflow/dags/Lead_scoring_data_pipeline/constants.py
[2023-12-27 17:02:30,586] {processor.py:653} WARNING - No viable dags retrieved from /home/airflow/dags/Lead_scoring_data_pipeline/constants.py
[2023-12-27 17:02:30,719] {processor.py:161} INFO - Processing /home/airflow/dags/Lead_scoring_data_pipeline/constants.py took 0.138 seconds
[2023-12-27 17:03:46,419] {processor.py:153} INFO - Started process (PID=3280) to work on /home/airflow/dags/Lead_scoring_data_pipeline/constants.py
[2023-12-27 17:03:46,420] {processor.py:641} INFO - Processing file /home/airflow/dags/Lead_scoring_data_pipeline/constants.py for tasks to queue
[2023-12-27 17:03:46,420] {logging_mixin.py:115} INFO - [2023-12-27 17:03:46,420] {dagbag.py:508} INFO - Filling up the DagBag from /home/airflow/dags/Lead_scoring_data_pipeline/constants.py
[2023-12-27 17:03:46,422] {processor.py:653} WARNING - No viable dags retrieved from /home/airflow/dags/Lead_scoring_data_pipeline/constants.py
[2023-12-27 17:03:46,556] {processor.py:161} INFO - Processing /home/airflow/dags/Lead_scoring_data_pipeline/constants.py took 0.139 seconds
[2023-12-27 17:04:51,964] {processor.py:153} INFO - Started process (PID=3390) to work on /home/airflow/dags/Lead_scoring_data_pipeline/constants.py
[2023-12-27 17:04:51,965] {processor.py:641} INFO - Processing file /home/airflow/dags/Lead_scoring_data_pipeline/constants.py for tasks to queue
[2023-12-27 17:04:51,965] {logging_mixin.py:115} INFO - [2023-12-27 17:04:51,965] {dagbag.py:508} INFO - Filling up the DagBag from /home/airflow/dags/Lead_scoring_data_pipeline/constants.py
[2023-12-27 17:04:51,967] {processor.py:653} WARNING - No viable dags retrieved from /home/airflow/dags/Lead_scoring_data_pipeline/constants.py
[2023-12-27 17:04:52,102] {processor.py:161} INFO - Processing /home/airflow/dags/Lead_scoring_data_pipeline/constants.py took 0.141 seconds
[2023-12-27 17:06:07,580] {processor.py:153} INFO - Started process (PID=3531) to work on /home/airflow/dags/Lead_scoring_data_pipeline/constants.py
[2023-12-27 17:06:07,580] {processor.py:641} INFO - Processing file /home/airflow/dags/Lead_scoring_data_pipeline/constants.py for tasks to queue
[2023-12-27 17:06:07,581] {logging_mixin.py:115} INFO - [2023-12-27 17:06:07,581] {dagbag.py:508} INFO - Filling up the DagBag from /home/airflow/dags/Lead_scoring_data_pipeline/constants.py
[2023-12-27 17:06:07,582] {processor.py:653} WARNING - No viable dags retrieved from /home/airflow/dags/Lead_scoring_data_pipeline/constants.py
[2023-12-27 17:06:07,608] {processor.py:161} INFO - Processing /home/airflow/dags/Lead_scoring_data_pipeline/constants.py took 0.032 seconds
[2023-12-27 17:07:12,044] {processor.py:153} INFO - Started process (PID=3647) to work on /home/airflow/dags/Lead_scoring_data_pipeline/constants.py
[2023-12-27 17:07:12,045] {processor.py:641} INFO - Processing file /home/airflow/dags/Lead_scoring_data_pipeline/constants.py for tasks to queue
[2023-12-27 17:07:12,045] {logging_mixin.py:115} INFO - [2023-12-27 17:07:12,045] {dagbag.py:508} INFO - Filling up the DagBag from /home/airflow/dags/Lead_scoring_data_pipeline/constants.py
[2023-12-27 17:07:12,047] {processor.py:653} WARNING - No viable dags retrieved from /home/airflow/dags/Lead_scoring_data_pipeline/constants.py
[2023-12-27 17:07:12,076] {processor.py:161} INFO - Processing /home/airflow/dags/Lead_scoring_data_pipeline/constants.py took 0.034 seconds
[2023-12-27 17:08:15,034] {processor.py:153} INFO - Started process (PID=3773) to work on /home/airflow/dags/Lead_scoring_data_pipeline/constants.py
[2023-12-27 17:08:15,035] {processor.py:641} INFO - Processing file /home/airflow/dags/Lead_scoring_data_pipeline/constants.py for tasks to queue
[2023-12-27 17:08:15,035] {logging_mixin.py:115} INFO - [2023-12-27 17:08:15,035] {dagbag.py:508} INFO - Filling up the DagBag from /home/airflow/dags/Lead_scoring_data_pipeline/constants.py
[2023-12-27 17:08:15,037] {processor.py:653} WARNING - No viable dags retrieved from /home/airflow/dags/Lead_scoring_data_pipeline/constants.py
[2023-12-27 17:08:15,063] {processor.py:161} INFO - Processing /home/airflow/dags/Lead_scoring_data_pipeline/constants.py took 0.032 seconds
[2023-12-27 17:09:24,119] {processor.py:153} INFO - Started process (PID=3900) to work on /home/airflow/dags/Lead_scoring_data_pipeline/constants.py
[2023-12-27 17:09:24,120] {processor.py:641} INFO - Processing file /home/airflow/dags/Lead_scoring_data_pipeline/constants.py for tasks to queue
[2023-12-27 17:09:24,120] {logging_mixin.py:115} INFO - [2023-12-27 17:09:24,120] {dagbag.py:508} INFO - Filling up the DagBag from /home/airflow/dags/Lead_scoring_data_pipeline/constants.py
[2023-12-27 17:09:24,122] {processor.py:653} WARNING - No viable dags retrieved from /home/airflow/dags/Lead_scoring_data_pipeline/constants.py
[2023-12-27 17:09:24,149] {processor.py:161} INFO - Processing /home/airflow/dags/Lead_scoring_data_pipeline/constants.py took 0.033 seconds
[2023-12-27 17:10:25,445] {processor.py:153} INFO - Started process (PID=4013) to work on /home/airflow/dags/Lead_scoring_data_pipeline/constants.py
[2023-12-27 17:10:25,446] {processor.py:641} INFO - Processing file /home/airflow/dags/Lead_scoring_data_pipeline/constants.py for tasks to queue
[2023-12-27 17:10:25,446] {logging_mixin.py:115} INFO - [2023-12-27 17:10:25,446] {dagbag.py:508} INFO - Filling up the DagBag from /home/airflow/dags/Lead_scoring_data_pipeline/constants.py
[2023-12-27 17:10:25,448] {processor.py:653} WARNING - No viable dags retrieved from /home/airflow/dags/Lead_scoring_data_pipeline/constants.py
[2023-12-27 17:10:25,477] {processor.py:161} INFO - Processing /home/airflow/dags/Lead_scoring_data_pipeline/constants.py took 0.035 seconds
[2023-12-27 17:11:10,129] {processor.py:153} INFO - Started process (PID=4060) to work on /home/airflow/dags/Lead_scoring_data_pipeline/constants.py
[2023-12-27 17:11:10,129] {processor.py:641} INFO - Processing file /home/airflow/dags/Lead_scoring_data_pipeline/constants.py for tasks to queue
[2023-12-27 17:11:10,130] {logging_mixin.py:115} INFO - [2023-12-27 17:11:10,130] {dagbag.py:508} INFO - Filling up the DagBag from /home/airflow/dags/Lead_scoring_data_pipeline/constants.py
[2023-12-27 17:11:10,139] {processor.py:653} WARNING - No viable dags retrieved from /home/airflow/dags/Lead_scoring_data_pipeline/constants.py
[2023-12-27 17:11:10,167] {processor.py:161} INFO - Processing /home/airflow/dags/Lead_scoring_data_pipeline/constants.py took 0.043 seconds
[2023-12-27 17:11:44,840] {processor.py:153} INFO - Started process (PID=4139) to work on /home/airflow/dags/Lead_scoring_data_pipeline/constants.py
[2023-12-27 17:11:44,841] {processor.py:641} INFO - Processing file /home/airflow/dags/Lead_scoring_data_pipeline/constants.py for tasks to queue
[2023-12-27 17:11:44,841] {logging_mixin.py:115} INFO - [2023-12-27 17:11:44,841] {dagbag.py:508} INFO - Filling up the DagBag from /home/airflow/dags/Lead_scoring_data_pipeline/constants.py
[2023-12-27 17:11:44,847] {processor.py:653} WARNING - No viable dags retrieved from /home/airflow/dags/Lead_scoring_data_pipeline/constants.py
[2023-12-27 17:11:44,878] {processor.py:161} INFO - Processing /home/airflow/dags/Lead_scoring_data_pipeline/constants.py took 0.042 seconds
[2023-12-27 17:12:17,635] {processor.py:153} INFO - Started process (PID=4184) to work on /home/airflow/dags/Lead_scoring_data_pipeline/constants.py
[2023-12-27 17:12:17,636] {processor.py:641} INFO - Processing file /home/airflow/dags/Lead_scoring_data_pipeline/constants.py for tasks to queue
[2023-12-27 17:12:17,636] {logging_mixin.py:115} INFO - [2023-12-27 17:12:17,636] {dagbag.py:508} INFO - Filling up the DagBag from /home/airflow/dags/Lead_scoring_data_pipeline/constants.py
[2023-12-27 17:12:17,639] {processor.py:653} WARNING - No viable dags retrieved from /home/airflow/dags/Lead_scoring_data_pipeline/constants.py
[2023-12-27 17:12:17,666] {processor.py:161} INFO - Processing /home/airflow/dags/Lead_scoring_data_pipeline/constants.py took 0.034 seconds
[2023-12-27 17:14:46,633] {processor.py:153} INFO - Started process (PID=4315) to work on /home/airflow/dags/Lead_scoring_data_pipeline/constants.py
[2023-12-27 17:14:46,633] {processor.py:641} INFO - Processing file /home/airflow/dags/Lead_scoring_data_pipeline/constants.py for tasks to queue
[2023-12-27 17:14:46,633] {logging_mixin.py:115} INFO - [2023-12-27 17:14:46,633] {dagbag.py:508} INFO - Filling up the DagBag from /home/airflow/dags/Lead_scoring_data_pipeline/constants.py
[2023-12-27 17:14:46,641] {processor.py:653} WARNING - No viable dags retrieved from /home/airflow/dags/Lead_scoring_data_pipeline/constants.py
[2023-12-27 17:14:46,665] {processor.py:161} INFO - Processing /home/airflow/dags/Lead_scoring_data_pipeline/constants.py took 0.035 seconds
[2023-12-27 17:16:20,667] {processor.py:153} INFO - Started process (PID=4546) to work on /home/airflow/dags/Lead_scoring_data_pipeline/constants.py
[2023-12-27 17:16:20,667] {processor.py:641} INFO - Processing file /home/airflow/dags/Lead_scoring_data_pipeline/constants.py for tasks to queue
[2023-12-27 17:16:20,668] {logging_mixin.py:115} INFO - [2023-12-27 17:16:20,668] {dagbag.py:508} INFO - Filling up the DagBag from /home/airflow/dags/Lead_scoring_data_pipeline/constants.py
[2023-12-27 17:16:20,669] {processor.py:653} WARNING - No viable dags retrieved from /home/airflow/dags/Lead_scoring_data_pipeline/constants.py
[2023-12-27 17:16:20,795] {processor.py:161} INFO - Processing /home/airflow/dags/Lead_scoring_data_pipeline/constants.py took 0.131 seconds
[2023-12-27 17:17:21,596] {processor.py:153} INFO - Started process (PID=4653) to work on /home/airflow/dags/Lead_scoring_data_pipeline/constants.py
[2023-12-27 17:17:21,596] {processor.py:641} INFO - Processing file /home/airflow/dags/Lead_scoring_data_pipeline/constants.py for tasks to queue
[2023-12-27 17:17:21,597] {logging_mixin.py:115} INFO - [2023-12-27 17:17:21,597] {dagbag.py:508} INFO - Filling up the DagBag from /home/airflow/dags/Lead_scoring_data_pipeline/constants.py
[2023-12-27 17:17:21,599] {processor.py:653} WARNING - No viable dags retrieved from /home/airflow/dags/Lead_scoring_data_pipeline/constants.py
[2023-12-27 17:17:21,733] {processor.py:161} INFO - Processing /home/airflow/dags/Lead_scoring_data_pipeline/constants.py took 0.140 seconds
[2023-12-27 17:18:10,403] {processor.py:153} INFO - Started process (PID=4816) to work on /home/airflow/dags/Lead_scoring_data_pipeline/constants.py
[2023-12-27 17:18:10,403] {processor.py:641} INFO - Processing file /home/airflow/dags/Lead_scoring_data_pipeline/constants.py for tasks to queue
[2023-12-27 17:18:10,404] {logging_mixin.py:115} INFO - [2023-12-27 17:18:10,404] {dagbag.py:508} INFO - Filling up the DagBag from /home/airflow/dags/Lead_scoring_data_pipeline/constants.py
[2023-12-27 17:18:10,405] {processor.py:653} WARNING - No viable dags retrieved from /home/airflow/dags/Lead_scoring_data_pipeline/constants.py
[2023-12-27 17:18:10,539] {processor.py:161} INFO - Processing /home/airflow/dags/Lead_scoring_data_pipeline/constants.py took 0.140 seconds
[2023-12-27 17:18:57,862] {processor.py:153} INFO - Started process (PID=4898) to work on /home/airflow/dags/Lead_scoring_data_pipeline/constants.py
[2023-12-27 17:18:57,862] {processor.py:641} INFO - Processing file /home/airflow/dags/Lead_scoring_data_pipeline/constants.py for tasks to queue
[2023-12-27 17:18:57,862] {logging_mixin.py:115} INFO - [2023-12-27 17:18:57,862] {dagbag.py:508} INFO - Filling up the DagBag from /home/airflow/dags/Lead_scoring_data_pipeline/constants.py
[2023-12-27 17:18:57,864] {processor.py:653} WARNING - No viable dags retrieved from /home/airflow/dags/Lead_scoring_data_pipeline/constants.py
[2023-12-27 17:18:57,995] {processor.py:161} INFO - Processing /home/airflow/dags/Lead_scoring_data_pipeline/constants.py took 0.136 seconds
[2023-12-27 17:19:33,791] {processor.py:153} INFO - Started process (PID=4986) to work on /home/airflow/dags/Lead_scoring_data_pipeline/constants.py
[2023-12-27 17:19:33,791] {processor.py:641} INFO - Processing file /home/airflow/dags/Lead_scoring_data_pipeline/constants.py for tasks to queue
[2023-12-27 17:19:33,792] {logging_mixin.py:115} INFO - [2023-12-27 17:19:33,792] {dagbag.py:508} INFO - Filling up the DagBag from /home/airflow/dags/Lead_scoring_data_pipeline/constants.py
[2023-12-27 17:19:33,794] {processor.py:653} WARNING - No viable dags retrieved from /home/airflow/dags/Lead_scoring_data_pipeline/constants.py
[2023-12-27 17:19:33,932] {processor.py:161} INFO - Processing /home/airflow/dags/Lead_scoring_data_pipeline/constants.py took 0.144 seconds
[2023-12-27 17:20:10,368] {processor.py:153} INFO - Started process (PID=5025) to work on /home/airflow/dags/Lead_scoring_data_pipeline/constants.py
[2023-12-27 17:20:10,368] {processor.py:641} INFO - Processing file /home/airflow/dags/Lead_scoring_data_pipeline/constants.py for tasks to queue
[2023-12-27 17:20:10,369] {logging_mixin.py:115} INFO - [2023-12-27 17:20:10,368] {dagbag.py:508} INFO - Filling up the DagBag from /home/airflow/dags/Lead_scoring_data_pipeline/constants.py
[2023-12-27 17:20:10,370] {processor.py:653} WARNING - No viable dags retrieved from /home/airflow/dags/Lead_scoring_data_pipeline/constants.py
[2023-12-27 17:20:10,401] {processor.py:161} INFO - Processing /home/airflow/dags/Lead_scoring_data_pipeline/constants.py took 0.037 seconds
[2023-12-27 17:20:43,608] {processor.py:153} INFO - Started process (PID=5114) to work on /home/airflow/dags/Lead_scoring_data_pipeline/constants.py
[2023-12-27 17:20:43,608] {processor.py:641} INFO - Processing file /home/airflow/dags/Lead_scoring_data_pipeline/constants.py for tasks to queue
[2023-12-27 17:20:43,609] {logging_mixin.py:115} INFO - [2023-12-27 17:20:43,609] {dagbag.py:508} INFO - Filling up the DagBag from /home/airflow/dags/Lead_scoring_data_pipeline/constants.py
[2023-12-27 17:20:43,610] {processor.py:653} WARNING - No viable dags retrieved from /home/airflow/dags/Lead_scoring_data_pipeline/constants.py
[2023-12-27 17:20:43,637] {processor.py:161} INFO - Processing /home/airflow/dags/Lead_scoring_data_pipeline/constants.py took 0.032 seconds
[2023-12-27 17:21:17,058] {processor.py:153} INFO - Started process (PID=5163) to work on /home/airflow/dags/Lead_scoring_data_pipeline/constants.py
[2023-12-27 17:21:17,059] {processor.py:641} INFO - Processing file /home/airflow/dags/Lead_scoring_data_pipeline/constants.py for tasks to queue
[2023-12-27 17:21:17,059] {logging_mixin.py:115} INFO - [2023-12-27 17:21:17,059] {dagbag.py:508} INFO - Filling up the DagBag from /home/airflow/dags/Lead_scoring_data_pipeline/constants.py
[2023-12-27 17:21:17,061] {processor.py:653} WARNING - No viable dags retrieved from /home/airflow/dags/Lead_scoring_data_pipeline/constants.py
[2023-12-27 17:21:17,091] {processor.py:161} INFO - Processing /home/airflow/dags/Lead_scoring_data_pipeline/constants.py took 0.036 seconds
[2023-12-27 17:21:51,890] {processor.py:153} INFO - Started process (PID=5251) to work on /home/airflow/dags/Lead_scoring_data_pipeline/constants.py
[2023-12-27 17:21:51,891] {processor.py:641} INFO - Processing file /home/airflow/dags/Lead_scoring_data_pipeline/constants.py for tasks to queue
[2023-12-27 17:21:51,891] {logging_mixin.py:115} INFO - [2023-12-27 17:21:51,891] {dagbag.py:508} INFO - Filling up the DagBag from /home/airflow/dags/Lead_scoring_data_pipeline/constants.py
[2023-12-27 17:21:51,893] {processor.py:653} WARNING - No viable dags retrieved from /home/airflow/dags/Lead_scoring_data_pipeline/constants.py
[2023-12-27 17:21:51,919] {processor.py:161} INFO - Processing /home/airflow/dags/Lead_scoring_data_pipeline/constants.py took 0.031 seconds
