[2023-12-27 07:11:27,135] {processor.py:153} INFO - Started process (PID=1169) to work on /home/airflow/dags/Lead_scoring_data_pipeline/lead_scoring_data_pipeline.py
[2023-12-27 07:11:27,135] {processor.py:641} INFO - Processing file /home/airflow/dags/Lead_scoring_data_pipeline/lead_scoring_data_pipeline.py for tasks to queue
[2023-12-27 07:11:27,136] {logging_mixin.py:115} INFO - [2023-12-27 07:11:27,136] {dagbag.py:508} INFO - Filling up the DagBag from /home/airflow/dags/Lead_scoring_data_pipeline/lead_scoring_data_pipeline.py
[2023-12-27 07:11:27,407] {logging_mixin.py:115} INFO - [2023-12-27 07:11:27,407] {utils.py:145} INFO - Note: NumExpr detected 64 cores but "NUMEXPR_MAX_THREADS" not set, so enforcing safe limit of 8.
[2023-12-27 07:11:27,407] {logging_mixin.py:115} INFO - [2023-12-27 07:11:27,407] {utils.py:157} INFO - NumExpr defaulting to 8 threads.
[2023-12-27 07:11:27,535] {processor.py:651} INFO - DAG(s) dict_keys(['Lead_Scoring_Data_Engineering_Pipeline']) retrieved from /home/airflow/dags/Lead_scoring_data_pipeline/lead_scoring_data_pipeline.py
[2023-12-27 07:11:27,591] {logging_mixin.py:115} INFO - [2023-12-27 07:11:27,590] {dag.py:2420} INFO - Sync 1 DAGs
[2023-12-27 07:11:27,614] {logging_mixin.py:115} INFO - [2023-12-27 07:11:27,614] {dag.py:2968} INFO - Setting next_dagrun for Lead_Scoring_Data_Engineering_Pipeline to 2023-12-27T00:00:00+00:00, run_after=2023-12-28T00:00:00+00:00
[2023-12-27 07:11:27,657] {processor.py:161} INFO - Processing /home/airflow/dags/Lead_scoring_data_pipeline/lead_scoring_data_pipeline.py took 0.525 seconds
[2023-12-27 07:12:42,631] {processor.py:153} INFO - Started process (PID=1342) to work on /home/airflow/dags/Lead_scoring_data_pipeline/lead_scoring_data_pipeline.py
[2023-12-27 07:12:42,631] {processor.py:641} INFO - Processing file /home/airflow/dags/Lead_scoring_data_pipeline/lead_scoring_data_pipeline.py for tasks to queue
[2023-12-27 07:12:42,632] {logging_mixin.py:115} INFO - [2023-12-27 07:12:42,632] {dagbag.py:508} INFO - Filling up the DagBag from /home/airflow/dags/Lead_scoring_data_pipeline/lead_scoring_data_pipeline.py
[2023-12-27 07:12:42,900] {logging_mixin.py:115} INFO - [2023-12-27 07:12:42,900] {utils.py:145} INFO - Note: NumExpr detected 64 cores but "NUMEXPR_MAX_THREADS" not set, so enforcing safe limit of 8.
[2023-12-27 07:12:42,900] {logging_mixin.py:115} INFO - [2023-12-27 07:12:42,900] {utils.py:157} INFO - NumExpr defaulting to 8 threads.
[2023-12-27 07:12:43,026] {processor.py:651} INFO - DAG(s) dict_keys(['Lead_Scoring_Data_Engineering_Pipeline']) retrieved from /home/airflow/dags/Lead_scoring_data_pipeline/lead_scoring_data_pipeline.py
[2023-12-27 07:12:43,047] {logging_mixin.py:115} INFO - [2023-12-27 07:12:43,047] {dag.py:2420} INFO - Sync 1 DAGs
[2023-12-27 07:12:43,071] {logging_mixin.py:115} INFO - [2023-12-27 07:12:43,071] {dag.py:2968} INFO - Setting next_dagrun for Lead_Scoring_Data_Engineering_Pipeline to 2023-12-27T00:00:00+00:00, run_after=2023-12-28T00:00:00+00:00
[2023-12-27 07:12:43,108] {processor.py:161} INFO - Processing /home/airflow/dags/Lead_scoring_data_pipeline/lead_scoring_data_pipeline.py took 0.480 seconds
[2023-12-27 15:35:40,487] {processor.py:153} INFO - Started process (PID=1052) to work on /home/airflow/dags/Lead_scoring_data_pipeline/lead_scoring_data_pipeline.py
[2023-12-27 15:35:40,488] {processor.py:641} INFO - Processing file /home/airflow/dags/Lead_scoring_data_pipeline/lead_scoring_data_pipeline.py for tasks to queue
[2023-12-27 15:35:40,488] {logging_mixin.py:115} INFO - [2023-12-27 15:35:40,488] {dagbag.py:508} INFO - Filling up the DagBag from /home/airflow/dags/Lead_scoring_data_pipeline/lead_scoring_data_pipeline.py
[2023-12-27 15:35:40,754] {logging_mixin.py:115} INFO - [2023-12-27 15:35:40,754] {utils.py:145} INFO - Note: NumExpr detected 64 cores but "NUMEXPR_MAX_THREADS" not set, so enforcing safe limit of 8.
[2023-12-27 15:35:40,754] {logging_mixin.py:115} INFO - [2023-12-27 15:35:40,754] {utils.py:157} INFO - NumExpr defaulting to 8 threads.
[2023-12-27 15:35:40,879] {processor.py:651} INFO - DAG(s) dict_keys(['Lead_Scoring_Data_Engineering_Pipeline']) retrieved from /home/airflow/dags/Lead_scoring_data_pipeline/lead_scoring_data_pipeline.py
[2023-12-27 15:35:40,937] {logging_mixin.py:115} INFO - [2023-12-27 15:35:40,937] {dag.py:2420} INFO - Sync 1 DAGs
[2023-12-27 15:35:40,962] {logging_mixin.py:115} INFO - [2023-12-27 15:35:40,962] {dag.py:2968} INFO - Setting next_dagrun for Lead_Scoring_Data_Engineering_Pipeline to 2023-12-27T00:00:00+00:00, run_after=2023-12-28T00:00:00+00:00
[2023-12-27 15:35:41,007] {processor.py:161} INFO - Processing /home/airflow/dags/Lead_scoring_data_pipeline/lead_scoring_data_pipeline.py took 0.523 seconds
[2023-12-27 15:36:35,127] {processor.py:153} INFO - Started process (PID=1126) to work on /home/airflow/dags/Lead_scoring_data_pipeline/lead_scoring_data_pipeline.py
[2023-12-27 15:36:35,128] {processor.py:641} INFO - Processing file /home/airflow/dags/Lead_scoring_data_pipeline/lead_scoring_data_pipeline.py for tasks to queue
[2023-12-27 15:36:35,128] {logging_mixin.py:115} INFO - [2023-12-27 15:36:35,128] {dagbag.py:508} INFO - Filling up the DagBag from /home/airflow/dags/Lead_scoring_data_pipeline/lead_scoring_data_pipeline.py
[2023-12-27 15:36:35,394] {logging_mixin.py:115} INFO - [2023-12-27 15:36:35,394] {utils.py:145} INFO - Note: NumExpr detected 64 cores but "NUMEXPR_MAX_THREADS" not set, so enforcing safe limit of 8.
[2023-12-27 15:36:35,394] {logging_mixin.py:115} INFO - [2023-12-27 15:36:35,394] {utils.py:157} INFO - NumExpr defaulting to 8 threads.
[2023-12-27 15:36:35,518] {processor.py:651} INFO - DAG(s) dict_keys(['Lead_Scoring_Data_Engineering_Pipeline']) retrieved from /home/airflow/dags/Lead_scoring_data_pipeline/lead_scoring_data_pipeline.py
[2023-12-27 15:36:35,542] {logging_mixin.py:115} INFO - [2023-12-27 15:36:35,542] {dag.py:2420} INFO - Sync 1 DAGs
[2023-12-27 15:36:35,567] {logging_mixin.py:115} INFO - [2023-12-27 15:36:35,567] {dag.py:2968} INFO - Setting next_dagrun for Lead_Scoring_Data_Engineering_Pipeline to 2023-12-27T00:00:00+00:00, run_after=2023-12-28T00:00:00+00:00
[2023-12-27 15:36:35,609] {processor.py:161} INFO - Processing /home/airflow/dags/Lead_scoring_data_pipeline/lead_scoring_data_pipeline.py took 0.485 seconds
[2023-12-27 15:37:30,822] {processor.py:153} INFO - Started process (PID=1258) to work on /home/airflow/dags/Lead_scoring_data_pipeline/lead_scoring_data_pipeline.py
[2023-12-27 15:37:30,823] {processor.py:641} INFO - Processing file /home/airflow/dags/Lead_scoring_data_pipeline/lead_scoring_data_pipeline.py for tasks to queue
[2023-12-27 15:37:30,823] {logging_mixin.py:115} INFO - [2023-12-27 15:37:30,823] {dagbag.py:508} INFO - Filling up the DagBag from /home/airflow/dags/Lead_scoring_data_pipeline/lead_scoring_data_pipeline.py
[2023-12-27 15:37:31,089] {logging_mixin.py:115} INFO - [2023-12-27 15:37:31,089] {utils.py:145} INFO - Note: NumExpr detected 64 cores but "NUMEXPR_MAX_THREADS" not set, so enforcing safe limit of 8.
[2023-12-27 15:37:31,089] {logging_mixin.py:115} INFO - [2023-12-27 15:37:31,089] {utils.py:157} INFO - NumExpr defaulting to 8 threads.
[2023-12-27 15:37:31,214] {processor.py:651} INFO - DAG(s) dict_keys(['Lead_Scoring_Data_Engineering_Pipeline']) retrieved from /home/airflow/dags/Lead_scoring_data_pipeline/lead_scoring_data_pipeline.py
[2023-12-27 15:37:31,269] {logging_mixin.py:115} INFO - [2023-12-27 15:37:31,268] {dag.py:2420} INFO - Sync 1 DAGs
[2023-12-27 15:37:31,291] {logging_mixin.py:115} INFO - [2023-12-27 15:37:31,291] {dag.py:2968} INFO - Setting next_dagrun for Lead_Scoring_Data_Engineering_Pipeline to 2023-12-27T00:00:00+00:00, run_after=2023-12-28T00:00:00+00:00
[2023-12-27 15:37:31,337] {processor.py:161} INFO - Processing /home/airflow/dags/Lead_scoring_data_pipeline/lead_scoring_data_pipeline.py took 0.517 seconds
[2023-12-27 15:38:26,307] {processor.py:153} INFO - Started process (PID=1332) to work on /home/airflow/dags/Lead_scoring_data_pipeline/lead_scoring_data_pipeline.py
[2023-12-27 15:38:26,307] {processor.py:641} INFO - Processing file /home/airflow/dags/Lead_scoring_data_pipeline/lead_scoring_data_pipeline.py for tasks to queue
[2023-12-27 15:38:26,308] {logging_mixin.py:115} INFO - [2023-12-27 15:38:26,308] {dagbag.py:508} INFO - Filling up the DagBag from /home/airflow/dags/Lead_scoring_data_pipeline/lead_scoring_data_pipeline.py
[2023-12-27 15:38:26,572] {logging_mixin.py:115} INFO - [2023-12-27 15:38:26,572] {utils.py:145} INFO - Note: NumExpr detected 64 cores but "NUMEXPR_MAX_THREADS" not set, so enforcing safe limit of 8.
[2023-12-27 15:38:26,572] {logging_mixin.py:115} INFO - [2023-12-27 15:38:26,572] {utils.py:157} INFO - NumExpr defaulting to 8 threads.
[2023-12-27 15:38:26,698] {processor.py:651} INFO - DAG(s) dict_keys(['Lead_Scoring_Data_Engineering_Pipeline']) retrieved from /home/airflow/dags/Lead_scoring_data_pipeline/lead_scoring_data_pipeline.py
[2023-12-27 15:38:26,720] {logging_mixin.py:115} INFO - [2023-12-27 15:38:26,720] {dag.py:2420} INFO - Sync 1 DAGs
[2023-12-27 15:38:26,744] {logging_mixin.py:115} INFO - [2023-12-27 15:38:26,744] {dag.py:2968} INFO - Setting next_dagrun for Lead_Scoring_Data_Engineering_Pipeline to 2023-12-27T00:00:00+00:00, run_after=2023-12-28T00:00:00+00:00
[2023-12-27 15:38:26,784] {processor.py:161} INFO - Processing /home/airflow/dags/Lead_scoring_data_pipeline/lead_scoring_data_pipeline.py took 0.480 seconds
[2023-12-27 15:39:22,231] {processor.py:153} INFO - Started process (PID=1411) to work on /home/airflow/dags/Lead_scoring_data_pipeline/lead_scoring_data_pipeline.py
[2023-12-27 15:39:22,232] {processor.py:641} INFO - Processing file /home/airflow/dags/Lead_scoring_data_pipeline/lead_scoring_data_pipeline.py for tasks to queue
[2023-12-27 15:39:22,232] {logging_mixin.py:115} INFO - [2023-12-27 15:39:22,232] {dagbag.py:508} INFO - Filling up the DagBag from /home/airflow/dags/Lead_scoring_data_pipeline/lead_scoring_data_pipeline.py
[2023-12-27 15:39:22,497] {logging_mixin.py:115} INFO - [2023-12-27 15:39:22,497] {utils.py:145} INFO - Note: NumExpr detected 64 cores but "NUMEXPR_MAX_THREADS" not set, so enforcing safe limit of 8.
[2023-12-27 15:39:22,497] {logging_mixin.py:115} INFO - [2023-12-27 15:39:22,497] {utils.py:157} INFO - NumExpr defaulting to 8 threads.
[2023-12-27 15:39:22,622] {processor.py:651} INFO - DAG(s) dict_keys(['Lead_Scoring_Data_Engineering_Pipeline']) retrieved from /home/airflow/dags/Lead_scoring_data_pipeline/lead_scoring_data_pipeline.py
[2023-12-27 15:39:22,681] {logging_mixin.py:115} INFO - [2023-12-27 15:39:22,681] {dag.py:2420} INFO - Sync 1 DAGs
[2023-12-27 15:39:22,705] {logging_mixin.py:115} INFO - [2023-12-27 15:39:22,704] {dag.py:2968} INFO - Setting next_dagrun for Lead_Scoring_Data_Engineering_Pipeline to 2023-12-27T00:00:00+00:00, run_after=2023-12-28T00:00:00+00:00
[2023-12-27 15:39:22,749] {processor.py:161} INFO - Processing /home/airflow/dags/Lead_scoring_data_pipeline/lead_scoring_data_pipeline.py took 0.521 seconds
[2023-12-27 15:40:19,275] {processor.py:153} INFO - Started process (PID=1564) to work on /home/airflow/dags/Lead_scoring_data_pipeline/lead_scoring_data_pipeline.py
[2023-12-27 15:40:19,276] {processor.py:641} INFO - Processing file /home/airflow/dags/Lead_scoring_data_pipeline/lead_scoring_data_pipeline.py for tasks to queue
[2023-12-27 15:40:19,276] {logging_mixin.py:115} INFO - [2023-12-27 15:40:19,276] {dagbag.py:508} INFO - Filling up the DagBag from /home/airflow/dags/Lead_scoring_data_pipeline/lead_scoring_data_pipeline.py
[2023-12-27 15:40:19,538] {logging_mixin.py:115} INFO - [2023-12-27 15:40:19,538] {utils.py:145} INFO - Note: NumExpr detected 64 cores but "NUMEXPR_MAX_THREADS" not set, so enforcing safe limit of 8.
[2023-12-27 15:40:19,538] {logging_mixin.py:115} INFO - [2023-12-27 15:40:19,538] {utils.py:157} INFO - NumExpr defaulting to 8 threads.
[2023-12-27 15:40:19,663] {processor.py:651} INFO - DAG(s) dict_keys(['Lead_Scoring_Data_Engineering_Pipeline']) retrieved from /home/airflow/dags/Lead_scoring_data_pipeline/lead_scoring_data_pipeline.py
[2023-12-27 15:40:19,685] {logging_mixin.py:115} INFO - [2023-12-27 15:40:19,685] {dag.py:2420} INFO - Sync 1 DAGs
[2023-12-27 15:40:19,710] {logging_mixin.py:115} INFO - [2023-12-27 15:40:19,710] {dag.py:2968} INFO - Setting next_dagrun for Lead_Scoring_Data_Engineering_Pipeline to 2023-12-27T00:00:00+00:00, run_after=2023-12-28T00:00:00+00:00
[2023-12-27 15:40:19,748] {processor.py:161} INFO - Processing /home/airflow/dags/Lead_scoring_data_pipeline/lead_scoring_data_pipeline.py took 0.476 seconds
[2023-12-27 15:41:08,807] {processor.py:153} INFO - Started process (PID=1678) to work on /home/airflow/dags/Lead_scoring_data_pipeline/lead_scoring_data_pipeline.py
[2023-12-27 15:41:08,808] {processor.py:641} INFO - Processing file /home/airflow/dags/Lead_scoring_data_pipeline/lead_scoring_data_pipeline.py for tasks to queue
[2023-12-27 15:41:08,808] {logging_mixin.py:115} INFO - [2023-12-27 15:41:08,808] {dagbag.py:508} INFO - Filling up the DagBag from /home/airflow/dags/Lead_scoring_data_pipeline/lead_scoring_data_pipeline.py
[2023-12-27 15:41:08,973] {logging_mixin.py:115} INFO - [2023-12-27 15:41:08,973] {utils.py:145} INFO - Note: NumExpr detected 64 cores but "NUMEXPR_MAX_THREADS" not set, so enforcing safe limit of 8.
[2023-12-27 15:41:08,973] {logging_mixin.py:115} INFO - [2023-12-27 15:41:08,973] {utils.py:157} INFO - NumExpr defaulting to 8 threads.
[2023-12-27 15:41:09,101] {processor.py:651} INFO - DAG(s) dict_keys(['Lead_Scoring_Data_Engineering_Pipeline']) retrieved from /home/airflow/dags/Lead_scoring_data_pipeline/lead_scoring_data_pipeline.py
[2023-12-27 15:41:09,161] {logging_mixin.py:115} INFO - [2023-12-27 15:41:09,161] {dag.py:2420} INFO - Sync 1 DAGs
[2023-12-27 15:41:09,186] {logging_mixin.py:115} INFO - [2023-12-27 15:41:09,186] {dag.py:2968} INFO - Setting next_dagrun for Lead_Scoring_Data_Engineering_Pipeline to 2023-12-27T00:00:00+00:00, run_after=2023-12-28T00:00:00+00:00
[2023-12-27 15:41:09,231] {processor.py:161} INFO - Processing /home/airflow/dags/Lead_scoring_data_pipeline/lead_scoring_data_pipeline.py took 0.427 seconds
[2023-12-27 15:41:58,436] {processor.py:153} INFO - Started process (PID=1748) to work on /home/airflow/dags/Lead_scoring_data_pipeline/lead_scoring_data_pipeline.py
[2023-12-27 15:41:58,437] {processor.py:641} INFO - Processing file /home/airflow/dags/Lead_scoring_data_pipeline/lead_scoring_data_pipeline.py for tasks to queue
[2023-12-27 15:41:58,437] {logging_mixin.py:115} INFO - [2023-12-27 15:41:58,437] {dagbag.py:508} INFO - Filling up the DagBag from /home/airflow/dags/Lead_scoring_data_pipeline/lead_scoring_data_pipeline.py
[2023-12-27 15:41:58,601] {logging_mixin.py:115} INFO - [2023-12-27 15:41:58,601] {utils.py:145} INFO - Note: NumExpr detected 64 cores but "NUMEXPR_MAX_THREADS" not set, so enforcing safe limit of 8.
[2023-12-27 15:41:58,602] {logging_mixin.py:115} INFO - [2023-12-27 15:41:58,601] {utils.py:157} INFO - NumExpr defaulting to 8 threads.
[2023-12-27 15:41:58,729] {processor.py:651} INFO - DAG(s) dict_keys(['Lead_Scoring_Data_Engineering_Pipeline']) retrieved from /home/airflow/dags/Lead_scoring_data_pipeline/lead_scoring_data_pipeline.py
[2023-12-27 15:41:58,756] {logging_mixin.py:115} INFO - [2023-12-27 15:41:58,756] {dag.py:2420} INFO - Sync 1 DAGs
[2023-12-27 15:41:58,783] {logging_mixin.py:115} INFO - [2023-12-27 15:41:58,783] {dag.py:2968} INFO - Setting next_dagrun for Lead_Scoring_Data_Engineering_Pipeline to 2023-12-27T00:00:00+00:00, run_after=2023-12-28T00:00:00+00:00
[2023-12-27 15:41:58,824] {processor.py:161} INFO - Processing /home/airflow/dags/Lead_scoring_data_pipeline/lead_scoring_data_pipeline.py took 0.391 seconds
[2023-12-27 15:42:44,431] {processor.py:153} INFO - Started process (PID=1817) to work on /home/airflow/dags/Lead_scoring_data_pipeline/lead_scoring_data_pipeline.py
[2023-12-27 15:42:44,432] {processor.py:641} INFO - Processing file /home/airflow/dags/Lead_scoring_data_pipeline/lead_scoring_data_pipeline.py for tasks to queue
[2023-12-27 15:42:44,432] {logging_mixin.py:115} INFO - [2023-12-27 15:42:44,432] {dagbag.py:508} INFO - Filling up the DagBag from /home/airflow/dags/Lead_scoring_data_pipeline/lead_scoring_data_pipeline.py
[2023-12-27 15:42:44,597] {logging_mixin.py:115} INFO - [2023-12-27 15:42:44,597] {utils.py:145} INFO - Note: NumExpr detected 64 cores but "NUMEXPR_MAX_THREADS" not set, so enforcing safe limit of 8.
[2023-12-27 15:42:44,597] {logging_mixin.py:115} INFO - [2023-12-27 15:42:44,597] {utils.py:157} INFO - NumExpr defaulting to 8 threads.
[2023-12-27 15:42:44,724] {processor.py:651} INFO - DAG(s) dict_keys(['Lead_Scoring_Data_Engineering_Pipeline']) retrieved from /home/airflow/dags/Lead_scoring_data_pipeline/lead_scoring_data_pipeline.py
[2023-12-27 15:42:44,781] {logging_mixin.py:115} INFO - [2023-12-27 15:42:44,780] {dag.py:2420} INFO - Sync 1 DAGs
[2023-12-27 15:42:44,805] {logging_mixin.py:115} INFO - [2023-12-27 15:42:44,805] {dag.py:2968} INFO - Setting next_dagrun for Lead_Scoring_Data_Engineering_Pipeline to 2023-12-27T00:00:00+00:00, run_after=2023-12-28T00:00:00+00:00
[2023-12-27 15:42:44,847] {processor.py:161} INFO - Processing /home/airflow/dags/Lead_scoring_data_pipeline/lead_scoring_data_pipeline.py took 0.419 seconds
[2023-12-27 15:43:32,903] {processor.py:153} INFO - Started process (PID=1886) to work on /home/airflow/dags/Lead_scoring_data_pipeline/lead_scoring_data_pipeline.py
[2023-12-27 15:43:32,904] {processor.py:641} INFO - Processing file /home/airflow/dags/Lead_scoring_data_pipeline/lead_scoring_data_pipeline.py for tasks to queue
[2023-12-27 15:43:32,904] {logging_mixin.py:115} INFO - [2023-12-27 15:43:32,904] {dagbag.py:508} INFO - Filling up the DagBag from /home/airflow/dags/Lead_scoring_data_pipeline/lead_scoring_data_pipeline.py
[2023-12-27 15:43:33,068] {logging_mixin.py:115} INFO - [2023-12-27 15:43:33,068] {utils.py:145} INFO - Note: NumExpr detected 64 cores but "NUMEXPR_MAX_THREADS" not set, so enforcing safe limit of 8.
[2023-12-27 15:43:33,068] {logging_mixin.py:115} INFO - [2023-12-27 15:43:33,068] {utils.py:157} INFO - NumExpr defaulting to 8 threads.
[2023-12-27 15:43:33,195] {processor.py:651} INFO - DAG(s) dict_keys(['Lead_Scoring_Data_Engineering_Pipeline']) retrieved from /home/airflow/dags/Lead_scoring_data_pipeline/lead_scoring_data_pipeline.py
[2023-12-27 15:43:33,221] {logging_mixin.py:115} INFO - [2023-12-27 15:43:33,220] {dag.py:2420} INFO - Sync 1 DAGs
[2023-12-27 15:43:33,248] {logging_mixin.py:115} INFO - [2023-12-27 15:43:33,247] {dag.py:2968} INFO - Setting next_dagrun for Lead_Scoring_Data_Engineering_Pipeline to 2023-12-27T00:00:00+00:00, run_after=2023-12-28T00:00:00+00:00
[2023-12-27 15:43:33,289] {processor.py:161} INFO - Processing /home/airflow/dags/Lead_scoring_data_pipeline/lead_scoring_data_pipeline.py took 0.389 seconds
[2023-12-27 15:44:21,683] {processor.py:153} INFO - Started process (PID=1956) to work on /home/airflow/dags/Lead_scoring_data_pipeline/lead_scoring_data_pipeline.py
[2023-12-27 15:44:21,683] {processor.py:641} INFO - Processing file /home/airflow/dags/Lead_scoring_data_pipeline/lead_scoring_data_pipeline.py for tasks to queue
[2023-12-27 15:44:21,684] {logging_mixin.py:115} INFO - [2023-12-27 15:44:21,684] {dagbag.py:508} INFO - Filling up the DagBag from /home/airflow/dags/Lead_scoring_data_pipeline/lead_scoring_data_pipeline.py
[2023-12-27 15:44:21,850] {logging_mixin.py:115} INFO - [2023-12-27 15:44:21,850] {utils.py:145} INFO - Note: NumExpr detected 64 cores but "NUMEXPR_MAX_THREADS" not set, so enforcing safe limit of 8.
[2023-12-27 15:44:21,850] {logging_mixin.py:115} INFO - [2023-12-27 15:44:21,850] {utils.py:157} INFO - NumExpr defaulting to 8 threads.
[2023-12-27 15:44:21,977] {processor.py:651} INFO - DAG(s) dict_keys(['Lead_Scoring_Data_Engineering_Pipeline']) retrieved from /home/airflow/dags/Lead_scoring_data_pipeline/lead_scoring_data_pipeline.py
[2023-12-27 15:44:22,035] {logging_mixin.py:115} INFO - [2023-12-27 15:44:22,035] {dag.py:2420} INFO - Sync 1 DAGs
[2023-12-27 15:44:22,060] {logging_mixin.py:115} INFO - [2023-12-27 15:44:22,060] {dag.py:2968} INFO - Setting next_dagrun for Lead_Scoring_Data_Engineering_Pipeline to 2023-12-27T00:00:00+00:00, run_after=2023-12-28T00:00:00+00:00
[2023-12-27 15:44:22,104] {processor.py:161} INFO - Processing /home/airflow/dags/Lead_scoring_data_pipeline/lead_scoring_data_pipeline.py took 0.424 seconds
[2023-12-27 15:45:10,578] {processor.py:153} INFO - Started process (PID=2026) to work on /home/airflow/dags/Lead_scoring_data_pipeline/lead_scoring_data_pipeline.py
[2023-12-27 15:45:10,579] {processor.py:641} INFO - Processing file /home/airflow/dags/Lead_scoring_data_pipeline/lead_scoring_data_pipeline.py for tasks to queue
[2023-12-27 15:45:10,579] {logging_mixin.py:115} INFO - [2023-12-27 15:45:10,579] {dagbag.py:508} INFO - Filling up the DagBag from /home/airflow/dags/Lead_scoring_data_pipeline/lead_scoring_data_pipeline.py
[2023-12-27 15:45:10,741] {logging_mixin.py:115} INFO - [2023-12-27 15:45:10,741] {utils.py:145} INFO - Note: NumExpr detected 64 cores but "NUMEXPR_MAX_THREADS" not set, so enforcing safe limit of 8.
[2023-12-27 15:45:10,741] {logging_mixin.py:115} INFO - [2023-12-27 15:45:10,741] {utils.py:157} INFO - NumExpr defaulting to 8 threads.
[2023-12-27 15:45:10,868] {processor.py:651} INFO - DAG(s) dict_keys(['Lead_Scoring_Data_Engineering_Pipeline']) retrieved from /home/airflow/dags/Lead_scoring_data_pipeline/lead_scoring_data_pipeline.py
[2023-12-27 15:45:10,893] {logging_mixin.py:115} INFO - [2023-12-27 15:45:10,892] {dag.py:2420} INFO - Sync 1 DAGs
[2023-12-27 15:45:10,919] {logging_mixin.py:115} INFO - [2023-12-27 15:45:10,919] {dag.py:2968} INFO - Setting next_dagrun for Lead_Scoring_Data_Engineering_Pipeline to 2023-12-27T00:00:00+00:00, run_after=2023-12-28T00:00:00+00:00
[2023-12-27 15:45:10,957] {processor.py:161} INFO - Processing /home/airflow/dags/Lead_scoring_data_pipeline/lead_scoring_data_pipeline.py took 0.382 seconds
[2023-12-27 15:45:58,472] {processor.py:153} INFO - Started process (PID=2096) to work on /home/airflow/dags/Lead_scoring_data_pipeline/lead_scoring_data_pipeline.py
[2023-12-27 15:45:58,472] {processor.py:641} INFO - Processing file /home/airflow/dags/Lead_scoring_data_pipeline/lead_scoring_data_pipeline.py for tasks to queue
[2023-12-27 15:45:58,473] {logging_mixin.py:115} INFO - [2023-12-27 15:45:58,473] {dagbag.py:508} INFO - Filling up the DagBag from /home/airflow/dags/Lead_scoring_data_pipeline/lead_scoring_data_pipeline.py
[2023-12-27 15:45:58,636] {logging_mixin.py:115} INFO - [2023-12-27 15:45:58,636] {utils.py:145} INFO - Note: NumExpr detected 64 cores but "NUMEXPR_MAX_THREADS" not set, so enforcing safe limit of 8.
[2023-12-27 15:45:58,636] {logging_mixin.py:115} INFO - [2023-12-27 15:45:58,636] {utils.py:157} INFO - NumExpr defaulting to 8 threads.
[2023-12-27 15:45:58,763] {processor.py:651} INFO - DAG(s) dict_keys(['Lead_Scoring_Data_Engineering_Pipeline']) retrieved from /home/airflow/dags/Lead_scoring_data_pipeline/lead_scoring_data_pipeline.py
[2023-12-27 15:45:58,824] {logging_mixin.py:115} INFO - [2023-12-27 15:45:58,823] {dag.py:2420} INFO - Sync 1 DAGs
[2023-12-27 15:45:58,848] {logging_mixin.py:115} INFO - [2023-12-27 15:45:58,848] {dag.py:2968} INFO - Setting next_dagrun for Lead_Scoring_Data_Engineering_Pipeline to 2023-12-27T00:00:00+00:00, run_after=2023-12-28T00:00:00+00:00
[2023-12-27 15:45:58,893] {processor.py:161} INFO - Processing /home/airflow/dags/Lead_scoring_data_pipeline/lead_scoring_data_pipeline.py took 0.424 seconds
[2023-12-27 15:46:43,802] {processor.py:153} INFO - Started process (PID=2164) to work on /home/airflow/dags/Lead_scoring_data_pipeline/lead_scoring_data_pipeline.py
[2023-12-27 15:46:43,803] {processor.py:641} INFO - Processing file /home/airflow/dags/Lead_scoring_data_pipeline/lead_scoring_data_pipeline.py for tasks to queue
[2023-12-27 15:46:43,803] {logging_mixin.py:115} INFO - [2023-12-27 15:46:43,803] {dagbag.py:508} INFO - Filling up the DagBag from /home/airflow/dags/Lead_scoring_data_pipeline/lead_scoring_data_pipeline.py
[2023-12-27 15:46:43,968] {logging_mixin.py:115} INFO - [2023-12-27 15:46:43,967] {utils.py:145} INFO - Note: NumExpr detected 64 cores but "NUMEXPR_MAX_THREADS" not set, so enforcing safe limit of 8.
[2023-12-27 15:46:43,968] {logging_mixin.py:115} INFO - [2023-12-27 15:46:43,968] {utils.py:157} INFO - NumExpr defaulting to 8 threads.
[2023-12-27 15:46:44,095] {processor.py:651} INFO - DAG(s) dict_keys(['Lead_Scoring_Data_Engineering_Pipeline']) retrieved from /home/airflow/dags/Lead_scoring_data_pipeline/lead_scoring_data_pipeline.py
[2023-12-27 15:46:44,119] {logging_mixin.py:115} INFO - [2023-12-27 15:46:44,118] {dag.py:2420} INFO - Sync 1 DAGs
[2023-12-27 15:46:44,145] {logging_mixin.py:115} INFO - [2023-12-27 15:46:44,145] {dag.py:2968} INFO - Setting next_dagrun for Lead_Scoring_Data_Engineering_Pipeline to 2023-12-27T00:00:00+00:00, run_after=2023-12-28T00:00:00+00:00
[2023-12-27 15:46:44,187] {processor.py:161} INFO - Processing /home/airflow/dags/Lead_scoring_data_pipeline/lead_scoring_data_pipeline.py took 0.388 seconds
[2023-12-27 15:47:31,310] {processor.py:153} INFO - Started process (PID=2233) to work on /home/airflow/dags/Lead_scoring_data_pipeline/lead_scoring_data_pipeline.py
[2023-12-27 15:47:31,311] {processor.py:641} INFO - Processing file /home/airflow/dags/Lead_scoring_data_pipeline/lead_scoring_data_pipeline.py for tasks to queue
[2023-12-27 15:47:31,311] {logging_mixin.py:115} INFO - [2023-12-27 15:47:31,311] {dagbag.py:508} INFO - Filling up the DagBag from /home/airflow/dags/Lead_scoring_data_pipeline/lead_scoring_data_pipeline.py
[2023-12-27 15:47:31,475] {logging_mixin.py:115} INFO - [2023-12-27 15:47:31,475] {utils.py:145} INFO - Note: NumExpr detected 64 cores but "NUMEXPR_MAX_THREADS" not set, so enforcing safe limit of 8.
[2023-12-27 15:47:31,475] {logging_mixin.py:115} INFO - [2023-12-27 15:47:31,475] {utils.py:157} INFO - NumExpr defaulting to 8 threads.
[2023-12-27 15:47:31,602] {processor.py:651} INFO - DAG(s) dict_keys(['Lead_Scoring_Data_Engineering_Pipeline']) retrieved from /home/airflow/dags/Lead_scoring_data_pipeline/lead_scoring_data_pipeline.py
[2023-12-27 15:47:31,656] {logging_mixin.py:115} INFO - [2023-12-27 15:47:31,655] {dag.py:2420} INFO - Sync 1 DAGs
[2023-12-27 15:47:31,678] {logging_mixin.py:115} INFO - [2023-12-27 15:47:31,678] {dag.py:2968} INFO - Setting next_dagrun for Lead_Scoring_Data_Engineering_Pipeline to 2023-12-27T00:00:00+00:00, run_after=2023-12-28T00:00:00+00:00
[2023-12-27 15:47:31,721] {processor.py:161} INFO - Processing /home/airflow/dags/Lead_scoring_data_pipeline/lead_scoring_data_pipeline.py took 0.415 seconds
[2023-12-27 15:48:18,127] {processor.py:153} INFO - Started process (PID=2302) to work on /home/airflow/dags/Lead_scoring_data_pipeline/lead_scoring_data_pipeline.py
[2023-12-27 15:48:18,127] {processor.py:641} INFO - Processing file /home/airflow/dags/Lead_scoring_data_pipeline/lead_scoring_data_pipeline.py for tasks to queue
[2023-12-27 15:48:18,128] {logging_mixin.py:115} INFO - [2023-12-27 15:48:18,128] {dagbag.py:508} INFO - Filling up the DagBag from /home/airflow/dags/Lead_scoring_data_pipeline/lead_scoring_data_pipeline.py
[2023-12-27 15:48:18,294] {logging_mixin.py:115} INFO - [2023-12-27 15:48:18,294] {utils.py:145} INFO - Note: NumExpr detected 64 cores but "NUMEXPR_MAX_THREADS" not set, so enforcing safe limit of 8.
[2023-12-27 15:48:18,294] {logging_mixin.py:115} INFO - [2023-12-27 15:48:18,294] {utils.py:157} INFO - NumExpr defaulting to 8 threads.
[2023-12-27 15:48:18,421] {processor.py:651} INFO - DAG(s) dict_keys(['Lead_Scoring_Data_Engineering_Pipeline']) retrieved from /home/airflow/dags/Lead_scoring_data_pipeline/lead_scoring_data_pipeline.py
[2023-12-27 15:48:18,446] {logging_mixin.py:115} INFO - [2023-12-27 15:48:18,445] {dag.py:2420} INFO - Sync 1 DAGs
[2023-12-27 15:48:18,472] {logging_mixin.py:115} INFO - [2023-12-27 15:48:18,472] {dag.py:2968} INFO - Setting next_dagrun for Lead_Scoring_Data_Engineering_Pipeline to 2023-12-27T00:00:00+00:00, run_after=2023-12-28T00:00:00+00:00
[2023-12-27 15:48:18,513] {processor.py:161} INFO - Processing /home/airflow/dags/Lead_scoring_data_pipeline/lead_scoring_data_pipeline.py took 0.389 seconds
[2023-12-27 17:01:21,199] {processor.py:153} INFO - Started process (PID=2914) to work on /home/airflow/dags/Lead_scoring_data_pipeline/lead_scoring_data_pipeline.py
[2023-12-27 17:01:21,199] {processor.py:641} INFO - Processing file /home/airflow/dags/Lead_scoring_data_pipeline/lead_scoring_data_pipeline.py for tasks to queue
[2023-12-27 17:01:21,200] {logging_mixin.py:115} INFO - [2023-12-27 17:01:21,200] {dagbag.py:508} INFO - Filling up the DagBag from /home/airflow/dags/Lead_scoring_data_pipeline/lead_scoring_data_pipeline.py
[2023-12-27 17:01:21,460] {logging_mixin.py:115} INFO - [2023-12-27 17:01:21,460] {utils.py:145} INFO - Note: NumExpr detected 64 cores but "NUMEXPR_MAX_THREADS" not set, so enforcing safe limit of 8.
[2023-12-27 17:01:21,460] {logging_mixin.py:115} INFO - [2023-12-27 17:01:21,460] {utils.py:157} INFO - NumExpr defaulting to 8 threads.
[2023-12-27 17:01:21,584] {processor.py:651} INFO - DAG(s) dict_keys(['Lead_Scoring_Data_Engineering_Pipeline']) retrieved from /home/airflow/dags/Lead_scoring_data_pipeline/lead_scoring_data_pipeline.py
[2023-12-27 17:01:21,640] {logging_mixin.py:115} INFO - [2023-12-27 17:01:21,640] {dag.py:2420} INFO - Sync 1 DAGs
[2023-12-27 17:01:21,662] {logging_mixin.py:115} INFO - [2023-12-27 17:01:21,662] {dag.py:2968} INFO - Setting next_dagrun for Lead_Scoring_Data_Engineering_Pipeline to 2023-12-27T00:00:00+00:00, run_after=2023-12-28T00:00:00+00:00
[2023-12-27 17:01:21,703] {processor.py:161} INFO - Processing /home/airflow/dags/Lead_scoring_data_pipeline/lead_scoring_data_pipeline.py took 0.507 seconds
[2023-12-27 17:02:27,172] {processor.py:153} INFO - Started process (PID=3026) to work on /home/airflow/dags/Lead_scoring_data_pipeline/lead_scoring_data_pipeline.py
[2023-12-27 17:02:27,172] {processor.py:641} INFO - Processing file /home/airflow/dags/Lead_scoring_data_pipeline/lead_scoring_data_pipeline.py for tasks to queue
[2023-12-27 17:02:27,173] {logging_mixin.py:115} INFO - [2023-12-27 17:02:27,173] {dagbag.py:508} INFO - Filling up the DagBag from /home/airflow/dags/Lead_scoring_data_pipeline/lead_scoring_data_pipeline.py
[2023-12-27 17:02:27,435] {logging_mixin.py:115} INFO - [2023-12-27 17:02:27,435] {utils.py:145} INFO - Note: NumExpr detected 64 cores but "NUMEXPR_MAX_THREADS" not set, so enforcing safe limit of 8.
[2023-12-27 17:02:27,435] {logging_mixin.py:115} INFO - [2023-12-27 17:02:27,435] {utils.py:157} INFO - NumExpr defaulting to 8 threads.
[2023-12-27 17:02:27,567] {processor.py:651} INFO - DAG(s) dict_keys(['Lead_Scoring_Data_Engineering_Pipeline']) retrieved from /home/airflow/dags/Lead_scoring_data_pipeline/lead_scoring_data_pipeline.py
[2023-12-27 17:02:27,590] {logging_mixin.py:115} INFO - [2023-12-27 17:02:27,590] {dag.py:2420} INFO - Sync 1 DAGs
[2023-12-27 17:02:27,615] {logging_mixin.py:115} INFO - [2023-12-27 17:02:27,615] {dag.py:2968} INFO - Setting next_dagrun for Lead_Scoring_Data_Engineering_Pipeline to 2023-12-27T00:00:00+00:00, run_after=2023-12-28T00:00:00+00:00
[2023-12-27 17:02:27,655] {processor.py:161} INFO - Processing /home/airflow/dags/Lead_scoring_data_pipeline/lead_scoring_data_pipeline.py took 0.486 seconds
[2023-12-27 17:03:43,383] {processor.py:153} INFO - Started process (PID=3262) to work on /home/airflow/dags/Lead_scoring_data_pipeline/lead_scoring_data_pipeline.py
[2023-12-27 17:03:43,384] {processor.py:641} INFO - Processing file /home/airflow/dags/Lead_scoring_data_pipeline/lead_scoring_data_pipeline.py for tasks to queue
[2023-12-27 17:03:43,384] {logging_mixin.py:115} INFO - [2023-12-27 17:03:43,384] {dagbag.py:508} INFO - Filling up the DagBag from /home/airflow/dags/Lead_scoring_data_pipeline/lead_scoring_data_pipeline.py
[2023-12-27 17:03:43,649] {logging_mixin.py:115} INFO - [2023-12-27 17:03:43,649] {utils.py:145} INFO - Note: NumExpr detected 64 cores but "NUMEXPR_MAX_THREADS" not set, so enforcing safe limit of 8.
[2023-12-27 17:03:43,649] {logging_mixin.py:115} INFO - [2023-12-27 17:03:43,649] {utils.py:157} INFO - NumExpr defaulting to 8 threads.
[2023-12-27 17:03:43,777] {processor.py:651} INFO - DAG(s) dict_keys(['Lead_Scoring_Data_Engineering_Pipeline']) retrieved from /home/airflow/dags/Lead_scoring_data_pipeline/lead_scoring_data_pipeline.py
[2023-12-27 17:03:43,831] {logging_mixin.py:115} INFO - [2023-12-27 17:03:43,831] {dag.py:2420} INFO - Sync 1 DAGs
[2023-12-27 17:03:43,853] {logging_mixin.py:115} INFO - [2023-12-27 17:03:43,853] {dag.py:2968} INFO - Setting next_dagrun for Lead_Scoring_Data_Engineering_Pipeline to 2023-12-27T00:00:00+00:00, run_after=2023-12-28T00:00:00+00:00
[2023-12-27 17:03:43,894] {processor.py:161} INFO - Processing /home/airflow/dags/Lead_scoring_data_pipeline/lead_scoring_data_pipeline.py took 0.514 seconds
[2023-12-27 17:04:48,575] {processor.py:153} INFO - Started process (PID=3372) to work on /home/airflow/dags/Lead_scoring_data_pipeline/lead_scoring_data_pipeline.py
[2023-12-27 17:04:48,576] {processor.py:641} INFO - Processing file /home/airflow/dags/Lead_scoring_data_pipeline/lead_scoring_data_pipeline.py for tasks to queue
[2023-12-27 17:04:48,576] {logging_mixin.py:115} INFO - [2023-12-27 17:04:48,576] {dagbag.py:508} INFO - Filling up the DagBag from /home/airflow/dags/Lead_scoring_data_pipeline/lead_scoring_data_pipeline.py
[2023-12-27 17:04:48,836] {logging_mixin.py:115} INFO - [2023-12-27 17:04:48,836] {utils.py:145} INFO - Note: NumExpr detected 64 cores but "NUMEXPR_MAX_THREADS" not set, so enforcing safe limit of 8.
[2023-12-27 17:04:48,836] {logging_mixin.py:115} INFO - [2023-12-27 17:04:48,836] {utils.py:157} INFO - NumExpr defaulting to 8 threads.
[2023-12-27 17:04:48,965] {processor.py:651} INFO - DAG(s) dict_keys(['Lead_Scoring_Data_Engineering_Pipeline']) retrieved from /home/airflow/dags/Lead_scoring_data_pipeline/lead_scoring_data_pipeline.py
[2023-12-27 17:04:48,987] {logging_mixin.py:115} INFO - [2023-12-27 17:04:48,987] {dag.py:2420} INFO - Sync 1 DAGs
[2023-12-27 17:04:49,012] {logging_mixin.py:115} INFO - [2023-12-27 17:04:49,012] {dag.py:2968} INFO - Setting next_dagrun for Lead_Scoring_Data_Engineering_Pipeline to 2023-12-27T00:00:00+00:00, run_after=2023-12-28T00:00:00+00:00
[2023-12-27 17:04:49,052] {processor.py:161} INFO - Processing /home/airflow/dags/Lead_scoring_data_pipeline/lead_scoring_data_pipeline.py took 0.480 seconds
[2023-12-27 17:06:04,636] {processor.py:153} INFO - Started process (PID=3513) to work on /home/airflow/dags/Lead_scoring_data_pipeline/lead_scoring_data_pipeline.py
[2023-12-27 17:06:04,636] {processor.py:641} INFO - Processing file /home/airflow/dags/Lead_scoring_data_pipeline/lead_scoring_data_pipeline.py for tasks to queue
[2023-12-27 17:06:04,637] {logging_mixin.py:115} INFO - [2023-12-27 17:06:04,637] {dagbag.py:508} INFO - Filling up the DagBag from /home/airflow/dags/Lead_scoring_data_pipeline/lead_scoring_data_pipeline.py
[2023-12-27 17:06:04,800] {logging_mixin.py:115} INFO - [2023-12-27 17:06:04,800] {utils.py:145} INFO - Note: NumExpr detected 64 cores but "NUMEXPR_MAX_THREADS" not set, so enforcing safe limit of 8.
[2023-12-27 17:06:04,800] {logging_mixin.py:115} INFO - [2023-12-27 17:06:04,800] {utils.py:157} INFO - NumExpr defaulting to 8 threads.
[2023-12-27 17:06:04,928] {processor.py:651} INFO - DAG(s) dict_keys(['Lead_Scoring_Data_Engineering_Pipeline']) retrieved from /home/airflow/dags/Lead_scoring_data_pipeline/lead_scoring_data_pipeline.py
[2023-12-27 17:06:04,990] {logging_mixin.py:115} INFO - [2023-12-27 17:06:04,989] {dag.py:2420} INFO - Sync 1 DAGs
[2023-12-27 17:06:05,015] {logging_mixin.py:115} INFO - [2023-12-27 17:06:05,015] {dag.py:2968} INFO - Setting next_dagrun for Lead_Scoring_Data_Engineering_Pipeline to 2023-12-27T00:00:00+00:00, run_after=2023-12-28T00:00:00+00:00
[2023-12-27 17:06:05,058] {processor.py:161} INFO - Processing /home/airflow/dags/Lead_scoring_data_pipeline/lead_scoring_data_pipeline.py took 0.425 seconds
[2023-12-27 17:07:08,860] {processor.py:153} INFO - Started process (PID=3629) to work on /home/airflow/dags/Lead_scoring_data_pipeline/lead_scoring_data_pipeline.py
[2023-12-27 17:07:08,861] {processor.py:641} INFO - Processing file /home/airflow/dags/Lead_scoring_data_pipeline/lead_scoring_data_pipeline.py for tasks to queue
[2023-12-27 17:07:08,861] {logging_mixin.py:115} INFO - [2023-12-27 17:07:08,861] {dagbag.py:508} INFO - Filling up the DagBag from /home/airflow/dags/Lead_scoring_data_pipeline/lead_scoring_data_pipeline.py
[2023-12-27 17:07:09,030] {logging_mixin.py:115} INFO - [2023-12-27 17:07:09,030] {utils.py:145} INFO - Note: NumExpr detected 64 cores but "NUMEXPR_MAX_THREADS" not set, so enforcing safe limit of 8.
[2023-12-27 17:07:09,030] {logging_mixin.py:115} INFO - [2023-12-27 17:07:09,030] {utils.py:157} INFO - NumExpr defaulting to 8 threads.
[2023-12-27 17:07:09,158] {processor.py:651} INFO - DAG(s) dict_keys(['Lead_Scoring_Data_Engineering_Pipeline']) retrieved from /home/airflow/dags/Lead_scoring_data_pipeline/lead_scoring_data_pipeline.py
[2023-12-27 17:07:09,182] {logging_mixin.py:115} INFO - [2023-12-27 17:07:09,182] {dag.py:2420} INFO - Sync 1 DAGs
[2023-12-27 17:07:09,206] {logging_mixin.py:115} INFO - [2023-12-27 17:07:09,205] {dag.py:2968} INFO - Setting next_dagrun for Lead_Scoring_Data_Engineering_Pipeline to 2023-12-27T00:00:00+00:00, run_after=2023-12-28T00:00:00+00:00
[2023-12-27 17:07:09,244] {processor.py:161} INFO - Processing /home/airflow/dags/Lead_scoring_data_pipeline/lead_scoring_data_pipeline.py took 0.387 seconds
[2023-12-27 17:08:12,735] {processor.py:153} INFO - Started process (PID=3755) to work on /home/airflow/dags/Lead_scoring_data_pipeline/lead_scoring_data_pipeline.py
[2023-12-27 17:08:12,736] {processor.py:641} INFO - Processing file /home/airflow/dags/Lead_scoring_data_pipeline/lead_scoring_data_pipeline.py for tasks to queue
[2023-12-27 17:08:12,736] {logging_mixin.py:115} INFO - [2023-12-27 17:08:12,736] {dagbag.py:508} INFO - Filling up the DagBag from /home/airflow/dags/Lead_scoring_data_pipeline/lead_scoring_data_pipeline.py
[2023-12-27 17:08:12,912] {logging_mixin.py:115} INFO - [2023-12-27 17:08:12,912] {utils.py:145} INFO - Note: NumExpr detected 64 cores but "NUMEXPR_MAX_THREADS" not set, so enforcing safe limit of 8.
[2023-12-27 17:08:12,912] {logging_mixin.py:115} INFO - [2023-12-27 17:08:12,912] {utils.py:157} INFO - NumExpr defaulting to 8 threads.
[2023-12-27 17:08:13,046] {processor.py:651} INFO - DAG(s) dict_keys(['Lead_Scoring_Data_Engineering_Pipeline']) retrieved from /home/airflow/dags/Lead_scoring_data_pipeline/lead_scoring_data_pipeline.py
[2023-12-27 17:08:13,103] {logging_mixin.py:115} INFO - [2023-12-27 17:08:13,103] {dag.py:2420} INFO - Sync 1 DAGs
[2023-12-27 17:08:13,127] {logging_mixin.py:115} INFO - [2023-12-27 17:08:13,127] {dag.py:2968} INFO - Setting next_dagrun for Lead_Scoring_Data_Engineering_Pipeline to 2023-12-27T00:00:00+00:00, run_after=2023-12-28T00:00:00+00:00
[2023-12-27 17:08:13,168] {processor.py:161} INFO - Processing /home/airflow/dags/Lead_scoring_data_pipeline/lead_scoring_data_pipeline.py took 0.437 seconds
[2023-12-27 17:09:21,680] {processor.py:153} INFO - Started process (PID=3882) to work on /home/airflow/dags/Lead_scoring_data_pipeline/lead_scoring_data_pipeline.py
[2023-12-27 17:09:21,681] {processor.py:641} INFO - Processing file /home/airflow/dags/Lead_scoring_data_pipeline/lead_scoring_data_pipeline.py for tasks to queue
[2023-12-27 17:09:21,681] {logging_mixin.py:115} INFO - [2023-12-27 17:09:21,681] {dagbag.py:508} INFO - Filling up the DagBag from /home/airflow/dags/Lead_scoring_data_pipeline/lead_scoring_data_pipeline.py
[2023-12-27 17:09:21,845] {logging_mixin.py:115} INFO - [2023-12-27 17:09:21,845] {utils.py:145} INFO - Note: NumExpr detected 64 cores but "NUMEXPR_MAX_THREADS" not set, so enforcing safe limit of 8.
[2023-12-27 17:09:21,845] {logging_mixin.py:115} INFO - [2023-12-27 17:09:21,845] {utils.py:157} INFO - NumExpr defaulting to 8 threads.
[2023-12-27 17:09:21,972] {processor.py:651} INFO - DAG(s) dict_keys(['Lead_Scoring_Data_Engineering_Pipeline']) retrieved from /home/airflow/dags/Lead_scoring_data_pipeline/lead_scoring_data_pipeline.py
[2023-12-27 17:09:21,996] {logging_mixin.py:115} INFO - [2023-12-27 17:09:21,995] {dag.py:2420} INFO - Sync 1 DAGs
[2023-12-27 17:09:22,022] {logging_mixin.py:115} INFO - [2023-12-27 17:09:22,022] {dag.py:2968} INFO - Setting next_dagrun for Lead_Scoring_Data_Engineering_Pipeline to 2023-12-27T00:00:00+00:00, run_after=2023-12-28T00:00:00+00:00
[2023-12-27 17:09:22,060] {processor.py:161} INFO - Processing /home/airflow/dags/Lead_scoring_data_pipeline/lead_scoring_data_pipeline.py took 0.383 seconds
[2023-12-27 17:10:23,875] {processor.py:153} INFO - Started process (PID=3995) to work on /home/airflow/dags/Lead_scoring_data_pipeline/lead_scoring_data_pipeline.py
[2023-12-27 17:10:23,875] {processor.py:641} INFO - Processing file /home/airflow/dags/Lead_scoring_data_pipeline/lead_scoring_data_pipeline.py for tasks to queue
[2023-12-27 17:10:23,876] {logging_mixin.py:115} INFO - [2023-12-27 17:10:23,876] {dagbag.py:508} INFO - Filling up the DagBag from /home/airflow/dags/Lead_scoring_data_pipeline/lead_scoring_data_pipeline.py
[2023-12-27 17:10:24,041] {logging_mixin.py:115} INFO - [2023-12-27 17:10:24,041] {utils.py:145} INFO - Note: NumExpr detected 64 cores but "NUMEXPR_MAX_THREADS" not set, so enforcing safe limit of 8.
[2023-12-27 17:10:24,041] {logging_mixin.py:115} INFO - [2023-12-27 17:10:24,041] {utils.py:157} INFO - NumExpr defaulting to 8 threads.
[2023-12-27 17:10:24,168] {processor.py:651} INFO - DAG(s) dict_keys(['Lead_Scoring_Data_Engineering_Pipeline']) retrieved from /home/airflow/dags/Lead_scoring_data_pipeline/lead_scoring_data_pipeline.py
[2023-12-27 17:10:24,225] {logging_mixin.py:115} INFO - [2023-12-27 17:10:24,225] {dag.py:2420} INFO - Sync 1 DAGs
[2023-12-27 17:10:24,249] {logging_mixin.py:115} INFO - [2023-12-27 17:10:24,249] {dag.py:2968} INFO - Setting next_dagrun for Lead_Scoring_Data_Engineering_Pipeline to 2023-12-27T00:00:00+00:00, run_after=2023-12-28T00:00:00+00:00
[2023-12-27 17:10:24,292] {processor.py:161} INFO - Processing /home/airflow/dags/Lead_scoring_data_pipeline/lead_scoring_data_pipeline.py took 0.421 seconds
[2023-12-27 17:11:28,017] {processor.py:153} INFO - Started process (PID=4110) to work on /home/airflow/dags/Lead_scoring_data_pipeline/lead_scoring_data_pipeline.py
[2023-12-27 17:11:28,017] {processor.py:641} INFO - Processing file /home/airflow/dags/Lead_scoring_data_pipeline/lead_scoring_data_pipeline.py for tasks to queue
[2023-12-27 17:11:28,018] {logging_mixin.py:115} INFO - [2023-12-27 17:11:28,018] {dagbag.py:508} INFO - Filling up the DagBag from /home/airflow/dags/Lead_scoring_data_pipeline/lead_scoring_data_pipeline.py
[2023-12-27 17:11:28,190] {logging_mixin.py:115} INFO - [2023-12-27 17:11:28,190] {utils.py:145} INFO - Note: NumExpr detected 64 cores but "NUMEXPR_MAX_THREADS" not set, so enforcing safe limit of 8.
[2023-12-27 17:11:28,190] {logging_mixin.py:115} INFO - [2023-12-27 17:11:28,190] {utils.py:157} INFO - NumExpr defaulting to 8 threads.
[2023-12-27 17:11:28,330] {processor.py:651} INFO - DAG(s) dict_keys(['Lead_Scoring_Data_Engineering_Pipeline']) retrieved from /home/airflow/dags/Lead_scoring_data_pipeline/lead_scoring_data_pipeline.py
[2023-12-27 17:11:28,354] {logging_mixin.py:115} INFO - [2023-12-27 17:11:28,353] {dag.py:2420} INFO - Sync 1 DAGs
[2023-12-27 17:11:28,380] {logging_mixin.py:115} INFO - [2023-12-27 17:11:28,380] {dag.py:2968} INFO - Setting next_dagrun for Lead_Scoring_Data_Engineering_Pipeline to 2023-12-27T00:00:00+00:00, run_after=2023-12-28T00:00:00+00:00
[2023-12-27 17:11:28,418] {processor.py:161} INFO - Processing /home/airflow/dags/Lead_scoring_data_pipeline/lead_scoring_data_pipeline.py took 0.405 seconds
[2023-12-27 17:15:08,323] {processor.py:153} INFO - Started process (PID=4375) to work on /home/airflow/dags/Lead_scoring_data_pipeline/lead_scoring_data_pipeline.py
[2023-12-27 17:15:08,323] {processor.py:641} INFO - Processing file /home/airflow/dags/Lead_scoring_data_pipeline/lead_scoring_data_pipeline.py for tasks to queue
[2023-12-27 17:15:08,324] {logging_mixin.py:115} INFO - [2023-12-27 17:15:08,323] {dagbag.py:508} INFO - Filling up the DagBag from /home/airflow/dags/Lead_scoring_data_pipeline/lead_scoring_data_pipeline.py
[2023-12-27 17:15:08,592] {logging_mixin.py:115} INFO - [2023-12-27 17:15:08,592] {utils.py:145} INFO - Note: NumExpr detected 64 cores but "NUMEXPR_MAX_THREADS" not set, so enforcing safe limit of 8.
[2023-12-27 17:15:08,593] {logging_mixin.py:115} INFO - [2023-12-27 17:15:08,593] {utils.py:157} INFO - NumExpr defaulting to 8 threads.
[2023-12-27 17:15:08,720] {processor.py:651} INFO - DAG(s) dict_keys(['Lead_Scoring_Data_Engineering_Pipeline']) retrieved from /home/airflow/dags/Lead_scoring_data_pipeline/lead_scoring_data_pipeline.py
[2023-12-27 17:15:08,777] {logging_mixin.py:115} INFO - [2023-12-27 17:15:08,777] {dag.py:2420} INFO - Sync 1 DAGs
[2023-12-27 17:15:08,801] {logging_mixin.py:115} INFO - [2023-12-27 17:15:08,801] {dag.py:2968} INFO - Setting next_dagrun for Lead_Scoring_Data_Engineering_Pipeline to 2023-12-27T00:00:00+00:00, run_after=2023-12-28T00:00:00+00:00
[2023-12-27 17:15:08,847] {processor.py:161} INFO - Processing /home/airflow/dags/Lead_scoring_data_pipeline/lead_scoring_data_pipeline.py took 0.528 seconds
[2023-12-27 17:16:41,172] {processor.py:153} INFO - Started process (PID=4606) to work on /home/airflow/dags/Lead_scoring_data_pipeline/lead_scoring_data_pipeline.py
[2023-12-27 17:16:41,172] {processor.py:641} INFO - Processing file /home/airflow/dags/Lead_scoring_data_pipeline/lead_scoring_data_pipeline.py for tasks to queue
[2023-12-27 17:16:41,173] {logging_mixin.py:115} INFO - [2023-12-27 17:16:41,173] {dagbag.py:508} INFO - Filling up the DagBag from /home/airflow/dags/Lead_scoring_data_pipeline/lead_scoring_data_pipeline.py
[2023-12-27 17:16:41,436] {logging_mixin.py:115} INFO - [2023-12-27 17:16:41,436] {utils.py:145} INFO - Note: NumExpr detected 64 cores but "NUMEXPR_MAX_THREADS" not set, so enforcing safe limit of 8.
[2023-12-27 17:16:41,436] {logging_mixin.py:115} INFO - [2023-12-27 17:16:41,436] {utils.py:157} INFO - NumExpr defaulting to 8 threads.
[2023-12-27 17:16:41,563] {processor.py:651} INFO - DAG(s) dict_keys(['Lead_Scoring_Data_Engineering_Pipeline']) retrieved from /home/airflow/dags/Lead_scoring_data_pipeline/lead_scoring_data_pipeline.py
[2023-12-27 17:16:41,586] {logging_mixin.py:115} INFO - [2023-12-27 17:16:41,585] {dag.py:2420} INFO - Sync 1 DAGs
[2023-12-27 17:16:41,611] {logging_mixin.py:115} INFO - [2023-12-27 17:16:41,611] {dag.py:2968} INFO - Setting next_dagrun for Lead_Scoring_Data_Engineering_Pipeline to 2023-12-27T00:00:00+00:00, run_after=2023-12-28T00:00:00+00:00
[2023-12-27 17:16:41,652] {processor.py:161} INFO - Processing /home/airflow/dags/Lead_scoring_data_pipeline/lead_scoring_data_pipeline.py took 0.483 seconds
[2023-12-27 17:17:41,724] {processor.py:153} INFO - Started process (PID=4713) to work on /home/airflow/dags/Lead_scoring_data_pipeline/lead_scoring_data_pipeline.py
[2023-12-27 17:17:41,725] {processor.py:641} INFO - Processing file /home/airflow/dags/Lead_scoring_data_pipeline/lead_scoring_data_pipeline.py for tasks to queue
[2023-12-27 17:17:41,725] {logging_mixin.py:115} INFO - [2023-12-27 17:17:41,725] {dagbag.py:508} INFO - Filling up the DagBag from /home/airflow/dags/Lead_scoring_data_pipeline/lead_scoring_data_pipeline.py
[2023-12-27 17:17:42,038] {logging_mixin.py:115} INFO - [2023-12-27 17:17:42,038] {utils.py:145} INFO - Note: NumExpr detected 64 cores but "NUMEXPR_MAX_THREADS" not set, so enforcing safe limit of 8.
[2023-12-27 17:17:42,038] {logging_mixin.py:115} INFO - [2023-12-27 17:17:42,038] {utils.py:157} INFO - NumExpr defaulting to 8 threads.
[2023-12-27 17:17:42,163] {processor.py:651} INFO - DAG(s) dict_keys(['Lead_Scoring_Data_Engineering_Pipeline']) retrieved from /home/airflow/dags/Lead_scoring_data_pipeline/lead_scoring_data_pipeline.py
[2023-12-27 17:17:42,219] {logging_mixin.py:115} INFO - [2023-12-27 17:17:42,219] {dag.py:2420} INFO - Sync 1 DAGs
[2023-12-27 17:17:42,242] {logging_mixin.py:115} INFO - [2023-12-27 17:17:42,242] {dag.py:2968} INFO - Setting next_dagrun for Lead_Scoring_Data_Engineering_Pipeline to 2023-12-27T00:00:00+00:00, run_after=2023-12-28T00:00:00+00:00
[2023-12-27 17:17:42,286] {processor.py:161} INFO - Processing /home/airflow/dags/Lead_scoring_data_pipeline/lead_scoring_data_pipeline.py took 0.565 seconds
[2023-12-27 17:19:17,411] {processor.py:153} INFO - Started process (PID=4957) to work on /home/airflow/dags/Lead_scoring_data_pipeline/lead_scoring_data_pipeline.py
[2023-12-27 17:19:17,412] {processor.py:641} INFO - Processing file /home/airflow/dags/Lead_scoring_data_pipeline/lead_scoring_data_pipeline.py for tasks to queue
[2023-12-27 17:19:17,412] {logging_mixin.py:115} INFO - [2023-12-27 17:19:17,412] {dagbag.py:508} INFO - Filling up the DagBag from /home/airflow/dags/Lead_scoring_data_pipeline/lead_scoring_data_pipeline.py
[2023-12-27 17:19:17,676] {logging_mixin.py:115} INFO - [2023-12-27 17:19:17,676] {utils.py:145} INFO - Note: NumExpr detected 64 cores but "NUMEXPR_MAX_THREADS" not set, so enforcing safe limit of 8.
[2023-12-27 17:19:17,676] {logging_mixin.py:115} INFO - [2023-12-27 17:19:17,676] {utils.py:157} INFO - NumExpr defaulting to 8 threads.
[2023-12-27 17:19:17,803] {processor.py:651} INFO - DAG(s) dict_keys(['Lead_Scoring_Data_Engineering_Pipeline']) retrieved from /home/airflow/dags/Lead_scoring_data_pipeline/lead_scoring_data_pipeline.py
[2023-12-27 17:19:17,827] {logging_mixin.py:115} INFO - [2023-12-27 17:19:17,827] {dag.py:2420} INFO - Sync 1 DAGs
[2023-12-27 17:19:17,852] {logging_mixin.py:115} INFO - [2023-12-27 17:19:17,852] {dag.py:2968} INFO - Setting next_dagrun for Lead_Scoring_Data_Engineering_Pipeline to 2023-12-27T00:00:00+00:00, run_after=2023-12-28T00:00:00+00:00
[2023-12-27 17:19:17,890] {processor.py:161} INFO - Processing /home/airflow/dags/Lead_scoring_data_pipeline/lead_scoring_data_pipeline.py took 0.482 seconds
[2023-12-27 17:20:28,304] {processor.py:153} INFO - Started process (PID=5084) to work on /home/airflow/dags/Lead_scoring_data_pipeline/lead_scoring_data_pipeline.py
[2023-12-27 17:20:28,304] {processor.py:641} INFO - Processing file /home/airflow/dags/Lead_scoring_data_pipeline/lead_scoring_data_pipeline.py for tasks to queue
[2023-12-27 17:20:28,305] {logging_mixin.py:115} INFO - [2023-12-27 17:20:28,305] {dagbag.py:508} INFO - Filling up the DagBag from /home/airflow/dags/Lead_scoring_data_pipeline/lead_scoring_data_pipeline.py
[2023-12-27 17:20:28,474] {logging_mixin.py:115} INFO - [2023-12-27 17:20:28,474] {utils.py:145} INFO - Note: NumExpr detected 64 cores but "NUMEXPR_MAX_THREADS" not set, so enforcing safe limit of 8.
[2023-12-27 17:20:28,474] {logging_mixin.py:115} INFO - [2023-12-27 17:20:28,474] {utils.py:157} INFO - NumExpr defaulting to 8 threads.
[2023-12-27 17:20:28,602] {processor.py:651} INFO - DAG(s) dict_keys(['Lead_Scoring_Data_Engineering_Pipeline']) retrieved from /home/airflow/dags/Lead_scoring_data_pipeline/lead_scoring_data_pipeline.py
[2023-12-27 17:20:28,664] {logging_mixin.py:115} INFO - [2023-12-27 17:20:28,664] {dag.py:2420} INFO - Sync 1 DAGs
[2023-12-27 17:20:28,689] {logging_mixin.py:115} INFO - [2023-12-27 17:20:28,688] {dag.py:2968} INFO - Setting next_dagrun for Lead_Scoring_Data_Engineering_Pipeline to 2023-12-27T00:00:00+00:00, run_after=2023-12-28T00:00:00+00:00
[2023-12-27 17:20:28,736] {processor.py:161} INFO - Processing /home/airflow/dags/Lead_scoring_data_pipeline/lead_scoring_data_pipeline.py took 0.435 seconds
[2023-12-27 17:21:35,795] {processor.py:153} INFO - Started process (PID=5222) to work on /home/airflow/dags/Lead_scoring_data_pipeline/lead_scoring_data_pipeline.py
[2023-12-27 17:21:35,796] {processor.py:641} INFO - Processing file /home/airflow/dags/Lead_scoring_data_pipeline/lead_scoring_data_pipeline.py for tasks to queue
[2023-12-27 17:21:35,796] {logging_mixin.py:115} INFO - [2023-12-27 17:21:35,796] {dagbag.py:508} INFO - Filling up the DagBag from /home/airflow/dags/Lead_scoring_data_pipeline/lead_scoring_data_pipeline.py
[2023-12-27 17:21:35,962] {logging_mixin.py:115} INFO - [2023-12-27 17:21:35,962] {utils.py:145} INFO - Note: NumExpr detected 64 cores but "NUMEXPR_MAX_THREADS" not set, so enforcing safe limit of 8.
[2023-12-27 17:21:35,962] {logging_mixin.py:115} INFO - [2023-12-27 17:21:35,962] {utils.py:157} INFO - NumExpr defaulting to 8 threads.
[2023-12-27 17:21:36,092] {processor.py:651} INFO - DAG(s) dict_keys(['Lead_Scoring_Data_Engineering_Pipeline']) retrieved from /home/airflow/dags/Lead_scoring_data_pipeline/lead_scoring_data_pipeline.py
[2023-12-27 17:21:36,115] {logging_mixin.py:115} INFO - [2023-12-27 17:21:36,114] {dag.py:2420} INFO - Sync 1 DAGs
[2023-12-27 17:21:36,141] {logging_mixin.py:115} INFO - [2023-12-27 17:21:36,141] {dag.py:2968} INFO - Setting next_dagrun for Lead_Scoring_Data_Engineering_Pipeline to 2023-12-27T00:00:00+00:00, run_after=2023-12-28T00:00:00+00:00
[2023-12-27 17:21:36,185] {processor.py:161} INFO - Processing /home/airflow/dags/Lead_scoring_data_pipeline/lead_scoring_data_pipeline.py took 0.392 seconds
