[2023-12-27 17:01:02,000] {processor.py:153} INFO - Started process (PID=2856) to work on /home/airflow/dags/Lead_scoring_inference_pipeline/constants.py
[2023-12-27 17:01:02,001] {processor.py:641} INFO - Processing file /home/airflow/dags/Lead_scoring_inference_pipeline/constants.py for tasks to queue
[2023-12-27 17:01:02,001] {logging_mixin.py:115} INFO - [2023-12-27 17:01:02,001] {dagbag.py:508} INFO - Filling up the DagBag from /home/airflow/dags/Lead_scoring_inference_pipeline/constants.py
[2023-12-27 17:01:02,010] {processor.py:653} WARNING - No viable dags retrieved from /home/airflow/dags/Lead_scoring_inference_pipeline/constants.py
[2023-12-27 17:01:02,031] {processor.py:161} INFO - Processing /home/airflow/dags/Lead_scoring_inference_pipeline/constants.py took 0.035 seconds
[2023-12-27 17:02:09,979] {processor.py:153} INFO - Started process (PID=2968) to work on /home/airflow/dags/Lead_scoring_inference_pipeline/constants.py
[2023-12-27 17:02:09,979] {processor.py:641} INFO - Processing file /home/airflow/dags/Lead_scoring_inference_pipeline/constants.py for tasks to queue
[2023-12-27 17:02:09,980] {logging_mixin.py:115} INFO - [2023-12-27 17:02:09,980] {dagbag.py:508} INFO - Filling up the DagBag from /home/airflow/dags/Lead_scoring_inference_pipeline/constants.py
[2023-12-27 17:02:09,981] {processor.py:653} WARNING - No viable dags retrieved from /home/airflow/dags/Lead_scoring_inference_pipeline/constants.py
[2023-12-27 17:02:10,115] {processor.py:161} INFO - Processing /home/airflow/dags/Lead_scoring_inference_pipeline/constants.py took 0.139 seconds
[2023-12-27 17:03:17,792] {processor.py:153} INFO - Started process (PID=3170) to work on /home/airflow/dags/Lead_scoring_inference_pipeline/constants.py
[2023-12-27 17:03:17,792] {processor.py:641} INFO - Processing file /home/airflow/dags/Lead_scoring_inference_pipeline/constants.py for tasks to queue
[2023-12-27 17:03:17,793] {logging_mixin.py:115} INFO - [2023-12-27 17:03:17,793] {dagbag.py:508} INFO - Filling up the DagBag from /home/airflow/dags/Lead_scoring_inference_pipeline/constants.py
[2023-12-27 17:03:17,794] {processor.py:653} WARNING - No viable dags retrieved from /home/airflow/dags/Lead_scoring_inference_pipeline/constants.py
[2023-12-27 17:03:17,938] {processor.py:161} INFO - Processing /home/airflow/dags/Lead_scoring_inference_pipeline/constants.py took 0.149 seconds
[2023-12-27 17:04:30,008] {processor.py:153} INFO - Started process (PID=3314) to work on /home/airflow/dags/Lead_scoring_inference_pipeline/constants.py
[2023-12-27 17:04:30,008] {processor.py:641} INFO - Processing file /home/airflow/dags/Lead_scoring_inference_pipeline/constants.py for tasks to queue
[2023-12-27 17:04:30,009] {logging_mixin.py:115} INFO - [2023-12-27 17:04:30,009] {dagbag.py:508} INFO - Filling up the DagBag from /home/airflow/dags/Lead_scoring_inference_pipeline/constants.py
[2023-12-27 17:04:30,010] {processor.py:653} WARNING - No viable dags retrieved from /home/airflow/dags/Lead_scoring_inference_pipeline/constants.py
[2023-12-27 17:04:30,147] {processor.py:161} INFO - Processing /home/airflow/dags/Lead_scoring_inference_pipeline/constants.py took 0.142 seconds
[2023-12-27 17:05:08,708] {processor.py:153} INFO - Started process (PID=3403) to work on /home/airflow/dags/Lead_scoring_inference_pipeline/constants.py
[2023-12-27 17:05:08,708] {processor.py:641} INFO - Processing file /home/airflow/dags/Lead_scoring_inference_pipeline/constants.py for tasks to queue
[2023-12-27 17:05:08,709] {logging_mixin.py:115} INFO - [2023-12-27 17:05:08,709] {dagbag.py:508} INFO - Filling up the DagBag from /home/airflow/dags/Lead_scoring_inference_pipeline/constants.py
[2023-12-27 17:05:08,711] {processor.py:653} WARNING - No viable dags retrieved from /home/airflow/dags/Lead_scoring_inference_pipeline/constants.py
[2023-12-27 17:05:08,844] {processor.py:161} INFO - Processing /home/airflow/dags/Lead_scoring_inference_pipeline/constants.py took 0.139 seconds
[2023-12-27 17:05:45,947] {processor.py:153} INFO - Started process (PID=3455) to work on /home/airflow/dags/Lead_scoring_inference_pipeline/constants.py
[2023-12-27 17:05:45,947] {processor.py:641} INFO - Processing file /home/airflow/dags/Lead_scoring_inference_pipeline/constants.py for tasks to queue
[2023-12-27 17:05:45,948] {logging_mixin.py:115} INFO - [2023-12-27 17:05:45,948] {dagbag.py:508} INFO - Filling up the DagBag from /home/airflow/dags/Lead_scoring_inference_pipeline/constants.py
[2023-12-27 17:05:45,949] {processor.py:653} WARNING - No viable dags retrieved from /home/airflow/dags/Lead_scoring_inference_pipeline/constants.py
[2023-12-27 17:05:46,079] {processor.py:161} INFO - Processing /home/airflow/dags/Lead_scoring_inference_pipeline/constants.py took 0.135 seconds
[2023-12-27 17:06:22,139] {processor.py:153} INFO - Started process (PID=3544) to work on /home/airflow/dags/Lead_scoring_inference_pipeline/constants.py
[2023-12-27 17:06:22,139] {processor.py:641} INFO - Processing file /home/airflow/dags/Lead_scoring_inference_pipeline/constants.py for tasks to queue
[2023-12-27 17:06:22,140] {logging_mixin.py:115} INFO - [2023-12-27 17:06:22,139] {dagbag.py:508} INFO - Filling up the DagBag from /home/airflow/dags/Lead_scoring_inference_pipeline/constants.py
[2023-12-27 17:06:22,141] {processor.py:653} WARNING - No viable dags retrieved from /home/airflow/dags/Lead_scoring_inference_pipeline/constants.py
[2023-12-27 17:06:22,167] {processor.py:161} INFO - Processing /home/airflow/dags/Lead_scoring_inference_pipeline/constants.py took 0.031 seconds
[2023-12-27 17:06:54,054] {processor.py:153} INFO - Started process (PID=3587) to work on /home/airflow/dags/Lead_scoring_inference_pipeline/constants.py
[2023-12-27 17:06:54,054] {processor.py:641} INFO - Processing file /home/airflow/dags/Lead_scoring_inference_pipeline/constants.py for tasks to queue
[2023-12-27 17:06:54,055] {logging_mixin.py:115} INFO - [2023-12-27 17:06:54,055] {dagbag.py:508} INFO - Filling up the DagBag from /home/airflow/dags/Lead_scoring_inference_pipeline/constants.py
[2023-12-27 17:06:54,056] {processor.py:653} WARNING - No viable dags retrieved from /home/airflow/dags/Lead_scoring_inference_pipeline/constants.py
[2023-12-27 17:06:54,083] {processor.py:161} INFO - Processing /home/airflow/dags/Lead_scoring_inference_pipeline/constants.py took 0.032 seconds
[2023-12-27 17:07:26,467] {processor.py:153} INFO - Started process (PID=3665) to work on /home/airflow/dags/Lead_scoring_inference_pipeline/constants.py
[2023-12-27 17:07:26,467] {processor.py:641} INFO - Processing file /home/airflow/dags/Lead_scoring_inference_pipeline/constants.py for tasks to queue
[2023-12-27 17:07:26,468] {logging_mixin.py:115} INFO - [2023-12-27 17:07:26,468] {dagbag.py:508} INFO - Filling up the DagBag from /home/airflow/dags/Lead_scoring_inference_pipeline/constants.py
[2023-12-27 17:07:26,469] {processor.py:653} WARNING - No viable dags retrieved from /home/airflow/dags/Lead_scoring_inference_pipeline/constants.py
[2023-12-27 17:07:26,498] {processor.py:161} INFO - Processing /home/airflow/dags/Lead_scoring_inference_pipeline/constants.py took 0.034 seconds
[2023-12-27 17:07:58,394] {processor.py:153} INFO - Started process (PID=3714) to work on /home/airflow/dags/Lead_scoring_inference_pipeline/constants.py
[2023-12-27 17:07:58,395] {processor.py:641} INFO - Processing file /home/airflow/dags/Lead_scoring_inference_pipeline/constants.py for tasks to queue
[2023-12-27 17:07:58,395] {logging_mixin.py:115} INFO - [2023-12-27 17:07:58,395] {dagbag.py:508} INFO - Filling up the DagBag from /home/airflow/dags/Lead_scoring_inference_pipeline/constants.py
[2023-12-27 17:07:58,397] {processor.py:653} WARNING - No viable dags retrieved from /home/airflow/dags/Lead_scoring_inference_pipeline/constants.py
[2023-12-27 17:07:58,426] {processor.py:161} INFO - Processing /home/airflow/dags/Lead_scoring_inference_pipeline/constants.py took 0.035 seconds
[2023-12-27 17:08:30,771] {processor.py:153} INFO - Started process (PID=3786) to work on /home/airflow/dags/Lead_scoring_inference_pipeline/constants.py
[2023-12-27 17:08:30,771] {processor.py:641} INFO - Processing file /home/airflow/dags/Lead_scoring_inference_pipeline/constants.py for tasks to queue
[2023-12-27 17:08:30,772] {logging_mixin.py:115} INFO - [2023-12-27 17:08:30,772] {dagbag.py:508} INFO - Filling up the DagBag from /home/airflow/dags/Lead_scoring_inference_pipeline/constants.py
[2023-12-27 17:08:30,773] {processor.py:653} WARNING - No viable dags retrieved from /home/airflow/dags/Lead_scoring_inference_pipeline/constants.py
[2023-12-27 17:08:30,802] {processor.py:161} INFO - Processing /home/airflow/dags/Lead_scoring_inference_pipeline/constants.py took 0.034 seconds
[2023-12-27 17:09:05,030] {processor.py:153} INFO - Started process (PID=3833) to work on /home/airflow/dags/Lead_scoring_inference_pipeline/constants.py
[2023-12-27 17:09:05,031] {processor.py:641} INFO - Processing file /home/airflow/dags/Lead_scoring_inference_pipeline/constants.py for tasks to queue
[2023-12-27 17:09:05,031] {logging_mixin.py:115} INFO - [2023-12-27 17:09:05,031] {dagbag.py:508} INFO - Filling up the DagBag from /home/airflow/dags/Lead_scoring_inference_pipeline/constants.py
[2023-12-27 17:09:05,033] {processor.py:653} WARNING - No viable dags retrieved from /home/airflow/dags/Lead_scoring_inference_pipeline/constants.py
[2023-12-27 17:09:05,061] {processor.py:161} INFO - Processing /home/airflow/dags/Lead_scoring_inference_pipeline/constants.py took 0.034 seconds
[2023-12-27 17:09:37,691] {processor.py:153} INFO - Started process (PID=3913) to work on /home/airflow/dags/Lead_scoring_inference_pipeline/constants.py
[2023-12-27 17:09:37,692] {processor.py:641} INFO - Processing file /home/airflow/dags/Lead_scoring_inference_pipeline/constants.py for tasks to queue
[2023-12-27 17:09:37,692] {logging_mixin.py:115} INFO - [2023-12-27 17:09:37,692] {dagbag.py:508} INFO - Filling up the DagBag from /home/airflow/dags/Lead_scoring_inference_pipeline/constants.py
[2023-12-27 17:09:37,694] {processor.py:653} WARNING - No viable dags retrieved from /home/airflow/dags/Lead_scoring_inference_pipeline/constants.py
[2023-12-27 17:09:37,721] {processor.py:161} INFO - Processing /home/airflow/dags/Lead_scoring_inference_pipeline/constants.py took 0.033 seconds
[2023-12-27 17:10:08,311] {processor.py:153} INFO - Started process (PID=3947) to work on /home/airflow/dags/Lead_scoring_inference_pipeline/constants.py
[2023-12-27 17:10:08,312] {processor.py:641} INFO - Processing file /home/airflow/dags/Lead_scoring_inference_pipeline/constants.py for tasks to queue
[2023-12-27 17:10:08,312] {logging_mixin.py:115} INFO - [2023-12-27 17:10:08,312] {dagbag.py:508} INFO - Filling up the DagBag from /home/airflow/dags/Lead_scoring_inference_pipeline/constants.py
[2023-12-27 17:10:08,314] {processor.py:653} WARNING - No viable dags retrieved from /home/airflow/dags/Lead_scoring_inference_pipeline/constants.py
[2023-12-27 17:10:08,342] {processor.py:161} INFO - Processing /home/airflow/dags/Lead_scoring_inference_pipeline/constants.py took 0.034 seconds
[2023-12-27 17:10:39,943] {processor.py:153} INFO - Started process (PID=4026) to work on /home/airflow/dags/Lead_scoring_inference_pipeline/constants.py
[2023-12-27 17:10:39,944] {processor.py:641} INFO - Processing file /home/airflow/dags/Lead_scoring_inference_pipeline/constants.py for tasks to queue
[2023-12-27 17:10:39,945] {logging_mixin.py:115} INFO - [2023-12-27 17:10:39,944] {dagbag.py:508} INFO - Filling up the DagBag from /home/airflow/dags/Lead_scoring_inference_pipeline/constants.py
[2023-12-27 17:10:39,947] {processor.py:653} WARNING - No viable dags retrieved from /home/airflow/dags/Lead_scoring_inference_pipeline/constants.py
[2023-12-27 17:10:39,974] {processor.py:161} INFO - Processing /home/airflow/dags/Lead_scoring_inference_pipeline/constants.py took 0.034 seconds
[2023-12-27 17:11:12,548] {processor.py:153} INFO - Started process (PID=4062) to work on /home/airflow/dags/Lead_scoring_inference_pipeline/constants.py
[2023-12-27 17:11:12,548] {processor.py:641} INFO - Processing file /home/airflow/dags/Lead_scoring_inference_pipeline/constants.py for tasks to queue
[2023-12-27 17:11:12,549] {logging_mixin.py:115} INFO - [2023-12-27 17:11:12,548] {dagbag.py:508} INFO - Filling up the DagBag from /home/airflow/dags/Lead_scoring_inference_pipeline/constants.py
[2023-12-27 17:11:12,550] {processor.py:653} WARNING - No viable dags retrieved from /home/airflow/dags/Lead_scoring_inference_pipeline/constants.py
[2023-12-27 17:11:12,579] {processor.py:161} INFO - Processing /home/airflow/dags/Lead_scoring_inference_pipeline/constants.py took 0.035 seconds
[2023-12-27 17:11:47,096] {processor.py:153} INFO - Started process (PID=4141) to work on /home/airflow/dags/Lead_scoring_inference_pipeline/constants.py
[2023-12-27 17:11:47,097] {processor.py:641} INFO - Processing file /home/airflow/dags/Lead_scoring_inference_pipeline/constants.py for tasks to queue
[2023-12-27 17:11:47,097] {logging_mixin.py:115} INFO - [2023-12-27 17:11:47,097] {dagbag.py:508} INFO - Filling up the DagBag from /home/airflow/dags/Lead_scoring_inference_pipeline/constants.py
[2023-12-27 17:11:47,099] {processor.py:653} WARNING - No viable dags retrieved from /home/airflow/dags/Lead_scoring_inference_pipeline/constants.py
[2023-12-27 17:11:47,126] {processor.py:161} INFO - Processing /home/airflow/dags/Lead_scoring_inference_pipeline/constants.py took 0.034 seconds
[2023-12-27 17:12:19,440] {processor.py:153} INFO - Started process (PID=4186) to work on /home/airflow/dags/Lead_scoring_inference_pipeline/constants.py
[2023-12-27 17:12:19,440] {processor.py:641} INFO - Processing file /home/airflow/dags/Lead_scoring_inference_pipeline/constants.py for tasks to queue
[2023-12-27 17:12:19,441] {logging_mixin.py:115} INFO - [2023-12-27 17:12:19,440] {dagbag.py:508} INFO - Filling up the DagBag from /home/airflow/dags/Lead_scoring_inference_pipeline/constants.py
[2023-12-27 17:12:19,443] {processor.py:653} WARNING - No viable dags retrieved from /home/airflow/dags/Lead_scoring_inference_pipeline/constants.py
[2023-12-27 17:12:19,470] {processor.py:161} INFO - Processing /home/airflow/dags/Lead_scoring_inference_pipeline/constants.py took 0.034 seconds
[2023-12-27 17:14:49,263] {processor.py:153} INFO - Started process (PID=4317) to work on /home/airflow/dags/Lead_scoring_inference_pipeline/constants.py
[2023-12-27 17:14:49,263] {processor.py:641} INFO - Processing file /home/airflow/dags/Lead_scoring_inference_pipeline/constants.py for tasks to queue
[2023-12-27 17:14:49,264] {logging_mixin.py:115} INFO - [2023-12-27 17:14:49,264] {dagbag.py:508} INFO - Filling up the DagBag from /home/airflow/dags/Lead_scoring_inference_pipeline/constants.py
[2023-12-27 17:14:49,265] {processor.py:653} WARNING - No viable dags retrieved from /home/airflow/dags/Lead_scoring_inference_pipeline/constants.py
[2023-12-27 17:14:49,400] {processor.py:161} INFO - Processing /home/airflow/dags/Lead_scoring_inference_pipeline/constants.py took 0.140 seconds
[2023-12-27 17:16:23,131] {processor.py:153} INFO - Started process (PID=4548) to work on /home/airflow/dags/Lead_scoring_inference_pipeline/constants.py
[2023-12-27 17:16:23,132] {processor.py:641} INFO - Processing file /home/airflow/dags/Lead_scoring_inference_pipeline/constants.py for tasks to queue
[2023-12-27 17:16:23,132] {logging_mixin.py:115} INFO - [2023-12-27 17:16:23,132] {dagbag.py:508} INFO - Filling up the DagBag from /home/airflow/dags/Lead_scoring_inference_pipeline/constants.py
[2023-12-27 17:16:23,134] {processor.py:653} WARNING - No viable dags retrieved from /home/airflow/dags/Lead_scoring_inference_pipeline/constants.py
[2023-12-27 17:16:23,269] {processor.py:161} INFO - Processing /home/airflow/dags/Lead_scoring_inference_pipeline/constants.py took 0.141 seconds
[2023-12-27 17:17:24,260] {processor.py:153} INFO - Started process (PID=4655) to work on /home/airflow/dags/Lead_scoring_inference_pipeline/constants.py
[2023-12-27 17:17:24,261] {processor.py:641} INFO - Processing file /home/airflow/dags/Lead_scoring_inference_pipeline/constants.py for tasks to queue
[2023-12-27 17:17:24,261] {logging_mixin.py:115} INFO - [2023-12-27 17:17:24,261] {dagbag.py:508} INFO - Filling up the DagBag from /home/airflow/dags/Lead_scoring_inference_pipeline/constants.py
[2023-12-27 17:17:24,263] {processor.py:653} WARNING - No viable dags retrieved from /home/airflow/dags/Lead_scoring_inference_pipeline/constants.py
[2023-12-27 17:17:24,398] {processor.py:161} INFO - Processing /home/airflow/dags/Lead_scoring_inference_pipeline/constants.py took 0.141 seconds
[2023-12-27 17:18:12,187] {processor.py:153} INFO - Started process (PID=4818) to work on /home/airflow/dags/Lead_scoring_inference_pipeline/constants.py
[2023-12-27 17:18:12,187] {processor.py:641} INFO - Processing file /home/airflow/dags/Lead_scoring_inference_pipeline/constants.py for tasks to queue
[2023-12-27 17:18:12,188] {logging_mixin.py:115} INFO - [2023-12-27 17:18:12,188] {dagbag.py:508} INFO - Filling up the DagBag from /home/airflow/dags/Lead_scoring_inference_pipeline/constants.py
[2023-12-27 17:18:12,189] {processor.py:653} WARNING - No viable dags retrieved from /home/airflow/dags/Lead_scoring_inference_pipeline/constants.py
[2023-12-27 17:18:12,323] {processor.py:161} INFO - Processing /home/airflow/dags/Lead_scoring_inference_pipeline/constants.py took 0.139 seconds
[2023-12-27 17:18:59,925] {processor.py:153} INFO - Started process (PID=4900) to work on /home/airflow/dags/Lead_scoring_inference_pipeline/constants.py
[2023-12-27 17:18:59,926] {processor.py:641} INFO - Processing file /home/airflow/dags/Lead_scoring_inference_pipeline/constants.py for tasks to queue
[2023-12-27 17:18:59,926] {logging_mixin.py:115} INFO - [2023-12-27 17:18:59,926] {dagbag.py:508} INFO - Filling up the DagBag from /home/airflow/dags/Lead_scoring_inference_pipeline/constants.py
[2023-12-27 17:18:59,928] {processor.py:653} WARNING - No viable dags retrieved from /home/airflow/dags/Lead_scoring_inference_pipeline/constants.py
[2023-12-27 17:19:00,056] {processor.py:161} INFO - Processing /home/airflow/dags/Lead_scoring_inference_pipeline/constants.py took 0.134 seconds
[2023-12-27 17:19:36,448] {processor.py:153} INFO - Started process (PID=4988) to work on /home/airflow/dags/Lead_scoring_inference_pipeline/constants.py
[2023-12-27 17:19:36,448] {processor.py:641} INFO - Processing file /home/airflow/dags/Lead_scoring_inference_pipeline/constants.py for tasks to queue
[2023-12-27 17:19:36,448] {logging_mixin.py:115} INFO - [2023-12-27 17:19:36,448] {dagbag.py:508} INFO - Filling up the DagBag from /home/airflow/dags/Lead_scoring_inference_pipeline/constants.py
[2023-12-27 17:19:36,450] {processor.py:653} WARNING - No viable dags retrieved from /home/airflow/dags/Lead_scoring_inference_pipeline/constants.py
[2023-12-27 17:19:36,580] {processor.py:161} INFO - Processing /home/airflow/dags/Lead_scoring_inference_pipeline/constants.py took 0.135 seconds
[2023-12-27 17:20:11,744] {processor.py:153} INFO - Started process (PID=5027) to work on /home/airflow/dags/Lead_scoring_inference_pipeline/constants.py
[2023-12-27 17:20:11,745] {processor.py:641} INFO - Processing file /home/airflow/dags/Lead_scoring_inference_pipeline/constants.py for tasks to queue
[2023-12-27 17:20:11,745] {logging_mixin.py:115} INFO - [2023-12-27 17:20:11,745] {dagbag.py:508} INFO - Filling up the DagBag from /home/airflow/dags/Lead_scoring_inference_pipeline/constants.py
[2023-12-27 17:20:11,747] {processor.py:653} WARNING - No viable dags retrieved from /home/airflow/dags/Lead_scoring_inference_pipeline/constants.py
[2023-12-27 17:20:11,780] {processor.py:161} INFO - Processing /home/airflow/dags/Lead_scoring_inference_pipeline/constants.py took 0.039 seconds
[2023-12-27 17:20:45,927] {processor.py:153} INFO - Started process (PID=5116) to work on /home/airflow/dags/Lead_scoring_inference_pipeline/constants.py
[2023-12-27 17:20:45,927] {processor.py:641} INFO - Processing file /home/airflow/dags/Lead_scoring_inference_pipeline/constants.py for tasks to queue
[2023-12-27 17:20:45,928] {logging_mixin.py:115} INFO - [2023-12-27 17:20:45,928] {dagbag.py:508} INFO - Filling up the DagBag from /home/airflow/dags/Lead_scoring_inference_pipeline/constants.py
[2023-12-27 17:20:45,930] {processor.py:653} WARNING - No viable dags retrieved from /home/airflow/dags/Lead_scoring_inference_pipeline/constants.py
[2023-12-27 17:20:45,962] {processor.py:161} INFO - Processing /home/airflow/dags/Lead_scoring_inference_pipeline/constants.py took 0.038 seconds
[2023-12-27 17:21:18,648] {processor.py:153} INFO - Started process (PID=5165) to work on /home/airflow/dags/Lead_scoring_inference_pipeline/constants.py
[2023-12-27 17:21:18,648] {processor.py:641} INFO - Processing file /home/airflow/dags/Lead_scoring_inference_pipeline/constants.py for tasks to queue
[2023-12-27 17:21:18,649] {logging_mixin.py:115} INFO - [2023-12-27 17:21:18,648] {dagbag.py:508} INFO - Filling up the DagBag from /home/airflow/dags/Lead_scoring_inference_pipeline/constants.py
[2023-12-27 17:21:18,651] {processor.py:653} WARNING - No viable dags retrieved from /home/airflow/dags/Lead_scoring_inference_pipeline/constants.py
[2023-12-27 17:21:18,681] {processor.py:161} INFO - Processing /home/airflow/dags/Lead_scoring_inference_pipeline/constants.py took 0.036 seconds
[2023-12-27 17:21:54,314] {processor.py:153} INFO - Started process (PID=5253) to work on /home/airflow/dags/Lead_scoring_inference_pipeline/constants.py
[2023-12-27 17:21:54,314] {processor.py:641} INFO - Processing file /home/airflow/dags/Lead_scoring_inference_pipeline/constants.py for tasks to queue
[2023-12-27 17:21:54,315] {logging_mixin.py:115} INFO - [2023-12-27 17:21:54,315] {dagbag.py:508} INFO - Filling up the DagBag from /home/airflow/dags/Lead_scoring_inference_pipeline/constants.py
[2023-12-27 17:21:54,316] {processor.py:653} WARNING - No viable dags retrieved from /home/airflow/dags/Lead_scoring_inference_pipeline/constants.py
[2023-12-27 17:21:54,343] {processor.py:161} INFO - Processing /home/airflow/dags/Lead_scoring_inference_pipeline/constants.py took 0.032 seconds
