[2023-12-27 17:16:00,280] {taskinstance.py:1179} INFO - Dependencies all met for <TaskInstance: Lead_Scoring_Data_Engineering_Pipeline.mapping_city_tier manual__2023-12-27T17:15:45.041885+00:00 [queued]>
[2023-12-27 17:16:00,300] {taskinstance.py:1179} INFO - Dependencies all met for <TaskInstance: Lead_Scoring_Data_Engineering_Pipeline.mapping_city_tier manual__2023-12-27T17:15:45.041885+00:00 [queued]>
[2023-12-27 17:16:00,300] {taskinstance.py:1376} INFO - 
--------------------------------------------------------------------------------
[2023-12-27 17:16:00,301] {taskinstance.py:1377} INFO - Starting attempt 1 of 2
[2023-12-27 17:16:00,301] {taskinstance.py:1378} INFO - 
--------------------------------------------------------------------------------
[2023-12-27 17:16:00,329] {taskinstance.py:1397} INFO - Executing <Task(PythonOperator): mapping_city_tier> on 2023-12-27 17:15:45.041885+00:00
[2023-12-27 17:16:00,333] {standard_task_runner.py:52} INFO - Started process 4491 to run task
[2023-12-27 17:16:00,335] {standard_task_runner.py:79} INFO - Running: ['airflow', 'tasks', 'run', 'Lead_Scoring_Data_Engineering_Pipeline', 'mapping_city_tier', 'manual__2023-12-27T17:15:45.041885+00:00', '--job-id', '38', '--raw', '--subdir', 'DAGS_FOLDER/Lead_scoring_data_pipeline/.ipynb_checkpoints/lead_scoring_data_pipeline-checkpoint.py', '--cfg-path', '/tmp/tmpascv41jt', '--error-file', '/tmp/tmpixkz8nlx']
[2023-12-27 17:16:00,336] {standard_task_runner.py:80} INFO - Job 38: Subtask mapping_city_tier
[2023-12-27 17:16:00,430] {task_command.py:371} INFO - Running <TaskInstance: Lead_Scoring_Data_Engineering_Pipeline.mapping_city_tier manual__2023-12-27T17:15:45.041885+00:00 [running]> on host 94ab74f1de1f
[2023-12-27 17:16:00,548] {taskinstance.py:1589} INFO - Exporting the following env vars:
AIRFLOW_CTX_DAG_OWNER=airflow
AIRFLOW_CTX_DAG_ID=Lead_Scoring_Data_Engineering_Pipeline
AIRFLOW_CTX_TASK_ID=mapping_city_tier
AIRFLOW_CTX_EXECUTION_DATE=2023-12-27T17:15:45.041885+00:00
AIRFLOW_CTX_TRY_NUMBER=1
AIRFLOW_CTX_DAG_RUN_ID=manual__2023-12-27T17:15:45.041885+00:00
[2023-12-27 17:16:04,054] {logging_mixin.py:115} INFO - Mapped cities into tiers
[2023-12-27 17:16:04,059] {python.py:173} INFO - Done. Returned value was: None
[2023-12-27 17:16:04,077] {taskinstance.py:1415} INFO - Marking task as SUCCESS. dag_id=Lead_Scoring_Data_Engineering_Pipeline, task_id=mapping_city_tier, execution_date=20231227T171545, start_date=20231227T171600, end_date=20231227T171604
[2023-12-27 17:16:04,121] {local_task_job.py:156} INFO - Task exited with return code 0
[2023-12-27 17:16:04,204] {local_task_job.py:273} INFO - 1 downstream tasks scheduled from follow-on schedule check
