[2023-12-27 17:02:56,809] {taskinstance.py:1179} INFO - Dependencies all met for <TaskInstance: Lead_scoring_inference_pipeline.checking_input_features scheduled__2023-12-27T16:00:00+00:00 [queued]>
[2023-12-27 17:02:56,827] {taskinstance.py:1179} INFO - Dependencies all met for <TaskInstance: Lead_scoring_inference_pipeline.checking_input_features scheduled__2023-12-27T16:00:00+00:00 [queued]>
[2023-12-27 17:02:56,827] {taskinstance.py:1376} INFO - 
--------------------------------------------------------------------------------
[2023-12-27 17:02:56,827] {taskinstance.py:1377} INFO - Starting attempt 1 of 2
[2023-12-27 17:02:56,827] {taskinstance.py:1378} INFO - 
--------------------------------------------------------------------------------
[2023-12-27 17:02:56,856] {taskinstance.py:1397} INFO - Executing <Task(PythonOperator): checking_input_features> on 2023-12-27 16:00:00+00:00
[2023-12-27 17:02:56,860] {standard_task_runner.py:52} INFO - Started process 3105 to run task
[2023-12-27 17:02:56,862] {standard_task_runner.py:79} INFO - Running: ['airflow', 'tasks', 'run', 'Lead_scoring_inference_pipeline', 'checking_input_features', 'scheduled__2023-12-27T16:00:00+00:00', '--job-id', '28', '--raw', '--subdir', 'DAGS_FOLDER/Lead_scoring_inference_pipeline/.ipynb_checkpoints/lead_scoring_inference_pipeline-checkpoint.py', '--cfg-path', '/tmp/tmpb9kzg5zw', '--error-file', '/tmp/tmpbjvbiw1g']
[2023-12-27 17:02:56,863] {standard_task_runner.py:80} INFO - Job 28: Subtask checking_input_features
[2023-12-27 17:02:56,958] {task_command.py:371} INFO - Running <TaskInstance: Lead_scoring_inference_pipeline.checking_input_features scheduled__2023-12-27T16:00:00+00:00 [running]> on host 94ab74f1de1f
[2023-12-27 17:02:57,167] {taskinstance.py:1589} INFO - Exporting the following env vars:
AIRFLOW_CTX_DAG_OWNER=airflow
AIRFLOW_CTX_DAG_ID=Lead_scoring_inference_pipeline
AIRFLOW_CTX_TASK_ID=checking_input_features
AIRFLOW_CTX_EXECUTION_DATE=2023-12-27T16:00:00+00:00
AIRFLOW_CTX_TRY_NUMBER=1
AIRFLOW_CTX_DAG_RUN_ID=scheduled__2023-12-27T16:00:00+00:00
[2023-12-27 17:02:58,175] {utils.py:214} INFO - All the models input are present
[2023-12-27 17:02:58,178] {python.py:173} INFO - Done. Returned value was: None
[2023-12-27 17:02:58,195] {taskinstance.py:1415} INFO - Marking task as SUCCESS. dag_id=Lead_scoring_inference_pipeline, task_id=checking_input_features, execution_date=20231227T160000, start_date=20231227T170256, end_date=20231227T170258
[2023-12-27 17:02:58,239] {local_task_job.py:156} INFO - Task exited with return code 0
[2023-12-27 17:02:58,324] {local_task_job.py:273} INFO - 1 downstream tasks scheduled from follow-on schedule check
