[2023-12-26 15:05:28,053] {taskinstance.py:1179} INFO - Dependencies all met for <TaskInstance: Lead_Scoring_Data_Engineering_Pipeline.mapping_city_tier manual__2023-12-26T15:05:11.709409+00:00 [queued]>
[2023-12-26 15:05:28,058] {taskinstance.py:1179} INFO - Dependencies all met for <TaskInstance: Lead_Scoring_Data_Engineering_Pipeline.mapping_city_tier manual__2023-12-26T15:05:11.709409+00:00 [queued]>
[2023-12-26 15:05:28,058] {taskinstance.py:1376} INFO - 
--------------------------------------------------------------------------------
[2023-12-26 15:05:28,058] {taskinstance.py:1377} INFO - Starting attempt 1 of 2
[2023-12-26 15:05:28,059] {taskinstance.py:1378} INFO - 
--------------------------------------------------------------------------------
[2023-12-26 15:05:28,067] {taskinstance.py:1397} INFO - Executing <Task(PythonOperator): mapping_city_tier> on 2023-12-26 15:05:11.709409+00:00
[2023-12-26 15:05:28,072] {standard_task_runner.py:52} INFO - Started process 1040 to run task
[2023-12-26 15:05:28,076] {standard_task_runner.py:79} INFO - Running: ['airflow', 'tasks', 'run', 'Lead_Scoring_Data_Engineering_Pipeline', 'mapping_city_tier', 'manual__2023-12-26T15:05:11.709409+00:00', '--job-id', '7', '--raw', '--subdir', 'DAGS_FOLDER/Lead_scoring_data_pipeline/.ipynb_checkpoints/lead_scoring_data_pipeline-checkpoint.py', '--cfg-path', '/tmp/tmp4m0takkr', '--error-file', '/tmp/tmpvg0rugqg']
[2023-12-26 15:05:28,077] {standard_task_runner.py:80} INFO - Job 7: Subtask mapping_city_tier
[2023-12-26 15:05:28,111] {task_command.py:371} INFO - Running <TaskInstance: Lead_Scoring_Data_Engineering_Pipeline.mapping_city_tier manual__2023-12-26T15:05:11.709409+00:00 [running]> on host 959b4ba95fc4
[2023-12-26 15:05:28,144] {taskinstance.py:1589} INFO - Exporting the following env vars:
AIRFLOW_CTX_DAG_OWNER=airflow
AIRFLOW_CTX_DAG_ID=Lead_Scoring_Data_Engineering_Pipeline
AIRFLOW_CTX_TASK_ID=mapping_city_tier
AIRFLOW_CTX_EXECUTION_DATE=2023-12-26T15:05:11.709409+00:00
AIRFLOW_CTX_TRY_NUMBER=1
AIRFLOW_CTX_DAG_RUN_ID=manual__2023-12-26T15:05:11.709409+00:00
[2023-12-26 15:05:36,998] {logging_mixin.py:115} INFO - Mapped cities into tiers
[2023-12-26 15:05:37,044] {python.py:173} INFO - Done. Returned value was: None
[2023-12-26 15:05:37,050] {taskinstance.py:1415} INFO - Marking task as SUCCESS. dag_id=Lead_Scoring_Data_Engineering_Pipeline, task_id=mapping_city_tier, execution_date=20231226T150511, start_date=20231226T150528, end_date=20231226T150537
[2023-12-26 15:05:37,084] {local_task_job.py:156} INFO - Task exited with return code 0
[2023-12-26 15:05:37,142] {local_task_job.py:273} INFO - 1 downstream tasks scheduled from follow-on schedule check
