[2023-12-27 17:16:12,620] {taskinstance.py:1179} INFO - Dependencies all met for <TaskInstance: Lead_Scoring_Data_Engineering_Pipeline.mapping_interactions manual__2023-12-27T17:15:45.041885+00:00 [queued]>
[2023-12-27 17:16:12,647] {taskinstance.py:1179} INFO - Dependencies all met for <TaskInstance: Lead_Scoring_Data_Engineering_Pipeline.mapping_interactions manual__2023-12-27T17:15:45.041885+00:00 [queued]>
[2023-12-27 17:16:12,648] {taskinstance.py:1376} INFO - 
--------------------------------------------------------------------------------
[2023-12-27 17:16:12,648] {taskinstance.py:1377} INFO - Starting attempt 1 of 2
[2023-12-27 17:16:12,648] {taskinstance.py:1378} INFO - 
--------------------------------------------------------------------------------
[2023-12-27 17:16:12,678] {taskinstance.py:1397} INFO - Executing <Task(PythonOperator): mapping_interactions> on 2023-12-27 17:15:45.041885+00:00
[2023-12-27 17:16:12,681] {standard_task_runner.py:52} INFO - Started process 4527 to run task
[2023-12-27 17:16:12,686] {standard_task_runner.py:79} INFO - Running: ['airflow', 'tasks', 'run', 'Lead_Scoring_Data_Engineering_Pipeline', 'mapping_interactions', 'manual__2023-12-27T17:15:45.041885+00:00', '--job-id', '40', '--raw', '--subdir', 'DAGS_FOLDER/Lead_scoring_data_pipeline/.ipynb_checkpoints/lead_scoring_data_pipeline-checkpoint.py', '--cfg-path', '/tmp/tmpejtez0y7', '--error-file', '/tmp/tmp_p0vh_6x']
[2023-12-27 17:16:12,686] {standard_task_runner.py:80} INFO - Job 40: Subtask mapping_interactions
[2023-12-27 17:16:12,793] {task_command.py:371} INFO - Running <TaskInstance: Lead_Scoring_Data_Engineering_Pipeline.mapping_interactions manual__2023-12-27T17:15:45.041885+00:00 [running]> on host 94ab74f1de1f
[2023-12-27 17:16:12,906] {taskinstance.py:1589} INFO - Exporting the following env vars:
AIRFLOW_CTX_DAG_OWNER=airflow
AIRFLOW_CTX_DAG_ID=Lead_Scoring_Data_Engineering_Pipeline
AIRFLOW_CTX_TASK_ID=mapping_interactions
AIRFLOW_CTX_EXECUTION_DATE=2023-12-27T17:15:45.041885+00:00
AIRFLOW_CTX_TRY_NUMBER=1
AIRFLOW_CTX_DAG_RUN_ID=manual__2023-12-27T17:15:45.041885+00:00
[2023-12-27 17:16:16,509] {logging_mixin.py:115} INFO - Storing df_selected_features df to table model_input
[2023-12-27 17:16:17,486] {logging_mixin.py:115} INFO - Mapped interaction values
[2023-12-27 17:16:17,555] {python.py:173} INFO - Done. Returned value was: None
[2023-12-27 17:16:17,578] {taskinstance.py:1415} INFO - Marking task as SUCCESS. dag_id=Lead_Scoring_Data_Engineering_Pipeline, task_id=mapping_interactions, execution_date=20231227T171545, start_date=20231227T171612, end_date=20231227T171617
[2023-12-27 17:16:17,635] {local_task_job.py:156} INFO - Task exited with return code 0
[2023-12-27 17:16:17,722] {local_task_job.py:273} INFO - 1 downstream tasks scheduled from follow-on schedule check
