[2023-12-27 07:11:43,683] {taskinstance.py:1179} INFO - Dependencies all met for <TaskInstance: Lead_Scoring_Data_Engineering_Pipeline.mapping_interactions scheduled__2023-12-26T00:00:00+00:00 [queued]>
[2023-12-27 07:11:43,695] {taskinstance.py:1179} INFO - Dependencies all met for <TaskInstance: Lead_Scoring_Data_Engineering_Pipeline.mapping_interactions scheduled__2023-12-26T00:00:00+00:00 [queued]>
[2023-12-27 07:11:43,695] {taskinstance.py:1376} INFO - 
--------------------------------------------------------------------------------
[2023-12-27 07:11:43,695] {taskinstance.py:1377} INFO - Starting attempt 1 of 2
[2023-12-27 07:11:43,695] {taskinstance.py:1378} INFO - 
--------------------------------------------------------------------------------
[2023-12-27 07:11:43,721] {taskinstance.py:1397} INFO - Executing <Task(PythonOperator): mapping_interactions> on 2023-12-26 00:00:00+00:00
[2023-12-27 07:11:43,725] {standard_task_runner.py:52} INFO - Started process 1220 to run task
[2023-12-27 07:11:43,727] {standard_task_runner.py:79} INFO - Running: ['airflow', 'tasks', 'run', 'Lead_Scoring_Data_Engineering_Pipeline', 'mapping_interactions', 'scheduled__2023-12-26T00:00:00+00:00', '--job-id', '17', '--raw', '--subdir', 'DAGS_FOLDER/Lead_scoring_data_pipeline/.ipynb_checkpoints/lead_scoring_data_pipeline-checkpoint.py', '--cfg-path', '/tmp/tmpvjbpbqan', '--error-file', '/tmp/tmpxgk5z9ra']
[2023-12-27 07:11:43,728] {standard_task_runner.py:80} INFO - Job 17: Subtask mapping_interactions
[2023-12-27 07:11:43,811] {task_command.py:371} INFO - Running <TaskInstance: Lead_Scoring_Data_Engineering_Pipeline.mapping_interactions scheduled__2023-12-26T00:00:00+00:00 [running]> on host ce59f542c9dd
[2023-12-27 07:11:43,912] {taskinstance.py:1589} INFO - Exporting the following env vars:
AIRFLOW_CTX_DAG_OWNER=airflow
AIRFLOW_CTX_DAG_ID=Lead_Scoring_Data_Engineering_Pipeline
AIRFLOW_CTX_TASK_ID=mapping_interactions
AIRFLOW_CTX_EXECUTION_DATE=2023-12-26T00:00:00+00:00
AIRFLOW_CTX_TRY_NUMBER=1
AIRFLOW_CTX_DAG_RUN_ID=scheduled__2023-12-26T00:00:00+00:00
[2023-12-27 07:12:13,062] {logging_mixin.py:115} INFO - Storing df_selected_features df to table model_input
[2023-12-27 07:12:13,674] {logging_mixin.py:115} INFO - Mapped interaction values
[2023-12-27 07:12:14,368] {python.py:173} INFO - Done. Returned value was: None
[2023-12-27 07:12:14,385] {taskinstance.py:1415} INFO - Marking task as SUCCESS. dag_id=Lead_Scoring_Data_Engineering_Pipeline, task_id=mapping_interactions, execution_date=20231226T000000, start_date=20231227T071143, end_date=20231227T071214
[2023-12-27 07:12:14,454] {local_task_job.py:156} INFO - Task exited with return code 0
[2023-12-27 07:12:14,511] {local_task_job.py:273} INFO - 1 downstream tasks scheduled from follow-on schedule check
