[2023-12-27 17:03:05,378] {taskinstance.py:1179} INFO - Dependencies all met for <TaskInstance: Lead_scoring_inference_pipeline.generating_models_prediction scheduled__2023-12-27T16:00:00+00:00 [queued]>
[2023-12-27 17:03:05,397] {taskinstance.py:1179} INFO - Dependencies all met for <TaskInstance: Lead_scoring_inference_pipeline.generating_models_prediction scheduled__2023-12-27T16:00:00+00:00 [queued]>
[2023-12-27 17:03:05,397] {taskinstance.py:1376} INFO - 
--------------------------------------------------------------------------------
[2023-12-27 17:03:05,398] {taskinstance.py:1377} INFO - Starting attempt 1 of 2
[2023-12-27 17:03:05,398] {taskinstance.py:1378} INFO - 
--------------------------------------------------------------------------------
[2023-12-27 17:03:05,427] {taskinstance.py:1397} INFO - Executing <Task(PythonOperator): generating_models_prediction> on 2023-12-27 16:00:00+00:00
[2023-12-27 17:03:05,431] {standard_task_runner.py:52} INFO - Started process 3140 to run task
[2023-12-27 17:03:05,433] {standard_task_runner.py:79} INFO - Running: ['airflow', 'tasks', 'run', 'Lead_scoring_inference_pipeline', 'generating_models_prediction', 'scheduled__2023-12-27T16:00:00+00:00', '--job-id', '30', '--raw', '--subdir', 'DAGS_FOLDER/Lead_scoring_inference_pipeline/.ipynb_checkpoints/lead_scoring_inference_pipeline-checkpoint.py', '--cfg-path', '/tmp/tmpmfxhecsy', '--error-file', '/tmp/tmppcq91drs']
[2023-12-27 17:03:05,434] {standard_task_runner.py:80} INFO - Job 30: Subtask generating_models_prediction
[2023-12-27 17:03:05,528] {task_command.py:371} INFO - Running <TaskInstance: Lead_scoring_inference_pipeline.generating_models_prediction scheduled__2023-12-27T16:00:00+00:00 [running]> on host 94ab74f1de1f
[2023-12-27 17:03:05,726] {taskinstance.py:1589} INFO - Exporting the following env vars:
AIRFLOW_CTX_DAG_OWNER=airflow
AIRFLOW_CTX_DAG_ID=Lead_scoring_inference_pipeline
AIRFLOW_CTX_TASK_ID=generating_models_prediction
AIRFLOW_CTX_EXECUTION_DATE=2023-12-27T16:00:00+00:00
AIRFLOW_CTX_TRY_NUMBER=1
AIRFLOW_CTX_DAG_RUN_ID=scheduled__2023-12-27T16:00:00+00:00
[2023-12-27 17:03:05,727] {logging_mixin.py:115} INFO - Loading Model url models:/LightGBM/production
[2023-12-27 17:03:07,627] {logging_mixin.py:115} INFO - Predicting...
[2023-12-27 17:03:09,843] {logging_mixin.py:115} INFO - Predictions complete successfully
[2023-12-27 17:03:09,847] {python.py:173} INFO - Done. Returned value was: None
[2023-12-27 17:03:09,867] {taskinstance.py:1415} INFO - Marking task as SUCCESS. dag_id=Lead_scoring_inference_pipeline, task_id=generating_models_prediction, execution_date=20231227T160000, start_date=20231227T170305, end_date=20231227T170309
[2023-12-27 17:03:09,940] {local_task_job.py:156} INFO - Task exited with return code 0
[2023-12-27 17:03:10,001] {local_task_job.py:273} INFO - 1 downstream tasks scheduled from follow-on schedule check
