[2023-12-27 17:15:53,912] {taskinstance.py:1179} INFO - Dependencies all met for <TaskInstance: Lead_Scoring_Data_Engineering_Pipeline.loading_data manual__2023-12-27T17:15:45.041885+00:00 [queued]>
[2023-12-27 17:15:53,933] {taskinstance.py:1179} INFO - Dependencies all met for <TaskInstance: Lead_Scoring_Data_Engineering_Pipeline.loading_data manual__2023-12-27T17:15:45.041885+00:00 [queued]>
[2023-12-27 17:15:53,933] {taskinstance.py:1376} INFO - 
--------------------------------------------------------------------------------
[2023-12-27 17:15:53,933] {taskinstance.py:1377} INFO - Starting attempt 1 of 2
[2023-12-27 17:15:53,933] {taskinstance.py:1378} INFO - 
--------------------------------------------------------------------------------
[2023-12-27 17:15:53,964] {taskinstance.py:1397} INFO - Executing <Task(PythonOperator): loading_data> on 2023-12-27 17:15:45.041885+00:00
[2023-12-27 17:15:53,968] {standard_task_runner.py:52} INFO - Started process 4473 to run task
[2023-12-27 17:15:53,971] {standard_task_runner.py:79} INFO - Running: ['airflow', 'tasks', 'run', 'Lead_Scoring_Data_Engineering_Pipeline', 'loading_data', 'manual__2023-12-27T17:15:45.041885+00:00', '--job-id', '37', '--raw', '--subdir', 'DAGS_FOLDER/Lead_scoring_data_pipeline/.ipynb_checkpoints/lead_scoring_data_pipeline-checkpoint.py', '--cfg-path', '/tmp/tmpm31iyiip', '--error-file', '/tmp/tmpr6asd2ti']
[2023-12-27 17:15:53,971] {standard_task_runner.py:80} INFO - Job 37: Subtask loading_data
[2023-12-27 17:15:54,069] {task_command.py:371} INFO - Running <TaskInstance: Lead_Scoring_Data_Engineering_Pipeline.loading_data manual__2023-12-27T17:15:45.041885+00:00 [running]> on host 94ab74f1de1f
[2023-12-27 17:15:54,193] {taskinstance.py:1589} INFO - Exporting the following env vars:
AIRFLOW_CTX_DAG_OWNER=airflow
AIRFLOW_CTX_DAG_ID=Lead_Scoring_Data_Engineering_Pipeline
AIRFLOW_CTX_TASK_ID=loading_data
AIRFLOW_CTX_EXECUTION_DATE=2023-12-27T17:15:45.041885+00:00
AIRFLOW_CTX_TRY_NUMBER=1
AIRFLOW_CTX_DAG_RUN_ID=manual__2023-12-27T17:15:45.041885+00:00
[2023-12-27 17:15:57,924] {logging_mixin.py:115} INFO - Writing to DataBase loaded_data Done
[2023-12-27 17:15:57,928] {python.py:173} INFO - Done. Returned value was: None
[2023-12-27 17:15:57,953] {taskinstance.py:1415} INFO - Marking task as SUCCESS. dag_id=Lead_Scoring_Data_Engineering_Pipeline, task_id=loading_data, execution_date=20231227T171545, start_date=20231227T171553, end_date=20231227T171557
[2023-12-27 17:15:57,998] {local_task_job.py:156} INFO - Task exited with return code 0
[2023-12-27 17:15:58,078] {local_task_job.py:273} INFO - 1 downstream tasks scheduled from follow-on schedule check
