[2023-12-27 07:12:20,552] {taskinstance.py:1169} INFO - Dependencies not met for <TaskInstance: Lead_Scoring_Data_Engineering_Pipeline.checking_model_inputs_schema scheduled__2023-12-26T00:00:00+00:00 [up_for_retry]>, dependency 'Not In Retry Period' FAILED: Task is not ready for retry yet but will be retried automatically. Current date is 2023-12-27T07:12:20.552542+00:00 and task will be retried at 2023-12-27T07:12:23.067911+00:00.
[2023-12-27 07:12:20,561] {local_task_job.py:101} INFO - Task is not able to be run
[2023-12-27 07:12:34,479] {taskinstance.py:1179} INFO - Dependencies all met for <TaskInstance: Lead_Scoring_Data_Engineering_Pipeline.checking_model_inputs_schema scheduled__2023-12-26T00:00:00+00:00 [queued]>
[2023-12-27 07:12:34,496] {taskinstance.py:1179} INFO - Dependencies all met for <TaskInstance: Lead_Scoring_Data_Engineering_Pipeline.checking_model_inputs_schema scheduled__2023-12-26T00:00:00+00:00 [queued]>
[2023-12-27 07:12:34,497] {taskinstance.py:1376} INFO - 
--------------------------------------------------------------------------------
[2023-12-27 07:12:34,497] {taskinstance.py:1377} INFO - Starting attempt 2 of 2
[2023-12-27 07:12:34,497] {taskinstance.py:1378} INFO - 
--------------------------------------------------------------------------------
[2023-12-27 07:12:34,525] {taskinstance.py:1397} INFO - Executing <Task(PythonOperator): checking_model_inputs_schema> on 2023-12-26 00:00:00+00:00
[2023-12-27 07:12:34,528] {standard_task_runner.py:52} INFO - Started process 1322 to run task
[2023-12-27 07:12:34,530] {standard_task_runner.py:79} INFO - Running: ['airflow', 'tasks', 'run', 'Lead_Scoring_Data_Engineering_Pipeline', 'checking_model_inputs_schema', 'scheduled__2023-12-26T00:00:00+00:00', '--job-id', '21', '--raw', '--subdir', 'DAGS_FOLDER/Lead_scoring_data_pipeline/.ipynb_checkpoints/lead_scoring_data_pipeline-checkpoint.py', '--cfg-path', '/tmp/tmpt8rsbr2n', '--error-file', '/tmp/tmp9pklzzlz']
[2023-12-27 07:12:34,531] {standard_task_runner.py:80} INFO - Job 21: Subtask checking_model_inputs_schema
[2023-12-27 07:12:34,609] {task_command.py:371} INFO - Running <TaskInstance: Lead_Scoring_Data_Engineering_Pipeline.checking_model_inputs_schema scheduled__2023-12-26T00:00:00+00:00 [running]> on host ce59f542c9dd
[2023-12-27 07:12:34,698] {taskinstance.py:1589} INFO - Exporting the following env vars:
AIRFLOW_CTX_DAG_OWNER=airflow
AIRFLOW_CTX_DAG_ID=Lead_Scoring_Data_Engineering_Pipeline
AIRFLOW_CTX_TASK_ID=checking_model_inputs_schema
AIRFLOW_CTX_EXECUTION_DATE=2023-12-26T00:00:00+00:00
AIRFLOW_CTX_TRY_NUMBER=2
AIRFLOW_CTX_DAG_RUN_ID=scheduled__2023-12-26T00:00:00+00:00
[2023-12-27 07:12:36,057] {logging_mixin.py:115} INFO - Models input schema is in line with the schema present in schema.py
[2023-12-27 07:12:36,077] {python.py:173} INFO - Done. Returned value was: None
[2023-12-27 07:12:36,091] {taskinstance.py:1415} INFO - Marking task as SUCCESS. dag_id=Lead_Scoring_Data_Engineering_Pipeline, task_id=checking_model_inputs_schema, execution_date=20231226T000000, start_date=20231227T071234, end_date=20231227T071236
[2023-12-27 07:12:36,147] {local_task_job.py:156} INFO - Task exited with return code 0
[2023-12-27 07:12:36,195] {local_task_job.py:273} INFO - 0 downstream tasks scheduled from follow-on schedule check
